#! c:/iverilog-x86/bin/vvp
:ivl_version "10.0 (stable)" "(v10_0)";
:ivl_delay_selection "TYPICAL";
:vpi_time_precision + 0;
:vpi_module "system";
:vpi_module "vhdl_sys";
:vpi_module "v2005_math";
:vpi_module "va_math";
S_02789dd8 .scope module, "Adder_tb" "Adder_tb" 2 10;
 .timescale 0 0;
v02790d00_0 .net "a", 31 0, v02796478_0;  1 drivers
v02790ba0_0 .net "b", 31 0, v027964d0_0;  1 drivers
v02790fc0_0 .net "carryOut", 0 0, v011c5698_0;  1 drivers
v02790e60_0 .net "negative", 0 0, v011c3a08_0;  1 drivers
v02790a40_0 .net "overflow", 0 0, v011c3a60_0;  1 drivers
v02790d58_0 .net "sum", 31 0, v011c3b10_0;  1 drivers
v027909e8_0 .net "zero", 0 0, v011c3b68_0;  1 drivers
S_02789ea8 .scope module, "dut" "Adder_32_Behav" 2 26, 3 6 0, S_02789dd8;
 .timescale 0 0;
    .port_info 0 /INPUT 32 "a"
    .port_info 1 /INPUT 32 "b"
    .port_info 2 /OUTPUT 32 "sum"
    .port_info 3 /OUTPUT 1 "zero"
    .port_info 4 /OUTPUT 1 "overflow"
    .port_info 5 /OUTPUT 1 "carryOut"
    .port_info 6 /OUTPUT 1 "negative"
v027864f8_0 .net "a", 31 0, v02796478_0;  alias, 1 drivers
v011c5640_0 .net "b", 31 0, v027964d0_0;  alias, 1 drivers
v011c5698_0 .var "carryOut", 0 0;
v011c56f0_0 .var "msbA", 0 0;
v011c5748_0 .var "msbB", 0 0;
v011c57a0_0 .var "msbSum", 0 0;
v011c3a08_0 .var "negative", 0 0;
v011c3a60_0 .var "overflow", 0 0;
v011c3ab8_0 .var "overflowCheck", 32 0;
v011c3b10_0 .var "sum", 31 0;
v011c3b68_0 .var "zero", 0 0;
E_02788638/0 .event edge, v027864f8_0, v011c5640_0, v011c3b10_0, v011c56f0_0;
E_02788638/1 .event edge, v011c5748_0, v011c57a0_0, v011c3ab8_0;
E_02788638 .event/or E_02788638/0, E_02788638/1;
S_02796348 .scope module, "tester" "Adder_32_Behav_Tester" 2 18, 4 7 0, S_02789dd8;
 .timescale 0 0;
    .port_info 0 /OUTPUT 32 "a"
    .port_info 1 /OUTPUT 32 "b"
    .port_info 2 /INPUT 32 "sum"
    .port_info 3 /INPUT 1 "zero"
    .port_info 4 /INPUT 1 "overflow"
    .port_info 5 /INPUT 1 "carryOut"
    .port_info 6 /INPUT 1 "negative"
P_02788958 .param/l "stimDelay" 0 4 15, +C4<00000000000000000000000000000001>;
v02796478_0 .var "a", 31 0;
v027964d0_0 .var "b", 31 0;
v02790f68_0 .net "carryOut", 0 0, v011c5698_0;  alias, 1 drivers
v02791070_0 .net "negative", 0 0, v011c3a08_0;  alias, 1 drivers
v02790bf8_0 .net "overflow", 0 0, v011c3a60_0;  alias, 1 drivers
v02790ca8_0 .net "sum", 31 0, v011c3b10_0;  alias, 1 drivers
v02790c50_0 .net "zero", 0 0, v011c3b68_0;  alias, 1 drivers
    .scope S_02796348;
T_0 ;
    %vpi_call 4 20 "$display", "\011\011\011 a \011\011\011 b \011\011\011 sum \011\011 zero \011 overflow carryOut \011 negative \011 Time " {0 0 0};
    %vpi_call 4 21 "$monitor", "\011\011 %d \011\011 %d \011\011 %d \011\011 %d \011 %b \011     %b \011\011 %b \011 %g", v02796478_0, v027964d0_0, v02790ca8_0, v02790c50_0, v02790bf8_0, v02790f68_0, v02791070_0, $time {0 0 0};
    %end;
    .thread T_0;
    .scope S_02796348;
T_1 ;
    %delay 1, 0;
    %pushi/vec4 32, 0, 32;
    %store/vec4 v02796478_0, 0, 32;
    %pushi/vec4 32, 0, 32;
    %store/vec4 v027964d0_0, 0, 32;
    %delay 1, 0;
    %pushi/vec4 320, 0, 32;
    %store/vec4 v02796478_0, 0, 32;
    %pushi/vec4 32, 0, 32;
    %store/vec4 v027964d0_0, 0, 32;
    %delay 1, 0;
    %pushi/vec4 3200, 0, 32;
    %store/vec4 v02796478_0, 0, 32;
    %pushi/vec4 32, 0, 32;
    %store/vec4 v027964d0_0, 0, 32;
    %delay 1, 0;
    %pushi/vec4 32000, 0, 32;
    %store/vec4 v02796478_0, 0, 32;
    %pushi/vec4 32, 0, 32;
    %store/vec4 v027964d0_0, 0, 32;
    %delay 1, 0;
    %pushi/vec4 320000, 0, 32;
    %store/vec4 v02796478_0, 0, 32;
    %pushi/vec4 32, 0, 32;
    %store/vec4 v027964d0_0, 0, 32;
    %delay 1, 0;
    %pushi/vec4 3200000, 0, 32;
    %store/vec4 v02796478_0, 0, 32;
    %pushi/vec4 32, 0, 32;
    %store/vec4 v027964d0_0, 0, 32;
    %delay 1, 0;
    %pushi/vec4 32000000, 0, 32;
    %store/vec4 v02796478_0, 0, 32;
    %pushi/vec4 32, 0, 32;
    %store/vec4 v027964d0_0, 0, 32;
    %delay 1, 0;
    %pushi/vec4 320000000, 0, 32;
    %store/vec4 v02796478_0, 0, 32;
    %pushi/vec4 32, 0, 32;
    %store/vec4 v027964d0_0, 0, 32;
    %delay 1, 0;
    %pushi/vec4 320000000, 0, 32;
    %store/vec4 v02796478_0, 0, 32;
    %pushi/vec4 320, 0, 32;
    %store/vec4 v027964d0_0, 0, 32;
    %delay 1, 0;
    %pushi/vec4 320000000, 0, 32;
    %store/vec4 v02796478_0, 0, 32;
    %pushi/vec4 3200, 0, 32;
    %store/vec4 v027964d0_0, 0, 32;
    %delay 1, 0;
    %pushi/vec4 320000000, 0, 32;
    %store/vec4 v02796478_0, 0, 32;
    %pushi/vec4 320000000, 0, 32;
    %store/vec4 v027964d0_0, 0, 32;
    %delay 1, 0;
    %pushi/vec4 2147483647, 0, 32;
    %store/vec4 v02796478_0, 0, 32;
    %pushi/vec4 15, 0, 32;
    %store/vec4 v027964d0_0, 0, 32;
    %delay 1, 0;
    %pushi/vec4 3200000000, 0, 32;
    %store/vec4 v02796478_0, 0, 32;
    %pushi/vec4 3200000000, 0, 32;
    %store/vec4 v027964d0_0, 0, 32;
    %delay 1, 0;
    %pushi/vec4 1935228928, 0, 32;
    %store/vec4 v02796478_0, 0, 32;
    %pushi/vec4 32, 0, 32;
    %store/vec4 v027964d0_0, 0, 32;
    %delay 1, 0;
    %pushi/vec4 2172420096, 0, 32;
    %store/vec4 v02796478_0, 0, 32;
    %pushi/vec4 32, 0, 32;
    %store/vec4 v027964d0_0, 0, 32;
    %delay 1, 0;
    %pushi/vec4 249364480, 0, 32;
    %store/vec4 v02796478_0, 0, 32;
    %pushi/vec4 32, 0, 32;
    %store/vec4 v027964d0_0, 0, 32;
    %delay 1, 0;
    %pushi/vec4 2493644800, 0, 32;
    %store/vec4 v02796478_0, 0, 32;
    %pushi/vec4 32, 0, 32;
    %store/vec4 v027964d0_0, 0, 32;
    %delay 1, 0;
    %delay 1, 0;
    %pushi/vec4 32, 0, 32;
    %store/vec4 v02796478_0, 0, 32;
    %pushi/vec4 4294967264, 0, 32;
    %store/vec4 v027964d0_0, 0, 32;
    %delay 1, 0;
    %pushi/vec4 320, 0, 32;
    %store/vec4 v02796478_0, 0, 32;
    %pushi/vec4 4294966976, 0, 32;
    %store/vec4 v027964d0_0, 0, 32;
    %delay 1, 0;
    %pushi/vec4 4294964096, 0, 32;
    %store/vec4 v02796478_0, 0, 32;
    %pushi/vec4 4294967264, 0, 32;
    %store/vec4 v027964d0_0, 0, 32;
    %delay 1, 0;
    %pushi/vec4 4294935296, 0, 32;
    %store/vec4 v02796478_0, 0, 32;
    %pushi/vec4 32000, 0, 32;
    %store/vec4 v027964d0_0, 0, 32;
    %delay 1, 0;
    %pushi/vec4 4294935296, 0, 32;
    %store/vec4 v02796478_0, 0, 32;
    %pushi/vec4 320000, 0, 32;
    %store/vec4 v027964d0_0, 0, 32;
    %delay 1, 0;
    %pushi/vec4 3200000, 0, 32;
    %store/vec4 v02796478_0, 0, 32;
    %pushi/vec4 32, 0, 32;
    %store/vec4 v027964d0_0, 0, 32;
    %delay 1, 0;
    %pushi/vec4 32000000, 0, 32;
    %store/vec4 v02796478_0, 0, 32;
    %pushi/vec4 32, 0, 32;
    %store/vec4 v027964d0_0, 0, 32;
    %pushi/vec4 2147483648, 0, 32;
    %store/vec4 v02796478_0, 0, 32;
    %pushi/vec4 4291767296, 0, 32;
    %store/vec4 v027964d0_0, 0, 32;
    %delay 1, 0;
    %pushi/vec4 3200000000, 0, 32;
    %store/vec4 v02796478_0, 0, 32;
    %pushi/vec4 32, 0, 32;
    %store/vec4 v027964d0_0, 0, 32;
    %delay 1, 0;
    %pushi/vec4 1094967296, 0, 32;
    %store/vec4 v02796478_0, 0, 32;
    %pushi/vec4 1094967296, 0, 32;
    %store/vec4 v027964d0_0, 0, 32;
    %delay 1, 0;
    %delay 2, 0;
    %vpi_call 4 92 "$finish" {0 0 0};
    %end;
    .thread T_1;
    .scope S_02789ea8;
T_2 ;
    %wait E_02788638;
    %load/vec4 v027864f8_0;
    %pad/u 33;
    %load/vec4 v011c5640_0;
    %pad/u 33;
    %add;
    %store/vec4 v011c3ab8_0, 0, 33;
    %load/vec4 v027864f8_0;
    %load/vec4 v011c5640_0;
    %add;
    %store/vec4 v011c3b10_0, 0, 32;
    %load/vec4 v027864f8_0;
    %parti/s 1, 31, 6;
    %store/vec4 v011c56f0_0, 0, 1;
    %load/vec4 v011c5640_0;
    %parti/s 1, 31, 6;
    %store/vec4 v011c5748_0, 0, 1;
    %load/vec4 v011c3b10_0;
    %parti/s 1, 31, 6;
    %store/vec4 v011c57a0_0, 0, 1;
    %load/vec4 v011c56f0_0;
    %load/vec4 v011c5748_0;
    %and;
    %load/vec4 v011c57a0_0;
    %inv;
    %and;
    %load/vec4 v011c56f0_0;
    %inv;
    %load/vec4 v011c5748_0;
    %inv;
    %and;
    %load/vec4 v011c57a0_0;
    %and;
    %add;
    %store/vec4 v011c3a60_0, 0, 1;
    %load/vec4 v011c3ab8_0;
    %parti/s 1, 32, 7;
    %store/vec4 v011c5698_0, 0, 1;
    %load/vec4 v011c3b10_0;
    %parti/s 1, 31, 6;
    %store/vec4 v011c3a08_0, 0, 1;
    %load/vec4 v011c3b10_0;
    %pushi/vec4 0, 0, 32;
    %cmp/e;
    %flag_get/vec4 4;
    %store/vec4 v011c3b68_0, 0, 1;
    %jmp T_2;
    .thread T_2, $push;
    .scope S_02789dd8;
T_3 ;
    %vpi_call 2 36 "$dumpfile", "AdderTest.vcd" {0 0 0};
    %vpi_call 2 37 "$dumpvars", 32'sb00000000000000000000000000000001, S_02789ea8 {0 0 0};
    %end;
    .thread T_3;
# The file index is used to find the file name in the following table.
:file_names 5;
    "N/A";
    "<interactive>";
    "Adder_tb.v";
    "./Adder_32_Behav.v";
    "./Adder_32_Behav_Tester.v";
