Flow report for Program_Control
Wed May 11 19:23:50 2016
Quartus Prime Version 15.1.1 Build 189 12/02/2015 SJ Standard Edition


---------------------
; Table of Contents ;
---------------------
  1. Legal Notice
  2. Flow Summary
  3. Flow Settings
  4. Flow Non-Default Global Settings
  5. Flow Elapsed Time
  6. Flow OS Summary
  7. Flow Log
  8. Flow Messages
  9. Flow Suppressed Messages



----------------
; Legal Notice ;
----------------
Copyright (C) 1991-2015 Altera Corporation. All rights reserved.
Your use of Altera Corporation's design tools, logic functions 
and other software and tools, and its AMPP partner logic 
functions, and any output files from any of the foregoing 
(including device programming or simulation files), and any 
associated documentation or information are expressly subject 
to the terms and conditions of the Altera Program License 
Subscription Agreement, the Altera Quartus Prime License Agreement,
the Altera MegaCore Function License Agreement, or other 
applicable license agreement, including, without limitation, 
that your use is for the sole purpose of programming logic 
devices manufactured by Altera and sold by Altera or its 
authorized distributors.  Please refer to the applicable 
agreement for further details.



+-----------------------------------------------------------------------------------+
; Flow Summary                                                                      ;
+---------------------------------+-------------------------------------------------+
; Flow Status                     ; Successful - Wed May 11 19:23:50 2016           ;
; Quartus Prime Version           ; 15.1.1 Build 189 12/02/2015 SJ Standard Edition ;
; Revision Name                   ; Program_Control                                 ;
; Top-level Entity Name           ; Program_Control                                 ;
; Family                          ; Cyclone V                                       ;
; Device                          ; 5CGXFC7C7F23C8                                  ;
; Timing Models                   ; Final                                           ;
; Logic utilization (in ALMs)     ; N/A                                             ;
; Total registers                 ; 2048                                            ;
; Total pins                      ; 111                                             ;
; Total virtual pins              ; 0                                               ;
; Total block memory bits         ; 0                                               ;
; Total DSP Blocks                ; 0                                               ;
; Total HSSI RX PCSs              ; 0                                               ;
; Total HSSI PMA RX Deserializers ; 0                                               ;
; Total HSSI TX PCSs              ; 0                                               ;
; Total HSSI PMA TX Serializers   ; 0                                               ;
; Total PLLs                      ; 0                                               ;
; Total DLLs                      ; 0                                               ;
+---------------------------------+-------------------------------------------------+


+-----------------------------------------+
; Flow Settings                           ;
+-------------------+---------------------+
; Option            ; Setting             ;
+-------------------+---------------------+
; Start date & time ; 05/11/2016 19:23:31 ;
; Main task         ; Compilation         ;
; Revision Name     ; Program_Control     ;
+-------------------+---------------------+


+----------------------------------------------------------------------------------------------------------------------------+
; Flow Non-Default Global Settings                                                                                           ;
+-------------------------------------+---------------------------------------+---------------+-------------+----------------+
; Assignment Name                     ; Value                                 ; Default Value ; Entity Name ; Section Id     ;
+-------------------------------------+---------------------------------------+---------------+-------------+----------------+
; COMPILER_SIGNATURE_ID               ; 278145011568228.146301981106672       ; --            ; --          ; --             ;
; EDA_OUTPUT_DATA_FORMAT              ; Vhdl                                  ; --            ; --          ; eda_simulation ;
; EDA_SIMULATION_TOOL                 ; ModelSim-Altera (VHDL)                ; <None>        ; --          ; --             ;
; MAX_CORE_JUNCTION_TEMP              ; 85                                    ; --            ; --          ; --             ;
; MIN_CORE_JUNCTION_TEMP              ; 0                                     ; --            ; --          ; --             ;
; PARTITION_COLOR                     ; 16764057                              ; --            ; --          ; Top            ;
; PARTITION_FITTER_PRESERVATION_LEVEL ; PLACEMENT_AND_ROUTING                 ; --            ; --          ; Top            ;
; PARTITION_NETLIST_TYPE              ; SOURCE                                ; --            ; --          ; Top            ;
; POWER_BOARD_THERMAL_MODEL           ; None (CONSERVATIVE)                   ; --            ; --          ; --             ;
; POWER_PRESET_COOLING_SOLUTION       ; 23 MM HEAT SINK WITH 200 LFPM AIRFLOW ; --            ; --          ; --             ;
; PROJECT_OUTPUT_DIRECTORY            ; output_files                          ; --            ; --          ; --             ;
+-------------------------------------+---------------------------------------+---------------+-------------+----------------+


+--------------------------------------------------------------------------------------------------------------------------+
; Flow Elapsed Time                                                                                                        ;
+----------------------+--------------+-------------------------+---------------------+------------------------------------+
; Module Name          ; Elapsed Time ; Average Processors Used ; Peak Virtual Memory ; Total CPU Time (on all processors) ;
+----------------------+--------------+-------------------------+---------------------+------------------------------------+
; Analysis & Synthesis ; 00:00:17     ; 1.0                     ; 989 MB              ; 00:00:28                           ;
; Total                ; 00:00:17     ; --                      ; --                  ; 00:00:28                           ;
+----------------------+--------------+-------------------------+---------------------+------------------------------------+


+-----------------------------------------------------------------------------------+
; Flow OS Summary                                                                   ;
+----------------------+------------------+-----------+------------+----------------+
; Module Name          ; Machine Hostname ; OS Name   ; OS Version ; Processor type ;
+----------------------+------------------+-----------+------------+----------------+
; Analysis & Synthesis ; EE-365PC02       ; Windows 8 ; 6.2        ; x86_64         ;
+----------------------+------------------+-----------+------------+----------------+


------------
; Flow Log ;
------------
quartus_map --read_settings_files=on --write_settings_files=off Program_Control -c Program_Control



