#! c:/iverilog-x86/bin/vvp
:ivl_version "10.0 (stable)" "(v10_0)";
:ivl_delay_selection "TYPICAL";
:vpi_time_precision + 0;
:vpi_module "system";
:vpi_module "vhdl_sys";
:vpi_module "v2005_math";
:vpi_module "va_math";
S_008dc9a8 .scope module, "decoder_5bit_testbench" "decoder_5bit_testbench" 2 10;
 .timescale 0 0;
v008df110_0 .net "code", 4 0, v008d5340_0;  1 drivers
v008df168_0 .net "selection", 31 0, L_008dd7d0;  1 drivers
S_008d5218 .scope module, "decoder" "decoder_5bit" 2 15, 3 8 0, S_008dc9a8;
 .timescale 0 0;
    .port_info 0 /INPUT 5 "code"
    .port_info 1 /OUTPUT 32 "selection"
L_0242e870 .functor BUFT 1, C4<00000000000000000000000000000001>, C4<0>, C4<0>, C4<0>;
v008dca78_0 .net/2u *"_s0", 31 0, L_0242e870;  1 drivers
v008dc450_0 .net *"_s2", 31 0, L_008df1c0;  1 drivers
v008dcb80_0 .net "code", 4 0, v008d5340_0;  alias, 1 drivers
v008d52e8_0 .net "selection", 31 0, L_008dd7d0;  alias, 1 drivers
L_008df1c0 .shift/l 32, L_0242e870, v008d5340_0;
L_008dd7d0 .concat [ 32 0 0 0], L_008df1c0;
S_008df040 .scope module, "tester" "decoder_5bit_tester" 2 16, 4 7 0, S_008dc9a8;
 .timescale 0 0;
    .port_info 0 /INPUT 32 "selection"
    .port_info 1 /OUTPUT 5 "code"
P_008d4e10 .param/l "delay" 0 4 11, +C4<00000000000000000000000000000001>;
v008d5340_0 .var "code", 4 0;
v008d5398_0 .net "selection", 31 0, L_008dd7d0;  alias, 1 drivers
    .scope S_008df040;
T_0 ;
    %vpi_call 4 15 "$display", "\011\011cod\011sel     \011time" {0 0 0};
    %vpi_call 4 16 "$monitor", "\011\011%b\011%h\011%g", v008d5340_0, v008d5398_0, $time {0 0 0};
    %end;
    .thread T_0;
    .scope S_008df040;
T_1 ;
    %pushi/vec4 0, 0, 5;
    %store/vec4 v008d5340_0, 0, 5;
T_1.0 ;
    %load/vec4 v008d5340_0;
    %cmpi/u 31, 0, 5;
    %jmp/0xz T_1.1, 5;
    %delay 1, 0;
    %load/vec4 v008d5340_0;
    %addi 1, 0, 5;
    %store/vec4 v008d5340_0, 0, 5;
    %jmp T_1.0;
T_1.1 ;
    %vpi_call 4 28 "$finish" {0 0 0};
    %end;
    .thread T_1;
    .scope S_008dc9a8;
T_2 ;
    %vpi_call 2 20 "$dumpfile", "decoder_5bit.vcd" {0 0 0};
    %vpi_call 2 21 "$dumpvars", 32'sb00000000000000000000000000000001, S_008d5218 {0 0 0};
    %end;
    .thread T_2;
# The file index is used to find the file name in the following table.
:file_names 5;
    "N/A";
    "<interactive>";
    "decoder_5bit_testbench.v";
    "./decoder_5bit.v";
    "./decoder_5bit_tester.v";
