Flow report for HexEncoder
Sat Apr 16 13:29:55 2016
Quartus II 64-Bit Version 14.0.0 Build 200 06/17/2014 SJ Web Edition


---------------------
; Table of Contents ;
---------------------
  1. Legal Notice
  2. Flow Summary
  3. Flow Settings
  4. Flow Non-Default Global Settings
  5. Flow Elapsed Time
  6. Flow OS Summary
  7. Flow Log
  8. Flow Messages
  9. Flow Suppressed Messages



----------------
; Legal Notice ;
----------------
Copyright (C) 1991-2014 Altera Corporation. All rights reserved.
Your use of Altera Corporation's design tools, logic functions 
and other software and tools, and its AMPP partner logic 
functions, and any output files from any of the foregoing 
(including device programming or simulation files), and any 
associated documentation or information are expressly subject 
to the terms and conditions of the Altera Program License 
Subscription Agreement, the Altera Quartus II License Agreement,
the Altera MegaCore Function License Agreement, or other 
applicable license agreement, including, without limitation, 
that your use is for the sole purpose of programming logic 
devices manufactured by Altera and sold by Altera or its 
authorized distributors.  Please refer to the applicable 
agreement for further details.



+------------------------------------------------------------------------------+
; Flow Summary                                                                 ;
+---------------------------------+--------------------------------------------+
; Flow Status                     ; Successful - Sat Apr 16 13:29:55 2016      ;
; Quartus II 64-Bit Version       ; 14.0.0 Build 200 06/17/2014 SJ Web Edition ;
; Revision Name                   ; HexEncoder                                 ;
; Top-level Entity Name           ; HexEncoder_de1_soc                         ;
; Family                          ; Cyclone V                                  ;
; Device                          ; 5CSEMA5F31C6                               ;
; Timing Models                   ; Final                                      ;
; Logic utilization (in ALMs)     ; 25 / 32,070 ( < 1 % )                      ;
; Total registers                 ; 28                                         ;
; Total pins                      ; 65 / 457 ( 14 % )                          ;
; Total virtual pins              ; 0                                          ;
; Total block memory bits         ; 0 / 4,065,280 ( 0 % )                      ;
; Total DSP Blocks                ; 0 / 87 ( 0 % )                             ;
; Total HSSI RX PCSs              ; 0                                          ;
; Total HSSI PMA RX Deserializers ; 0                                          ;
; Total HSSI TX PCSs              ; 0                                          ;
; Total HSSI PMA TX Serializers   ; 0                                          ;
; Total PLLs                      ; 0 / 6 ( 0 % )                              ;
; Total DLLs                      ; 0 / 4 ( 0 % )                              ;
+---------------------------------+--------------------------------------------+


+-----------------------------------------+
; Flow Settings                           ;
+-------------------+---------------------+
; Option            ; Setting             ;
+-------------------+---------------------+
; Start date & time ; 04/16/2016 13:25:34 ;
; Main task         ; Compilation         ;
; Revision Name     ; HexEncoder          ;
+-------------------+---------------------+


+----------------------------------------------------------------------------------------------------------------------------+
; Flow Non-Default Global Settings                                                                                           ;
+-------------------------------------+--------------------------------+---------------+--------------------+----------------+
; Assignment Name                     ; Value                          ; Default Value ; Entity Name        ; Section Id     ;
+-------------------------------------+--------------------------------+---------------+--------------------+----------------+
; COMPILER_SIGNATURE_ID               ; 79515804918706.146083833407432 ; --            ; --                 ; --             ;
; EDA_OUTPUT_DATA_FORMAT              ; Verilog Hdl                    ; --            ; --                 ; eda_simulation ;
; EDA_SIMULATION_TOOL                 ; ModelSim-Altera (Verilog)      ; <None>        ; --                 ; --             ;
; MAX_CORE_JUNCTION_TEMP              ; 85                             ; --            ; --                 ; --             ;
; MIN_CORE_JUNCTION_TEMP              ; 0                              ; --            ; --                 ; --             ;
; PARTITION_COLOR                     ; 16764057                       ; --            ; HexEncoder_de1_soc ; Top            ;
; PARTITION_FITTER_PRESERVATION_LEVEL ; PLACEMENT_AND_ROUTING          ; --            ; HexEncoder_de1_soc ; Top            ;
; PARTITION_NETLIST_TYPE              ; SOURCE                         ; --            ; HexEncoder_de1_soc ; Top            ;
; PROJECT_OUTPUT_DIRECTORY            ; output_files                   ; --            ; --                 ; --             ;
; STATE_MACHINE_PROCESSING            ; User-Encoded                   ; Auto          ; --                 ; --             ;
; TOP_LEVEL_ENTITY                    ; HexEncoder_de1_soc             ; HexEncoder    ; --                 ; --             ;
+-------------------------------------+--------------------------------+---------------+--------------------+----------------+


+-------------------------------------------------------------------------------------------------------------------------------+
; Flow Elapsed Time                                                                                                             ;
+---------------------------+--------------+-------------------------+---------------------+------------------------------------+
; Module Name               ; Elapsed Time ; Average Processors Used ; Peak Virtual Memory ; Total CPU Time (on all processors) ;
+---------------------------+--------------+-------------------------+---------------------+------------------------------------+
; Analysis & Synthesis      ; 00:00:06     ; 1.0                     ; 615 MB              ; 00:00:05                           ;
; Fitter                    ; 00:02:35     ; 1.0                     ; 1499 MB             ; 00:02:33                           ;
; Assembler                 ; 00:00:40     ; 1.0                     ; 678 MB              ; 00:00:40                           ;
; TimeQuest Timing Analyzer ; 00:00:30     ; 1.0                     ; 926 MB              ; 00:00:29                           ;
; EDA Netlist Writer        ; 00:00:05     ; 1.0                     ; 547 MB              ; 00:00:04                           ;
; Total                     ; 00:03:56     ; --                      ; --                  ; 00:03:51                           ;
+---------------------------+--------------+-------------------------+---------------------+------------------------------------+


+----------------------------------------------------------------------------------------+
; Flow OS Summary                                                                        ;
+---------------------------+------------------+-----------+------------+----------------+
; Module Name               ; Machine Hostname ; OS Name   ; OS Version ; Processor type ;
+---------------------------+------------------+-----------+------------+----------------+
; Analysis & Synthesis      ; DDsEEPC          ; Windows 7 ; 6.2        ; x86_64         ;
; Fitter                    ; DDsEEPC          ; Windows 7 ; 6.2        ; x86_64         ;
; Assembler                 ; DDsEEPC          ; Windows 7 ; 6.2        ; x86_64         ;
; TimeQuest Timing Analyzer ; DDsEEPC          ; Windows 7 ; 6.2        ; x86_64         ;
; EDA Netlist Writer        ; DDsEEPC          ; Windows 7 ; 6.2        ; x86_64         ;
+---------------------------+------------------+-----------+------------+----------------+


------------
; Flow Log ;
------------
quartus_map --read_settings_files=on --write_settings_files=off HexEncoder -c HexEncoder
quartus_fit --read_settings_files=off --write_settings_files=off HexEncoder -c HexEncoder
quartus_asm --read_settings_files=off --write_settings_files=off HexEncoder -c HexEncoder
quartus_sta HexEncoder -c HexEncoder
quartus_eda --read_settings_files=off --write_settings_files=off HexEncoder -c HexEncoder



