#! c:/iverilog-x86/bin/vvp
:ivl_version "10.0 (stable)" "(v10_0)";
:ivl_delay_selection "TYPICAL";
:vpi_time_precision + 0;
:vpi_module "system";
:vpi_module "vhdl_sys";
:vpi_module "v2005_math";
:vpi_module "va_math";
S_02430e30 .scope module, "register_32bit_testbench" "register_32bit_testbench" 2 10;
 .timescale 0 0;
v02468140_0 .net "D", 31 0, v02467f30_0;  1 drivers
v02468198_0 .net "Q", 31 0, L_0246d3e0;  1 drivers
v024681f0_0 .net "clk", 0 0, v02467fe0_0;  1 drivers
v02468248_0 .net "rst", 0 0, v02468090_0;  1 drivers
v024682a0_0 .net "we", 0 0, v024680e8_0;  1 drivers
S_00b5f160 .scope module, "register" "register_32bit" 2 15, 3 10 0, S_02430e30;
 .timescale 0 0;
    .port_info 0 /INPUT 1 "clk"
    .port_info 1 /INPUT 1 "we"
    .port_info 2 /INPUT 1 "rst"
    .port_info 3 /INPUT 32 "D"
    .port_info 4 /OUTPUT 32 "Q"
v02467d20_0 .net "D", 31 0, v02467f30_0;  alias, 1 drivers
v02467d78_0 .net "Q", 31 0, L_0246d3e0;  alias, 1 drivers
v02467dd0_0 .net "clk", 0 0, v02467fe0_0;  alias, 1 drivers
v02467e28_0 .net "parallel_write_data", 31 0, L_0246d490;  1 drivers
v02467e80_0 .net "rst", 0 0, v02468090_0;  alias, 1 drivers
v02467ed8_0 .net "we", 0 0, v024680e8_0;  alias, 1 drivers
L_0246c938 .part L_0246d490, 0, 1;
L_0246c990 .part L_0246d490, 1, 1;
L_0246c9e8 .part L_0246d490, 2, 1;
L_0246ca40 .part L_0246d490, 3, 1;
L_0246ca98 .part L_0246d490, 4, 1;
L_0246caf0 .part L_0246d490, 5, 1;
L_0246cb48 .part L_0246d490, 6, 1;
L_0246cba0 .part L_0246d490, 7, 1;
L_0246cbf8 .part L_0246d490, 8, 1;
L_0246cc50 .part L_0246d490, 9, 1;
L_0246cca8 .part L_0246d490, 10, 1;
L_0246cd00 .part L_0246d490, 11, 1;
L_0246cd58 .part L_0246d490, 12, 1;
L_0246cdb0 .part L_0246d490, 13, 1;
L_0246ce08 .part L_0246d490, 14, 1;
L_0246ce60 .part L_0246d490, 15, 1;
L_0246ceb8 .part L_0246d490, 16, 1;
L_0246cf10 .part L_0246d490, 17, 1;
L_0246cf68 .part L_0246d490, 18, 1;
L_0246cfc0 .part L_0246d490, 19, 1;
L_0246d018 .part L_0246d490, 20, 1;
L_0246d070 .part L_0246d490, 21, 1;
L_0246d0c8 .part L_0246d490, 22, 1;
L_0246d120 .part L_0246d490, 23, 1;
L_0246d178 .part L_0246d490, 24, 1;
L_0246d1d0 .part L_0246d490, 25, 1;
L_0246d228 .part L_0246d490, 26, 1;
L_0246d280 .part L_0246d490, 27, 1;
L_0246d2d8 .part L_0246d490, 28, 1;
L_0246d330 .part L_0246d490, 29, 1;
L_0246d388 .part L_0246d490, 30, 1;
LS_0246d3e0_0_0 .concat8 [ 1 1 1 1], v02428d50_0, v02428b98_0, v02428828_0, v024290c0_0;
LS_0246d3e0_0_4 .concat8 [ 1 1 1 1], v02429278_0, v02429430_0, v024295e8_0, v024210d8_0;
LS_0246d3e0_0_8 .concat8 [ 1 1 1 1], v02420f20_0, v02420bb0_0, v024209f8_0, v02420688_0;
LS_0246d3e0_0_12 .concat8 [ 1 1 1 1], v024204d0_0, v024201b8_0, v02401778_0, v02401408_0;
LS_0246d3e0_0_16 .concat8 [ 1 1 1 1], v02401250_0, v02465bd8_0, v02465d90_0, v02465f48_0;
LS_0246d3e0_0_20 .concat8 [ 1 1 1 1], v02466100_0, v024662b8_0, v02466470_0, v02466628_0;
LS_0246d3e0_0_24 .concat8 [ 1 1 1 1], v024667e0_0, v02466998_0, v02467380_0, v02467538_0;
LS_0246d3e0_0_28 .concat8 [ 1 1 1 1], v024676f0_0, v024678a8_0, v02467a60_0, v02467c18_0;
LS_0246d3e0_1_0 .concat8 [ 4 4 4 4], LS_0246d3e0_0_0, LS_0246d3e0_0_4, LS_0246d3e0_0_8, LS_0246d3e0_0_12;
LS_0246d3e0_1_4 .concat8 [ 4 4 4 4], LS_0246d3e0_0_16, LS_0246d3e0_0_20, LS_0246d3e0_0_24, LS_0246d3e0_0_28;
L_0246d3e0 .concat8 [ 16 16 0 0], LS_0246d3e0_1_0, LS_0246d3e0_1_4;
L_0246d438 .part L_0246d490, 31, 1;
L_0246d490 .functor MUXZ 32, L_0246d3e0, v02467f30_0, v024680e8_0, C4<>;
S_00b5f230 .scope generate, "REGISTER[0]" "REGISTER[0]" 3 21, 3 21 0, S_00b5f160;
 .timescale 0 0;
P_02430968 .param/l "i" 0 3 21, +C4<00>;
S_02412a00 .scope module, "U" "dff" 3 22, 4 8 0, S_00b5f230;
 .timescale 0 0;
    .port_info 0 /OUTPUT 1 "q"
    .port_info 1 /OUTPUT 1 "qBar"
    .port_info 2 /INPUT 1 "D"
    .port_info 3 /INPUT 1 "clk"
    .port_info 4 /INPUT 1 "rst"
L_02462550 .functor NOT 1, v02428d50_0, C4<0>, C4<0>, C4<0>;
v02428e58_0 .net "D", 0 0, L_0246c938;  1 drivers
v02428eb0_0 .net "clk", 0 0, v02467fe0_0;  alias, 1 drivers
v02428d50_0 .var "q", 0 0;
v02428da8_0 .net "qBar", 0 0, L_02462550;  1 drivers
v02428c48_0 .net "rst", 0 0, v02468090_0;  alias, 1 drivers
E_02430990/0 .event negedge, v02428c48_0;
E_02430990/1 .event posedge, v02428eb0_0;
E_02430990 .event/or E_02430990/0, E_02430990/1;
S_02412ad0 .scope generate, "REGISTER[1]" "REGISTER[1]" 3 21, 3 21 0, S_00b5f160;
 .timescale 0 0;
P_024309e0 .param/l "i" 0 3 21, +C4<01>;
S_00b53b20 .scope module, "U" "dff" 3 22, 4 8 0, S_02412ad0;
 .timescale 0 0;
    .port_info 0 /OUTPUT 1 "q"
    .port_info 1 /OUTPUT 1 "qBar"
    .port_info 2 /INPUT 1 "D"
    .port_info 3 /INPUT 1 "clk"
    .port_info 4 /INPUT 1 "rst"
L_02462598 .functor NOT 1, v02428b98_0, C4<0>, C4<0>, C4<0>;
v02428ca0_0 .net "D", 0 0, L_0246c990;  1 drivers
v02428b40_0 .net "clk", 0 0, v02467fe0_0;  alias, 1 drivers
v02428b98_0 .var "q", 0 0;
v02428a38_0 .net "qBar", 0 0, L_02462598;  1 drivers
v02428a90_0 .net "rst", 0 0, v02468090_0;  alias, 1 drivers
S_00b53bf0 .scope generate, "REGISTER[2]" "REGISTER[2]" 3 21, 3 21 0, S_00b5f160;
 .timescale 0 0;
P_02430a30 .param/l "i" 0 3 21, +C4<010>;
S_024285a0 .scope module, "U" "dff" 3 22, 4 8 0, S_00b53bf0;
 .timescale 0 0;
    .port_info 0 /OUTPUT 1 "q"
    .port_info 1 /OUTPUT 1 "qBar"
    .port_info 2 /INPUT 1 "D"
    .port_info 3 /INPUT 1 "clk"
    .port_info 4 /INPUT 1 "rst"
L_024625e0 .functor NOT 1, v02428828_0, C4<0>, C4<0>, C4<0>;
v02428930_0 .net "D", 0 0, L_0246c9e8;  1 drivers
v02428988_0 .net "clk", 0 0, v02467fe0_0;  alias, 1 drivers
v02428828_0 .var "q", 0 0;
v02428880_0 .net "qBar", 0 0, L_024625e0;  1 drivers
v02428fb8_0 .net "rst", 0 0, v02468090_0;  alias, 1 drivers
S_02428670 .scope generate, "REGISTER[3]" "REGISTER[3]" 3 21, 3 21 0, S_00b5f160;
 .timescale 0 0;
P_02430a80 .param/l "i" 0 3 21, +C4<011>;
S_00b5ddd0 .scope module, "U" "dff" 3 22, 4 8 0, S_02428670;
 .timescale 0 0;
    .port_info 0 /OUTPUT 1 "q"
    .port_info 1 /OUTPUT 1 "qBar"
    .port_info 2 /INPUT 1 "D"
    .port_info 3 /INPUT 1 "clk"
    .port_info 4 /INPUT 1 "rst"
L_02462628 .functor NOT 1, v024290c0_0, C4<0>, C4<0>, C4<0>;
v02429010_0 .net "D", 0 0, L_0246ca40;  1 drivers
v02429068_0 .net "clk", 0 0, v02467fe0_0;  alias, 1 drivers
v024290c0_0 .var "q", 0 0;
v02429118_0 .net "qBar", 0 0, L_02462628;  1 drivers
v02429170_0 .net "rst", 0 0, v02468090_0;  alias, 1 drivers
S_00b5dea0 .scope generate, "REGISTER[4]" "REGISTER[4]" 3 21, 3 21 0, S_00b5f160;
 .timescale 0 0;
P_02430af8 .param/l "i" 0 3 21, +C4<0100>;
S_02461190 .scope module, "U" "dff" 3 22, 4 8 0, S_00b5dea0;
 .timescale 0 0;
    .port_info 0 /OUTPUT 1 "q"
    .port_info 1 /OUTPUT 1 "qBar"
    .port_info 2 /INPUT 1 "D"
    .port_info 3 /INPUT 1 "clk"
    .port_info 4 /INPUT 1 "rst"
L_02462670 .functor NOT 1, v02429278_0, C4<0>, C4<0>, C4<0>;
v024291c8_0 .net "D", 0 0, L_0246ca98;  1 drivers
v02429220_0 .net "clk", 0 0, v02467fe0_0;  alias, 1 drivers
v02429278_0 .var "q", 0 0;
v024292d0_0 .net "qBar", 0 0, L_02462670;  1 drivers
v02429328_0 .net "rst", 0 0, v02468090_0;  alias, 1 drivers
S_02461a60 .scope generate, "REGISTER[5]" "REGISTER[5]" 3 21, 3 21 0, S_00b5f160;
 .timescale 0 0;
P_02430b48 .param/l "i" 0 3 21, +C4<0101>;
S_02461b30 .scope module, "U" "dff" 3 22, 4 8 0, S_02461a60;
 .timescale 0 0;
    .port_info 0 /OUTPUT 1 "q"
    .port_info 1 /OUTPUT 1 "qBar"
    .port_info 2 /INPUT 1 "D"
    .port_info 3 /INPUT 1 "clk"
    .port_info 4 /INPUT 1 "rst"
L_024626b8 .functor NOT 1, v02429430_0, C4<0>, C4<0>, C4<0>;
v02429380_0 .net "D", 0 0, L_0246caf0;  1 drivers
v024293d8_0 .net "clk", 0 0, v02467fe0_0;  alias, 1 drivers
v02429430_0 .var "q", 0 0;
v02429488_0 .net "qBar", 0 0, L_024626b8;  1 drivers
v024294e0_0 .net "rst", 0 0, v02468090_0;  alias, 1 drivers
S_02461c00 .scope generate, "REGISTER[6]" "REGISTER[6]" 3 21, 3 21 0, S_00b5f160;
 .timescale 0 0;
P_02430b98 .param/l "i" 0 3 21, +C4<0110>;
S_02461cd0 .scope module, "U" "dff" 3 22, 4 8 0, S_02461c00;
 .timescale 0 0;
    .port_info 0 /OUTPUT 1 "q"
    .port_info 1 /OUTPUT 1 "qBar"
    .port_info 2 /INPUT 1 "D"
    .port_info 3 /INPUT 1 "clk"
    .port_info 4 /INPUT 1 "rst"
L_02462700 .functor NOT 1, v024295e8_0, C4<0>, C4<0>, C4<0>;
v02429538_0 .net "D", 0 0, L_0246cb48;  1 drivers
v02429590_0 .net "clk", 0 0, v02467fe0_0;  alias, 1 drivers
v024295e8_0 .var "q", 0 0;
v02429640_0 .net "qBar", 0 0, L_02462700;  1 drivers
v02429698_0 .net "rst", 0 0, v02468090_0;  alias, 1 drivers
S_02462da0 .scope generate, "REGISTER[7]" "REGISTER[7]" 3 21, 3 21 0, S_00b5f160;
 .timescale 0 0;
P_02430be8 .param/l "i" 0 3 21, +C4<0111>;
S_02462e88 .scope module, "U" "dff" 3 22, 4 8 0, S_02462da0;
 .timescale 0 0;
    .port_info 0 /OUTPUT 1 "q"
    .port_info 1 /OUTPUT 1 "qBar"
    .port_info 2 /INPUT 1 "D"
    .port_info 3 /INPUT 1 "clk"
    .port_info 4 /INPUT 1 "rst"
L_02462748 .functor NOT 1, v024210d8_0, C4<0>, C4<0>, C4<0>;
v024296f0_0 .net "D", 0 0, L_0246cba0;  1 drivers
v02429748_0 .net "clk", 0 0, v02467fe0_0;  alias, 1 drivers
v024210d8_0 .var "q", 0 0;
v02421130_0 .net "qBar", 0 0, L_02462748;  1 drivers
v02420fd0_0 .net "rst", 0 0, v02468090_0;  alias, 1 drivers
S_02462f58 .scope generate, "REGISTER[8]" "REGISTER[8]" 3 21, 3 21 0, S_00b5f160;
 .timescale 0 0;
P_02430ad0 .param/l "i" 0 3 21, +C4<01000>;
S_02463028 .scope module, "U" "dff" 3 22, 4 8 0, S_02462f58;
 .timescale 0 0;
    .port_info 0 /OUTPUT 1 "q"
    .port_info 1 /OUTPUT 1 "qBar"
    .port_info 2 /INPUT 1 "D"
    .port_info 3 /INPUT 1 "clk"
    .port_info 4 /INPUT 1 "rst"
L_02462790 .functor NOT 1, v02420f20_0, C4<0>, C4<0>, C4<0>;
v02421028_0 .net "D", 0 0, L_0246cbf8;  1 drivers
v02420ec8_0 .net "clk", 0 0, v02467fe0_0;  alias, 1 drivers
v02420f20_0 .var "q", 0 0;
v02420dc0_0 .net "qBar", 0 0, L_02462790;  1 drivers
v02420e18_0 .net "rst", 0 0, v02468090_0;  alias, 1 drivers
S_024630f8 .scope generate, "REGISTER[9]" "REGISTER[9]" 3 21, 3 21 0, S_00b5f160;
 .timescale 0 0;
P_02430c60 .param/l "i" 0 3 21, +C4<01001>;
S_024631c8 .scope module, "U" "dff" 3 22, 4 8 0, S_024630f8;
 .timescale 0 0;
    .port_info 0 /OUTPUT 1 "q"
    .port_info 1 /OUTPUT 1 "qBar"
    .port_info 2 /INPUT 1 "D"
    .port_info 3 /INPUT 1 "clk"
    .port_info 4 /INPUT 1 "rst"
L_024627d8 .functor NOT 1, v02420bb0_0, C4<0>, C4<0>, C4<0>;
v02420cb8_0 .net "D", 0 0, L_0246cc50;  1 drivers
v02420d10_0 .net "clk", 0 0, v02467fe0_0;  alias, 1 drivers
v02420bb0_0 .var "q", 0 0;
v02420c08_0 .net "qBar", 0 0, L_024627d8;  1 drivers
v02420aa8_0 .net "rst", 0 0, v02468090_0;  alias, 1 drivers
S_02463298 .scope generate, "REGISTER[10]" "REGISTER[10]" 3 21, 3 21 0, S_00b5f160;
 .timescale 0 0;
P_02430cb0 .param/l "i" 0 3 21, +C4<01010>;
S_02463368 .scope module, "U" "dff" 3 22, 4 8 0, S_02463298;
 .timescale 0 0;
    .port_info 0 /OUTPUT 1 "q"
    .port_info 1 /OUTPUT 1 "qBar"
    .port_info 2 /INPUT 1 "D"
    .port_info 3 /INPUT 1 "clk"
    .port_info 4 /INPUT 1 "rst"
L_02462820 .functor NOT 1, v024209f8_0, C4<0>, C4<0>, C4<0>;
v02420b00_0 .net "D", 0 0, L_0246cca8;  1 drivers
v024209a0_0 .net "clk", 0 0, v02467fe0_0;  alias, 1 drivers
v024209f8_0 .var "q", 0 0;
v02420898_0 .net "qBar", 0 0, L_02462820;  1 drivers
v024208f0_0 .net "rst", 0 0, v02468090_0;  alias, 1 drivers
S_02463438 .scope generate, "REGISTER[11]" "REGISTER[11]" 3 21, 3 21 0, S_00b5f160;
 .timescale 0 0;
P_02430d00 .param/l "i" 0 3 21, +C4<01011>;
S_02463508 .scope module, "U" "dff" 3 22, 4 8 0, S_02463438;
 .timescale 0 0;
    .port_info 0 /OUTPUT 1 "q"
    .port_info 1 /OUTPUT 1 "qBar"
    .port_info 2 /INPUT 1 "D"
    .port_info 3 /INPUT 1 "clk"
    .port_info 4 /INPUT 1 "rst"
L_02462868 .functor NOT 1, v02420688_0, C4<0>, C4<0>, C4<0>;
v02420790_0 .net "D", 0 0, L_0246cd00;  1 drivers
v024207e8_0 .net "clk", 0 0, v02467fe0_0;  alias, 1 drivers
v02420688_0 .var "q", 0 0;
v024206e0_0 .net "qBar", 0 0, L_02462868;  1 drivers
v02420580_0 .net "rst", 0 0, v02468090_0;  alias, 1 drivers
S_024635d8 .scope generate, "REGISTER[12]" "REGISTER[12]" 3 21, 3 21 0, S_00b5f160;
 .timescale 0 0;
P_02430d50 .param/l "i" 0 3 21, +C4<01100>;
S_024636a8 .scope module, "U" "dff" 3 22, 4 8 0, S_024635d8;
 .timescale 0 0;
    .port_info 0 /OUTPUT 1 "q"
    .port_info 1 /OUTPUT 1 "qBar"
    .port_info 2 /INPUT 1 "D"
    .port_info 3 /INPUT 1 "clk"
    .port_info 4 /INPUT 1 "rst"
L_024628b0 .functor NOT 1, v024204d0_0, C4<0>, C4<0>, C4<0>;
v024205d8_0 .net "D", 0 0, L_0246cd58;  1 drivers
v02420478_0 .net "clk", 0 0, v02467fe0_0;  alias, 1 drivers
v024204d0_0 .var "q", 0 0;
v02420370_0 .net "qBar", 0 0, L_024628b0;  1 drivers
v024203c8_0 .net "rst", 0 0, v02468090_0;  alias, 1 drivers
S_02463778 .scope generate, "REGISTER[13]" "REGISTER[13]" 3 21, 3 21 0, S_00b5f160;
 .timescale 0 0;
P_02430da0 .param/l "i" 0 3 21, +C4<01101>;
S_02463848 .scope module, "U" "dff" 3 22, 4 8 0, S_02463778;
 .timescale 0 0;
    .port_info 0 /OUTPUT 1 "q"
    .port_info 1 /OUTPUT 1 "qBar"
    .port_info 2 /INPUT 1 "D"
    .port_info 3 /INPUT 1 "clk"
    .port_info 4 /INPUT 1 "rst"
L_024628f8 .functor NOT 1, v024201b8_0, C4<0>, C4<0>, C4<0>;
v02420268_0 .net "D", 0 0, L_0246cdb0;  1 drivers
v024202c0_0 .net "clk", 0 0, v02467fe0_0;  alias, 1 drivers
v024201b8_0 .var "q", 0 0;
v02401930_0 .net "qBar", 0 0, L_024628f8;  1 drivers
v02401828_0 .net "rst", 0 0, v02468090_0;  alias, 1 drivers
S_02463918 .scope generate, "REGISTER[14]" "REGISTER[14]" 3 21, 3 21 0, S_00b5f160;
 .timescale 0 0;
P_02430df0 .param/l "i" 0 3 21, +C4<01110>;
S_024639e8 .scope module, "U" "dff" 3 22, 4 8 0, S_02463918;
 .timescale 0 0;
    .port_info 0 /OUTPUT 1 "q"
    .port_info 1 /OUTPUT 1 "qBar"
    .port_info 2 /INPUT 1 "D"
    .port_info 3 /INPUT 1 "clk"
    .port_info 4 /INPUT 1 "rst"
L_02462940 .functor NOT 1, v02401778_0, C4<0>, C4<0>, C4<0>;
v02401880_0 .net "D", 0 0, L_0246ce08;  1 drivers
v02401720_0 .net "clk", 0 0, v02467fe0_0;  alias, 1 drivers
v02401778_0 .var "q", 0 0;
v02401618_0 .net "qBar", 0 0, L_02462940;  1 drivers
v02401670_0 .net "rst", 0 0, v02468090_0;  alias, 1 drivers
S_02463ab8 .scope generate, "REGISTER[15]" "REGISTER[15]" 3 21, 3 21 0, S_00b5f160;
 .timescale 0 0;
P_02465040 .param/l "i" 0 3 21, +C4<01111>;
S_02463b88 .scope module, "U" "dff" 3 22, 4 8 0, S_02463ab8;
 .timescale 0 0;
    .port_info 0 /OUTPUT 1 "q"
    .port_info 1 /OUTPUT 1 "qBar"
    .port_info 2 /INPUT 1 "D"
    .port_info 3 /INPUT 1 "clk"
    .port_info 4 /INPUT 1 "rst"
L_02462988 .functor NOT 1, v02401408_0, C4<0>, C4<0>, C4<0>;
v02401510_0 .net "D", 0 0, L_0246ce60;  1 drivers
v02401568_0 .net "clk", 0 0, v02467fe0_0;  alias, 1 drivers
v02401408_0 .var "q", 0 0;
v02401460_0 .net "qBar", 0 0, L_02462988;  1 drivers
v02401300_0 .net "rst", 0 0, v02468090_0;  alias, 1 drivers
S_02463c58 .scope generate, "REGISTER[16]" "REGISTER[16]" 3 21, 3 21 0, S_00b5f160;
 .timescale 0 0;
P_02465090 .param/l "i" 0 3 21, +C4<010000>;
S_02463d28 .scope module, "U" "dff" 3 22, 4 8 0, S_02463c58;
 .timescale 0 0;
    .port_info 0 /OUTPUT 1 "q"
    .port_info 1 /OUTPUT 1 "qBar"
    .port_info 2 /INPUT 1 "D"
    .port_info 3 /INPUT 1 "clk"
    .port_info 4 /INPUT 1 "rst"
L_024629d0 .functor NOT 1, v02401250_0, C4<0>, C4<0>, C4<0>;
v02401358_0 .net "D", 0 0, L_0246ceb8;  1 drivers
v024011f8_0 .net "clk", 0 0, v02467fe0_0;  alias, 1 drivers
v02401250_0 .var "q", 0 0;
v024010f0_0 .net "qBar", 0 0, L_024629d0;  1 drivers
v02401148_0 .net "rst", 0 0, v02468090_0;  alias, 1 drivers
S_02463df8 .scope generate, "REGISTER[17]" "REGISTER[17]" 3 21, 3 21 0, S_00b5f160;
 .timescale 0 0;
P_024650e0 .param/l "i" 0 3 21, +C4<010001>;
S_02463ec8 .scope module, "U" "dff" 3 22, 4 8 0, S_02463df8;
 .timescale 0 0;
    .port_info 0 /OUTPUT 1 "q"
    .port_info 1 /OUTPUT 1 "qBar"
    .port_info 2 /INPUT 1 "D"
    .port_info 3 /INPUT 1 "clk"
    .port_info 4 /INPUT 1 "rst"
L_02462a18 .functor NOT 1, v02465bd8_0, C4<0>, C4<0>, C4<0>;
v02465b28_0 .net "D", 0 0, L_0246cf10;  1 drivers
v02465b80_0 .net "clk", 0 0, v02467fe0_0;  alias, 1 drivers
v02465bd8_0 .var "q", 0 0;
v02465c30_0 .net "qBar", 0 0, L_02462a18;  1 drivers
v02465c88_0 .net "rst", 0 0, v02468090_0;  alias, 1 drivers
S_02463f98 .scope generate, "REGISTER[18]" "REGISTER[18]" 3 21, 3 21 0, S_00b5f160;
 .timescale 0 0;
P_02465130 .param/l "i" 0 3 21, +C4<010010>;
S_02464068 .scope module, "U" "dff" 3 22, 4 8 0, S_02463f98;
 .timescale 0 0;
    .port_info 0 /OUTPUT 1 "q"
    .port_info 1 /OUTPUT 1 "qBar"
    .port_info 2 /INPUT 1 "D"
    .port_info 3 /INPUT 1 "clk"
    .port_info 4 /INPUT 1 "rst"
L_02462a60 .functor NOT 1, v02465d90_0, C4<0>, C4<0>, C4<0>;
v02465ce0_0 .net "D", 0 0, L_0246cf68;  1 drivers
v02465d38_0 .net "clk", 0 0, v02467fe0_0;  alias, 1 drivers
v02465d90_0 .var "q", 0 0;
v02465de8_0 .net "qBar", 0 0, L_02462a60;  1 drivers
v02465e40_0 .net "rst", 0 0, v02468090_0;  alias, 1 drivers
S_02464138 .scope generate, "REGISTER[19]" "REGISTER[19]" 3 21, 3 21 0, S_00b5f160;
 .timescale 0 0;
P_02465180 .param/l "i" 0 3 21, +C4<010011>;
S_02464208 .scope module, "U" "dff" 3 22, 4 8 0, S_02464138;
 .timescale 0 0;
    .port_info 0 /OUTPUT 1 "q"
    .port_info 1 /OUTPUT 1 "qBar"
    .port_info 2 /INPUT 1 "D"
    .port_info 3 /INPUT 1 "clk"
    .port_info 4 /INPUT 1 "rst"
L_02462aa8 .functor NOT 1, v02465f48_0, C4<0>, C4<0>, C4<0>;
v02465e98_0 .net "D", 0 0, L_0246cfc0;  1 drivers
v02465ef0_0 .net "clk", 0 0, v02467fe0_0;  alias, 1 drivers
v02465f48_0 .var "q", 0 0;
v02465fa0_0 .net "qBar", 0 0, L_02462aa8;  1 drivers
v02465ff8_0 .net "rst", 0 0, v02468090_0;  alias, 1 drivers
S_024642d8 .scope generate, "REGISTER[20]" "REGISTER[20]" 3 21, 3 21 0, S_00b5f160;
 .timescale 0 0;
P_024651d0 .param/l "i" 0 3 21, +C4<010100>;
S_024643a8 .scope module, "U" "dff" 3 22, 4 8 0, S_024642d8;
 .timescale 0 0;
    .port_info 0 /OUTPUT 1 "q"
    .port_info 1 /OUTPUT 1 "qBar"
    .port_info 2 /INPUT 1 "D"
    .port_info 3 /INPUT 1 "clk"
    .port_info 4 /INPUT 1 "rst"
L_02462af0 .functor NOT 1, v02466100_0, C4<0>, C4<0>, C4<0>;
v02466050_0 .net "D", 0 0, L_0246d018;  1 drivers
v024660a8_0 .net "clk", 0 0, v02467fe0_0;  alias, 1 drivers
v02466100_0 .var "q", 0 0;
v02466158_0 .net "qBar", 0 0, L_02462af0;  1 drivers
v024661b0_0 .net "rst", 0 0, v02468090_0;  alias, 1 drivers
S_02464478 .scope generate, "REGISTER[21]" "REGISTER[21]" 3 21, 3 21 0, S_00b5f160;
 .timescale 0 0;
P_02465220 .param/l "i" 0 3 21, +C4<010101>;
S_02464548 .scope module, "U" "dff" 3 22, 4 8 0, S_02464478;
 .timescale 0 0;
    .port_info 0 /OUTPUT 1 "q"
    .port_info 1 /OUTPUT 1 "qBar"
    .port_info 2 /INPUT 1 "D"
    .port_info 3 /INPUT 1 "clk"
    .port_info 4 /INPUT 1 "rst"
L_02462b38 .functor NOT 1, v024662b8_0, C4<0>, C4<0>, C4<0>;
v02466208_0 .net "D", 0 0, L_0246d070;  1 drivers
v02466260_0 .net "clk", 0 0, v02467fe0_0;  alias, 1 drivers
v024662b8_0 .var "q", 0 0;
v02466310_0 .net "qBar", 0 0, L_02462b38;  1 drivers
v02466368_0 .net "rst", 0 0, v02468090_0;  alias, 1 drivers
S_02464618 .scope generate, "REGISTER[22]" "REGISTER[22]" 3 21, 3 21 0, S_00b5f160;
 .timescale 0 0;
P_02465270 .param/l "i" 0 3 21, +C4<010110>;
S_024646e8 .scope module, "U" "dff" 3 22, 4 8 0, S_02464618;
 .timescale 0 0;
    .port_info 0 /OUTPUT 1 "q"
    .port_info 1 /OUTPUT 1 "qBar"
    .port_info 2 /INPUT 1 "D"
    .port_info 3 /INPUT 1 "clk"
    .port_info 4 /INPUT 1 "rst"
L_02462b80 .functor NOT 1, v02466470_0, C4<0>, C4<0>, C4<0>;
v024663c0_0 .net "D", 0 0, L_0246d0c8;  1 drivers
v02466418_0 .net "clk", 0 0, v02467fe0_0;  alias, 1 drivers
v02466470_0 .var "q", 0 0;
v024664c8_0 .net "qBar", 0 0, L_02462b80;  1 drivers
v02466520_0 .net "rst", 0 0, v02468090_0;  alias, 1 drivers
S_024647b8 .scope generate, "REGISTER[23]" "REGISTER[23]" 3 21, 3 21 0, S_00b5f160;
 .timescale 0 0;
P_024652c0 .param/l "i" 0 3 21, +C4<010111>;
S_02464888 .scope module, "U" "dff" 3 22, 4 8 0, S_024647b8;
 .timescale 0 0;
    .port_info 0 /OUTPUT 1 "q"
    .port_info 1 /OUTPUT 1 "qBar"
    .port_info 2 /INPUT 1 "D"
    .port_info 3 /INPUT 1 "clk"
    .port_info 4 /INPUT 1 "rst"
L_02462bc8 .functor NOT 1, v02466628_0, C4<0>, C4<0>, C4<0>;
v02466578_0 .net "D", 0 0, L_0246d120;  1 drivers
v024665d0_0 .net "clk", 0 0, v02467fe0_0;  alias, 1 drivers
v02466628_0 .var "q", 0 0;
v02466680_0 .net "qBar", 0 0, L_02462bc8;  1 drivers
v024666d8_0 .net "rst", 0 0, v02468090_0;  alias, 1 drivers
S_02464958 .scope generate, "REGISTER[24]" "REGISTER[24]" 3 21, 3 21 0, S_00b5f160;
 .timescale 0 0;
P_02465310 .param/l "i" 0 3 21, +C4<011000>;
S_02464a28 .scope module, "U" "dff" 3 22, 4 8 0, S_02464958;
 .timescale 0 0;
    .port_info 0 /OUTPUT 1 "q"
    .port_info 1 /OUTPUT 1 "qBar"
    .port_info 2 /INPUT 1 "D"
    .port_info 3 /INPUT 1 "clk"
    .port_info 4 /INPUT 1 "rst"
L_02462c10 .functor NOT 1, v024667e0_0, C4<0>, C4<0>, C4<0>;
v02466730_0 .net "D", 0 0, L_0246d178;  1 drivers
v02466788_0 .net "clk", 0 0, v02467fe0_0;  alias, 1 drivers
v024667e0_0 .var "q", 0 0;
v02466838_0 .net "qBar", 0 0, L_02462c10;  1 drivers
v02466890_0 .net "rst", 0 0, v02468090_0;  alias, 1 drivers
S_02464af8 .scope generate, "REGISTER[25]" "REGISTER[25]" 3 21, 3 21 0, S_00b5f160;
 .timescale 0 0;
P_02465360 .param/l "i" 0 3 21, +C4<011001>;
S_02464bc8 .scope module, "U" "dff" 3 22, 4 8 0, S_02464af8;
 .timescale 0 0;
    .port_info 0 /OUTPUT 1 "q"
    .port_info 1 /OUTPUT 1 "qBar"
    .port_info 2 /INPUT 1 "D"
    .port_info 3 /INPUT 1 "clk"
    .port_info 4 /INPUT 1 "rst"
L_02462c58 .functor NOT 1, v02466998_0, C4<0>, C4<0>, C4<0>;
v024668e8_0 .net "D", 0 0, L_0246d1d0;  1 drivers
v02466940_0 .net "clk", 0 0, v02467fe0_0;  alias, 1 drivers
v02466998_0 .var "q", 0 0;
v024669f0_0 .net "qBar", 0 0, L_02462c58;  1 drivers
v02466a48_0 .net "rst", 0 0, v02468090_0;  alias, 1 drivers
S_02464c98 .scope generate, "REGISTER[26]" "REGISTER[26]" 3 21, 3 21 0, S_00b5f160;
 .timescale 0 0;
P_024653b0 .param/l "i" 0 3 21, +C4<011010>;
S_02464d68 .scope module, "U" "dff" 3 22, 4 8 0, S_02464c98;
 .timescale 0 0;
    .port_info 0 /OUTPUT 1 "q"
    .port_info 1 /OUTPUT 1 "qBar"
    .port_info 2 /INPUT 1 "D"
    .port_info 3 /INPUT 1 "clk"
    .port_info 4 /INPUT 1 "rst"
L_02462ca0 .functor NOT 1, v02467380_0, C4<0>, C4<0>, C4<0>;
v02466aa0_0 .net "D", 0 0, L_0246d228;  1 drivers
v02467328_0 .net "clk", 0 0, v02467fe0_0;  alias, 1 drivers
v02467380_0 .var "q", 0 0;
v024673d8_0 .net "qBar", 0 0, L_02462ca0;  1 drivers
v02467430_0 .net "rst", 0 0, v02468090_0;  alias, 1 drivers
S_02468328 .scope generate, "REGISTER[27]" "REGISTER[27]" 3 21, 3 21 0, S_00b5f160;
 .timescale 0 0;
P_02465400 .param/l "i" 0 3 21, +C4<011011>;
S_024683f8 .scope module, "U" "dff" 3 22, 4 8 0, S_02468328;
 .timescale 0 0;
    .port_info 0 /OUTPUT 1 "q"
    .port_info 1 /OUTPUT 1 "qBar"
    .port_info 2 /INPUT 1 "D"
    .port_info 3 /INPUT 1 "clk"
    .port_info 4 /INPUT 1 "rst"
L_02462ce8 .functor NOT 1, v02467538_0, C4<0>, C4<0>, C4<0>;
v02467488_0 .net "D", 0 0, L_0246d280;  1 drivers
v024674e0_0 .net "clk", 0 0, v02467fe0_0;  alias, 1 drivers
v02467538_0 .var "q", 0 0;
v02467590_0 .net "qBar", 0 0, L_02462ce8;  1 drivers
v024675e8_0 .net "rst", 0 0, v02468090_0;  alias, 1 drivers
S_024684c8 .scope generate, "REGISTER[28]" "REGISTER[28]" 3 21, 3 21 0, S_00b5f160;
 .timescale 0 0;
P_02465450 .param/l "i" 0 3 21, +C4<011100>;
S_02468598 .scope module, "U" "dff" 3 22, 4 8 0, S_024684c8;
 .timescale 0 0;
    .port_info 0 /OUTPUT 1 "q"
    .port_info 1 /OUTPUT 1 "qBar"
    .port_info 2 /INPUT 1 "D"
    .port_info 3 /INPUT 1 "clk"
    .port_info 4 /INPUT 1 "rst"
L_02462d30 .functor NOT 1, v024676f0_0, C4<0>, C4<0>, C4<0>;
v02467640_0 .net "D", 0 0, L_0246d2d8;  1 drivers
v02467698_0 .net "clk", 0 0, v02467fe0_0;  alias, 1 drivers
v024676f0_0 .var "q", 0 0;
v02467748_0 .net "qBar", 0 0, L_02462d30;  1 drivers
v024677a0_0 .net "rst", 0 0, v02468090_0;  alias, 1 drivers
S_02468668 .scope generate, "REGISTER[29]" "REGISTER[29]" 3 21, 3 21 0, S_00b5f160;
 .timescale 0 0;
P_024654a0 .param/l "i" 0 3 21, +C4<011101>;
S_02468738 .scope module, "U" "dff" 3 22, 4 8 0, S_02468668;
 .timescale 0 0;
    .port_info 0 /OUTPUT 1 "q"
    .port_info 1 /OUTPUT 1 "qBar"
    .port_info 2 /INPUT 1 "D"
    .port_info 3 /INPUT 1 "clk"
    .port_info 4 /INPUT 1 "rst"
L_0246dd38 .functor NOT 1, v024678a8_0, C4<0>, C4<0>, C4<0>;
v024677f8_0 .net "D", 0 0, L_0246d330;  1 drivers
v02467850_0 .net "clk", 0 0, v02467fe0_0;  alias, 1 drivers
v024678a8_0 .var "q", 0 0;
v02467900_0 .net "qBar", 0 0, L_0246dd38;  1 drivers
v02467958_0 .net "rst", 0 0, v02468090_0;  alias, 1 drivers
S_02468808 .scope generate, "REGISTER[30]" "REGISTER[30]" 3 21, 3 21 0, S_00b5f160;
 .timescale 0 0;
P_024654f0 .param/l "i" 0 3 21, +C4<011110>;
S_024688d8 .scope module, "U" "dff" 3 22, 4 8 0, S_02468808;
 .timescale 0 0;
    .port_info 0 /OUTPUT 1 "q"
    .port_info 1 /OUTPUT 1 "qBar"
    .port_info 2 /INPUT 1 "D"
    .port_info 3 /INPUT 1 "clk"
    .port_info 4 /INPUT 1 "rst"
L_0246dd80 .functor NOT 1, v02467a60_0, C4<0>, C4<0>, C4<0>;
v024679b0_0 .net "D", 0 0, L_0246d388;  1 drivers
v02467a08_0 .net "clk", 0 0, v02467fe0_0;  alias, 1 drivers
v02467a60_0 .var "q", 0 0;
v02467ab8_0 .net "qBar", 0 0, L_0246dd80;  1 drivers
v02467b10_0 .net "rst", 0 0, v02468090_0;  alias, 1 drivers
S_024689a8 .scope generate, "REGISTER[31]" "REGISTER[31]" 3 21, 3 21 0, S_00b5f160;
 .timescale 0 0;
P_02465540 .param/l "i" 0 3 21, +C4<011111>;
S_02468a78 .scope module, "U" "dff" 3 22, 4 8 0, S_024689a8;
 .timescale 0 0;
    .port_info 0 /OUTPUT 1 "q"
    .port_info 1 /OUTPUT 1 "qBar"
    .port_info 2 /INPUT 1 "D"
    .port_info 3 /INPUT 1 "clk"
    .port_info 4 /INPUT 1 "rst"
L_0246ddc8 .functor NOT 1, v02467c18_0, C4<0>, C4<0>, C4<0>;
v02467b68_0 .net "D", 0 0, L_0246d438;  1 drivers
v02467bc0_0 .net "clk", 0 0, v02467fe0_0;  alias, 1 drivers
v02467c18_0 .var "q", 0 0;
v02467c70_0 .net "qBar", 0 0, L_0246ddc8;  1 drivers
v02467cc8_0 .net "rst", 0 0, v02468090_0;  alias, 1 drivers
S_02468b48 .scope module, "tester" "register_32bit_tester" 2 16, 5 7 0, S_02430e30;
 .timescale 0 0;
    .port_info 0 /INPUT 32 "Q"
    .port_info 1 /OUTPUT 1 "clk"
    .port_info 2 /OUTPUT 1 "we"
    .port_info 3 /OUTPUT 1 "rst"
    .port_info 4 /OUTPUT 32 "D"
P_024655b8 .param/l "delay" 0 5 20, +C4<00000000000000000000000000000001>;
v02467f30_0 .var "D", 31 0;
v02467f88_0 .net "Q", 31 0, L_0246d3e0;  alias, 1 drivers
v02467fe0_0 .var "clk", 0 0;
v02468038_0 .var/i "i", 31 0;
v02468090_0 .var "rst", 0 0;
v024680e8_0 .var "we", 0 0;
    .scope S_02412a00;
T_0 ;
    %wait E_02430990;
    %load/vec4 v02428c48_0;
    %nor/r;
    %flag_set/vec4 8;
    %jmp/0xz  T_0.0, 8;
    %pushi/vec4 0, 0, 1;
    %store/vec4 v02428d50_0, 0, 1;
    %jmp T_0.1;
T_0.0 ;
    %load/vec4 v02428e58_0;
    %store/vec4 v02428d50_0, 0, 1;
T_0.1 ;
    %jmp T_0;
    .thread T_0;
    .scope S_00b53b20;
T_1 ;
    %wait E_02430990;
    %load/vec4 v02428a90_0;
    %nor/r;
    %flag_set/vec4 8;
    %jmp/0xz  T_1.0, 8;
    %pushi/vec4 0, 0, 1;
    %store/vec4 v02428b98_0, 0, 1;
    %jmp T_1.1;
T_1.0 ;
    %load/vec4 v02428ca0_0;
    %store/vec4 v02428b98_0, 0, 1;
T_1.1 ;
    %jmp T_1;
    .thread T_1;
    .scope S_024285a0;
T_2 ;
    %wait E_02430990;
    %load/vec4 v02428fb8_0;
    %nor/r;
    %flag_set/vec4 8;
    %jmp/0xz  T_2.0, 8;
    %pushi/vec4 0, 0, 1;
    %store/vec4 v02428828_0, 0, 1;
    %jmp T_2.1;
T_2.0 ;
    %load/vec4 v02428930_0;
    %store/vec4 v02428828_0, 0, 1;
T_2.1 ;
    %jmp T_2;
    .thread T_2;
    .scope S_00b5ddd0;
T_3 ;
    %wait E_02430990;
    %load/vec4 v02429170_0;
    %nor/r;
    %flag_set/vec4 8;
    %jmp/0xz  T_3.0, 8;
    %pushi/vec4 0, 0, 1;
    %store/vec4 v024290c0_0, 0, 1;
    %jmp T_3.1;
T_3.0 ;
    %load/vec4 v02429010_0;
    %store/vec4 v024290c0_0, 0, 1;
T_3.1 ;
    %jmp T_3;
    .thread T_3;
    .scope S_02461190;
T_4 ;
    %wait E_02430990;
    %load/vec4 v02429328_0;
    %nor/r;
    %flag_set/vec4 8;
    %jmp/0xz  T_4.0, 8;
    %pushi/vec4 0, 0, 1;
    %store/vec4 v02429278_0, 0, 1;
    %jmp T_4.1;
T_4.0 ;
    %load/vec4 v024291c8_0;
    %store/vec4 v02429278_0, 0, 1;
T_4.1 ;
    %jmp T_4;
    .thread T_4;
    .scope S_02461b30;
T_5 ;
    %wait E_02430990;
    %load/vec4 v024294e0_0;
    %nor/r;
    %flag_set/vec4 8;
    %jmp/0xz  T_5.0, 8;
    %pushi/vec4 0, 0, 1;
    %store/vec4 v02429430_0, 0, 1;
    %jmp T_5.1;
T_5.0 ;
    %load/vec4 v02429380_0;
    %store/vec4 v02429430_0, 0, 1;
T_5.1 ;
    %jmp T_5;
    .thread T_5;
    .scope S_02461cd0;
T_6 ;
    %wait E_02430990;
    %load/vec4 v02429698_0;
    %nor/r;
    %flag_set/vec4 8;
    %jmp/0xz  T_6.0, 8;
    %pushi/vec4 0, 0, 1;
    %store/vec4 v024295e8_0, 0, 1;
    %jmp T_6.1;
T_6.0 ;
    %load/vec4 v02429538_0;
    %store/vec4 v024295e8_0, 0, 1;
T_6.1 ;
    %jmp T_6;
    .thread T_6;
    .scope S_02462e88;
T_7 ;
    %wait E_02430990;
    %load/vec4 v02420fd0_0;
    %nor/r;
    %flag_set/vec4 8;
    %jmp/0xz  T_7.0, 8;
    %pushi/vec4 0, 0, 1;
    %store/vec4 v024210d8_0, 0, 1;
    %jmp T_7.1;
T_7.0 ;
    %load/vec4 v024296f0_0;
    %store/vec4 v024210d8_0, 0, 1;
T_7.1 ;
    %jmp T_7;
    .thread T_7;
    .scope S_02463028;
T_8 ;
    %wait E_02430990;
    %load/vec4 v02420e18_0;
    %nor/r;
    %flag_set/vec4 8;
    %jmp/0xz  T_8.0, 8;
    %pushi/vec4 0, 0, 1;
    %store/vec4 v02420f20_0, 0, 1;
    %jmp T_8.1;
T_8.0 ;
    %load/vec4 v02421028_0;
    %store/vec4 v02420f20_0, 0, 1;
T_8.1 ;
    %jmp T_8;
    .thread T_8;
    .scope S_024631c8;
T_9 ;
    %wait E_02430990;
    %load/vec4 v02420aa8_0;
    %nor/r;
    %flag_set/vec4 8;
    %jmp/0xz  T_9.0, 8;
    %pushi/vec4 0, 0, 1;
    %store/vec4 v02420bb0_0, 0, 1;
    %jmp T_9.1;
T_9.0 ;
    %load/vec4 v02420cb8_0;
    %store/vec4 v02420bb0_0, 0, 1;
T_9.1 ;
    %jmp T_9;
    .thread T_9;
    .scope S_02463368;
T_10 ;
    %wait E_02430990;
    %load/vec4 v024208f0_0;
    %nor/r;
    %flag_set/vec4 8;
    %jmp/0xz  T_10.0, 8;
    %pushi/vec4 0, 0, 1;
    %store/vec4 v024209f8_0, 0, 1;
    %jmp T_10.1;
T_10.0 ;
    %load/vec4 v02420b00_0;
    %store/vec4 v024209f8_0, 0, 1;
T_10.1 ;
    %jmp T_10;
    .thread T_10;
    .scope S_02463508;
T_11 ;
    %wait E_02430990;
    %load/vec4 v02420580_0;
    %nor/r;
    %flag_set/vec4 8;
    %jmp/0xz  T_11.0, 8;
    %pushi/vec4 0, 0, 1;
    %store/vec4 v02420688_0, 0, 1;
    %jmp T_11.1;
T_11.0 ;
    %load/vec4 v02420790_0;
    %store/vec4 v02420688_0, 0, 1;
T_11.1 ;
    %jmp T_11;
    .thread T_11;
    .scope S_024636a8;
T_12 ;
    %wait E_02430990;
    %load/vec4 v024203c8_0;
    %nor/r;
    %flag_set/vec4 8;
    %jmp/0xz  T_12.0, 8;
    %pushi/vec4 0, 0, 1;
    %store/vec4 v024204d0_0, 0, 1;
    %jmp T_12.1;
T_12.0 ;
    %load/vec4 v024205d8_0;
    %store/vec4 v024204d0_0, 0, 1;
T_12.1 ;
    %jmp T_12;
    .thread T_12;
    .scope S_02463848;
T_13 ;
    %wait E_02430990;
    %load/vec4 v02401828_0;
    %nor/r;
    %flag_set/vec4 8;
    %jmp/0xz  T_13.0, 8;
    %pushi/vec4 0, 0, 1;
    %store/vec4 v024201b8_0, 0, 1;
    %jmp T_13.1;
T_13.0 ;
    %load/vec4 v02420268_0;
    %store/vec4 v024201b8_0, 0, 1;
T_13.1 ;
    %jmp T_13;
    .thread T_13;
    .scope S_024639e8;
T_14 ;
    %wait E_02430990;
    %load/vec4 v02401670_0;
    %nor/r;
    %flag_set/vec4 8;
    %jmp/0xz  T_14.0, 8;
    %pushi/vec4 0, 0, 1;
    %store/vec4 v02401778_0, 0, 1;
    %jmp T_14.1;
T_14.0 ;
    %load/vec4 v02401880_0;
    %store/vec4 v02401778_0, 0, 1;
T_14.1 ;
    %jmp T_14;
    .thread T_14;
    .scope S_02463b88;
T_15 ;
    %wait E_02430990;
    %load/vec4 v02401300_0;
    %nor/r;
    %flag_set/vec4 8;
    %jmp/0xz  T_15.0, 8;
    %pushi/vec4 0, 0, 1;
    %store/vec4 v02401408_0, 0, 1;
    %jmp T_15.1;
T_15.0 ;
    %load/vec4 v02401510_0;
    %store/vec4 v02401408_0, 0, 1;
T_15.1 ;
    %jmp T_15;
    .thread T_15;
    .scope S_02463d28;
T_16 ;
    %wait E_02430990;
    %load/vec4 v02401148_0;
    %nor/r;
    %flag_set/vec4 8;
    %jmp/0xz  T_16.0, 8;
    %pushi/vec4 0, 0, 1;
    %store/vec4 v02401250_0, 0, 1;
    %jmp T_16.1;
T_16.0 ;
    %load/vec4 v02401358_0;
    %store/vec4 v02401250_0, 0, 1;
T_16.1 ;
    %jmp T_16;
    .thread T_16;
    .scope S_02463ec8;
T_17 ;
    %wait E_02430990;
    %load/vec4 v02465c88_0;
    %nor/r;
    %flag_set/vec4 8;
    %jmp/0xz  T_17.0, 8;
    %pushi/vec4 0, 0, 1;
    %store/vec4 v02465bd8_0, 0, 1;
    %jmp T_17.1;
T_17.0 ;
    %load/vec4 v02465b28_0;
    %store/vec4 v02465bd8_0, 0, 1;
T_17.1 ;
    %jmp T_17;
    .thread T_17;
    .scope S_02464068;
T_18 ;
    %wait E_02430990;
    %load/vec4 v02465e40_0;
    %nor/r;
    %flag_set/vec4 8;
    %jmp/0xz  T_18.0, 8;
    %pushi/vec4 0, 0, 1;
    %store/vec4 v02465d90_0, 0, 1;
    %jmp T_18.1;
T_18.0 ;
    %load/vec4 v02465ce0_0;
    %store/vec4 v02465d90_0, 0, 1;
T_18.1 ;
    %jmp T_18;
    .thread T_18;
    .scope S_02464208;
T_19 ;
    %wait E_02430990;
    %load/vec4 v02465ff8_0;
    %nor/r;
    %flag_set/vec4 8;
    %jmp/0xz  T_19.0, 8;
    %pushi/vec4 0, 0, 1;
    %store/vec4 v02465f48_0, 0, 1;
    %jmp T_19.1;
T_19.0 ;
    %load/vec4 v02465e98_0;
    %store/vec4 v02465f48_0, 0, 1;
T_19.1 ;
    %jmp T_19;
    .thread T_19;
    .scope S_024643a8;
T_20 ;
    %wait E_02430990;
    %load/vec4 v024661b0_0;
    %nor/r;
    %flag_set/vec4 8;
    %jmp/0xz  T_20.0, 8;
    %pushi/vec4 0, 0, 1;
    %store/vec4 v02466100_0, 0, 1;
    %jmp T_20.1;
T_20.0 ;
    %load/vec4 v02466050_0;
    %store/vec4 v02466100_0, 0, 1;
T_20.1 ;
    %jmp T_20;
    .thread T_20;
    .scope S_02464548;
T_21 ;
    %wait E_02430990;
    %load/vec4 v02466368_0;
    %nor/r;
    %flag_set/vec4 8;
    %jmp/0xz  T_21.0, 8;
    %pushi/vec4 0, 0, 1;
    %store/vec4 v024662b8_0, 0, 1;
    %jmp T_21.1;
T_21.0 ;
    %load/vec4 v02466208_0;
    %store/vec4 v024662b8_0, 0, 1;
T_21.1 ;
    %jmp T_21;
    .thread T_21;
    .scope S_024646e8;
T_22 ;
    %wait E_02430990;
    %load/vec4 v02466520_0;
    %nor/r;
    %flag_set/vec4 8;
    %jmp/0xz  T_22.0, 8;
    %pushi/vec4 0, 0, 1;
    %store/vec4 v02466470_0, 0, 1;
    %jmp T_22.1;
T_22.0 ;
    %load/vec4 v024663c0_0;
    %store/vec4 v02466470_0, 0, 1;
T_22.1 ;
    %jmp T_22;
    .thread T_22;
    .scope S_02464888;
T_23 ;
    %wait E_02430990;
    %load/vec4 v024666d8_0;
    %nor/r;
    %flag_set/vec4 8;
    %jmp/0xz  T_23.0, 8;
    %pushi/vec4 0, 0, 1;
    %store/vec4 v02466628_0, 0, 1;
    %jmp T_23.1;
T_23.0 ;
    %load/vec4 v02466578_0;
    %store/vec4 v02466628_0, 0, 1;
T_23.1 ;
    %jmp T_23;
    .thread T_23;
    .scope S_02464a28;
T_24 ;
    %wait E_02430990;
    %load/vec4 v02466890_0;
    %nor/r;
    %flag_set/vec4 8;
    %jmp/0xz  T_24.0, 8;
    %pushi/vec4 0, 0, 1;
    %store/vec4 v024667e0_0, 0, 1;
    %jmp T_24.1;
T_24.0 ;
    %load/vec4 v02466730_0;
    %store/vec4 v024667e0_0, 0, 1;
T_24.1 ;
    %jmp T_24;
    .thread T_24;
    .scope S_02464bc8;
T_25 ;
    %wait E_02430990;
    %load/vec4 v02466a48_0;
    %nor/r;
    %flag_set/vec4 8;
    %jmp/0xz  T_25.0, 8;
    %pushi/vec4 0, 0, 1;
    %store/vec4 v02466998_0, 0, 1;
    %jmp T_25.1;
T_25.0 ;
    %load/vec4 v024668e8_0;
    %store/vec4 v02466998_0, 0, 1;
T_25.1 ;
    %jmp T_25;
    .thread T_25;
    .scope S_02464d68;
T_26 ;
    %wait E_02430990;
    %load/vec4 v02467430_0;
    %nor/r;
    %flag_set/vec4 8;
    %jmp/0xz  T_26.0, 8;
    %pushi/vec4 0, 0, 1;
    %store/vec4 v02467380_0, 0, 1;
    %jmp T_26.1;
T_26.0 ;
    %load/vec4 v02466aa0_0;
    %store/vec4 v02467380_0, 0, 1;
T_26.1 ;
    %jmp T_26;
    .thread T_26;
    .scope S_024683f8;
T_27 ;
    %wait E_02430990;
    %load/vec4 v024675e8_0;
    %nor/r;
    %flag_set/vec4 8;
    %jmp/0xz  T_27.0, 8;
    %pushi/vec4 0, 0, 1;
    %store/vec4 v02467538_0, 0, 1;
    %jmp T_27.1;
T_27.0 ;
    %load/vec4 v02467488_0;
    %store/vec4 v02467538_0, 0, 1;
T_27.1 ;
    %jmp T_27;
    .thread T_27;
    .scope S_02468598;
T_28 ;
    %wait E_02430990;
    %load/vec4 v024677a0_0;
    %nor/r;
    %flag_set/vec4 8;
    %jmp/0xz  T_28.0, 8;
    %pushi/vec4 0, 0, 1;
    %store/vec4 v024676f0_0, 0, 1;
    %jmp T_28.1;
T_28.0 ;
    %load/vec4 v02467640_0;
    %store/vec4 v024676f0_0, 0, 1;
T_28.1 ;
    %jmp T_28;
    .thread T_28;
    .scope S_02468738;
T_29 ;
    %wait E_02430990;
    %load/vec4 v02467958_0;
    %nor/r;
    %flag_set/vec4 8;
    %jmp/0xz  T_29.0, 8;
    %pushi/vec4 0, 0, 1;
    %store/vec4 v024678a8_0, 0, 1;
    %jmp T_29.1;
T_29.0 ;
    %load/vec4 v024677f8_0;
    %store/vec4 v024678a8_0, 0, 1;
T_29.1 ;
    %jmp T_29;
    .thread T_29;
    .scope S_024688d8;
T_30 ;
    %wait E_02430990;
    %load/vec4 v02467b10_0;
    %nor/r;
    %flag_set/vec4 8;
    %jmp/0xz  T_30.0, 8;
    %pushi/vec4 0, 0, 1;
    %store/vec4 v02467a60_0, 0, 1;
    %jmp T_30.1;
T_30.0 ;
    %load/vec4 v024679b0_0;
    %store/vec4 v02467a60_0, 0, 1;
T_30.1 ;
    %jmp T_30;
    .thread T_30;
    .scope S_02468a78;
T_31 ;
    %wait E_02430990;
    %load/vec4 v02467cc8_0;
    %nor/r;
    %flag_set/vec4 8;
    %jmp/0xz  T_31.0, 8;
    %pushi/vec4 0, 0, 1;
    %store/vec4 v02467c18_0, 0, 1;
    %jmp T_31.1;
T_31.0 ;
    %load/vec4 v02467b68_0;
    %store/vec4 v02467c18_0, 0, 1;
T_31.1 ;
    %jmp T_31;
    .thread T_31;
    .scope S_02468b48;
T_32 ;
    %vpi_call 5 14 "$display", "\011Q       \011D       \011we \011rst\011clk\011time" {0 0 0};
    %vpi_call 5 15 "$monitor", "\011%h\011%h\011%b  \011%b  \011%b  \011%g", v02467f88_0, v02467f30_0, v024680e8_0, v02468090_0, v02467fe0_0, $time {0 0 0};
    %end;
    .thread T_32;
    .scope S_02468b48;
T_33 ;
    %pushi/vec4 0, 0, 32;
    %store/vec4 v02467f30_0, 0, 32;
    %pushi/vec4 0, 0, 1;
    %store/vec4 v024680e8_0, 0, 1;
    %pushi/vec4 1, 0, 1;
    %store/vec4 v02467fe0_0, 0, 1;
    %pushi/vec4 1, 0, 1;
    %store/vec4 v02468090_0, 0, 1;
    %delay 1, 0;
    %pushi/vec4 0, 0, 1;
    %store/vec4 v02468090_0, 0, 1;
    %delay 1, 0;
    %pushi/vec4 1, 0, 1;
    %store/vec4 v02468090_0, 0, 1;
    %delay 1, 0;
    %pushi/vec4 2900752621, 0, 32;
    %store/vec4 v02467f30_0, 0, 32;
    %delay 1, 0;
    %pushi/vec4 0, 0, 32;
    %store/vec4 v02468038_0, 0, 32;
T_33.0 ;
    %load/vec4 v02468038_0;
    %cmpi/s 2, 0, 32;
    %jmp/0xz T_33.1, 5;
    %load/vec4 v02467fe0_0;
    %inv;
    %store/vec4 v02467fe0_0, 0, 1;
    %delay 1, 0;
    %load/vec4 v02468038_0;
    %addi 1, 0, 32;
    %store/vec4 v02468038_0, 0, 32;
    %jmp T_33.0;
T_33.1 ;
    %pushi/vec4 1, 0, 1;
    %store/vec4 v024680e8_0, 0, 1;
    %pushi/vec4 0, 0, 32;
    %store/vec4 v02468038_0, 0, 32;
T_33.2 ;
    %load/vec4 v02468038_0;
    %cmpi/s 4, 0, 32;
    %jmp/0xz T_33.3, 5;
    %load/vec4 v02467fe0_0;
    %inv;
    %store/vec4 v02467fe0_0, 0, 1;
    %delay 1, 0;
    %load/vec4 v02468038_0;
    %addi 1, 0, 32;
    %store/vec4 v02468038_0, 0, 32;
    %jmp T_33.2;
T_33.3 ;
    %pushi/vec4 0, 0, 1;
    %store/vec4 v024680e8_0, 0, 1;
    %pushi/vec4 0, 0, 32;
    %store/vec4 v02468038_0, 0, 32;
T_33.4 ;
    %load/vec4 v02468038_0;
    %cmpi/s 2, 0, 32;
    %jmp/0xz T_33.5, 5;
    %load/vec4 v02467fe0_0;
    %inv;
    %store/vec4 v02467fe0_0, 0, 1;
    %delay 1, 0;
    %load/vec4 v02468038_0;
    %addi 1, 0, 32;
    %store/vec4 v02468038_0, 0, 32;
    %jmp T_33.4;
T_33.5 ;
    %pushi/vec4 518502935, 0, 32;
    %store/vec4 v02467f30_0, 0, 32;
    %delay 1, 0;
    %pushi/vec4 0, 0, 32;
    %store/vec4 v02468038_0, 0, 32;
T_33.6 ;
    %load/vec4 v02468038_0;
    %cmpi/s 2, 0, 32;
    %jmp/0xz T_33.7, 5;
    %load/vec4 v02467fe0_0;
    %inv;
    %store/vec4 v02467fe0_0, 0, 1;
    %delay 1, 0;
    %load/vec4 v02468038_0;
    %addi 1, 0, 32;
    %store/vec4 v02468038_0, 0, 32;
    %jmp T_33.6;
T_33.7 ;
    %pushi/vec4 1, 0, 1;
    %store/vec4 v024680e8_0, 0, 1;
    %pushi/vec4 0, 0, 32;
    %store/vec4 v02468038_0, 0, 32;
T_33.8 ;
    %load/vec4 v02468038_0;
    %cmpi/s 4, 0, 32;
    %jmp/0xz T_33.9, 5;
    %load/vec4 v02467fe0_0;
    %inv;
    %store/vec4 v02467fe0_0, 0, 1;
    %delay 1, 0;
    %load/vec4 v02468038_0;
    %addi 1, 0, 32;
    %store/vec4 v02468038_0, 0, 32;
    %jmp T_33.8;
T_33.9 ;
    %pushi/vec4 0, 0, 1;
    %store/vec4 v024680e8_0, 0, 1;
    %pushi/vec4 0, 0, 32;
    %store/vec4 v02468038_0, 0, 32;
T_33.10 ;
    %load/vec4 v02468038_0;
    %cmpi/s 2, 0, 32;
    %jmp/0xz T_33.11, 5;
    %load/vec4 v02467fe0_0;
    %inv;
    %store/vec4 v02467fe0_0, 0, 1;
    %delay 1, 0;
    %load/vec4 v02468038_0;
    %addi 1, 0, 32;
    %store/vec4 v02468038_0, 0, 32;
    %jmp T_33.10;
T_33.11 ;
    %vpi_call 5 59 "$finish" {0 0 0};
    %end;
    .thread T_33;
    .scope S_02430e30;
T_34 ;
    %vpi_call 2 20 "$dumpfile", "register_32bit.vcd" {0 0 0};
    %vpi_call 2 21 "$dumpvars", 32'sb00000000000000000000000000000001, S_00b5f160 {0 0 0};
    %end;
    .thread T_34;
# The file index is used to find the file name in the following table.
:file_names 6;
    "N/A";
    "<interactive>";
    "register_32bit_testbench.v";
    "./register_32bit.v";
    "./../../shared_modules/dff/dff.v";
    "./register_32bit_tester.v";
