#! c:/iverilog-x86/bin/vvp
:ivl_version "10.0 (stable)" "(v10_0)";
:ivl_delay_selection "TYPICAL";
:vpi_time_precision + 0;
:vpi_module "system";
:vpi_module "vhdl_sys";
:vpi_module "v2005_math";
:vpi_module "va_math";
S_0093fbd8 .scope module, "register_32bit_testbench" "register_32bit_testbench" 2 13;
 .timescale 0 0;
v024a1d58_0 .net "D", 31 0, v024a1b48_0;  1 drivers
v024a1db0_0 .net "Q", 31 0, L_024aadd8;  1 drivers
v024a1e08_0 .net "clk", 0 0, v024a1bf8_0;  1 drivers
v024a1e60_0 .net "rst", 0 0, v024a1ca8_0;  1 drivers
v024a1eb8_0 .net "we", 0 0, v024a1d00_0;  1 drivers
S_0093fca8 .scope module, "register" "register_32bit" 2 18, 3 12 0, S_0093fbd8;
 .timescale 0 0;
    .port_info 0 /INPUT 1 "clk"
    .port_info 1 /INPUT 1 "we"
    .port_info 2 /INPUT 1 "rst"
    .port_info 3 /INPUT 32 "D"
    .port_info 4 /OUTPUT 32 "Q"
v0249f108_0 .net "D", 31 0, v024a1b48_0;  alias, 1 drivers
v0249f160_0 .net "Q", 31 0, L_024aadd8;  alias, 1 drivers
v024a19e8_0 .net "clk", 0 0, v024a1bf8_0;  alias, 1 drivers
v024a1a40_0 .net "parallel_write_data", 31 0, L_024a7fa0;  1 drivers
v024a1a98_0 .net "rst", 0 0, v024a1ca8_0;  alias, 1 drivers
v024a1af0_0 .net "we", 0 0, v024a1d00_0;  alias, 1 drivers
L_024a1f68 .part L_024aadd8, 0, 1;
L_024a1fc0 .part v024a1b48_0, 0, 1;
L_024a2070 .part L_024aadd8, 1, 1;
L_024a20c8 .part v024a1b48_0, 1, 1;
L_024a2178 .part L_024aadd8, 2, 1;
L_024a21d0 .part v024a1b48_0, 2, 1;
L_024a2280 .part L_024aadd8, 3, 1;
L_024a22d8 .part v024a1b48_0, 3, 1;
L_024a2388 .part L_024aadd8, 4, 1;
L_024a23e0 .part v024a1b48_0, 4, 1;
L_024a2490 .part L_024aadd8, 5, 1;
L_024a24e8 .part v024a1b48_0, 5, 1;
L_024a2598 .part L_024aadd8, 6, 1;
L_024a25f0 .part v024a1b48_0, 6, 1;
L_024a26a0 .part L_024aadd8, 7, 1;
L_024a26f8 .part v024a1b48_0, 7, 1;
L_024a27a8 .part L_024aadd8, 8, 1;
L_024a2800 .part v024a1b48_0, 8, 1;
L_024a28b0 .part L_024aadd8, 9, 1;
L_024a2908 .part v024a1b48_0, 9, 1;
L_024a4000 .part L_024aadd8, 10, 1;
L_024a4058 .part v024a1b48_0, 10, 1;
L_024a4108 .part L_024aadd8, 11, 1;
L_024a4160 .part v024a1b48_0, 11, 1;
L_024a4210 .part L_024aadd8, 12, 1;
L_024a4268 .part v024a1b48_0, 12, 1;
L_024a4318 .part L_024aadd8, 13, 1;
L_024a4370 .part v024a1b48_0, 13, 1;
L_024a4420 .part L_024aadd8, 14, 1;
L_024a4478 .part v024a1b48_0, 14, 1;
L_024a4528 .part L_024aadd8, 15, 1;
L_024a4580 .part v024a1b48_0, 15, 1;
L_024a4630 .part L_024aadd8, 16, 1;
L_024a4688 .part v024a1b48_0, 16, 1;
L_024a4738 .part L_024aadd8, 17, 1;
L_024a4790 .part v024a1b48_0, 17, 1;
L_024a4840 .part L_024aadd8, 18, 1;
L_024a4898 .part v024a1b48_0, 18, 1;
L_024a4948 .part L_024aadd8, 19, 1;
L_024a49a0 .part v024a1b48_0, 19, 1;
L_024a4a50 .part L_024aadd8, 20, 1;
L_024a4aa8 .part v024a1b48_0, 20, 1;
L_024a4b58 .part L_024aadd8, 21, 1;
L_024a4bb0 .part v024a1b48_0, 21, 1;
L_024a4c60 .part L_024aadd8, 22, 1;
L_024a4cb8 .part v024a1b48_0, 22, 1;
L_024a4d68 .part L_024aadd8, 23, 1;
L_024a4dc0 .part v024a1b48_0, 23, 1;
L_024a4e70 .part L_024aadd8, 24, 1;
L_024a4ec8 .part v024a1b48_0, 24, 1;
L_024a4f78 .part L_024aadd8, 25, 1;
L_024a7918 .part v024a1b48_0, 25, 1;
L_024a79c8 .part L_024aadd8, 26, 1;
L_024a7a20 .part v024a1b48_0, 26, 1;
L_024a7ad0 .part L_024aadd8, 27, 1;
L_024a7b28 .part v024a1b48_0, 27, 1;
L_024a7bd8 .part L_024aadd8, 28, 1;
L_024a7c30 .part v024a1b48_0, 28, 1;
L_024a7ce0 .part L_024aadd8, 29, 1;
L_024a7d38 .part v024a1b48_0, 29, 1;
L_024a7de8 .part L_024aadd8, 30, 1;
L_024a7e40 .part v024a1b48_0, 30, 1;
L_024a7ef0 .part L_024aadd8, 31, 1;
L_024a7f48 .part v024a1b48_0, 31, 1;
LS_024a7fa0_0_0 .concat8 [ 1 1 1 1], L_02490740, L_02490818, L_024908f0, L_024909c8;
LS_024a7fa0_0_4 .concat8 [ 1 1 1 1], L_02490aa0, L_02490b78, L_02490c50, L_02490d28;
LS_024a7fa0_0_8 .concat8 [ 1 1 1 1], L_02490e00, L_02490ed8, L_02490fb0, L_02491088;
LS_024a7fa0_0_12 .concat8 [ 1 1 1 1], L_02491160, L_02491238, L_02491310, L_024a59a8;
LS_024a7fa0_0_16 .concat8 [ 1 1 1 1], L_024a5a80, L_024a5b58, L_024a5c30, L_024a5d08;
LS_024a7fa0_0_20 .concat8 [ 1 1 1 1], L_024a5de0, L_024a5eb8, L_024a5f90, L_024a6068;
LS_024a7fa0_0_24 .concat8 [ 1 1 1 1], L_024a6140, L_024a6218, L_024a62f0, L_024a63c8;
LS_024a7fa0_0_28 .concat8 [ 1 1 1 1], L_024a64a0, L_024a6578, L_024a6650, L_024a6728;
LS_024a7fa0_1_0 .concat8 [ 4 4 4 4], LS_024a7fa0_0_0, LS_024a7fa0_0_4, LS_024a7fa0_0_8, LS_024a7fa0_0_12;
LS_024a7fa0_1_4 .concat8 [ 4 4 4 4], LS_024a7fa0_0_16, LS_024a7fa0_0_20, LS_024a7fa0_0_24, LS_024a7fa0_0_28;
L_024a7fa0 .concat8 [ 16 16 0 0], LS_024a7fa0_1_0, LS_024a7fa0_1_4;
L_024a7ff8 .part L_024a7fa0, 0, 1;
L_024a8050 .part L_024a7fa0, 1, 1;
L_024a80a8 .part L_024a7fa0, 2, 1;
L_024a8100 .part L_024a7fa0, 3, 1;
L_024a8158 .part L_024a7fa0, 4, 1;
L_024a81b0 .part L_024a7fa0, 5, 1;
L_024a8208 .part L_024a7fa0, 6, 1;
L_024a8260 .part L_024a7fa0, 7, 1;
L_024a82b8 .part L_024a7fa0, 8, 1;
L_024a8310 .part L_024a7fa0, 9, 1;
L_024a8368 .part L_024a7fa0, 10, 1;
L_024a83c0 .part L_024a7fa0, 11, 1;
L_024a8418 .part L_024a7fa0, 12, 1;
L_024a8470 .part L_024a7fa0, 13, 1;
L_024a84c8 .part L_024a7fa0, 14, 1;
L_024a8520 .part L_024a7fa0, 15, 1;
L_024a8578 .part L_024a7fa0, 16, 1;
L_024a85d0 .part L_024a7fa0, 17, 1;
L_024a8628 .part L_024a7fa0, 18, 1;
L_024a8680 .part L_024a7fa0, 19, 1;
L_024a86d8 .part L_024a7fa0, 20, 1;
L_024a8730 .part L_024a7fa0, 21, 1;
L_024a8788 .part L_024a7fa0, 22, 1;
L_024a87e0 .part L_024a7fa0, 23, 1;
L_024a8838 .part L_024a7fa0, 24, 1;
L_024a8890 .part L_024a7fa0, 25, 1;
L_024aac20 .part L_024a7fa0, 26, 1;
L_024aac78 .part L_024a7fa0, 27, 1;
L_024aacd0 .part L_024a7fa0, 28, 1;
L_024aad28 .part L_024a7fa0, 29, 1;
L_024aad80 .part L_024a7fa0, 30, 1;
LS_024aadd8_0_0 .concat8 [ 1 1 1 1], v02451e80_0, v02451cc8_0, v02451958_0, v024517a0_0;
LS_024aadd8_0_4 .concat8 [ 1 1 1 1], v02451430_0, v02451278_0, v024493e0_0, v02449228_0;
LS_024aadd8_0_8 .concat8 [ 1 1 1 1], v02448eb8_0, v02448d00_0, v02448990_0, v024487d8_0;
LS_024aadd8_0_12 .concat8 [ 1 1 1 1], v02441d98_0, v0248e190_0, v0248e348_0, v0248e500_0;
LS_024aadd8_0_16 .concat8 [ 1 1 1 1], v0248e6b8_0, v0248e870_0, v0248ea28_0, v0248ebe0_0;
LS_024aadd8_0_20 .concat8 [ 1 1 1 1], v0248ed98_0, v0248ef50_0, v02491448_0, v02491600_0;
LS_024aadd8_0_24 .concat8 [ 1 1 1 1], v024917b8_0, v02491970_0, v02491b28_0, v02491ce0_0;
LS_024aadd8_0_28 .concat8 [ 1 1 1 1], v02491e98_0, v02492050_0, v02492208_0, v024963f0_0;
LS_024aadd8_1_0 .concat8 [ 4 4 4 4], LS_024aadd8_0_0, LS_024aadd8_0_4, LS_024aadd8_0_8, LS_024aadd8_0_12;
LS_024aadd8_1_4 .concat8 [ 4 4 4 4], LS_024aadd8_0_16, LS_024aadd8_0_20, LS_024aadd8_0_24, LS_024aadd8_0_28;
L_024aadd8 .concat8 [ 16 16 0 0], LS_024aadd8_1_0, LS_024aadd8_1_4;
L_024aae30 .part L_024a7fa0, 31, 1;
S_024149d0 .scope generate, "REGISTER[0]" "REGISTER[0]" 3 32, 3 32 0, S_0093fca8;
 .timescale 0 0;
P_0245b5a0 .param/l "i" 0 3 32, +C4<00>;
S_02414aa0 .scope module, "FF" "d_flipflop" 3 33, 4 7 0, S_024149d0;
 .timescale 0 0;
    .port_info 0 /OUTPUT 1 "q"
    .port_info 1 /OUTPUT 1 "qBar"
    .port_info 2 /INPUT 1 "d"
    .port_info 3 /INPUT 1 "clk"
    .port_info 4 /INPUT 1 "rst"
L_024a6770 .functor NOT 1, v02451e80_0, C4<0>, C4<0>, C4<0>;
v02451f88_0 .net "clk", 0 0, v024a1bf8_0;  alias, 1 drivers
v02451fe0_0 .net "d", 0 0, L_024a7ff8;  1 drivers
v02451e80_0 .var "q", 0 0;
v02451ed8_0 .net "qBar", 0 0, L_024a6770;  1 drivers
v02451d78_0 .net "rst", 0 0, v024a1ca8_0;  alias, 1 drivers
E_0245b5c8/0 .event negedge, v02451d78_0;
E_0245b5c8/1 .event posedge, v02451f88_0;
E_0245b5c8 .event/or E_0245b5c8/0, E_0245b5c8/1;
S_0093ef28 .scope generate, "REGISTER[1]" "REGISTER[1]" 3 32, 3 32 0, S_0093fca8;
 .timescale 0 0;
P_0245b618 .param/l "i" 0 3 32, +C4<01>;
S_0093eff8 .scope module, "FF" "d_flipflop" 3 33, 4 7 0, S_0093ef28;
 .timescale 0 0;
    .port_info 0 /OUTPUT 1 "q"
    .port_info 1 /OUTPUT 1 "qBar"
    .port_info 2 /INPUT 1 "d"
    .port_info 3 /INPUT 1 "clk"
    .port_info 4 /INPUT 1 "rst"
L_024a67b8 .functor NOT 1, v02451cc8_0, C4<0>, C4<0>, C4<0>;
v02451dd0_0 .net "clk", 0 0, v024a1bf8_0;  alias, 1 drivers
v02451c70_0 .net "d", 0 0, L_024a8050;  1 drivers
v02451cc8_0 .var "q", 0 0;
v02451b68_0 .net "qBar", 0 0, L_024a67b8;  1 drivers
v02451bc0_0 .net "rst", 0 0, v024a1ca8_0;  alias, 1 drivers
S_00935568 .scope generate, "REGISTER[2]" "REGISTER[2]" 3 32, 3 32 0, S_0093fca8;
 .timescale 0 0;
P_0245b668 .param/l "i" 0 3 32, +C4<010>;
S_00935638 .scope module, "FF" "d_flipflop" 3 33, 4 7 0, S_00935568;
 .timescale 0 0;
    .port_info 0 /OUTPUT 1 "q"
    .port_info 1 /OUTPUT 1 "qBar"
    .port_info 2 /INPUT 1 "d"
    .port_info 3 /INPUT 1 "clk"
    .port_info 4 /INPUT 1 "rst"
L_024a6800 .functor NOT 1, v02451958_0, C4<0>, C4<0>, C4<0>;
v02451a60_0 .net "clk", 0 0, v024a1bf8_0;  alias, 1 drivers
v02451ab8_0 .net "d", 0 0, L_024a80a8;  1 drivers
v02451958_0 .var "q", 0 0;
v024519b0_0 .net "qBar", 0 0, L_024a6800;  1 drivers
v02451850_0 .net "rst", 0 0, v024a1ca8_0;  alias, 1 drivers
S_024388a0 .scope generate, "REGISTER[3]" "REGISTER[3]" 3 32, 3 32 0, S_0093fca8;
 .timescale 0 0;
P_0245b6b8 .param/l "i" 0 3 32, +C4<011>;
S_02438970 .scope module, "FF" "d_flipflop" 3 33, 4 7 0, S_024388a0;
 .timescale 0 0;
    .port_info 0 /OUTPUT 1 "q"
    .port_info 1 /OUTPUT 1 "qBar"
    .port_info 2 /INPUT 1 "d"
    .port_info 3 /INPUT 1 "clk"
    .port_info 4 /INPUT 1 "rst"
L_024a6848 .functor NOT 1, v024517a0_0, C4<0>, C4<0>, C4<0>;
v024518a8_0 .net "clk", 0 0, v024a1bf8_0;  alias, 1 drivers
v02451748_0 .net "d", 0 0, L_024a8100;  1 drivers
v024517a0_0 .var "q", 0 0;
v02451640_0 .net "qBar", 0 0, L_024a6848;  1 drivers
v02451698_0 .net "rst", 0 0, v024a1ca8_0;  alias, 1 drivers
S_00933b20 .scope generate, "REGISTER[4]" "REGISTER[4]" 3 32, 3 32 0, S_0093fca8;
 .timescale 0 0;
P_0245b730 .param/l "i" 0 3 32, +C4<0100>;
S_00933bf0 .scope module, "FF" "d_flipflop" 3 33, 4 7 0, S_00933b20;
 .timescale 0 0;
    .port_info 0 /OUTPUT 1 "q"
    .port_info 1 /OUTPUT 1 "qBar"
    .port_info 2 /INPUT 1 "d"
    .port_info 3 /INPUT 1 "clk"
    .port_info 4 /INPUT 1 "rst"
L_024a6890 .functor NOT 1, v02451430_0, C4<0>, C4<0>, C4<0>;
v02451538_0 .net "clk", 0 0, v024a1bf8_0;  alias, 1 drivers
v02451590_0 .net "d", 0 0, L_024a8158;  1 drivers
v02451430_0 .var "q", 0 0;
v02451488_0 .net "qBar", 0 0, L_024a6890;  1 drivers
v02451328_0 .net "rst", 0 0, v024a1ca8_0;  alias, 1 drivers
S_0245c3d0 .scope generate, "REGISTER[5]" "REGISTER[5]" 3 32, 3 32 0, S_0093fca8;
 .timescale 0 0;
P_0245b780 .param/l "i" 0 3 32, +C4<0101>;
S_0245c4a0 .scope module, "FF" "d_flipflop" 3 33, 4 7 0, S_0245c3d0;
 .timescale 0 0;
    .port_info 0 /OUTPUT 1 "q"
    .port_info 1 /OUTPUT 1 "qBar"
    .port_info 2 /INPUT 1 "d"
    .port_info 3 /INPUT 1 "clk"
    .port_info 4 /INPUT 1 "rst"
L_024a9c20 .functor NOT 1, v02451278_0, C4<0>, C4<0>, C4<0>;
v02451380_0 .net "clk", 0 0, v024a1bf8_0;  alias, 1 drivers
v02451220_0 .net "d", 0 0, L_024a81b0;  1 drivers
v02451278_0 .var "q", 0 0;
v02451170_0 .net "qBar", 0 0, L_024a9c20;  1 drivers
v02452090_0 .net "rst", 0 0, v024a1ca8_0;  alias, 1 drivers
S_0248bc70 .scope generate, "REGISTER[6]" "REGISTER[6]" 3 32, 3 32 0, S_0093fca8;
 .timescale 0 0;
P_0245b7d0 .param/l "i" 0 3 32, +C4<0110>;
S_0248bd40 .scope module, "FF" "d_flipflop" 3 33, 4 7 0, S_0248bc70;
 .timescale 0 0;
    .port_info 0 /OUTPUT 1 "q"
    .port_info 1 /OUTPUT 1 "qBar"
    .port_info 2 /INPUT 1 "d"
    .port_info 3 /INPUT 1 "clk"
    .port_info 4 /INPUT 1 "rst"
L_024a9c68 .functor NOT 1, v024493e0_0, C4<0>, C4<0>, C4<0>;
v024520e8_0 .net "clk", 0 0, v024a1bf8_0;  alias, 1 drivers
v024494e8_0 .net "d", 0 0, L_024a8208;  1 drivers
v024493e0_0 .var "q", 0 0;
v02449438_0 .net "qBar", 0 0, L_024a9c68;  1 drivers
v024492d8_0 .net "rst", 0 0, v024a1ca8_0;  alias, 1 drivers
S_0248be10 .scope generate, "REGISTER[7]" "REGISTER[7]" 3 32, 3 32 0, S_0093fca8;
 .timescale 0 0;
P_0245b820 .param/l "i" 0 3 32, +C4<0111>;
S_0248bef8 .scope module, "FF" "d_flipflop" 3 33, 4 7 0, S_0248be10;
 .timescale 0 0;
    .port_info 0 /OUTPUT 1 "q"
    .port_info 1 /OUTPUT 1 "qBar"
    .port_info 2 /INPUT 1 "d"
    .port_info 3 /INPUT 1 "clk"
    .port_info 4 /INPUT 1 "rst"
L_024a9cb0 .functor NOT 1, v02449228_0, C4<0>, C4<0>, C4<0>;
v02449330_0 .net "clk", 0 0, v024a1bf8_0;  alias, 1 drivers
v024491d0_0 .net "d", 0 0, L_024a8260;  1 drivers
v02449228_0 .var "q", 0 0;
v024490c8_0 .net "qBar", 0 0, L_024a9cb0;  1 drivers
v02449120_0 .net "rst", 0 0, v024a1ca8_0;  alias, 1 drivers
S_0248bfc8 .scope generate, "REGISTER[8]" "REGISTER[8]" 3 32, 3 32 0, S_0093fca8;
 .timescale 0 0;
P_0245b708 .param/l "i" 0 3 32, +C4<01000>;
S_0248c098 .scope module, "FF" "d_flipflop" 3 33, 4 7 0, S_0248bfc8;
 .timescale 0 0;
    .port_info 0 /OUTPUT 1 "q"
    .port_info 1 /OUTPUT 1 "qBar"
    .port_info 2 /INPUT 1 "d"
    .port_info 3 /INPUT 1 "clk"
    .port_info 4 /INPUT 1 "rst"
L_024a9cf8 .functor NOT 1, v02448eb8_0, C4<0>, C4<0>, C4<0>;
v02448fc0_0 .net "clk", 0 0, v024a1bf8_0;  alias, 1 drivers
v02449018_0 .net "d", 0 0, L_024a82b8;  1 drivers
v02448eb8_0 .var "q", 0 0;
v02448f10_0 .net "qBar", 0 0, L_024a9cf8;  1 drivers
v02448db0_0 .net "rst", 0 0, v024a1ca8_0;  alias, 1 drivers
S_0248c168 .scope generate, "REGISTER[9]" "REGISTER[9]" 3 32, 3 32 0, S_0093fca8;
 .timescale 0 0;
P_0245b898 .param/l "i" 0 3 32, +C4<01001>;
S_0248c238 .scope module, "FF" "d_flipflop" 3 33, 4 7 0, S_0248c168;
 .timescale 0 0;
    .port_info 0 /OUTPUT 1 "q"
    .port_info 1 /OUTPUT 1 "qBar"
    .port_info 2 /INPUT 1 "d"
    .port_info 3 /INPUT 1 "clk"
    .port_info 4 /INPUT 1 "rst"
L_024a9d40 .functor NOT 1, v02448d00_0, C4<0>, C4<0>, C4<0>;
v02448e08_0 .net "clk", 0 0, v024a1bf8_0;  alias, 1 drivers
v02448ca8_0 .net "d", 0 0, L_024a8310;  1 drivers
v02448d00_0 .var "q", 0 0;
v02448ba0_0 .net "qBar", 0 0, L_024a9d40;  1 drivers
v02448bf8_0 .net "rst", 0 0, v024a1ca8_0;  alias, 1 drivers
S_0248c308 .scope generate, "REGISTER[10]" "REGISTER[10]" 3 32, 3 32 0, S_0093fca8;
 .timescale 0 0;
P_0245b8e8 .param/l "i" 0 3 32, +C4<01010>;
S_0248c3d8 .scope module, "FF" "d_flipflop" 3 33, 4 7 0, S_0248c308;
 .timescale 0 0;
    .port_info 0 /OUTPUT 1 "q"
    .port_info 1 /OUTPUT 1 "qBar"
    .port_info 2 /INPUT 1 "d"
    .port_info 3 /INPUT 1 "clk"
    .port_info 4 /INPUT 1 "rst"
L_024a9d88 .functor NOT 1, v02448990_0, C4<0>, C4<0>, C4<0>;
v02448a98_0 .net "clk", 0 0, v024a1bf8_0;  alias, 1 drivers
v02448af0_0 .net "d", 0 0, L_024a8368;  1 drivers
v02448990_0 .var "q", 0 0;
v024489e8_0 .net "qBar", 0 0, L_024a9d88;  1 drivers
v02448888_0 .net "rst", 0 0, v024a1ca8_0;  alias, 1 drivers
S_0248c4a8 .scope generate, "REGISTER[11]" "REGISTER[11]" 3 32, 3 32 0, S_0093fca8;
 .timescale 0 0;
P_0245b938 .param/l "i" 0 3 32, +C4<01011>;
S_0248c578 .scope module, "FF" "d_flipflop" 3 33, 4 7 0, S_0248c4a8;
 .timescale 0 0;
    .port_info 0 /OUTPUT 1 "q"
    .port_info 1 /OUTPUT 1 "qBar"
    .port_info 2 /INPUT 1 "d"
    .port_info 3 /INPUT 1 "clk"
    .port_info 4 /INPUT 1 "rst"
L_024a9dd0 .functor NOT 1, v024487d8_0, C4<0>, C4<0>, C4<0>;
v024488e0_0 .net "clk", 0 0, v024a1bf8_0;  alias, 1 drivers
v02448780_0 .net "d", 0 0, L_024a83c0;  1 drivers
v024487d8_0 .var "q", 0 0;
v02448678_0 .net "qBar", 0 0, L_024a9dd0;  1 drivers
v024486d0_0 .net "rst", 0 0, v024a1ca8_0;  alias, 1 drivers
S_0248c648 .scope generate, "REGISTER[12]" "REGISTER[12]" 3 32, 3 32 0, S_0093fca8;
 .timescale 0 0;
P_0245b988 .param/l "i" 0 3 32, +C4<01100>;
S_0248c718 .scope module, "FF" "d_flipflop" 3 33, 4 7 0, S_0248c648;
 .timescale 0 0;
    .port_info 0 /OUTPUT 1 "q"
    .port_info 1 /OUTPUT 1 "qBar"
    .port_info 2 /INPUT 1 "d"
    .port_info 3 /INPUT 1 "clk"
    .port_info 4 /INPUT 1 "rst"
L_024a9e18 .functor NOT 1, v02441d98_0, C4<0>, C4<0>, C4<0>;
v02448570_0 .net "clk", 0 0, v024a1bf8_0;  alias, 1 drivers
v024485c8_0 .net "d", 0 0, L_024a8418;  1 drivers
v02441d98_0 .var "q", 0 0;
v02441df0_0 .net "qBar", 0 0, L_024a9e18;  1 drivers
v0248e088_0 .net "rst", 0 0, v024a1ca8_0;  alias, 1 drivers
S_0248c7e8 .scope generate, "REGISTER[13]" "REGISTER[13]" 3 32, 3 32 0, S_0093fca8;
 .timescale 0 0;
P_0245b9d8 .param/l "i" 0 3 32, +C4<01101>;
S_0248c8b8 .scope module, "FF" "d_flipflop" 3 33, 4 7 0, S_0248c7e8;
 .timescale 0 0;
    .port_info 0 /OUTPUT 1 "q"
    .port_info 1 /OUTPUT 1 "qBar"
    .port_info 2 /INPUT 1 "d"
    .port_info 3 /INPUT 1 "clk"
    .port_info 4 /INPUT 1 "rst"
L_024a9e60 .functor NOT 1, v0248e190_0, C4<0>, C4<0>, C4<0>;
v0248e0e0_0 .net "clk", 0 0, v024a1bf8_0;  alias, 1 drivers
v0248e138_0 .net "d", 0 0, L_024a8470;  1 drivers
v0248e190_0 .var "q", 0 0;
v0248e1e8_0 .net "qBar", 0 0, L_024a9e60;  1 drivers
v0248e240_0 .net "rst", 0 0, v024a1ca8_0;  alias, 1 drivers
S_0248c988 .scope generate, "REGISTER[14]" "REGISTER[14]" 3 32, 3 32 0, S_0093fca8;
 .timescale 0 0;
P_0245ba28 .param/l "i" 0 3 32, +C4<01110>;
S_0248ca58 .scope module, "FF" "d_flipflop" 3 33, 4 7 0, S_0248c988;
 .timescale 0 0;
    .port_info 0 /OUTPUT 1 "q"
    .port_info 1 /OUTPUT 1 "qBar"
    .port_info 2 /INPUT 1 "d"
    .port_info 3 /INPUT 1 "clk"
    .port_info 4 /INPUT 1 "rst"
L_024a9ea8 .functor NOT 1, v0248e348_0, C4<0>, C4<0>, C4<0>;
v0248e298_0 .net "clk", 0 0, v024a1bf8_0;  alias, 1 drivers
v0248e2f0_0 .net "d", 0 0, L_024a84c8;  1 drivers
v0248e348_0 .var "q", 0 0;
v0248e3a0_0 .net "qBar", 0 0, L_024a9ea8;  1 drivers
v0248e3f8_0 .net "rst", 0 0, v024a1ca8_0;  alias, 1 drivers
S_0248cb28 .scope generate, "REGISTER[15]" "REGISTER[15]" 3 32, 3 32 0, S_0093fca8;
 .timescale 0 0;
P_0245ba78 .param/l "i" 0 3 32, +C4<01111>;
S_0248cbf8 .scope module, "FF" "d_flipflop" 3 33, 4 7 0, S_0248cb28;
 .timescale 0 0;
    .port_info 0 /OUTPUT 1 "q"
    .port_info 1 /OUTPUT 1 "qBar"
    .port_info 2 /INPUT 1 "d"
    .port_info 3 /INPUT 1 "clk"
    .port_info 4 /INPUT 1 "rst"
L_024a9ef0 .functor NOT 1, v0248e500_0, C4<0>, C4<0>, C4<0>;
v0248e450_0 .net "clk", 0 0, v024a1bf8_0;  alias, 1 drivers
v0248e4a8_0 .net "d", 0 0, L_024a8520;  1 drivers
v0248e500_0 .var "q", 0 0;
v0248e558_0 .net "qBar", 0 0, L_024a9ef0;  1 drivers
v0248e5b0_0 .net "rst", 0 0, v024a1ca8_0;  alias, 1 drivers
S_0248ccc8 .scope generate, "REGISTER[16]" "REGISTER[16]" 3 32, 3 32 0, S_0093fca8;
 .timescale 0 0;
P_0245bac8 .param/l "i" 0 3 32, +C4<010000>;
S_0248cd98 .scope module, "FF" "d_flipflop" 3 33, 4 7 0, S_0248ccc8;
 .timescale 0 0;
    .port_info 0 /OUTPUT 1 "q"
    .port_info 1 /OUTPUT 1 "qBar"
    .port_info 2 /INPUT 1 "d"
    .port_info 3 /INPUT 1 "clk"
    .port_info 4 /INPUT 1 "rst"
L_024a9f38 .functor NOT 1, v0248e6b8_0, C4<0>, C4<0>, C4<0>;
v0248e608_0 .net "clk", 0 0, v024a1bf8_0;  alias, 1 drivers
v0248e660_0 .net "d", 0 0, L_024a8578;  1 drivers
v0248e6b8_0 .var "q", 0 0;
v0248e710_0 .net "qBar", 0 0, L_024a9f38;  1 drivers
v0248e768_0 .net "rst", 0 0, v024a1ca8_0;  alias, 1 drivers
S_0248ce68 .scope generate, "REGISTER[17]" "REGISTER[17]" 3 32, 3 32 0, S_0093fca8;
 .timescale 0 0;
P_0245bb18 .param/l "i" 0 3 32, +C4<010001>;
S_0248cf38 .scope module, "FF" "d_flipflop" 3 33, 4 7 0, S_0248ce68;
 .timescale 0 0;
    .port_info 0 /OUTPUT 1 "q"
    .port_info 1 /OUTPUT 1 "qBar"
    .port_info 2 /INPUT 1 "d"
    .port_info 3 /INPUT 1 "clk"
    .port_info 4 /INPUT 1 "rst"
L_024a9f80 .functor NOT 1, v0248e870_0, C4<0>, C4<0>, C4<0>;
v0248e7c0_0 .net "clk", 0 0, v024a1bf8_0;  alias, 1 drivers
v0248e818_0 .net "d", 0 0, L_024a85d0;  1 drivers
v0248e870_0 .var "q", 0 0;
v0248e8c8_0 .net "qBar", 0 0, L_024a9f80;  1 drivers
v0248e920_0 .net "rst", 0 0, v024a1ca8_0;  alias, 1 drivers
S_0248d008 .scope generate, "REGISTER[18]" "REGISTER[18]" 3 32, 3 32 0, S_0093fca8;
 .timescale 0 0;
P_0245bb68 .param/l "i" 0 3 32, +C4<010010>;
S_0248d0d8 .scope module, "FF" "d_flipflop" 3 33, 4 7 0, S_0248d008;
 .timescale 0 0;
    .port_info 0 /OUTPUT 1 "q"
    .port_info 1 /OUTPUT 1 "qBar"
    .port_info 2 /INPUT 1 "d"
    .port_info 3 /INPUT 1 "clk"
    .port_info 4 /INPUT 1 "rst"
L_024a9fc8 .functor NOT 1, v0248ea28_0, C4<0>, C4<0>, C4<0>;
v0248e978_0 .net "clk", 0 0, v024a1bf8_0;  alias, 1 drivers
v0248e9d0_0 .net "d", 0 0, L_024a8628;  1 drivers
v0248ea28_0 .var "q", 0 0;
v0248ea80_0 .net "qBar", 0 0, L_024a9fc8;  1 drivers
v0248ead8_0 .net "rst", 0 0, v024a1ca8_0;  alias, 1 drivers
S_0248d1a8 .scope generate, "REGISTER[19]" "REGISTER[19]" 3 32, 3 32 0, S_0093fca8;
 .timescale 0 0;
P_0248fb98 .param/l "i" 0 3 32, +C4<010011>;
S_0248d278 .scope module, "FF" "d_flipflop" 3 33, 4 7 0, S_0248d1a8;
 .timescale 0 0;
    .port_info 0 /OUTPUT 1 "q"
    .port_info 1 /OUTPUT 1 "qBar"
    .port_info 2 /INPUT 1 "d"
    .port_info 3 /INPUT 1 "clk"
    .port_info 4 /INPUT 1 "rst"
L_024aa010 .functor NOT 1, v0248ebe0_0, C4<0>, C4<0>, C4<0>;
v0248eb30_0 .net "clk", 0 0, v024a1bf8_0;  alias, 1 drivers
v0248eb88_0 .net "d", 0 0, L_024a8680;  1 drivers
v0248ebe0_0 .var "q", 0 0;
v0248ec38_0 .net "qBar", 0 0, L_024aa010;  1 drivers
v0248ec90_0 .net "rst", 0 0, v024a1ca8_0;  alias, 1 drivers
S_0248d348 .scope generate, "REGISTER[20]" "REGISTER[20]" 3 32, 3 32 0, S_0093fca8;
 .timescale 0 0;
P_0248fbe8 .param/l "i" 0 3 32, +C4<010100>;
S_0248d418 .scope module, "FF" "d_flipflop" 3 33, 4 7 0, S_0248d348;
 .timescale 0 0;
    .port_info 0 /OUTPUT 1 "q"
    .port_info 1 /OUTPUT 1 "qBar"
    .port_info 2 /INPUT 1 "d"
    .port_info 3 /INPUT 1 "clk"
    .port_info 4 /INPUT 1 "rst"
L_024aa058 .functor NOT 1, v0248ed98_0, C4<0>, C4<0>, C4<0>;
v0248ece8_0 .net "clk", 0 0, v024a1bf8_0;  alias, 1 drivers
v0248ed40_0 .net "d", 0 0, L_024a86d8;  1 drivers
v0248ed98_0 .var "q", 0 0;
v0248edf0_0 .net "qBar", 0 0, L_024aa058;  1 drivers
v0248ee48_0 .net "rst", 0 0, v024a1ca8_0;  alias, 1 drivers
S_0248d4e8 .scope generate, "REGISTER[21]" "REGISTER[21]" 3 32, 3 32 0, S_0093fca8;
 .timescale 0 0;
P_0248fc38 .param/l "i" 0 3 32, +C4<010101>;
S_0248d5b8 .scope module, "FF" "d_flipflop" 3 33, 4 7 0, S_0248d4e8;
 .timescale 0 0;
    .port_info 0 /OUTPUT 1 "q"
    .port_info 1 /OUTPUT 1 "qBar"
    .port_info 2 /INPUT 1 "d"
    .port_info 3 /INPUT 1 "clk"
    .port_info 4 /INPUT 1 "rst"
L_024aa0a0 .functor NOT 1, v0248ef50_0, C4<0>, C4<0>, C4<0>;
v0248eea0_0 .net "clk", 0 0, v024a1bf8_0;  alias, 1 drivers
v0248eef8_0 .net "d", 0 0, L_024a8730;  1 drivers
v0248ef50_0 .var "q", 0 0;
v0248efa8_0 .net "qBar", 0 0, L_024aa0a0;  1 drivers
v0248f000_0 .net "rst", 0 0, v024a1ca8_0;  alias, 1 drivers
S_0248d688 .scope generate, "REGISTER[22]" "REGISTER[22]" 3 32, 3 32 0, S_0093fca8;
 .timescale 0 0;
P_0248fc88 .param/l "i" 0 3 32, +C4<010110>;
S_0248d758 .scope module, "FF" "d_flipflop" 3 33, 4 7 0, S_0248d688;
 .timescale 0 0;
    .port_info 0 /OUTPUT 1 "q"
    .port_info 1 /OUTPUT 1 "qBar"
    .port_info 2 /INPUT 1 "d"
    .port_info 3 /INPUT 1 "clk"
    .port_info 4 /INPUT 1 "rst"
L_024aa0e8 .functor NOT 1, v02491448_0, C4<0>, C4<0>, C4<0>;
v02491398_0 .net "clk", 0 0, v024a1bf8_0;  alias, 1 drivers
v024913f0_0 .net "d", 0 0, L_024a8788;  1 drivers
v02491448_0 .var "q", 0 0;
v024914a0_0 .net "qBar", 0 0, L_024aa0e8;  1 drivers
v024914f8_0 .net "rst", 0 0, v024a1ca8_0;  alias, 1 drivers
S_0248d828 .scope generate, "REGISTER[23]" "REGISTER[23]" 3 32, 3 32 0, S_0093fca8;
 .timescale 0 0;
P_0248fcd8 .param/l "i" 0 3 32, +C4<010111>;
S_0248d8f8 .scope module, "FF" "d_flipflop" 3 33, 4 7 0, S_0248d828;
 .timescale 0 0;
    .port_info 0 /OUTPUT 1 "q"
    .port_info 1 /OUTPUT 1 "qBar"
    .port_info 2 /INPUT 1 "d"
    .port_info 3 /INPUT 1 "clk"
    .port_info 4 /INPUT 1 "rst"
L_024aa130 .functor NOT 1, v02491600_0, C4<0>, C4<0>, C4<0>;
v02491550_0 .net "clk", 0 0, v024a1bf8_0;  alias, 1 drivers
v024915a8_0 .net "d", 0 0, L_024a87e0;  1 drivers
v02491600_0 .var "q", 0 0;
v02491658_0 .net "qBar", 0 0, L_024aa130;  1 drivers
v024916b0_0 .net "rst", 0 0, v024a1ca8_0;  alias, 1 drivers
S_0248d9c8 .scope generate, "REGISTER[24]" "REGISTER[24]" 3 32, 3 32 0, S_0093fca8;
 .timescale 0 0;
P_0248fd28 .param/l "i" 0 3 32, +C4<011000>;
S_0248da98 .scope module, "FF" "d_flipflop" 3 33, 4 7 0, S_0248d9c8;
 .timescale 0 0;
    .port_info 0 /OUTPUT 1 "q"
    .port_info 1 /OUTPUT 1 "qBar"
    .port_info 2 /INPUT 1 "d"
    .port_info 3 /INPUT 1 "clk"
    .port_info 4 /INPUT 1 "rst"
L_024aa178 .functor NOT 1, v024917b8_0, C4<0>, C4<0>, C4<0>;
v02491708_0 .net "clk", 0 0, v024a1bf8_0;  alias, 1 drivers
v02491760_0 .net "d", 0 0, L_024a8838;  1 drivers
v024917b8_0 .var "q", 0 0;
v02491810_0 .net "qBar", 0 0, L_024aa178;  1 drivers
v02491868_0 .net "rst", 0 0, v024a1ca8_0;  alias, 1 drivers
S_0248db68 .scope generate, "REGISTER[25]" "REGISTER[25]" 3 32, 3 32 0, S_0093fca8;
 .timescale 0 0;
P_0248fd78 .param/l "i" 0 3 32, +C4<011001>;
S_0248dc38 .scope module, "FF" "d_flipflop" 3 33, 4 7 0, S_0248db68;
 .timescale 0 0;
    .port_info 0 /OUTPUT 1 "q"
    .port_info 1 /OUTPUT 1 "qBar"
    .port_info 2 /INPUT 1 "d"
    .port_info 3 /INPUT 1 "clk"
    .port_info 4 /INPUT 1 "rst"
L_024aa1c0 .functor NOT 1, v02491970_0, C4<0>, C4<0>, C4<0>;
v024918c0_0 .net "clk", 0 0, v024a1bf8_0;  alias, 1 drivers
v02491918_0 .net "d", 0 0, L_024a8890;  1 drivers
v02491970_0 .var "q", 0 0;
v024919c8_0 .net "qBar", 0 0, L_024aa1c0;  1 drivers
v02491a20_0 .net "rst", 0 0, v024a1ca8_0;  alias, 1 drivers
S_0248dd08 .scope generate, "REGISTER[26]" "REGISTER[26]" 3 32, 3 32 0, S_0093fca8;
 .timescale 0 0;
P_0248fdc8 .param/l "i" 0 3 32, +C4<011010>;
S_0248ddd8 .scope module, "FF" "d_flipflop" 3 33, 4 7 0, S_0248dd08;
 .timescale 0 0;
    .port_info 0 /OUTPUT 1 "q"
    .port_info 1 /OUTPUT 1 "qBar"
    .port_info 2 /INPUT 1 "d"
    .port_info 3 /INPUT 1 "clk"
    .port_info 4 /INPUT 1 "rst"
L_024aa208 .functor NOT 1, v02491b28_0, C4<0>, C4<0>, C4<0>;
v02491a78_0 .net "clk", 0 0, v024a1bf8_0;  alias, 1 drivers
v02491ad0_0 .net "d", 0 0, L_024aac20;  1 drivers
v02491b28_0 .var "q", 0 0;
v02491b80_0 .net "qBar", 0 0, L_024aa208;  1 drivers
v02491bd8_0 .net "rst", 0 0, v024a1ca8_0;  alias, 1 drivers
S_02492398 .scope generate, "REGISTER[27]" "REGISTER[27]" 3 32, 3 32 0, S_0093fca8;
 .timescale 0 0;
P_0248fe18 .param/l "i" 0 3 32, +C4<011011>;
S_02492468 .scope module, "FF" "d_flipflop" 3 33, 4 7 0, S_02492398;
 .timescale 0 0;
    .port_info 0 /OUTPUT 1 "q"
    .port_info 1 /OUTPUT 1 "qBar"
    .port_info 2 /INPUT 1 "d"
    .port_info 3 /INPUT 1 "clk"
    .port_info 4 /INPUT 1 "rst"
L_024aa250 .functor NOT 1, v02491ce0_0, C4<0>, C4<0>, C4<0>;
v02491c30_0 .net "clk", 0 0, v024a1bf8_0;  alias, 1 drivers
v02491c88_0 .net "d", 0 0, L_024aac78;  1 drivers
v02491ce0_0 .var "q", 0 0;
v02491d38_0 .net "qBar", 0 0, L_024aa250;  1 drivers
v02491d90_0 .net "rst", 0 0, v024a1ca8_0;  alias, 1 drivers
S_02492538 .scope generate, "REGISTER[28]" "REGISTER[28]" 3 32, 3 32 0, S_0093fca8;
 .timescale 0 0;
P_0248fe68 .param/l "i" 0 3 32, +C4<011100>;
S_02492608 .scope module, "FF" "d_flipflop" 3 33, 4 7 0, S_02492538;
 .timescale 0 0;
    .port_info 0 /OUTPUT 1 "q"
    .port_info 1 /OUTPUT 1 "qBar"
    .port_info 2 /INPUT 1 "d"
    .port_info 3 /INPUT 1 "clk"
    .port_info 4 /INPUT 1 "rst"
L_024aa298 .functor NOT 1, v02491e98_0, C4<0>, C4<0>, C4<0>;
v02491de8_0 .net "clk", 0 0, v024a1bf8_0;  alias, 1 drivers
v02491e40_0 .net "d", 0 0, L_024aacd0;  1 drivers
v02491e98_0 .var "q", 0 0;
v02491ef0_0 .net "qBar", 0 0, L_024aa298;  1 drivers
v02491f48_0 .net "rst", 0 0, v024a1ca8_0;  alias, 1 drivers
S_024926d8 .scope generate, "REGISTER[29]" "REGISTER[29]" 3 32, 3 32 0, S_0093fca8;
 .timescale 0 0;
P_0248feb8 .param/l "i" 0 3 32, +C4<011101>;
S_024927a8 .scope module, "FF" "d_flipflop" 3 33, 4 7 0, S_024926d8;
 .timescale 0 0;
    .port_info 0 /OUTPUT 1 "q"
    .port_info 1 /OUTPUT 1 "qBar"
    .port_info 2 /INPUT 1 "d"
    .port_info 3 /INPUT 1 "clk"
    .port_info 4 /INPUT 1 "rst"
L_024aa2e0 .functor NOT 1, v02492050_0, C4<0>, C4<0>, C4<0>;
v02491fa0_0 .net "clk", 0 0, v024a1bf8_0;  alias, 1 drivers
v02491ff8_0 .net "d", 0 0, L_024aad28;  1 drivers
v02492050_0 .var "q", 0 0;
v024920a8_0 .net "qBar", 0 0, L_024aa2e0;  1 drivers
v02492100_0 .net "rst", 0 0, v024a1ca8_0;  alias, 1 drivers
S_02492878 .scope generate, "REGISTER[30]" "REGISTER[30]" 3 32, 3 32 0, S_0093fca8;
 .timescale 0 0;
P_0248ff08 .param/l "i" 0 3 32, +C4<011110>;
S_02492948 .scope module, "FF" "d_flipflop" 3 33, 4 7 0, S_02492878;
 .timescale 0 0;
    .port_info 0 /OUTPUT 1 "q"
    .port_info 1 /OUTPUT 1 "qBar"
    .port_info 2 /INPUT 1 "d"
    .port_info 3 /INPUT 1 "clk"
    .port_info 4 /INPUT 1 "rst"
L_024aa328 .functor NOT 1, v02492208_0, C4<0>, C4<0>, C4<0>;
v02492158_0 .net "clk", 0 0, v024a1bf8_0;  alias, 1 drivers
v024921b0_0 .net "d", 0 0, L_024aad80;  1 drivers
v02492208_0 .var "q", 0 0;
v02492260_0 .net "qBar", 0 0, L_024aa328;  1 drivers
v024922b8_0 .net "rst", 0 0, v024a1ca8_0;  alias, 1 drivers
S_02492a18 .scope generate, "REGISTER[31]" "REGISTER[31]" 3 32, 3 32 0, S_0093fca8;
 .timescale 0 0;
P_0248ff58 .param/l "i" 0 3 32, +C4<011111>;
S_02492ae8 .scope module, "FF" "d_flipflop" 3 33, 4 7 0, S_02492a18;
 .timescale 0 0;
    .port_info 0 /OUTPUT 1 "q"
    .port_info 1 /OUTPUT 1 "qBar"
    .port_info 2 /INPUT 1 "d"
    .port_info 3 /INPUT 1 "clk"
    .port_info 4 /INPUT 1 "rst"
L_024aa370 .functor NOT 1, v024963f0_0, C4<0>, C4<0>, C4<0>;
v02492310_0 .net "clk", 0 0, v024a1bf8_0;  alias, 1 drivers
v02496398_0 .net "d", 0 0, L_024aae30;  1 drivers
v024963f0_0 .var "q", 0 0;
v02496448_0 .net "qBar", 0 0, L_024aa370;  1 drivers
v024964a0_0 .net "rst", 0 0, v024a1ca8_0;  alias, 1 drivers
S_02492bb8 .scope generate, "TO_FF[0]" "TO_FF[0]" 3 20, 3 20 0, S_0093fca8;
 .timescale 0 0;
P_0248ffa8 .param/l "i" 0 3 20, +C4<00>;
S_02492c88 .scope module, "mux" "mux_2to1" 3 21, 5 7 0, S_02492bb8;
 .timescale 0 0;
    .port_info 0 /INPUT 1 "in0"
    .port_info 1 /INPUT 1 "in1"
    .port_info 2 /INPUT 1 "select"
    .port_info 3 /OUTPUT 1 "out"
L_024906b0 .functor AND 1, L_024a1f68, L_024a1f10, C4<1>, C4<1>;
L_024906f8 .functor AND 1, L_024a1fc0, v024a1d00_0, C4<1>, C4<1>;
L_02490740 .functor OR 1, L_024906b0, L_024906f8, C4<0>, C4<0>;
v024964f8_0 .net *"_s1", 0 0, L_024a1f10;  1 drivers
v02496550_0 .net "in0", 0 0, L_024a1f68;  1 drivers
v024965a8_0 .net "in1", 0 0, L_024a1fc0;  1 drivers
v02496600_0 .net "out", 0 0, L_02490740;  1 drivers
v02496658_0 .net "sel0", 0 0, L_024906b0;  1 drivers
v024966b0_0 .net "sel1", 0 0, L_024906f8;  1 drivers
v02496708_0 .net "select", 0 0, v024a1d00_0;  alias, 1 drivers
L_024a1f10 .reduce/nor v024a1d00_0;
S_02492d58 .scope generate, "TO_FF[1]" "TO_FF[1]" 3 20, 3 20 0, S_0093fca8;
 .timescale 0 0;
P_0248fff8 .param/l "i" 0 3 20, +C4<01>;
S_02492e28 .scope module, "mux" "mux_2to1" 3 21, 5 7 0, S_02492d58;
 .timescale 0 0;
    .port_info 0 /INPUT 1 "in0"
    .port_info 1 /INPUT 1 "in1"
    .port_info 2 /INPUT 1 "select"
    .port_info 3 /OUTPUT 1 "out"
L_02490788 .functor AND 1, L_024a2070, L_024a2018, C4<1>, C4<1>;
L_024907d0 .functor AND 1, L_024a20c8, v024a1d00_0, C4<1>, C4<1>;
L_02490818 .functor OR 1, L_02490788, L_024907d0, C4<0>, C4<0>;
v02496760_0 .net *"_s1", 0 0, L_024a2018;  1 drivers
v024967b8_0 .net "in0", 0 0, L_024a2070;  1 drivers
v02496810_0 .net "in1", 0 0, L_024a20c8;  1 drivers
v02496868_0 .net "out", 0 0, L_02490818;  1 drivers
v024968c0_0 .net "sel0", 0 0, L_02490788;  1 drivers
v02496918_0 .net "sel1", 0 0, L_024907d0;  1 drivers
v02496970_0 .net "select", 0 0, v024a1d00_0;  alias, 1 drivers
L_024a2018 .reduce/nor v024a1d00_0;
S_02492ef8 .scope generate, "TO_FF[2]" "TO_FF[2]" 3 20, 3 20 0, S_0093fca8;
 .timescale 0 0;
P_02490048 .param/l "i" 0 3 20, +C4<010>;
S_02492fc8 .scope module, "mux" "mux_2to1" 3 21, 5 7 0, S_02492ef8;
 .timescale 0 0;
    .port_info 0 /INPUT 1 "in0"
    .port_info 1 /INPUT 1 "in1"
    .port_info 2 /INPUT 1 "select"
    .port_info 3 /OUTPUT 1 "out"
L_02490860 .functor AND 1, L_024a2178, L_024a2120, C4<1>, C4<1>;
L_024908a8 .functor AND 1, L_024a21d0, v024a1d00_0, C4<1>, C4<1>;
L_024908f0 .functor OR 1, L_02490860, L_024908a8, C4<0>, C4<0>;
v024969c8_0 .net *"_s1", 0 0, L_024a2120;  1 drivers
v02496a20_0 .net "in0", 0 0, L_024a2178;  1 drivers
v02496a78_0 .net "in1", 0 0, L_024a21d0;  1 drivers
v02496ad0_0 .net "out", 0 0, L_024908f0;  1 drivers
v02496b28_0 .net "sel0", 0 0, L_02490860;  1 drivers
v02496b80_0 .net "sel1", 0 0, L_024908a8;  1 drivers
v02496bd8_0 .net "select", 0 0, v024a1d00_0;  alias, 1 drivers
L_024a2120 .reduce/nor v024a1d00_0;
S_02493098 .scope generate, "TO_FF[3]" "TO_FF[3]" 3 20, 3 20 0, S_0093fca8;
 .timescale 0 0;
P_02490098 .param/l "i" 0 3 20, +C4<011>;
S_02493168 .scope module, "mux" "mux_2to1" 3 21, 5 7 0, S_02493098;
 .timescale 0 0;
    .port_info 0 /INPUT 1 "in0"
    .port_info 1 /INPUT 1 "in1"
    .port_info 2 /INPUT 1 "select"
    .port_info 3 /OUTPUT 1 "out"
L_02490938 .functor AND 1, L_024a2280, L_024a2228, C4<1>, C4<1>;
L_02490980 .functor AND 1, L_024a22d8, v024a1d00_0, C4<1>, C4<1>;
L_024909c8 .functor OR 1, L_02490938, L_02490980, C4<0>, C4<0>;
v02496c30_0 .net *"_s1", 0 0, L_024a2228;  1 drivers
v02496c88_0 .net "in0", 0 0, L_024a2280;  1 drivers
v02496ce0_0 .net "in1", 0 0, L_024a22d8;  1 drivers
v02496d38_0 .net "out", 0 0, L_024909c8;  1 drivers
v02496d90_0 .net "sel0", 0 0, L_02490938;  1 drivers
v02496de8_0 .net "sel1", 0 0, L_02490980;  1 drivers
v02496e40_0 .net "select", 0 0, v024a1d00_0;  alias, 1 drivers
L_024a2228 .reduce/nor v024a1d00_0;
S_02493238 .scope generate, "TO_FF[4]" "TO_FF[4]" 3 20, 3 20 0, S_0093fca8;
 .timescale 0 0;
P_024900e8 .param/l "i" 0 3 20, +C4<0100>;
S_02493308 .scope module, "mux" "mux_2to1" 3 21, 5 7 0, S_02493238;
 .timescale 0 0;
    .port_info 0 /INPUT 1 "in0"
    .port_info 1 /INPUT 1 "in1"
    .port_info 2 /INPUT 1 "select"
    .port_info 3 /OUTPUT 1 "out"
L_02490a10 .functor AND 1, L_024a2388, L_024a2330, C4<1>, C4<1>;
L_02490a58 .functor AND 1, L_024a23e0, v024a1d00_0, C4<1>, C4<1>;
L_02490aa0 .functor OR 1, L_02490a10, L_02490a58, C4<0>, C4<0>;
v02496e98_0 .net *"_s1", 0 0, L_024a2330;  1 drivers
v02496ef0_0 .net "in0", 0 0, L_024a2388;  1 drivers
v02496f48_0 .net "in1", 0 0, L_024a23e0;  1 drivers
v02496fa0_0 .net "out", 0 0, L_02490aa0;  1 drivers
v02496ff8_0 .net "sel0", 0 0, L_02490a10;  1 drivers
v02497050_0 .net "sel1", 0 0, L_02490a58;  1 drivers
v024970a8_0 .net "select", 0 0, v024a1d00_0;  alias, 1 drivers
L_024a2330 .reduce/nor v024a1d00_0;
S_024933d8 .scope generate, "TO_FF[5]" "TO_FF[5]" 3 20, 3 20 0, S_0093fca8;
 .timescale 0 0;
P_02490138 .param/l "i" 0 3 20, +C4<0101>;
S_024934a8 .scope module, "mux" "mux_2to1" 3 21, 5 7 0, S_024933d8;
 .timescale 0 0;
    .port_info 0 /INPUT 1 "in0"
    .port_info 1 /INPUT 1 "in1"
    .port_info 2 /INPUT 1 "select"
    .port_info 3 /OUTPUT 1 "out"
L_02490ae8 .functor AND 1, L_024a2490, L_024a2438, C4<1>, C4<1>;
L_02490b30 .functor AND 1, L_024a24e8, v024a1d00_0, C4<1>, C4<1>;
L_02490b78 .functor OR 1, L_02490ae8, L_02490b30, C4<0>, C4<0>;
v02497100_0 .net *"_s1", 0 0, L_024a2438;  1 drivers
v02497158_0 .net "in0", 0 0, L_024a2490;  1 drivers
v024971b0_0 .net "in1", 0 0, L_024a24e8;  1 drivers
v02497208_0 .net "out", 0 0, L_02490b78;  1 drivers
v02497260_0 .net "sel0", 0 0, L_02490ae8;  1 drivers
v024972b8_0 .net "sel1", 0 0, L_02490b30;  1 drivers
v02497310_0 .net "select", 0 0, v024a1d00_0;  alias, 1 drivers
L_024a2438 .reduce/nor v024a1d00_0;
S_02493578 .scope generate, "TO_FF[6]" "TO_FF[6]" 3 20, 3 20 0, S_0093fca8;
 .timescale 0 0;
P_02490188 .param/l "i" 0 3 20, +C4<0110>;
S_02493648 .scope module, "mux" "mux_2to1" 3 21, 5 7 0, S_02493578;
 .timescale 0 0;
    .port_info 0 /INPUT 1 "in0"
    .port_info 1 /INPUT 1 "in1"
    .port_info 2 /INPUT 1 "select"
    .port_info 3 /OUTPUT 1 "out"
L_02490bc0 .functor AND 1, L_024a2598, L_024a2540, C4<1>, C4<1>;
L_02490c08 .functor AND 1, L_024a25f0, v024a1d00_0, C4<1>, C4<1>;
L_02490c50 .functor OR 1, L_02490bc0, L_02490c08, C4<0>, C4<0>;
v02497b98_0 .net *"_s1", 0 0, L_024a2540;  1 drivers
v02497bf0_0 .net "in0", 0 0, L_024a2598;  1 drivers
v02497c48_0 .net "in1", 0 0, L_024a25f0;  1 drivers
v02497ca0_0 .net "out", 0 0, L_02490c50;  1 drivers
v02497cf8_0 .net "sel0", 0 0, L_02490bc0;  1 drivers
v02497d50_0 .net "sel1", 0 0, L_02490c08;  1 drivers
v02497da8_0 .net "select", 0 0, v024a1d00_0;  alias, 1 drivers
L_024a2540 .reduce/nor v024a1d00_0;
S_02493718 .scope generate, "TO_FF[7]" "TO_FF[7]" 3 20, 3 20 0, S_0093fca8;
 .timescale 0 0;
P_024901d8 .param/l "i" 0 3 20, +C4<0111>;
S_024937e8 .scope module, "mux" "mux_2to1" 3 21, 5 7 0, S_02493718;
 .timescale 0 0;
    .port_info 0 /INPUT 1 "in0"
    .port_info 1 /INPUT 1 "in1"
    .port_info 2 /INPUT 1 "select"
    .port_info 3 /OUTPUT 1 "out"
L_02490c98 .functor AND 1, L_024a26a0, L_024a2648, C4<1>, C4<1>;
L_02490ce0 .functor AND 1, L_024a26f8, v024a1d00_0, C4<1>, C4<1>;
L_02490d28 .functor OR 1, L_02490c98, L_02490ce0, C4<0>, C4<0>;
v02497e00_0 .net *"_s1", 0 0, L_024a2648;  1 drivers
v02497e58_0 .net "in0", 0 0, L_024a26a0;  1 drivers
v02497eb0_0 .net "in1", 0 0, L_024a26f8;  1 drivers
v02497f08_0 .net "out", 0 0, L_02490d28;  1 drivers
v02497f60_0 .net "sel0", 0 0, L_02490c98;  1 drivers
v02497fb8_0 .net "sel1", 0 0, L_02490ce0;  1 drivers
v02498010_0 .net "select", 0 0, v024a1d00_0;  alias, 1 drivers
L_024a2648 .reduce/nor v024a1d00_0;
S_024938b8 .scope generate, "TO_FF[8]" "TO_FF[8]" 3 20, 3 20 0, S_0093fca8;
 .timescale 0 0;
P_02490228 .param/l "i" 0 3 20, +C4<01000>;
S_02493988 .scope module, "mux" "mux_2to1" 3 21, 5 7 0, S_024938b8;
 .timescale 0 0;
    .port_info 0 /INPUT 1 "in0"
    .port_info 1 /INPUT 1 "in1"
    .port_info 2 /INPUT 1 "select"
    .port_info 3 /OUTPUT 1 "out"
L_02490d70 .functor AND 1, L_024a27a8, L_024a2750, C4<1>, C4<1>;
L_02490db8 .functor AND 1, L_024a2800, v024a1d00_0, C4<1>, C4<1>;
L_02490e00 .functor OR 1, L_02490d70, L_02490db8, C4<0>, C4<0>;
v02498068_0 .net *"_s1", 0 0, L_024a2750;  1 drivers
v024980c0_0 .net "in0", 0 0, L_024a27a8;  1 drivers
v02498118_0 .net "in1", 0 0, L_024a2800;  1 drivers
v02498170_0 .net "out", 0 0, L_02490e00;  1 drivers
v024981c8_0 .net "sel0", 0 0, L_02490d70;  1 drivers
v02498220_0 .net "sel1", 0 0, L_02490db8;  1 drivers
v02498278_0 .net "select", 0 0, v024a1d00_0;  alias, 1 drivers
L_024a2750 .reduce/nor v024a1d00_0;
S_02493a58 .scope generate, "TO_FF[9]" "TO_FF[9]" 3 20, 3 20 0, S_0093fca8;
 .timescale 0 0;
P_02490278 .param/l "i" 0 3 20, +C4<01001>;
S_02493b28 .scope module, "mux" "mux_2to1" 3 21, 5 7 0, S_02493a58;
 .timescale 0 0;
    .port_info 0 /INPUT 1 "in0"
    .port_info 1 /INPUT 1 "in1"
    .port_info 2 /INPUT 1 "select"
    .port_info 3 /OUTPUT 1 "out"
L_02490e48 .functor AND 1, L_024a28b0, L_024a2858, C4<1>, C4<1>;
L_02490e90 .functor AND 1, L_024a2908, v024a1d00_0, C4<1>, C4<1>;
L_02490ed8 .functor OR 1, L_02490e48, L_02490e90, C4<0>, C4<0>;
v024982d0_0 .net *"_s1", 0 0, L_024a2858;  1 drivers
v02498328_0 .net "in0", 0 0, L_024a28b0;  1 drivers
v02498380_0 .net "in1", 0 0, L_024a2908;  1 drivers
v024983d8_0 .net "out", 0 0, L_02490ed8;  1 drivers
v02498430_0 .net "sel0", 0 0, L_02490e48;  1 drivers
v02498488_0 .net "sel1", 0 0, L_02490e90;  1 drivers
v024984e0_0 .net "select", 0 0, v024a1d00_0;  alias, 1 drivers
L_024a2858 .reduce/nor v024a1d00_0;
S_02493bf8 .scope generate, "TO_FF[10]" "TO_FF[10]" 3 20, 3 20 0, S_0093fca8;
 .timescale 0 0;
P_024902c8 .param/l "i" 0 3 20, +C4<01010>;
S_02493cc8 .scope module, "mux" "mux_2to1" 3 21, 5 7 0, S_02493bf8;
 .timescale 0 0;
    .port_info 0 /INPUT 1 "in0"
    .port_info 1 /INPUT 1 "in1"
    .port_info 2 /INPUT 1 "select"
    .port_info 3 /OUTPUT 1 "out"
L_02490f20 .functor AND 1, L_024a4000, L_024a2960, C4<1>, C4<1>;
L_02490f68 .functor AND 1, L_024a4058, v024a1d00_0, C4<1>, C4<1>;
L_02490fb0 .functor OR 1, L_02490f20, L_02490f68, C4<0>, C4<0>;
v02498538_0 .net *"_s1", 0 0, L_024a2960;  1 drivers
v02498590_0 .net "in0", 0 0, L_024a4000;  1 drivers
v024985e8_0 .net "in1", 0 0, L_024a4058;  1 drivers
v02498640_0 .net "out", 0 0, L_02490fb0;  1 drivers
v02498698_0 .net "sel0", 0 0, L_02490f20;  1 drivers
v024986f0_0 .net "sel1", 0 0, L_02490f68;  1 drivers
v02498748_0 .net "select", 0 0, v024a1d00_0;  alias, 1 drivers
L_024a2960 .reduce/nor v024a1d00_0;
S_02493d98 .scope generate, "TO_FF[11]" "TO_FF[11]" 3 20, 3 20 0, S_0093fca8;
 .timescale 0 0;
P_02490318 .param/l "i" 0 3 20, +C4<01011>;
S_02493e68 .scope module, "mux" "mux_2to1" 3 21, 5 7 0, S_02493d98;
 .timescale 0 0;
    .port_info 0 /INPUT 1 "in0"
    .port_info 1 /INPUT 1 "in1"
    .port_info 2 /INPUT 1 "select"
    .port_info 3 /OUTPUT 1 "out"
L_02490ff8 .functor AND 1, L_024a4108, L_024a40b0, C4<1>, C4<1>;
L_02491040 .functor AND 1, L_024a4160, v024a1d00_0, C4<1>, C4<1>;
L_02491088 .functor OR 1, L_02490ff8, L_02491040, C4<0>, C4<0>;
v024987a0_0 .net *"_s1", 0 0, L_024a40b0;  1 drivers
v024987f8_0 .net "in0", 0 0, L_024a4108;  1 drivers
v02498850_0 .net "in1", 0 0, L_024a4160;  1 drivers
v024988a8_0 .net "out", 0 0, L_02491088;  1 drivers
v02498900_0 .net "sel0", 0 0, L_02490ff8;  1 drivers
v02498958_0 .net "sel1", 0 0, L_02491040;  1 drivers
v024989b0_0 .net "select", 0 0, v024a1d00_0;  alias, 1 drivers
L_024a40b0 .reduce/nor v024a1d00_0;
S_02493f38 .scope generate, "TO_FF[12]" "TO_FF[12]" 3 20, 3 20 0, S_0093fca8;
 .timescale 0 0;
P_02498c60 .param/l "i" 0 3 20, +C4<01100>;
S_02494008 .scope module, "mux" "mux_2to1" 3 21, 5 7 0, S_02493f38;
 .timescale 0 0;
    .port_info 0 /INPUT 1 "in0"
    .port_info 1 /INPUT 1 "in1"
    .port_info 2 /INPUT 1 "select"
    .port_info 3 /OUTPUT 1 "out"
L_024910d0 .functor AND 1, L_024a4210, L_024a41b8, C4<1>, C4<1>;
L_02491118 .functor AND 1, L_024a4268, v024a1d00_0, C4<1>, C4<1>;
L_02491160 .functor OR 1, L_024910d0, L_02491118, C4<0>, C4<0>;
v02498a08_0 .net *"_s1", 0 0, L_024a41b8;  1 drivers
v02498a60_0 .net "in0", 0 0, L_024a4210;  1 drivers
v02498ab8_0 .net "in1", 0 0, L_024a4268;  1 drivers
v02498b10_0 .net "out", 0 0, L_02491160;  1 drivers
v02499460_0 .net "sel0", 0 0, L_024910d0;  1 drivers
v024994b8_0 .net "sel1", 0 0, L_02491118;  1 drivers
v02499510_0 .net "select", 0 0, v024a1d00_0;  alias, 1 drivers
L_024a41b8 .reduce/nor v024a1d00_0;
S_024940d8 .scope generate, "TO_FF[13]" "TO_FF[13]" 3 20, 3 20 0, S_0093fca8;
 .timescale 0 0;
P_02498cb0 .param/l "i" 0 3 20, +C4<01101>;
S_024941a8 .scope module, "mux" "mux_2to1" 3 21, 5 7 0, S_024940d8;
 .timescale 0 0;
    .port_info 0 /INPUT 1 "in0"
    .port_info 1 /INPUT 1 "in1"
    .port_info 2 /INPUT 1 "select"
    .port_info 3 /OUTPUT 1 "out"
L_024911a8 .functor AND 1, L_024a4318, L_024a42c0, C4<1>, C4<1>;
L_024911f0 .functor AND 1, L_024a4370, v024a1d00_0, C4<1>, C4<1>;
L_02491238 .functor OR 1, L_024911a8, L_024911f0, C4<0>, C4<0>;
v02499568_0 .net *"_s1", 0 0, L_024a42c0;  1 drivers
v024995c0_0 .net "in0", 0 0, L_024a4318;  1 drivers
v02499618_0 .net "in1", 0 0, L_024a4370;  1 drivers
v02499670_0 .net "out", 0 0, L_02491238;  1 drivers
v024996c8_0 .net "sel0", 0 0, L_024911a8;  1 drivers
v02499720_0 .net "sel1", 0 0, L_024911f0;  1 drivers
v02499778_0 .net "select", 0 0, v024a1d00_0;  alias, 1 drivers
L_024a42c0 .reduce/nor v024a1d00_0;
S_02494278 .scope generate, "TO_FF[14]" "TO_FF[14]" 3 20, 3 20 0, S_0093fca8;
 .timescale 0 0;
P_02498d00 .param/l "i" 0 3 20, +C4<01110>;
S_0249a860 .scope module, "mux" "mux_2to1" 3 21, 5 7 0, S_02494278;
 .timescale 0 0;
    .port_info 0 /INPUT 1 "in0"
    .port_info 1 /INPUT 1 "in1"
    .port_info 2 /INPUT 1 "select"
    .port_info 3 /OUTPUT 1 "out"
L_02491280 .functor AND 1, L_024a4420, L_024a43c8, C4<1>, C4<1>;
L_024912c8 .functor AND 1, L_024a4478, v024a1d00_0, C4<1>, C4<1>;
L_02491310 .functor OR 1, L_02491280, L_024912c8, C4<0>, C4<0>;
v024997d0_0 .net *"_s1", 0 0, L_024a43c8;  1 drivers
v02499828_0 .net "in0", 0 0, L_024a4420;  1 drivers
v02499880_0 .net "in1", 0 0, L_024a4478;  1 drivers
v024998d8_0 .net "out", 0 0, L_02491310;  1 drivers
v02499930_0 .net "sel0", 0 0, L_02491280;  1 drivers
v02499988_0 .net "sel1", 0 0, L_024912c8;  1 drivers
v024999e0_0 .net "select", 0 0, v024a1d00_0;  alias, 1 drivers
L_024a43c8 .reduce/nor v024a1d00_0;
S_0249a930 .scope generate, "TO_FF[15]" "TO_FF[15]" 3 20, 3 20 0, S_0093fca8;
 .timescale 0 0;
P_02498d50 .param/l "i" 0 3 20, +C4<01111>;
S_0249aa00 .scope module, "mux" "mux_2to1" 3 21, 5 7 0, S_0249a930;
 .timescale 0 0;
    .port_info 0 /INPUT 1 "in0"
    .port_info 1 /INPUT 1 "in1"
    .port_info 2 /INPUT 1 "select"
    .port_info 3 /OUTPUT 1 "out"
L_024a5918 .functor AND 1, L_024a4528, L_024a44d0, C4<1>, C4<1>;
L_024a5960 .functor AND 1, L_024a4580, v024a1d00_0, C4<1>, C4<1>;
L_024a59a8 .functor OR 1, L_024a5918, L_024a5960, C4<0>, C4<0>;
v02499a38_0 .net *"_s1", 0 0, L_024a44d0;  1 drivers
v02499a90_0 .net "in0", 0 0, L_024a4528;  1 drivers
v02499ae8_0 .net "in1", 0 0, L_024a4580;  1 drivers
v02499b40_0 .net "out", 0 0, L_024a59a8;  1 drivers
v02499b98_0 .net "sel0", 0 0, L_024a5918;  1 drivers
v02499bf0_0 .net "sel1", 0 0, L_024a5960;  1 drivers
v02499c48_0 .net "select", 0 0, v024a1d00_0;  alias, 1 drivers
L_024a44d0 .reduce/nor v024a1d00_0;
S_0249aad0 .scope generate, "TO_FF[16]" "TO_FF[16]" 3 20, 3 20 0, S_0093fca8;
 .timescale 0 0;
P_02498da0 .param/l "i" 0 3 20, +C4<010000>;
S_0249aba0 .scope module, "mux" "mux_2to1" 3 21, 5 7 0, S_0249aad0;
 .timescale 0 0;
    .port_info 0 /INPUT 1 "in0"
    .port_info 1 /INPUT 1 "in1"
    .port_info 2 /INPUT 1 "select"
    .port_info 3 /OUTPUT 1 "out"
L_024a59f0 .functor AND 1, L_024a4630, L_024a45d8, C4<1>, C4<1>;
L_024a5a38 .functor AND 1, L_024a4688, v024a1d00_0, C4<1>, C4<1>;
L_024a5a80 .functor OR 1, L_024a59f0, L_024a5a38, C4<0>, C4<0>;
v02499ca0_0 .net *"_s1", 0 0, L_024a45d8;  1 drivers
v02499cf8_0 .net "in0", 0 0, L_024a4630;  1 drivers
v02499d50_0 .net "in1", 0 0, L_024a4688;  1 drivers
v02499da8_0 .net "out", 0 0, L_024a5a80;  1 drivers
v02499e00_0 .net "sel0", 0 0, L_024a59f0;  1 drivers
v02499e58_0 .net "sel1", 0 0, L_024a5a38;  1 drivers
v02499eb0_0 .net "select", 0 0, v024a1d00_0;  alias, 1 drivers
L_024a45d8 .reduce/nor v024a1d00_0;
S_0249ac70 .scope generate, "TO_FF[17]" "TO_FF[17]" 3 20, 3 20 0, S_0093fca8;
 .timescale 0 0;
P_02498df0 .param/l "i" 0 3 20, +C4<010001>;
S_0249ad40 .scope module, "mux" "mux_2to1" 3 21, 5 7 0, S_0249ac70;
 .timescale 0 0;
    .port_info 0 /INPUT 1 "in0"
    .port_info 1 /INPUT 1 "in1"
    .port_info 2 /INPUT 1 "select"
    .port_info 3 /OUTPUT 1 "out"
L_024a5ac8 .functor AND 1, L_024a4738, L_024a46e0, C4<1>, C4<1>;
L_024a5b10 .functor AND 1, L_024a4790, v024a1d00_0, C4<1>, C4<1>;
L_024a5b58 .functor OR 1, L_024a5ac8, L_024a5b10, C4<0>, C4<0>;
v02499f08_0 .net *"_s1", 0 0, L_024a46e0;  1 drivers
v02499f60_0 .net "in0", 0 0, L_024a4738;  1 drivers
v02499fb8_0 .net "in1", 0 0, L_024a4790;  1 drivers
v0249a010_0 .net "out", 0 0, L_024a5b58;  1 drivers
v0249a068_0 .net "sel0", 0 0, L_024a5ac8;  1 drivers
v0249a0c0_0 .net "sel1", 0 0, L_024a5b10;  1 drivers
v0249a118_0 .net "select", 0 0, v024a1d00_0;  alias, 1 drivers
L_024a46e0 .reduce/nor v024a1d00_0;
S_0249ae10 .scope generate, "TO_FF[18]" "TO_FF[18]" 3 20, 3 20 0, S_0093fca8;
 .timescale 0 0;
P_02498e40 .param/l "i" 0 3 20, +C4<010010>;
S_0249aee0 .scope module, "mux" "mux_2to1" 3 21, 5 7 0, S_0249ae10;
 .timescale 0 0;
    .port_info 0 /INPUT 1 "in0"
    .port_info 1 /INPUT 1 "in1"
    .port_info 2 /INPUT 1 "select"
    .port_info 3 /OUTPUT 1 "out"
L_024a5ba0 .functor AND 1, L_024a4840, L_024a47e8, C4<1>, C4<1>;
L_024a5be8 .functor AND 1, L_024a4898, v024a1d00_0, C4<1>, C4<1>;
L_024a5c30 .functor OR 1, L_024a5ba0, L_024a5be8, C4<0>, C4<0>;
v0249a170_0 .net *"_s1", 0 0, L_024a47e8;  1 drivers
v0249a1c8_0 .net "in0", 0 0, L_024a4840;  1 drivers
v0249a220_0 .net "in1", 0 0, L_024a4898;  1 drivers
v0249a278_0 .net "out", 0 0, L_024a5c30;  1 drivers
v0249a2d0_0 .net "sel0", 0 0, L_024a5ba0;  1 drivers
v0249a328_0 .net "sel1", 0 0, L_024a5be8;  1 drivers
v0249a380_0 .net "select", 0 0, v024a1d00_0;  alias, 1 drivers
L_024a47e8 .reduce/nor v024a1d00_0;
S_0249afb0 .scope generate, "TO_FF[19]" "TO_FF[19]" 3 20, 3 20 0, S_0093fca8;
 .timescale 0 0;
P_02498e90 .param/l "i" 0 3 20, +C4<010011>;
S_0249b080 .scope module, "mux" "mux_2to1" 3 21, 5 7 0, S_0249afb0;
 .timescale 0 0;
    .port_info 0 /INPUT 1 "in0"
    .port_info 1 /INPUT 1 "in1"
    .port_info 2 /INPUT 1 "select"
    .port_info 3 /OUTPUT 1 "out"
L_024a5c78 .functor AND 1, L_024a4948, L_024a48f0, C4<1>, C4<1>;
L_024a5cc0 .functor AND 1, L_024a49a0, v024a1d00_0, C4<1>, C4<1>;
L_024a5d08 .functor OR 1, L_024a5c78, L_024a5cc0, C4<0>, C4<0>;
v0249a3d8_0 .net *"_s1", 0 0, L_024a48f0;  1 drivers
v0249d1e8_0 .net "in0", 0 0, L_024a4948;  1 drivers
v0249d240_0 .net "in1", 0 0, L_024a49a0;  1 drivers
v0249d298_0 .net "out", 0 0, L_024a5d08;  1 drivers
v0249d2f0_0 .net "sel0", 0 0, L_024a5c78;  1 drivers
v0249d348_0 .net "sel1", 0 0, L_024a5cc0;  1 drivers
v0249d3a0_0 .net "select", 0 0, v024a1d00_0;  alias, 1 drivers
L_024a48f0 .reduce/nor v024a1d00_0;
S_0249b150 .scope generate, "TO_FF[20]" "TO_FF[20]" 3 20, 3 20 0, S_0093fca8;
 .timescale 0 0;
P_02498ee0 .param/l "i" 0 3 20, +C4<010100>;
S_0249b220 .scope module, "mux" "mux_2to1" 3 21, 5 7 0, S_0249b150;
 .timescale 0 0;
    .port_info 0 /INPUT 1 "in0"
    .port_info 1 /INPUT 1 "in1"
    .port_info 2 /INPUT 1 "select"
    .port_info 3 /OUTPUT 1 "out"
L_024a5d50 .functor AND 1, L_024a4a50, L_024a49f8, C4<1>, C4<1>;
L_024a5d98 .functor AND 1, L_024a4aa8, v024a1d00_0, C4<1>, C4<1>;
L_024a5de0 .functor OR 1, L_024a5d50, L_024a5d98, C4<0>, C4<0>;
v0249d3f8_0 .net *"_s1", 0 0, L_024a49f8;  1 drivers
v0249d450_0 .net "in0", 0 0, L_024a4a50;  1 drivers
v0249d4a8_0 .net "in1", 0 0, L_024a4aa8;  1 drivers
v0249d500_0 .net "out", 0 0, L_024a5de0;  1 drivers
v0249d558_0 .net "sel0", 0 0, L_024a5d50;  1 drivers
v0249d5b0_0 .net "sel1", 0 0, L_024a5d98;  1 drivers
v0249d608_0 .net "select", 0 0, v024a1d00_0;  alias, 1 drivers
L_024a49f8 .reduce/nor v024a1d00_0;
S_0249b2f0 .scope generate, "TO_FF[21]" "TO_FF[21]" 3 20, 3 20 0, S_0093fca8;
 .timescale 0 0;
P_02498f30 .param/l "i" 0 3 20, +C4<010101>;
S_0249b3c0 .scope module, "mux" "mux_2to1" 3 21, 5 7 0, S_0249b2f0;
 .timescale 0 0;
    .port_info 0 /INPUT 1 "in0"
    .port_info 1 /INPUT 1 "in1"
    .port_info 2 /INPUT 1 "select"
    .port_info 3 /OUTPUT 1 "out"
L_024a5e28 .functor AND 1, L_024a4b58, L_024a4b00, C4<1>, C4<1>;
L_024a5e70 .functor AND 1, L_024a4bb0, v024a1d00_0, C4<1>, C4<1>;
L_024a5eb8 .functor OR 1, L_024a5e28, L_024a5e70, C4<0>, C4<0>;
v0249d660_0 .net *"_s1", 0 0, L_024a4b00;  1 drivers
v0249d6b8_0 .net "in0", 0 0, L_024a4b58;  1 drivers
v0249d710_0 .net "in1", 0 0, L_024a4bb0;  1 drivers
v0249d768_0 .net "out", 0 0, L_024a5eb8;  1 drivers
v0249d7c0_0 .net "sel0", 0 0, L_024a5e28;  1 drivers
v0249d818_0 .net "sel1", 0 0, L_024a5e70;  1 drivers
v0249d870_0 .net "select", 0 0, v024a1d00_0;  alias, 1 drivers
L_024a4b00 .reduce/nor v024a1d00_0;
S_0249b490 .scope generate, "TO_FF[22]" "TO_FF[22]" 3 20, 3 20 0, S_0093fca8;
 .timescale 0 0;
P_02498f80 .param/l "i" 0 3 20, +C4<010110>;
S_0249b560 .scope module, "mux" "mux_2to1" 3 21, 5 7 0, S_0249b490;
 .timescale 0 0;
    .port_info 0 /INPUT 1 "in0"
    .port_info 1 /INPUT 1 "in1"
    .port_info 2 /INPUT 1 "select"
    .port_info 3 /OUTPUT 1 "out"
L_024a5f00 .functor AND 1, L_024a4c60, L_024a4c08, C4<1>, C4<1>;
L_024a5f48 .functor AND 1, L_024a4cb8, v024a1d00_0, C4<1>, C4<1>;
L_024a5f90 .functor OR 1, L_024a5f00, L_024a5f48, C4<0>, C4<0>;
v0249d8c8_0 .net *"_s1", 0 0, L_024a4c08;  1 drivers
v0249d920_0 .net "in0", 0 0, L_024a4c60;  1 drivers
v0249d978_0 .net "in1", 0 0, L_024a4cb8;  1 drivers
v0249d9d0_0 .net "out", 0 0, L_024a5f90;  1 drivers
v0249da28_0 .net "sel0", 0 0, L_024a5f00;  1 drivers
v0249da80_0 .net "sel1", 0 0, L_024a5f48;  1 drivers
v0249dad8_0 .net "select", 0 0, v024a1d00_0;  alias, 1 drivers
L_024a4c08 .reduce/nor v024a1d00_0;
S_0249b630 .scope generate, "TO_FF[23]" "TO_FF[23]" 3 20, 3 20 0, S_0093fca8;
 .timescale 0 0;
P_02498fd0 .param/l "i" 0 3 20, +C4<010111>;
S_0249b700 .scope module, "mux" "mux_2to1" 3 21, 5 7 0, S_0249b630;
 .timescale 0 0;
    .port_info 0 /INPUT 1 "in0"
    .port_info 1 /INPUT 1 "in1"
    .port_info 2 /INPUT 1 "select"
    .port_info 3 /OUTPUT 1 "out"
L_024a5fd8 .functor AND 1, L_024a4d68, L_024a4d10, C4<1>, C4<1>;
L_024a6020 .functor AND 1, L_024a4dc0, v024a1d00_0, C4<1>, C4<1>;
L_024a6068 .functor OR 1, L_024a5fd8, L_024a6020, C4<0>, C4<0>;
v0249db30_0 .net *"_s1", 0 0, L_024a4d10;  1 drivers
v0249db88_0 .net "in0", 0 0, L_024a4d68;  1 drivers
v0249dbe0_0 .net "in1", 0 0, L_024a4dc0;  1 drivers
v0249dc38_0 .net "out", 0 0, L_024a6068;  1 drivers
v0249dc90_0 .net "sel0", 0 0, L_024a5fd8;  1 drivers
v0249dce8_0 .net "sel1", 0 0, L_024a6020;  1 drivers
v0249dd40_0 .net "select", 0 0, v024a1d00_0;  alias, 1 drivers
L_024a4d10 .reduce/nor v024a1d00_0;
S_0249b7d0 .scope generate, "TO_FF[24]" "TO_FF[24]" 3 20, 3 20 0, S_0093fca8;
 .timescale 0 0;
P_02499020 .param/l "i" 0 3 20, +C4<011000>;
S_0249b8a0 .scope module, "mux" "mux_2to1" 3 21, 5 7 0, S_0249b7d0;
 .timescale 0 0;
    .port_info 0 /INPUT 1 "in0"
    .port_info 1 /INPUT 1 "in1"
    .port_info 2 /INPUT 1 "select"
    .port_info 3 /OUTPUT 1 "out"
L_024a60b0 .functor AND 1, L_024a4e70, L_024a4e18, C4<1>, C4<1>;
L_024a60f8 .functor AND 1, L_024a4ec8, v024a1d00_0, C4<1>, C4<1>;
L_024a6140 .functor OR 1, L_024a60b0, L_024a60f8, C4<0>, C4<0>;
v0249dd98_0 .net *"_s1", 0 0, L_024a4e18;  1 drivers
v0249ddf0_0 .net "in0", 0 0, L_024a4e70;  1 drivers
v0249de48_0 .net "in1", 0 0, L_024a4ec8;  1 drivers
v0249dea0_0 .net "out", 0 0, L_024a6140;  1 drivers
v0249def8_0 .net "sel0", 0 0, L_024a60b0;  1 drivers
v0249df50_0 .net "sel1", 0 0, L_024a60f8;  1 drivers
v0249dfa8_0 .net "select", 0 0, v024a1d00_0;  alias, 1 drivers
L_024a4e18 .reduce/nor v024a1d00_0;
S_0249b970 .scope generate, "TO_FF[25]" "TO_FF[25]" 3 20, 3 20 0, S_0093fca8;
 .timescale 0 0;
P_02499070 .param/l "i" 0 3 20, +C4<011001>;
S_0249ba40 .scope module, "mux" "mux_2to1" 3 21, 5 7 0, S_0249b970;
 .timescale 0 0;
    .port_info 0 /INPUT 1 "in0"
    .port_info 1 /INPUT 1 "in1"
    .port_info 2 /INPUT 1 "select"
    .port_info 3 /OUTPUT 1 "out"
L_024a6188 .functor AND 1, L_024a4f78, L_024a4f20, C4<1>, C4<1>;
L_024a61d0 .functor AND 1, L_024a7918, v024a1d00_0, C4<1>, C4<1>;
L_024a6218 .functor OR 1, L_024a6188, L_024a61d0, C4<0>, C4<0>;
v0249e000_0 .net *"_s1", 0 0, L_024a4f20;  1 drivers
v0249e058_0 .net "in0", 0 0, L_024a4f78;  1 drivers
v0249e0b0_0 .net "in1", 0 0, L_024a7918;  1 drivers
v0249e108_0 .net "out", 0 0, L_024a6218;  1 drivers
v0249e160_0 .net "sel0", 0 0, L_024a6188;  1 drivers
v0249e1e8_0 .net "sel1", 0 0, L_024a61d0;  1 drivers
v0249e240_0 .net "select", 0 0, v024a1d00_0;  alias, 1 drivers
L_024a4f20 .reduce/nor v024a1d00_0;
S_0249bb10 .scope generate, "TO_FF[26]" "TO_FF[26]" 3 20, 3 20 0, S_0093fca8;
 .timescale 0 0;
P_024990c0 .param/l "i" 0 3 20, +C4<011010>;
S_0249bbe0 .scope module, "mux" "mux_2to1" 3 21, 5 7 0, S_0249bb10;
 .timescale 0 0;
    .port_info 0 /INPUT 1 "in0"
    .port_info 1 /INPUT 1 "in1"
    .port_info 2 /INPUT 1 "select"
    .port_info 3 /OUTPUT 1 "out"
L_024a6260 .functor AND 1, L_024a79c8, L_024a7970, C4<1>, C4<1>;
L_024a62a8 .functor AND 1, L_024a7a20, v024a1d00_0, C4<1>, C4<1>;
L_024a62f0 .functor OR 1, L_024a6260, L_024a62a8, C4<0>, C4<0>;
v0249e298_0 .net *"_s1", 0 0, L_024a7970;  1 drivers
v0249e2f0_0 .net "in0", 0 0, L_024a79c8;  1 drivers
v0249e348_0 .net "in1", 0 0, L_024a7a20;  1 drivers
v0249e3a0_0 .net "out", 0 0, L_024a62f0;  1 drivers
v0249e3f8_0 .net "sel0", 0 0, L_024a6260;  1 drivers
v0249e450_0 .net "sel1", 0 0, L_024a62a8;  1 drivers
v0249e4a8_0 .net "select", 0 0, v024a1d00_0;  alias, 1 drivers
L_024a7970 .reduce/nor v024a1d00_0;
S_0249bcb0 .scope generate, "TO_FF[27]" "TO_FF[27]" 3 20, 3 20 0, S_0093fca8;
 .timescale 0 0;
P_02499110 .param/l "i" 0 3 20, +C4<011011>;
S_0249bd80 .scope module, "mux" "mux_2to1" 3 21, 5 7 0, S_0249bcb0;
 .timescale 0 0;
    .port_info 0 /INPUT 1 "in0"
    .port_info 1 /INPUT 1 "in1"
    .port_info 2 /INPUT 1 "select"
    .port_info 3 /OUTPUT 1 "out"
L_024a6338 .functor AND 1, L_024a7ad0, L_024a7a78, C4<1>, C4<1>;
L_024a6380 .functor AND 1, L_024a7b28, v024a1d00_0, C4<1>, C4<1>;
L_024a63c8 .functor OR 1, L_024a6338, L_024a6380, C4<0>, C4<0>;
v0249e500_0 .net *"_s1", 0 0, L_024a7a78;  1 drivers
v0249e558_0 .net "in0", 0 0, L_024a7ad0;  1 drivers
v0249e5b0_0 .net "in1", 0 0, L_024a7b28;  1 drivers
v0249e608_0 .net "out", 0 0, L_024a63c8;  1 drivers
v0249e660_0 .net "sel0", 0 0, L_024a6338;  1 drivers
v0249e6b8_0 .net "sel1", 0 0, L_024a6380;  1 drivers
v0249e710_0 .net "select", 0 0, v024a1d00_0;  alias, 1 drivers
L_024a7a78 .reduce/nor v024a1d00_0;
S_0249be50 .scope generate, "TO_FF[28]" "TO_FF[28]" 3 20, 3 20 0, S_0093fca8;
 .timescale 0 0;
P_02499160 .param/l "i" 0 3 20, +C4<011100>;
S_0249bf20 .scope module, "mux" "mux_2to1" 3 21, 5 7 0, S_0249be50;
 .timescale 0 0;
    .port_info 0 /INPUT 1 "in0"
    .port_info 1 /INPUT 1 "in1"
    .port_info 2 /INPUT 1 "select"
    .port_info 3 /OUTPUT 1 "out"
L_024a6410 .functor AND 1, L_024a7bd8, L_024a7b80, C4<1>, C4<1>;
L_024a6458 .functor AND 1, L_024a7c30, v024a1d00_0, C4<1>, C4<1>;
L_024a64a0 .functor OR 1, L_024a6410, L_024a6458, C4<0>, C4<0>;
v0249e768_0 .net *"_s1", 0 0, L_024a7b80;  1 drivers
v0249e7c0_0 .net "in0", 0 0, L_024a7bd8;  1 drivers
v0249e818_0 .net "in1", 0 0, L_024a7c30;  1 drivers
v0249e870_0 .net "out", 0 0, L_024a64a0;  1 drivers
v0249e8c8_0 .net "sel0", 0 0, L_024a6410;  1 drivers
v0249e920_0 .net "sel1", 0 0, L_024a6458;  1 drivers
v0249e978_0 .net "select", 0 0, v024a1d00_0;  alias, 1 drivers
L_024a7b80 .reduce/nor v024a1d00_0;
S_0249bff0 .scope generate, "TO_FF[29]" "TO_FF[29]" 3 20, 3 20 0, S_0093fca8;
 .timescale 0 0;
P_024991b0 .param/l "i" 0 3 20, +C4<011101>;
S_0249c0c0 .scope module, "mux" "mux_2to1" 3 21, 5 7 0, S_0249bff0;
 .timescale 0 0;
    .port_info 0 /INPUT 1 "in0"
    .port_info 1 /INPUT 1 "in1"
    .port_info 2 /INPUT 1 "select"
    .port_info 3 /OUTPUT 1 "out"
L_024a64e8 .functor AND 1, L_024a7ce0, L_024a7c88, C4<1>, C4<1>;
L_024a6530 .functor AND 1, L_024a7d38, v024a1d00_0, C4<1>, C4<1>;
L_024a6578 .functor OR 1, L_024a64e8, L_024a6530, C4<0>, C4<0>;
v0249e9d0_0 .net *"_s1", 0 0, L_024a7c88;  1 drivers
v0249ea28_0 .net "in0", 0 0, L_024a7ce0;  1 drivers
v0249ea80_0 .net "in1", 0 0, L_024a7d38;  1 drivers
v0249ead8_0 .net "out", 0 0, L_024a6578;  1 drivers
v0249eb30_0 .net "sel0", 0 0, L_024a64e8;  1 drivers
v0249eb88_0 .net "sel1", 0 0, L_024a6530;  1 drivers
v0249ebe0_0 .net "select", 0 0, v024a1d00_0;  alias, 1 drivers
L_024a7c88 .reduce/nor v024a1d00_0;
S_0249c190 .scope generate, "TO_FF[30]" "TO_FF[30]" 3 20, 3 20 0, S_0093fca8;
 .timescale 0 0;
P_02499200 .param/l "i" 0 3 20, +C4<011110>;
S_0249c260 .scope module, "mux" "mux_2to1" 3 21, 5 7 0, S_0249c190;
 .timescale 0 0;
    .port_info 0 /INPUT 1 "in0"
    .port_info 1 /INPUT 1 "in1"
    .port_info 2 /INPUT 1 "select"
    .port_info 3 /OUTPUT 1 "out"
L_024a65c0 .functor AND 1, L_024a7de8, L_024a7d90, C4<1>, C4<1>;
L_024a6608 .functor AND 1, L_024a7e40, v024a1d00_0, C4<1>, C4<1>;
L_024a6650 .functor OR 1, L_024a65c0, L_024a6608, C4<0>, C4<0>;
v0249ec38_0 .net *"_s1", 0 0, L_024a7d90;  1 drivers
v0249ec90_0 .net "in0", 0 0, L_024a7de8;  1 drivers
v0249ece8_0 .net "in1", 0 0, L_024a7e40;  1 drivers
v0249ed40_0 .net "out", 0 0, L_024a6650;  1 drivers
v0249ed98_0 .net "sel0", 0 0, L_024a65c0;  1 drivers
v0249edf0_0 .net "sel1", 0 0, L_024a6608;  1 drivers
v0249ee48_0 .net "select", 0 0, v024a1d00_0;  alias, 1 drivers
L_024a7d90 .reduce/nor v024a1d00_0;
S_0249c330 .scope generate, "TO_FF[31]" "TO_FF[31]" 3 20, 3 20 0, S_0093fca8;
 .timescale 0 0;
P_02499250 .param/l "i" 0 3 20, +C4<011111>;
S_0249c400 .scope module, "mux" "mux_2to1" 3 21, 5 7 0, S_0249c330;
 .timescale 0 0;
    .port_info 0 /INPUT 1 "in0"
    .port_info 1 /INPUT 1 "in1"
    .port_info 2 /INPUT 1 "select"
    .port_info 3 /OUTPUT 1 "out"
L_024a6698 .functor AND 1, L_024a7ef0, L_024a7e98, C4<1>, C4<1>;
L_024a66e0 .functor AND 1, L_024a7f48, v024a1d00_0, C4<1>, C4<1>;
L_024a6728 .functor OR 1, L_024a6698, L_024a66e0, C4<0>, C4<0>;
v0249eea0_0 .net *"_s1", 0 0, L_024a7e98;  1 drivers
v0249eef8_0 .net "in0", 0 0, L_024a7ef0;  1 drivers
v0249ef50_0 .net "in1", 0 0, L_024a7f48;  1 drivers
v0249efa8_0 .net "out", 0 0, L_024a6728;  1 drivers
v0249f000_0 .net "sel0", 0 0, L_024a6698;  1 drivers
v0249f058_0 .net "sel1", 0 0, L_024a66e0;  1 drivers
v0249f0b0_0 .net "select", 0 0, v024a1d00_0;  alias, 1 drivers
L_024a7e98 .reduce/nor v024a1d00_0;
S_0249c4d0 .scope module, "tester" "register_32bit_tester" 2 19, 6 7 0, S_0093fbd8;
 .timescale 0 0;
    .port_info 0 /INPUT 32 "Q"
    .port_info 1 /OUTPUT 1 "clk"
    .port_info 2 /OUTPUT 1 "we"
    .port_info 3 /OUTPUT 1 "rst"
    .port_info 4 /OUTPUT 32 "D"
P_024992c8 .param/l "delay" 0 6 20, +C4<00000000000000000000000000000001>;
v024a1b48_0 .var "D", 31 0;
v024a1ba0_0 .net "Q", 31 0, L_024aadd8;  alias, 1 drivers
v024a1bf8_0 .var "clk", 0 0;
v024a1c50_0 .var/i "i", 31 0;
v024a1ca8_0 .var "rst", 0 0;
v024a1d00_0 .var "we", 0 0;
    .scope S_02414aa0;
T_0 ;
    %wait E_0245b5c8;
    %load/vec4 v02451d78_0;
    %nor/r;
    %flag_set/vec4 8;
    %jmp/0xz  T_0.0, 8;
    %pushi/vec4 0, 0, 1;
    %store/vec4 v02451e80_0, 0, 1;
    %jmp T_0.1;
T_0.0 ;
    %load/vec4 v02451fe0_0;
    %store/vec4 v02451e80_0, 0, 1;
T_0.1 ;
    %jmp T_0;
    .thread T_0;
    .scope S_0093eff8;
T_1 ;
    %wait E_0245b5c8;
    %load/vec4 v02451bc0_0;
    %nor/r;
    %flag_set/vec4 8;
    %jmp/0xz  T_1.0, 8;
    %pushi/vec4 0, 0, 1;
    %store/vec4 v02451cc8_0, 0, 1;
    %jmp T_1.1;
T_1.0 ;
    %load/vec4 v02451c70_0;
    %store/vec4 v02451cc8_0, 0, 1;
T_1.1 ;
    %jmp T_1;
    .thread T_1;
    .scope S_00935638;
T_2 ;
    %wait E_0245b5c8;
    %load/vec4 v02451850_0;
    %nor/r;
    %flag_set/vec4 8;
    %jmp/0xz  T_2.0, 8;
    %pushi/vec4 0, 0, 1;
    %store/vec4 v02451958_0, 0, 1;
    %jmp T_2.1;
T_2.0 ;
    %load/vec4 v02451ab8_0;
    %store/vec4 v02451958_0, 0, 1;
T_2.1 ;
    %jmp T_2;
    .thread T_2;
    .scope S_02438970;
T_3 ;
    %wait E_0245b5c8;
    %load/vec4 v02451698_0;
    %nor/r;
    %flag_set/vec4 8;
    %jmp/0xz  T_3.0, 8;
    %pushi/vec4 0, 0, 1;
    %store/vec4 v024517a0_0, 0, 1;
    %jmp T_3.1;
T_3.0 ;
    %load/vec4 v02451748_0;
    %store/vec4 v024517a0_0, 0, 1;
T_3.1 ;
    %jmp T_3;
    .thread T_3;
    .scope S_00933bf0;
T_4 ;
    %wait E_0245b5c8;
    %load/vec4 v02451328_0;
    %nor/r;
    %flag_set/vec4 8;
    %jmp/0xz  T_4.0, 8;
    %pushi/vec4 0, 0, 1;
    %store/vec4 v02451430_0, 0, 1;
    %jmp T_4.1;
T_4.0 ;
    %load/vec4 v02451590_0;
    %store/vec4 v02451430_0, 0, 1;
T_4.1 ;
    %jmp T_4;
    .thread T_4;
    .scope S_0245c4a0;
T_5 ;
    %wait E_0245b5c8;
    %load/vec4 v02452090_0;
    %nor/r;
    %flag_set/vec4 8;
    %jmp/0xz  T_5.0, 8;
    %pushi/vec4 0, 0, 1;
    %store/vec4 v02451278_0, 0, 1;
    %jmp T_5.1;
T_5.0 ;
    %load/vec4 v02451220_0;
    %store/vec4 v02451278_0, 0, 1;
T_5.1 ;
    %jmp T_5;
    .thread T_5;
    .scope S_0248bd40;
T_6 ;
    %wait E_0245b5c8;
    %load/vec4 v024492d8_0;
    %nor/r;
    %flag_set/vec4 8;
    %jmp/0xz  T_6.0, 8;
    %pushi/vec4 0, 0, 1;
    %store/vec4 v024493e0_0, 0, 1;
    %jmp T_6.1;
T_6.0 ;
    %load/vec4 v024494e8_0;
    %store/vec4 v024493e0_0, 0, 1;
T_6.1 ;
    %jmp T_6;
    .thread T_6;
    .scope S_0248bef8;
T_7 ;
    %wait E_0245b5c8;
    %load/vec4 v02449120_0;
    %nor/r;
    %flag_set/vec4 8;
    %jmp/0xz  T_7.0, 8;
    %pushi/vec4 0, 0, 1;
    %store/vec4 v02449228_0, 0, 1;
    %jmp T_7.1;
T_7.0 ;
    %load/vec4 v024491d0_0;
    %store/vec4 v02449228_0, 0, 1;
T_7.1 ;
    %jmp T_7;
    .thread T_7;
    .scope S_0248c098;
T_8 ;
    %wait E_0245b5c8;
    %load/vec4 v02448db0_0;
    %nor/r;
    %flag_set/vec4 8;
    %jmp/0xz  T_8.0, 8;
    %pushi/vec4 0, 0, 1;
    %store/vec4 v02448eb8_0, 0, 1;
    %jmp T_8.1;
T_8.0 ;
    %load/vec4 v02449018_0;
    %store/vec4 v02448eb8_0, 0, 1;
T_8.1 ;
    %jmp T_8;
    .thread T_8;
    .scope S_0248c238;
T_9 ;
    %wait E_0245b5c8;
    %load/vec4 v02448bf8_0;
    %nor/r;
    %flag_set/vec4 8;
    %jmp/0xz  T_9.0, 8;
    %pushi/vec4 0, 0, 1;
    %store/vec4 v02448d00_0, 0, 1;
    %jmp T_9.1;
T_9.0 ;
    %load/vec4 v02448ca8_0;
    %store/vec4 v02448d00_0, 0, 1;
T_9.1 ;
    %jmp T_9;
    .thread T_9;
    .scope S_0248c3d8;
T_10 ;
    %wait E_0245b5c8;
    %load/vec4 v02448888_0;
    %nor/r;
    %flag_set/vec4 8;
    %jmp/0xz  T_10.0, 8;
    %pushi/vec4 0, 0, 1;
    %store/vec4 v02448990_0, 0, 1;
    %jmp T_10.1;
T_10.0 ;
    %load/vec4 v02448af0_0;
    %store/vec4 v02448990_0, 0, 1;
T_10.1 ;
    %jmp T_10;
    .thread T_10;
    .scope S_0248c578;
T_11 ;
    %wait E_0245b5c8;
    %load/vec4 v024486d0_0;
    %nor/r;
    %flag_set/vec4 8;
    %jmp/0xz  T_11.0, 8;
    %pushi/vec4 0, 0, 1;
    %store/vec4 v024487d8_0, 0, 1;
    %jmp T_11.1;
T_11.0 ;
    %load/vec4 v02448780_0;
    %store/vec4 v024487d8_0, 0, 1;
T_11.1 ;
    %jmp T_11;
    .thread T_11;
    .scope S_0248c718;
T_12 ;
    %wait E_0245b5c8;
    %load/vec4 v0248e088_0;
    %nor/r;
    %flag_set/vec4 8;
    %jmp/0xz  T_12.0, 8;
    %pushi/vec4 0, 0, 1;
    %store/vec4 v02441d98_0, 0, 1;
    %jmp T_12.1;
T_12.0 ;
    %load/vec4 v024485c8_0;
    %store/vec4 v02441d98_0, 0, 1;
T_12.1 ;
    %jmp T_12;
    .thread T_12;
    .scope S_0248c8b8;
T_13 ;
    %wait E_0245b5c8;
    %load/vec4 v0248e240_0;
    %nor/r;
    %flag_set/vec4 8;
    %jmp/0xz  T_13.0, 8;
    %pushi/vec4 0, 0, 1;
    %store/vec4 v0248e190_0, 0, 1;
    %jmp T_13.1;
T_13.0 ;
    %load/vec4 v0248e138_0;
    %store/vec4 v0248e190_0, 0, 1;
T_13.1 ;
    %jmp T_13;
    .thread T_13;
    .scope S_0248ca58;
T_14 ;
    %wait E_0245b5c8;
    %load/vec4 v0248e3f8_0;
    %nor/r;
    %flag_set/vec4 8;
    %jmp/0xz  T_14.0, 8;
    %pushi/vec4 0, 0, 1;
    %store/vec4 v0248e348_0, 0, 1;
    %jmp T_14.1;
T_14.0 ;
    %load/vec4 v0248e2f0_0;
    %store/vec4 v0248e348_0, 0, 1;
T_14.1 ;
    %jmp T_14;
    .thread T_14;
    .scope S_0248cbf8;
T_15 ;
    %wait E_0245b5c8;
    %load/vec4 v0248e5b0_0;
    %nor/r;
    %flag_set/vec4 8;
    %jmp/0xz  T_15.0, 8;
    %pushi/vec4 0, 0, 1;
    %store/vec4 v0248e500_0, 0, 1;
    %jmp T_15.1;
T_15.0 ;
    %load/vec4 v0248e4a8_0;
    %store/vec4 v0248e500_0, 0, 1;
T_15.1 ;
    %jmp T_15;
    .thread T_15;
    .scope S_0248cd98;
T_16 ;
    %wait E_0245b5c8;
    %load/vec4 v0248e768_0;
    %nor/r;
    %flag_set/vec4 8;
    %jmp/0xz  T_16.0, 8;
    %pushi/vec4 0, 0, 1;
    %store/vec4 v0248e6b8_0, 0, 1;
    %jmp T_16.1;
T_16.0 ;
    %load/vec4 v0248e660_0;
    %store/vec4 v0248e6b8_0, 0, 1;
T_16.1 ;
    %jmp T_16;
    .thread T_16;
    .scope S_0248cf38;
T_17 ;
    %wait E_0245b5c8;
    %load/vec4 v0248e920_0;
    %nor/r;
    %flag_set/vec4 8;
    %jmp/0xz  T_17.0, 8;
    %pushi/vec4 0, 0, 1;
    %store/vec4 v0248e870_0, 0, 1;
    %jmp T_17.1;
T_17.0 ;
    %load/vec4 v0248e818_0;
    %store/vec4 v0248e870_0, 0, 1;
T_17.1 ;
    %jmp T_17;
    .thread T_17;
    .scope S_0248d0d8;
T_18 ;
    %wait E_0245b5c8;
    %load/vec4 v0248ead8_0;
    %nor/r;
    %flag_set/vec4 8;
    %jmp/0xz  T_18.0, 8;
    %pushi/vec4 0, 0, 1;
    %store/vec4 v0248ea28_0, 0, 1;
    %jmp T_18.1;
T_18.0 ;
    %load/vec4 v0248e9d0_0;
    %store/vec4 v0248ea28_0, 0, 1;
T_18.1 ;
    %jmp T_18;
    .thread T_18;
    .scope S_0248d278;
T_19 ;
    %wait E_0245b5c8;
    %load/vec4 v0248ec90_0;
    %nor/r;
    %flag_set/vec4 8;
    %jmp/0xz  T_19.0, 8;
    %pushi/vec4 0, 0, 1;
    %store/vec4 v0248ebe0_0, 0, 1;
    %jmp T_19.1;
T_19.0 ;
    %load/vec4 v0248eb88_0;
    %store/vec4 v0248ebe0_0, 0, 1;
T_19.1 ;
    %jmp T_19;
    .thread T_19;
    .scope S_0248d418;
T_20 ;
    %wait E_0245b5c8;
    %load/vec4 v0248ee48_0;
    %nor/r;
    %flag_set/vec4 8;
    %jmp/0xz  T_20.0, 8;
    %pushi/vec4 0, 0, 1;
    %store/vec4 v0248ed98_0, 0, 1;
    %jmp T_20.1;
T_20.0 ;
    %load/vec4 v0248ed40_0;
    %store/vec4 v0248ed98_0, 0, 1;
T_20.1 ;
    %jmp T_20;
    .thread T_20;
    .scope S_0248d5b8;
T_21 ;
    %wait E_0245b5c8;
    %load/vec4 v0248f000_0;
    %nor/r;
    %flag_set/vec4 8;
    %jmp/0xz  T_21.0, 8;
    %pushi/vec4 0, 0, 1;
    %store/vec4 v0248ef50_0, 0, 1;
    %jmp T_21.1;
T_21.0 ;
    %load/vec4 v0248eef8_0;
    %store/vec4 v0248ef50_0, 0, 1;
T_21.1 ;
    %jmp T_21;
    .thread T_21;
    .scope S_0248d758;
T_22 ;
    %wait E_0245b5c8;
    %load/vec4 v024914f8_0;
    %nor/r;
    %flag_set/vec4 8;
    %jmp/0xz  T_22.0, 8;
    %pushi/vec4 0, 0, 1;
    %store/vec4 v02491448_0, 0, 1;
    %jmp T_22.1;
T_22.0 ;
    %load/vec4 v024913f0_0;
    %store/vec4 v02491448_0, 0, 1;
T_22.1 ;
    %jmp T_22;
    .thread T_22;
    .scope S_0248d8f8;
T_23 ;
    %wait E_0245b5c8;
    %load/vec4 v024916b0_0;
    %nor/r;
    %flag_set/vec4 8;
    %jmp/0xz  T_23.0, 8;
    %pushi/vec4 0, 0, 1;
    %store/vec4 v02491600_0, 0, 1;
    %jmp T_23.1;
T_23.0 ;
    %load/vec4 v024915a8_0;
    %store/vec4 v02491600_0, 0, 1;
T_23.1 ;
    %jmp T_23;
    .thread T_23;
    .scope S_0248da98;
T_24 ;
    %wait E_0245b5c8;
    %load/vec4 v02491868_0;
    %nor/r;
    %flag_set/vec4 8;
    %jmp/0xz  T_24.0, 8;
    %pushi/vec4 0, 0, 1;
    %store/vec4 v024917b8_0, 0, 1;
    %jmp T_24.1;
T_24.0 ;
    %load/vec4 v02491760_0;
    %store/vec4 v024917b8_0, 0, 1;
T_24.1 ;
    %jmp T_24;
    .thread T_24;
    .scope S_0248dc38;
T_25 ;
    %wait E_0245b5c8;
    %load/vec4 v02491a20_0;
    %nor/r;
    %flag_set/vec4 8;
    %jmp/0xz  T_25.0, 8;
    %pushi/vec4 0, 0, 1;
    %store/vec4 v02491970_0, 0, 1;
    %jmp T_25.1;
T_25.0 ;
    %load/vec4 v02491918_0;
    %store/vec4 v02491970_0, 0, 1;
T_25.1 ;
    %jmp T_25;
    .thread T_25;
    .scope S_0248ddd8;
T_26 ;
    %wait E_0245b5c8;
    %load/vec4 v02491bd8_0;
    %nor/r;
    %flag_set/vec4 8;
    %jmp/0xz  T_26.0, 8;
    %pushi/vec4 0, 0, 1;
    %store/vec4 v02491b28_0, 0, 1;
    %jmp T_26.1;
T_26.0 ;
    %load/vec4 v02491ad0_0;
    %store/vec4 v02491b28_0, 0, 1;
T_26.1 ;
    %jmp T_26;
    .thread T_26;
    .scope S_02492468;
T_27 ;
    %wait E_0245b5c8;
    %load/vec4 v02491d90_0;
    %nor/r;
    %flag_set/vec4 8;
    %jmp/0xz  T_27.0, 8;
    %pushi/vec4 0, 0, 1;
    %store/vec4 v02491ce0_0, 0, 1;
    %jmp T_27.1;
T_27.0 ;
    %load/vec4 v02491c88_0;
    %store/vec4 v02491ce0_0, 0, 1;
T_27.1 ;
    %jmp T_27;
    .thread T_27;
    .scope S_02492608;
T_28 ;
    %wait E_0245b5c8;
    %load/vec4 v02491f48_0;
    %nor/r;
    %flag_set/vec4 8;
    %jmp/0xz  T_28.0, 8;
    %pushi/vec4 0, 0, 1;
    %store/vec4 v02491e98_0, 0, 1;
    %jmp T_28.1;
T_28.0 ;
    %load/vec4 v02491e40_0;
    %store/vec4 v02491e98_0, 0, 1;
T_28.1 ;
    %jmp T_28;
    .thread T_28;
    .scope S_024927a8;
T_29 ;
    %wait E_0245b5c8;
    %load/vec4 v02492100_0;
    %nor/r;
    %flag_set/vec4 8;
    %jmp/0xz  T_29.0, 8;
    %pushi/vec4 0, 0, 1;
    %store/vec4 v02492050_0, 0, 1;
    %jmp T_29.1;
T_29.0 ;
    %load/vec4 v02491ff8_0;
    %store/vec4 v02492050_0, 0, 1;
T_29.1 ;
    %jmp T_29;
    .thread T_29;
    .scope S_02492948;
T_30 ;
    %wait E_0245b5c8;
    %load/vec4 v024922b8_0;
    %nor/r;
    %flag_set/vec4 8;
    %jmp/0xz  T_30.0, 8;
    %pushi/vec4 0, 0, 1;
    %store/vec4 v02492208_0, 0, 1;
    %jmp T_30.1;
T_30.0 ;
    %load/vec4 v024921b0_0;
    %store/vec4 v02492208_0, 0, 1;
T_30.1 ;
    %jmp T_30;
    .thread T_30;
    .scope S_02492ae8;
T_31 ;
    %wait E_0245b5c8;
    %load/vec4 v024964a0_0;
    %nor/r;
    %flag_set/vec4 8;
    %jmp/0xz  T_31.0, 8;
    %pushi/vec4 0, 0, 1;
    %store/vec4 v024963f0_0, 0, 1;
    %jmp T_31.1;
T_31.0 ;
    %load/vec4 v02496398_0;
    %store/vec4 v024963f0_0, 0, 1;
T_31.1 ;
    %jmp T_31;
    .thread T_31;
    .scope S_0249c4d0;
T_32 ;
    %vpi_call 6 14 "$display", "\011Q       \011D       \011we \011rst\011clk\011time" {0 0 0};
    %vpi_call 6 15 "$monitor", "\011%h\011%h\011%b  \011%b  \011%b  \011%g", v024a1ba0_0, v024a1b48_0, v024a1d00_0, v024a1ca8_0, v024a1bf8_0, $time {0 0 0};
    %end;
    .thread T_32;
    .scope S_0249c4d0;
T_33 ;
    %pushi/vec4 0, 0, 32;
    %store/vec4 v024a1b48_0, 0, 32;
    %pushi/vec4 0, 0, 1;
    %store/vec4 v024a1d00_0, 0, 1;
    %pushi/vec4 1, 0, 1;
    %store/vec4 v024a1bf8_0, 0, 1;
    %pushi/vec4 1, 0, 1;
    %store/vec4 v024a1ca8_0, 0, 1;
    %delay 1, 0;
    %pushi/vec4 0, 0, 1;
    %store/vec4 v024a1ca8_0, 0, 1;
    %delay 1, 0;
    %pushi/vec4 1, 0, 1;
    %store/vec4 v024a1ca8_0, 0, 1;
    %delay 1, 0;
    %pushi/vec4 2900752621, 0, 32;
    %store/vec4 v024a1b48_0, 0, 32;
    %delay 1, 0;
    %pushi/vec4 0, 0, 32;
    %store/vec4 v024a1c50_0, 0, 32;
T_33.0 ;
    %load/vec4 v024a1c50_0;
    %cmpi/s 2, 0, 32;
    %jmp/0xz T_33.1, 5;
    %load/vec4 v024a1bf8_0;
    %inv;
    %store/vec4 v024a1bf8_0, 0, 1;
    %delay 1, 0;
    %load/vec4 v024a1c50_0;
    %addi 1, 0, 32;
    %store/vec4 v024a1c50_0, 0, 32;
    %jmp T_33.0;
T_33.1 ;
    %pushi/vec4 1, 0, 1;
    %store/vec4 v024a1d00_0, 0, 1;
    %pushi/vec4 0, 0, 32;
    %store/vec4 v024a1c50_0, 0, 32;
T_33.2 ;
    %load/vec4 v024a1c50_0;
    %cmpi/s 4, 0, 32;
    %jmp/0xz T_33.3, 5;
    %load/vec4 v024a1bf8_0;
    %inv;
    %store/vec4 v024a1bf8_0, 0, 1;
    %delay 1, 0;
    %load/vec4 v024a1c50_0;
    %addi 1, 0, 32;
    %store/vec4 v024a1c50_0, 0, 32;
    %jmp T_33.2;
T_33.3 ;
    %pushi/vec4 0, 0, 1;
    %store/vec4 v024a1d00_0, 0, 1;
    %pushi/vec4 0, 0, 32;
    %store/vec4 v024a1c50_0, 0, 32;
T_33.4 ;
    %load/vec4 v024a1c50_0;
    %cmpi/s 2, 0, 32;
    %jmp/0xz T_33.5, 5;
    %load/vec4 v024a1bf8_0;
    %inv;
    %store/vec4 v024a1bf8_0, 0, 1;
    %delay 1, 0;
    %load/vec4 v024a1c50_0;
    %addi 1, 0, 32;
    %store/vec4 v024a1c50_0, 0, 32;
    %jmp T_33.4;
T_33.5 ;
    %pushi/vec4 518502935, 0, 32;
    %store/vec4 v024a1b48_0, 0, 32;
    %delay 1, 0;
    %pushi/vec4 0, 0, 32;
    %store/vec4 v024a1c50_0, 0, 32;
T_33.6 ;
    %load/vec4 v024a1c50_0;
    %cmpi/s 2, 0, 32;
    %jmp/0xz T_33.7, 5;
    %load/vec4 v024a1bf8_0;
    %inv;
    %store/vec4 v024a1bf8_0, 0, 1;
    %delay 1, 0;
    %load/vec4 v024a1c50_0;
    %addi 1, 0, 32;
    %store/vec4 v024a1c50_0, 0, 32;
    %jmp T_33.6;
T_33.7 ;
    %pushi/vec4 1, 0, 1;
    %store/vec4 v024a1d00_0, 0, 1;
    %pushi/vec4 0, 0, 32;
    %store/vec4 v024a1c50_0, 0, 32;
T_33.8 ;
    %load/vec4 v024a1c50_0;
    %cmpi/s 4, 0, 32;
    %jmp/0xz T_33.9, 5;
    %load/vec4 v024a1bf8_0;
    %inv;
    %store/vec4 v024a1bf8_0, 0, 1;
    %delay 1, 0;
    %load/vec4 v024a1c50_0;
    %addi 1, 0, 32;
    %store/vec4 v024a1c50_0, 0, 32;
    %jmp T_33.8;
T_33.9 ;
    %pushi/vec4 0, 0, 1;
    %store/vec4 v024a1d00_0, 0, 1;
    %pushi/vec4 0, 0, 32;
    %store/vec4 v024a1c50_0, 0, 32;
T_33.10 ;
    %load/vec4 v024a1c50_0;
    %cmpi/s 2, 0, 32;
    %jmp/0xz T_33.11, 5;
    %load/vec4 v024a1bf8_0;
    %inv;
    %store/vec4 v024a1bf8_0, 0, 1;
    %delay 1, 0;
    %load/vec4 v024a1c50_0;
    %addi 1, 0, 32;
    %store/vec4 v024a1c50_0, 0, 32;
    %jmp T_33.10;
T_33.11 ;
    %vpi_call 6 59 "$finish" {0 0 0};
    %end;
    .thread T_33;
    .scope S_0093fbd8;
T_34 ;
    %vpi_call 2 23 "$dumpfile", "register_32bit.vcd" {0 0 0};
    %vpi_call 2 24 "$dumpvars", 32'sb00000000000000000000000000000001, S_0093fca8 {0 0 0};
    %end;
    .thread T_34;
# The file index is used to find the file name in the following table.
:file_names 7;
    "N/A";
    "<interactive>";
    "register_32bit_testbench.v";
    "./register_32bit.v";
    "./d_flipflop/d_flipflop.v";
    "./../shared_modules/mux_2to1/mux_2to1.v";
    "./register_32bit_tester.v";
