#! c:/iverilog-x86/bin/vvp
:ivl_version "10.0 (stable)" "(v10_0)";
:ivl_delay_selection "TYPICAL";
:vpi_time_precision + 0;
:vpi_module "system";
:vpi_module "vhdl_sys";
:vpi_module "v2005_math";
:vpi_module "va_math";
S_00ffddd8 .scope module, "Twos_tb" "Twos_tb" 2 10;
 .timescale 0 0;
v00ff4ac0_0 .net "in", 31 0, v00ffe610_0;  1 drivers
v00ff4b18_0 .net "out", 31 0, v00ffe5b8_0;  1 drivers
S_00ffe4e8 .scope module, "dut" "Twos_Complimenter" 2 14, 3 1 0, S_00ffddd8;
 .timescale 0 0;
    .port_info 0 /INPUT 32 "in"
    .port_info 1 /OUTPUT 32 "out"
v00ffdea8_0 .net "in", 31 0, v00ffe610_0;  alias, 1 drivers
v00ffe5b8_0 .var "out", 31 0;
E_02752bb8 .event edge, v00ffdea8_0;
S_00ff4998 .scope module, "tester" "Twos_Tester" 2 16, 4 7 0, S_00ffddd8;
 .timescale 0 0;
    .port_info 0 /OUTPUT 32 "in"
    .port_info 1 /INPUT 32 "out"
P_02752f28 .param/l "stimDelay" 0 4 14, +C4<00000000000000000000000000000001>;
v00ffe610_0 .var "in", 31 0;
v00ff4a68_0 .net "out", 31 0, v00ffe5b8_0;  alias, 1 drivers
    .scope S_00ffe4e8;
T_0 ;
    %wait E_02752bb8;
    %load/vec4 v00ffdea8_0;
    %inv;
    %addi 1, 0, 32;
    %store/vec4 v00ffe5b8_0, 0, 32;
    %jmp T_0;
    .thread T_0, $push;
    .scope S_00ff4998;
T_1 ;
    %vpi_call 4 19 "$display", "\011\011 in \011\011 out " {0 0 0};
    %vpi_call 4 20 "$monitor", "\011\011 %d \011\011 %d \011 %g", v00ffe610_0, v00ff4a68_0, $time {0 0 0};
    %end;
    .thread T_1;
    .scope S_00ff4998;
T_2 ;
    %delay 1, 0;
    %pushi/vec4 134217727, 0, 32;
    %store/vec4 v00ffe610_0, 0, 32;
    %delay 1, 0;
    %pushi/vec4 150994943, 0, 32;
    %store/vec4 v00ffe610_0, 0, 32;
    %delay 1, 0;
    %pushi/vec4 167772159, 0, 32;
    %store/vec4 v00ffe610_0, 0, 32;
    %delay 1, 0;
    %pushi/vec4 184549375, 0, 32;
    %store/vec4 v00ffe610_0, 0, 32;
    %delay 1, 0;
    %pushi/vec4 201326591, 0, 32;
    %store/vec4 v00ffe610_0, 0, 32;
    %delay 1, 0;
    %pushi/vec4 218103807, 0, 32;
    %store/vec4 v00ffe610_0, 0, 32;
    %delay 1, 0;
    %pushi/vec4 234881023, 0, 32;
    %store/vec4 v00ffe610_0, 0, 32;
    %delay 1, 0;
    %delay 1, 0;
    %pushi/vec4 4294967294, 0, 32;
    %store/vec4 v00ffe610_0, 0, 32;
    %delay 1, 0;
    %pushi/vec4 4294965296, 0, 32;
    %store/vec4 v00ffe610_0, 0, 32;
    %delay 1, 0;
    %pushi/vec4 4294647296, 0, 32;
    %store/vec4 v00ffe610_0, 0, 32;
    %delay 1, 0;
    %pushi/vec4 4294967286, 0, 32;
    %store/vec4 v00ffe610_0, 0, 32;
    %delay 2, 0;
    %vpi_call 4 52 "$finish" {0 0 0};
    %end;
    .thread T_2;
    .scope S_00ffddd8;
T_3 ;
    %vpi_call 2 20 "$dumpfile", "TwosTest.vcd" {0 0 0};
    %vpi_call 2 21 "$dumpvars", 32'sb00000000000000000000000000000001, S_00ffe4e8 {0 0 0};
    %end;
    .thread T_3;
# The file index is used to find the file name in the following table.
:file_names 5;
    "N/A";
    "<interactive>";
    "Twos_tb.v";
    "./Twos_Complimenter.v";
    "./Twos_Tester.v";
