#! c:/iverilog-x86/bin/vvp
:ivl_version "10.0 (stable)" "(v10_0)";
:ivl_delay_selection "TYPICAL";
:vpi_time_precision + 0;
:vpi_module "system";
:vpi_module "vhdl_sys";
:vpi_module "v2005_math";
:vpi_module "va_math";
S_01126860 .scope module, "df_tb" "df_tb" 2 9;
 .timescale 0 0;
v0116ef88_0 .net "EXMEM_Data2Mem", 31 0, v011662d8_0;  1 drivers
v0116f198_0 .net "MEMWB_MemData", 31 0, v011661d0_0;  1 drivers
v0116f248_0 .net "alu0", 0 0, v01168dd0_0;  1 drivers
v0116fa30_0 .net "alu1", 0 0, v01168e28_0;  1 drivers
v0116fdf8_0 .net "aluD0", 31 0, v01168f30_0;  1 drivers
v0116fb38_0 .net "aluD1", 31 0, v01169090_0;  1 drivers
v0116f610_0 .net "aluEXMEM_Data", 31 0, v01165a98_0;  1 drivers
v0116fc40_0 .net "aluMEMWB_Data", 31 0, v01165bf8_0;  1 drivers
v0116f6c0_0 .net "calc_branch", 0 0, v011690e8_0;  1 drivers
v0116f8d0_0 .net "exmem", 0 0, v01168fe0_0;  1 drivers
v0116fda0_0 .net "exmemD", 31 0, v01168640_0;  1 drivers
v0116f668_0 .net "instrEXMEM", 31 0, L_0116fc98;  1 drivers
v0116f7c8_0 .net "instrIDEX", 31 0, L_0116ff00;  1 drivers
v0116fe50_0 .net "instrIFID", 31 0, L_0116f770;  1 drivers
v0116fcf0_0 .net "instrMEMWB", 31 0, L_0116f928;  1 drivers
v0116fa88_0 .net "jmp0", 0 0, v01168c70_0;  1 drivers
v0116ffb0_0 .net "jmp0D", 31 0, v01168cc8_0;  1 drivers
v0116fea8_0 .net "jmp1", 0 0, v01168d20_0;  1 drivers
v0116fae0_0 .net "jmp1D", 31 0, v011692f8_0;  1 drivers
v0116fb90_0 .net "memMemD", 31 0, v01169350_0;  1 drivers
v0116f980_0 .net "mem_mem", 0 0, v01169400_0;  1 drivers
v0116f718_0 .net "stall", 0 0, v01165e60_0;  1 drivers
S_011b58b0 .scope module, "dut" "dataForwarding" 2 59, 3 50 0, S_01126860;
 .timescale 0 0;
    .port_info 0 /INPUT 32 "instrIFID"
    .port_info 1 /INPUT 32 "instrIDEX"
    .port_info 2 /INPUT 32 "instrEXMEM"
    .port_info 3 /INPUT 32 "instrMEMWB"
    .port_info 4 /INPUT 32 "aluEXMEM_Data"
    .port_info 5 /INPUT 32 "aluMEMWB_Data"
    .port_info 6 /INPUT 32 "EXMEM_Data2Mem"
    .port_info 7 /INPUT 32 "MEMWB_MemData"
    .port_info 8 /OUTPUT 32 "jmp0D"
    .port_info 9 /OUTPUT 32 "jmp1D"
    .port_info 10 /OUTPUT 32 "aluD0"
    .port_info 11 /OUTPUT 32 "aluD1"
    .port_info 12 /OUTPUT 32 "exmemD"
    .port_info 13 /OUTPUT 32 "memMemD"
    .port_info 14 /OUTPUT 1 "jmp0"
    .port_info 15 /OUTPUT 1 "jmp1"
    .port_info 16 /OUTPUT 1 "stall"
    .port_info 17 /OUTPUT 1 "calc_branch"
    .port_info 18 /OUTPUT 1 "alu0"
    .port_info 19 /OUTPUT 1 "alu1"
    .port_info 20 /OUTPUT 1 "exmem"
    .port_info 21 /OUTPUT 1 "mem_mem"
P_01126af0 .param/l "ADD" 0 3 116, C4<100000>;
P_01126b10 .param/l "ADDI" 0 3 103, C4<001000>;
P_01126b30 .param/l "AND" 0 3 118, C4<100100>;
P_01126b50 .param/l "ANDI" 0 3 105, C4<001100>;
P_01126b70 .param/l "BGTI" 0 3 102, C4<000111>;
P_01126b90 .param/l "JR" 0 3 115, C4<001000>;
P_01126bb0 .param/l "JUMP" 0 3 101, C4<000010>;
P_01126bd0 .param/l "LW" 0 3 109, C4<100011>;
P_01126bf0 .param/l "NOP" 0 3 113, C4<000000>;
P_01126c10 .param/l "OR" 0 3 119, C4<100101>;
P_01126c30 .param/l "ORI" 0 3 106, C4<001101>;
P_01126c50 .param/l "REG" 0 3 100, C4<000000>;
P_01126c70 .param/l "SLLI" 0 3 108, C4<001111>;
P_01126c90 .param/l "SLLV" 0 3 114, C4<000100>;
P_01126cb0 .param/l "SLT" 0 3 121, C4<101010>;
P_01126cd0 .param/l "SLTI" 0 3 104, C4<001010>;
P_01126cf0 .param/l "SUB" 0 3 117, C4<100010>;
P_01126d10 .param/l "SW" 0 3 110, C4<101011>;
P_01126d30 .param/l "XOR" 0 3 120, C4<100110>;
P_01126d50 .param/l "XORI" 0 3 107, C4<001110>;
L_0110ac90 .functor OR 1, L_01170690, L_01170798, C4<0>, C4<0>;
L_0110adf8 .functor OR 1, L_0110ac90, L_01170530, C4<0>, C4<0>;
L_0110af60 .functor OR 1, L_0110adf8, L_01170848, C4<0>, C4<0>;
L_0110ac48 .functor OR 1, L_0110af60, L_011708a0, C4<0>, C4<0>;
L_0110afa8 .functor OR 1, L_0110ac48, L_011709a8, C4<0>, C4<0>;
L_02918f78 .functor OR 1, L_0110afa8, L_01170e20, C4<0>, C4<0>;
L_02918af8 .functor OR 1, L_02918f78, L_011710e0, C4<0>, C4<0>;
L_02918b40 .functor OR 1, L_01170fd8, L_011713a0, C4<0>, C4<0>;
L_02918b88 .functor OR 1, L_02918b40, L_01171348, C4<0>, C4<0>;
L_02918a68 .functor OR 1, L_02918b88, L_01171450, C4<0>, C4<0>;
L_02918f30 .functor OR 1, L_02918a68, L_01170dc8, C4<0>, C4<0>;
L_02918ea0 .functor OR 1, L_02918f30, L_01170b60, C4<0>, C4<0>;
L_029189d8 .functor OR 1, L_02918ea0, L_01171500, C4<0>, C4<0>;
L_02918d80 .functor OR 1, L_029189d8, L_01170e78, C4<0>, C4<0>;
L_02918ca8 .functor OR 1, L_011715b0, L_01170d18, C4<0>, C4<0>;
L_02918e10 .functor OR 1, L_02918ca8, L_011711e8, C4<0>, C4<0>;
L_02918cf0 .functor OR 1, L_02918e10, L_01170cc0, C4<0>, C4<0>;
L_02918bd0 .functor OR 1, L_02918cf0, L_01170bb8, C4<0>, C4<0>;
L_02918c18 .functor OR 1, L_02918bd0, L_01171088, C4<0>, C4<0>;
L_02918d38 .functor OR 1, L_02918c18, L_011716b8, C4<0>, C4<0>;
L_02918dc8 .functor OR 1, L_02918d38, L_01172058, C4<0>, C4<0>;
L_02918a20 .functor OR 1, L_011718c8, L_01171fa8, C4<0>, C4<0>;
L_02919008 .functor OR 1, L_02918a20, L_01172108, C4<0>, C4<0>;
L_02918fc0 .functor OR 1, L_02919008, L_01171818, C4<0>, C4<0>;
L_02918ab0 .functor OR 1, L_02918fc0, L_01171df0, C4<0>, C4<0>;
L_02918c60 .functor OR 1, L_02918ab0, L_01171ea0, C4<0>, C4<0>;
L_02918e58 .functor OR 1, L_02918c60, L_01171a28, C4<0>, C4<0>;
L_02918ee8 .functor OR 1, L_02918e58, L_01171710, C4<0>, C4<0>;
L_02918990 .functor OR 1, L_01171ad8, L_01171768, C4<0>, C4<0>;
L_02918750 .functor OR 1, L_02918990, L_01171ce8, C4<0>, C4<0>;
L_029183f0 .functor OR 1, L_02918750, L_01171a80, C4<0>, C4<0>;
L_02918798 .functor OR 1, L_029183f0, L_01171b88, C4<0>, C4<0>;
L_029182d0 .functor OR 1, L_02918798, L_01171c38, C4<0>, C4<0>;
L_029187e0 .functor OR 1, L_011725d8, L_011721b8, C4<0>, C4<0>;
L_029184c8 .functor OR 1, L_029187e0, L_01172160, C4<0>, C4<0>;
L_02918510 .functor OR 1, L_029184c8, L_011729a0, C4<0>, C4<0>;
L_029181b0 .functor OR 1, L_02918510, L_01172370, C4<0>, C4<0>;
L_02918678 .functor OR 1, L_029181b0, L_011722c0, C4<0>, C4<0>;
L_02918318 .functor OR 1, L_01172210, L_01172948, C4<0>, C4<0>;
L_02918360 .functor OR 1, L_02918318, L_01172318, C4<0>, C4<0>;
L_029183a8 .functor OR 1, L_02918360, L_01172898, C4<0>, C4<0>;
L_029185e8 .functor OR 1, L_029183a8, L_01172738, C4<0>, C4<0>;
L_02918828 .functor OR 1, L_029185e8, L_01172478, C4<0>, C4<0>;
L_029188b8 .functor OR 1, L_011727e8, L_0117a8b8, C4<0>, C4<0>;
L_029181f8 .functor OR 1, L_029188b8, L_0117a650, C4<0>, C4<0>;
L_02918438 .functor OR 1, L_029181f8, L_0117a968, C4<0>, C4<0>;
L_02918870 .functor OR 1, L_02918438, L_0117a700, C4<0>, C4<0>;
L_02918240 .functor OR 1, L_02918870, L_0117acd8, C4<0>, C4<0>;
L_02918900 .functor OR 1, L_0117ae38, L_0117a758, C4<0>, C4<0>;
L_02918090 .functor OR 1, L_02918900, L_0117ad30, C4<0>, C4<0>;
L_02918558 .functor OR 1, L_02918090, L_0117ac80, C4<0>, C4<0>;
L_02918288 .functor OR 1, L_02918558, L_0117a808, C4<0>, C4<0>;
L_02918708 .functor OR 1, L_02918288, L_0117af40, C4<0>, C4<0>;
L_029185a0 .functor OR 1, L_02918708, L_0117a9c0, C4<0>, C4<0>;
L_02918480 .functor OR 1, L_0117a5a0, L_0117a6a8, C4<0>, C4<0>;
L_02918630 .functor OR 1, L_02918480, L_0117ab78, C4<0>, C4<0>;
L_029186c0 .functor OR 1, L_02918630, L_0117ac28, C4<0>, C4<0>;
L_02918168 .functor OR 1, L_029186c0, L_0117b0f8, C4<0>, C4<0>;
L_02918948 .functor OR 1, L_02918168, L_0117b410, C4<0>, C4<0>;
L_029180d8 .functor OR 1, L_02918948, L_0117b150, C4<0>, C4<0>;
L_02918120 .functor OR 1, L_0117b2b0, L_0117b1a8, C4<0>, C4<0>;
L_0291a0a8 .functor OR 1, L_02918120, L_0117b468, C4<0>, C4<0>;
L_0291a018 .functor OR 1, L_0291a0a8, L_0117b8e0, C4<0>, C4<0>;
L_02919f40 .functor OR 1, L_0291a018, L_0117b3b8, C4<0>, C4<0>;
L_02919ef8 .functor OR 1, L_02919f40, L_0117b4c0, C4<0>, C4<0>;
L_02919d48 .functor OR 1, L_02919ef8, L_0117b830, C4<0>, C4<0>;
L_02919c28 .functor OR 1, L_0117b6d0, L_0117b780, C4<0>, C4<0>;
L_02919eb0 .functor OR 1, L_02919c28, L_01177bb0, C4<0>, C4<0>;
L_02919fd0 .functor OR 1, L_02919eb0, L_01177b58, C4<0>, C4<0>;
L_0291a258 .functor OR 1, L_02919fd0, L_011783f0, C4<0>, C4<0>;
L_02919a78 .functor OR 1, L_0291a258, L_011779a0, C4<0>, C4<0>;
L_02919c70 .functor OR 1, L_02919a78, L_01177c60, C4<0>, C4<0>;
L_0291a0f0 .functor OR 1, L_01178028, L_011779f8, C4<0>, C4<0>;
L_02919ac0 .functor OR 1, L_0291a0f0, L_01177a50, C4<0>, C4<0>;
L_02919cb8 .functor OR 1, L_02919ac0, L_01177dc0, C4<0>, C4<0>;
L_02919a30 .functor OR 1, L_02919cb8, L_01177d10, C4<0>, C4<0>;
L_02919d00 .functor OR 1, L_02919a30, L_01177f20, C4<0>, C4<0>;
L_02919b08 .functor OR 1, L_02919d00, L_01177aa8, C4<0>, C4<0>;
L_0291a1c8 .functor OR 1, L_01177c08, L_01177cb8, C4<0>, C4<0>;
L_02919d90 .functor OR 1, L_0291a1c8, L_01178340, C4<0>, C4<0>;
L_0291a138 .functor OR 1, L_02919d90, L_01178238, C4<0>, C4<0>;
L_0291a060 .functor OR 1, L_0291a138, L_011781e0, C4<0>, C4<0>;
L_02919dd8 .functor OR 1, L_0291a060, L_01178290, C4<0>, C4<0>;
L_02919b50 .functor OR 1, L_02919dd8, L_01177f78, C4<0>, C4<0>;
L_029199e8 .functor OR 1, L_01177d68, L_011782e8, C4<0>, C4<0>;
L_0291a180 .functor OR 1, L_029199e8, L_01178080, C4<0>, C4<0>;
L_02919e20 .functor OR 1, L_0291a180, L_01177fd0, C4<0>, C4<0>;
L_02919e68 .functor OR 1, L_02919e20, L_011780d8, C4<0>, C4<0>;
L_0291a210 .functor OR 1, L_02919e68, L_01177e18, C4<0>, C4<0>;
L_02919b98 .functor OR 1, L_0291a210, L_01177e70, C4<0>, C4<0>;
L_02919f88 .functor OR 1, L_01177ec8, L_01178398, C4<0>, C4<0>;
L_02919be0 .functor OR 1, L_02919f88, L_01178760, C4<0>, C4<0>;
L_029199a0 .functor OR 1, L_02919be0, L_01178ef0, C4<0>, C4<0>;
L_0291a7b0 .functor OR 1, L_029199a0, L_01178f48, C4<0>, C4<0>;
L_0291a450 .functor OR 1, L_0291a7b0, L_01178c30, C4<0>, C4<0>;
L_0291a408 .functor OR 1, L_0291a450, L_01178d38, C4<0>, C4<0>;
v01114cf8_0 .net "EXMEM_Data2Mem", 31 0, v011662d8_0;  alias, 1 drivers
v011148d8_0 .net "MEMWB_MemData", 31 0, v011661d0_0;  alias, 1 drivers
v01114930_0 .net *"_s1", 5 0, L_0116ff58;  1 drivers
L_028e0348 .functor BUFT 1, C4<001111>, C4<0>, C4<0>, C4<0>;
v01114bf0_0 .net/2u *"_s100", 5 0, L_028e0348;  1 drivers
L_028e1f90 .functor BUFT 1, C4<100100>, C4<0>, C4<0>, C4<0>;
v01114da8_0 .net/2u *"_s1000", 5 0, L_028e1f90;  1 drivers
v0115d038_0 .net *"_s1002", 0 0, L_01178ef0;  1 drivers
v0115d090_0 .net *"_s1004", 0 0, L_029199a0;  1 drivers
L_028e1fb8 .functor BUFT 1, C4<100101>, C4<0>, C4<0>, C4<0>;
v0115d198_0 .net/2u *"_s1006", 5 0, L_028e1fb8;  1 drivers
v0115cb68_0 .net *"_s1008", 0 0, L_01178f48;  1 drivers
v0115d0e8_0 .net *"_s1010", 0 0, L_0291a7b0;  1 drivers
L_028e1fe0 .functor BUFT 1, C4<100110>, C4<0>, C4<0>, C4<0>;
v0115d140_0 .net/2u *"_s1012", 5 0, L_028e1fe0;  1 drivers
v0115d1f0_0 .net *"_s1014", 0 0, L_01178c30;  1 drivers
v0115ce28_0 .net *"_s1016", 0 0, L_0291a450;  1 drivers
L_028e2008 .functor BUFT 1, C4<000100>, C4<0>, C4<0>, C4<0>;
v0115cbc0_0 .net/2u *"_s1018", 5 0, L_028e2008;  1 drivers
v0115cc18_0 .net *"_s102", 0 0, L_011709a8;  1 drivers
v0115ccc8_0 .net *"_s1020", 0 0, L_01178d38;  1 drivers
v0115c958_0 .net *"_s104", 0 0, L_0110afa8;  1 drivers
v0115cdd0_0 .net *"_s106", 5 0, L_01170a00;  1 drivers
L_028e0370 .functor BUFT 1, C4<0>, C4<0>, C4<0>, C4<0>;
v0115ce80_0 .net *"_s109", 0 0, L_028e0370;  1 drivers
L_028e0398 .functor BUFT 1, C4<101011>, C4<0>, C4<0>, C4<0>;
v0115d248_0 .net/2u *"_s110", 5 0, L_028e0398;  1 drivers
v0115c9b0_0 .net *"_s112", 0 0, L_01170e20;  1 drivers
v0115ca08_0 .net *"_s114", 0 0, L_02918f78;  1 drivers
v0115ca60_0 .net *"_s116", 5 0, L_01171030;  1 drivers
L_028e03c0 .functor BUFT 1, C4<0>, C4<0>, C4<0>, C4<0>;
v0115ced8_0 .net *"_s119", 0 0, L_028e03c0;  1 drivers
L_028e03e8 .functor BUFT 1, C4<100011>, C4<0>, C4<0>, C4<0>;
v0115d2a0_0 .net/2u *"_s120", 5 0, L_028e03e8;  1 drivers
v0115cc70_0 .net *"_s122", 0 0, L_011710e0;  1 drivers
v0115d2f8_0 .net *"_s126", 5 0, L_01170ed0;  1 drivers
L_028e0410 .functor BUFT 1, C4<0>, C4<0>, C4<0>, C4<0>;
v0115d350_0 .net *"_s129", 0 0, L_028e0410;  1 drivers
v0115cd20_0 .net *"_s13", 5 0, L_011705e0;  1 drivers
L_028e0438 .functor BUFT 1, C4<001000>, C4<0>, C4<0>, C4<0>;
v0115c900_0 .net/2u *"_s130", 5 0, L_028e0438;  1 drivers
v0115cab8_0 .net *"_s132", 0 0, L_01170fd8;  1 drivers
v0115d3a8_0 .net *"_s134", 5 0, L_011712f0;  1 drivers
L_028e0460 .functor BUFT 1, C4<0>, C4<0>, C4<0>, C4<0>;
v0115cb10_0 .net *"_s137", 0 0, L_028e0460;  1 drivers
L_028e0488 .functor BUFT 1, C4<001010>, C4<0>, C4<0>, C4<0>;
v0115cf30_0 .net/2u *"_s138", 5 0, L_028e0488;  1 drivers
v0115cd78_0 .net *"_s140", 0 0, L_011713a0;  1 drivers
v0115cf88_0 .net *"_s142", 0 0, L_02918b40;  1 drivers
v0115cfe0_0 .net *"_s144", 5 0, L_01171608;  1 drivers
L_028e04b0 .functor BUFT 1, C4<0>, C4<0>, C4<0>, C4<0>;
v0115d8d0_0 .net *"_s147", 0 0, L_028e04b0;  1 drivers
L_028e04d8 .functor BUFT 1, C4<001101>, C4<0>, C4<0>, C4<0>;
v0115d560_0 .net/2u *"_s148", 5 0, L_028e04d8;  1 drivers
v0115db38_0 .net *"_s150", 0 0, L_01171348;  1 drivers
v0115dbe8_0 .net *"_s152", 0 0, L_02918b88;  1 drivers
v0115da88_0 .net *"_s154", 5 0, L_011713f8;  1 drivers
L_028e0500 .functor BUFT 1, C4<0>, C4<0>, C4<0>, C4<0>;
v0115d770_0 .net *"_s157", 0 0, L_028e0500;  1 drivers
L_028e0528 .functor BUFT 1, C4<001100>, C4<0>, C4<0>, C4<0>;
v0115d7c8_0 .net/2u *"_s158", 5 0, L_028e0528;  1 drivers
v0115d928_0 .net *"_s160", 0 0, L_01171450;  1 drivers
v0115d820_0 .net *"_s162", 0 0, L_02918a68;  1 drivers
v0115da30_0 .net *"_s164", 5 0, L_01170c68;  1 drivers
L_028e0550 .functor BUFT 1, C4<0>, C4<0>, C4<0>, C4<0>;
v0115d878_0 .net *"_s167", 0 0, L_028e0550;  1 drivers
L_028e0578 .functor BUFT 1, C4<001110>, C4<0>, C4<0>, C4<0>;
v0115d5b8_0 .net/2u *"_s168", 5 0, L_028e0578;  1 drivers
v0115db90_0 .net *"_s170", 0 0, L_01170dc8;  1 drivers
v0115d718_0 .net *"_s172", 0 0, L_02918f30;  1 drivers
v0115d980_0 .net *"_s174", 5 0, L_01170c10;  1 drivers
L_028e05a0 .functor BUFT 1, C4<0>, C4<0>, C4<0>, C4<0>;
v0115d9d8_0 .net *"_s177", 0 0, L_028e05a0;  1 drivers
L_028e05c8 .functor BUFT 1, C4<001111>, C4<0>, C4<0>, C4<0>;
v0115dae0_0 .net/2u *"_s178", 5 0, L_028e05c8;  1 drivers
v0115dc40_0 .net *"_s180", 0 0, L_01170b60;  1 drivers
v0115d610_0 .net *"_s182", 0 0, L_02918ea0;  1 drivers
v0115dc98_0 .net *"_s184", 5 0, L_011714a8;  1 drivers
L_028e05f0 .functor BUFT 1, C4<0>, C4<0>, C4<0>, C4<0>;
v0115d668_0 .net *"_s187", 0 0, L_028e05f0;  1 drivers
L_028e0618 .functor BUFT 1, C4<101011>, C4<0>, C4<0>, C4<0>;
v0115d6c0_0 .net/2u *"_s188", 5 0, L_028e0618;  1 drivers
v0115dcf0_0 .net *"_s190", 0 0, L_01171500;  1 drivers
v0115dd48_0 .net *"_s192", 0 0, L_029189d8;  1 drivers
v0115d400_0 .net *"_s194", 5 0, L_01171558;  1 drivers
L_028e0640 .functor BUFT 1, C4<0>, C4<0>, C4<0>, C4<0>;
v0115d458_0 .net *"_s197", 0 0, L_028e0640;  1 drivers
L_028e0668 .functor BUFT 1, C4<100011>, C4<0>, C4<0>, C4<0>;
v0115d4b0_0 .net/2u *"_s198", 5 0, L_028e0668;  1 drivers
v0115d508_0 .net *"_s200", 0 0, L_01170e78;  1 drivers
v0115c4e0_0 .net *"_s204", 5 0, L_01171138;  1 drivers
L_028e0690 .functor BUFT 1, C4<0>, C4<0>, C4<0>, C4<0>;
v0115c538_0 .net *"_s207", 0 0, L_028e0690;  1 drivers
L_028e06b8 .functor BUFT 1, C4<001000>, C4<0>, C4<0>, C4<0>;
v0115beb0_0 .net/2u *"_s208", 5 0, L_028e06b8;  1 drivers
v0115c8a8_0 .net *"_s210", 0 0, L_011715b0;  1 drivers
v0115c698_0 .net *"_s212", 5 0, L_01171190;  1 drivers
L_028e06e0 .functor BUFT 1, C4<0>, C4<0>, C4<0>, C4<0>;
v0115bf60_0 .net *"_s215", 0 0, L_028e06e0;  1 drivers
L_028e0708 .functor BUFT 1, C4<001010>, C4<0>, C4<0>, C4<0>;
v0115c3d8_0 .net/2u *"_s216", 5 0, L_028e0708;  1 drivers
v0115c278_0 .net *"_s218", 0 0, L_01170d18;  1 drivers
v0115bfb8_0 .net *"_s220", 0 0, L_02918ca8;  1 drivers
v0115c380_0 .net *"_s222", 5 0, L_01170f28;  1 drivers
L_028e0730 .functor BUFT 1, C4<0>, C4<0>, C4<0>, C4<0>;
v0115c220_0 .net *"_s225", 0 0, L_028e0730;  1 drivers
L_028e0758 .functor BUFT 1, C4<001100>, C4<0>, C4<0>, C4<0>;
v0115c640_0 .net/2u *"_s226", 5 0, L_028e0758;  1 drivers
v0115c6f0_0 .net *"_s228", 0 0, L_011711e8;  1 drivers
v0115c2d0_0 .net *"_s230", 0 0, L_02918e10;  1 drivers
v0115c590_0 .net *"_s232", 5 0, L_01170d70;  1 drivers
L_028e0780 .functor BUFT 1, C4<0>, C4<0>, C4<0>, C4<0>;
v0115c068_0 .net *"_s235", 0 0, L_028e0780;  1 drivers
L_028e07a8 .functor BUFT 1, C4<001110>, C4<0>, C4<0>, C4<0>;
v0115c010_0 .net/2u *"_s236", 5 0, L_028e07a8;  1 drivers
v0115c170_0 .net *"_s238", 0 0, L_01170cc0;  1 drivers
v0115c5e8_0 .net *"_s240", 0 0, L_02918cf0;  1 drivers
v0115c748_0 .net *"_s242", 5 0, L_01171240;  1 drivers
L_028e07d0 .functor BUFT 1, C4<0>, C4<0>, C4<0>, C4<0>;
v0115c328_0 .net *"_s245", 0 0, L_028e07d0;  1 drivers
L_028e07f8 .functor BUFT 1, C4<001111>, C4<0>, C4<0>, C4<0>;
v0115c850_0 .net/2u *"_s246", 5 0, L_028e07f8;  1 drivers
v0115c118_0 .net *"_s248", 0 0, L_01170bb8;  1 drivers
v0115be58_0 .net *"_s25", 5 0, L_01170168;  1 drivers
v0115be00_0 .net *"_s250", 0 0, L_02918bd0;  1 drivers
v0115c1c8_0 .net *"_s252", 5 0, L_01170f80;  1 drivers
L_028e0820 .functor BUFT 1, C4<0>, C4<0>, C4<0>, C4<0>;
v0115bf08_0 .net *"_s255", 0 0, L_028e0820;  1 drivers
L_028e0848 .functor BUFT 1, C4<101011>, C4<0>, C4<0>, C4<0>;
v0115c7f8_0 .net/2u *"_s256", 5 0, L_028e0848;  1 drivers
v0115c7a0_0 .net *"_s258", 0 0, L_01171088;  1 drivers
v0115c0c0_0 .net *"_s260", 0 0, L_02918c18;  1 drivers
v0115c430_0 .net *"_s262", 5 0, L_01171298;  1 drivers
L_028e0870 .functor BUFT 1, C4<0>, C4<0>, C4<0>, C4<0>;
v0115c488_0 .net *"_s265", 0 0, L_028e0870;  1 drivers
L_028e0898 .functor BUFT 1, C4<001101>, C4<0>, C4<0>, C4<0>;
v0115f408_0 .net/2u *"_s266", 5 0, L_028e0898;  1 drivers
v0115f460_0 .net *"_s268", 0 0, L_011716b8;  1 drivers
v0115fb98_0 .net *"_s270", 0 0, L_02918d38;  1 drivers
v0115fc48_0 .net *"_s272", 5 0, L_01171920;  1 drivers
L_028e08c0 .functor BUFT 1, C4<0>, C4<0>, C4<0>, C4<0>;
v0115f4b8_0 .net *"_s275", 0 0, L_028e08c0;  1 drivers
L_028e08e8 .functor BUFT 1, C4<100011>, C4<0>, C4<0>, C4<0>;
v0115fb40_0 .net/2u *"_s276", 5 0, L_028e08e8;  1 drivers
v0115f778_0 .net *"_s278", 0 0, L_01172058;  1 drivers
v0115f5c0_0 .net *"_s282", 5 0, L_01171f50;  1 drivers
L_028e0910 .functor BUFT 1, C4<0>, C4<0>, C4<0>, C4<0>;
v0115f618_0 .net *"_s285", 0 0, L_028e0910;  1 drivers
L_028e0938 .functor BUFT 1, C4<001000>, C4<0>, C4<0>, C4<0>;
v0115f720_0 .net/2u *"_s286", 5 0, L_028e0938;  1 drivers
v0115fca0_0 .net *"_s288", 0 0, L_011718c8;  1 drivers
v0115fbf0_0 .net *"_s290", 5 0, L_011717c0;  1 drivers
L_028e0960 .functor BUFT 1, C4<0>, C4<0>, C4<0>, C4<0>;
v0115f7d0_0 .net *"_s293", 0 0, L_028e0960;  1 drivers
L_028e0988 .functor BUFT 1, C4<001010>, C4<0>, C4<0>, C4<0>;
v0115f828_0 .net/2u *"_s294", 5 0, L_028e0988;  1 drivers
v0115f880_0 .net *"_s296", 0 0, L_01171fa8;  1 drivers
v0115f510_0 .net *"_s298", 0 0, L_02918a20;  1 drivers
v0115f988_0 .net *"_s300", 5 0, L_01171e48;  1 drivers
L_028e09b0 .functor BUFT 1, C4<0>, C4<0>, C4<0>, C4<0>;
v0115f6c8_0 .net *"_s303", 0 0, L_028e09b0;  1 drivers
L_028e09d8 .functor BUFT 1, C4<001101>, C4<0>, C4<0>, C4<0>;
v0115f568_0 .net/2u *"_s304", 5 0, L_028e09d8;  1 drivers
v0115f8d8_0 .net *"_s306", 0 0, L_01172108;  1 drivers
v0115f930_0 .net *"_s308", 0 0, L_02919008;  1 drivers
v0115f670_0 .net *"_s310", 5 0, L_01171c90;  1 drivers
L_028e0a00 .functor BUFT 1, C4<0>, C4<0>, C4<0>, C4<0>;
v0115fcf8_0 .net *"_s313", 0 0, L_028e0a00;  1 drivers
L_028e0a28 .functor BUFT 1, C4<001100>, C4<0>, C4<0>, C4<0>;
v0115fa90_0 .net/2u *"_s314", 5 0, L_028e0a28;  1 drivers
v0115f9e0_0 .net *"_s316", 0 0, L_01171818;  1 drivers
v0115fa38_0 .net *"_s318", 0 0, L_02918fc0;  1 drivers
v0115fd50_0 .net *"_s320", 5 0, L_01171ef8;  1 drivers
L_028e0a50 .functor BUFT 1, C4<0>, C4<0>, C4<0>, C4<0>;
v0115fae8_0 .net *"_s323", 0 0, L_028e0a50;  1 drivers
L_028e0a78 .functor BUFT 1, C4<001110>, C4<0>, C4<0>, C4<0>;
v0115e490_0 .net/2u *"_s324", 5 0, L_028e0a78;  1 drivers
v0115e800_0 .net *"_s326", 0 0, L_01171df0;  1 drivers
v0115e4e8_0 .net *"_s328", 0 0, L_02918ab0;  1 drivers
v0115e858_0 .net *"_s330", 5 0, L_01172000;  1 drivers
L_028e0aa0 .functor BUFT 1, C4<0>, C4<0>, C4<0>, C4<0>;
v0115e388_0 .net *"_s333", 0 0, L_028e0aa0;  1 drivers
L_028e0ac8 .functor BUFT 1, C4<001111>, C4<0>, C4<0>, C4<0>;
v0115e6a0_0 .net/2u *"_s334", 5 0, L_028e0ac8;  1 drivers
v0115df10_0 .net *"_s336", 0 0, L_01171ea0;  1 drivers
v0115deb8_0 .net *"_s338", 0 0, L_02918c60;  1 drivers
v0115e3e0_0 .net *"_s340", 5 0, L_011720b0;  1 drivers
L_028e0af0 .functor BUFT 1, C4<0>, C4<0>, C4<0>, C4<0>;
v0115dfc0_0 .net *"_s343", 0 0, L_028e0af0;  1 drivers
L_028e0b18 .functor BUFT 1, C4<101011>, C4<0>, C4<0>, C4<0>;
v0115e648_0 .net/2u *"_s344", 5 0, L_028e0b18;  1 drivers
v0115e018_0 .net *"_s346", 0 0, L_01171a28;  1 drivers
v0115e8b0_0 .net *"_s348", 0 0, L_02918e58;  1 drivers
v0115e1d0_0 .net *"_s350", 5 0, L_01171870;  1 drivers
L_028e0b40 .functor BUFT 1, C4<0>, C4<0>, C4<0>, C4<0>;
v0115e228_0 .net *"_s353", 0 0, L_028e0b40;  1 drivers
L_028e0b68 .functor BUFT 1, C4<100011>, C4<0>, C4<0>, C4<0>;
v0115e438_0 .net/2u *"_s354", 5 0, L_028e0b68;  1 drivers
v0115e280_0 .net *"_s356", 0 0, L_01171710;  1 drivers
v0115de08_0 .net *"_s360", 5 0, L_01171d40;  1 drivers
L_028e0b90 .functor BUFT 1, C4<0>, C4<0>, C4<0>, C4<0>;
v0115e070_0 .net *"_s363", 0 0, L_028e0b90;  1 drivers
L_028e0bb8 .functor BUFT 1, C4<001000>, C4<0>, C4<0>, C4<0>;
v0115e6f8_0 .net/2u *"_s364", 5 0, L_028e0bb8;  1 drivers
v0115e540_0 .net *"_s366", 0 0, L_01171ad8;  1 drivers
v0115df68_0 .net *"_s368", 5 0, L_01171978;  1 drivers
v0115e2d8_0 .net *"_s37", 5 0, L_01170428;  1 drivers
L_028e0be0 .functor BUFT 1, C4<0>, C4<0>, C4<0>, C4<0>;
v0115e750_0 .net *"_s371", 0 0, L_028e0be0;  1 drivers
L_028e0c08 .functor BUFT 1, C4<001010>, C4<0>, C4<0>, C4<0>;
v0115e598_0 .net/2u *"_s372", 5 0, L_028e0c08;  1 drivers
v0115e0c8_0 .net *"_s374", 0 0, L_01171768;  1 drivers
v0115e5f0_0 .net *"_s376", 0 0, L_02918990;  1 drivers
v0115e330_0 .net *"_s378", 5 0, L_01171660;  1 drivers
L_028e0c30 .functor BUFT 1, C4<0>, C4<0>, C4<0>, C4<0>;
v0115e120_0 .net *"_s381", 0 0, L_028e0c30;  1 drivers
L_028e0c58 .functor BUFT 1, C4<001101>, C4<0>, C4<0>, C4<0>;
v0115de60_0 .net/2u *"_s382", 5 0, L_028e0c58;  1 drivers
v0115e7a8_0 .net *"_s384", 0 0, L_01171ce8;  1 drivers
v0115e178_0 .net *"_s386", 0 0, L_02918750;  1 drivers
v0115f1a0_0 .net *"_s388", 5 0, L_011719d0;  1 drivers
L_028e0c80 .functor BUFT 1, C4<0>, C4<0>, C4<0>, C4<0>;
v0115e960_0 .net *"_s391", 0 0, L_028e0c80;  1 drivers
L_028e0ca8 .functor BUFT 1, C4<001100>, C4<0>, C4<0>, C4<0>;
v0115f1f8_0 .net/2u *"_s392", 5 0, L_028e0ca8;  1 drivers
v0115efe8_0 .net *"_s394", 0 0, L_01171a80;  1 drivers
v0115f148_0 .net *"_s396", 0 0, L_029183f0;  1 drivers
v0115eb70_0 .net *"_s398", 5 0, L_01171b30;  1 drivers
L_028e0cd0 .functor BUFT 1, C4<0>, C4<0>, C4<0>, C4<0>;
v0115f250_0 .net *"_s401", 0 0, L_028e0cd0;  1 drivers
L_028e0cf8 .functor BUFT 1, C4<001110>, C4<0>, C4<0>, C4<0>;
v0115f098_0 .net/2u *"_s402", 5 0, L_028e0cf8;  1 drivers
v0115ecd0_0 .net *"_s404", 0 0, L_01171b88;  1 drivers
v0115ed28_0 .net *"_s406", 0 0, L_02918798;  1 drivers
v0115eee0_0 .net *"_s408", 5 0, L_01171be0;  1 drivers
L_028e0d20 .functor BUFT 1, C4<0>, C4<0>, C4<0>, C4<0>;
v0115ed80_0 .net *"_s411", 0 0, L_028e0d20;  1 drivers
L_028e0d48 .functor BUFT 1, C4<001111>, C4<0>, C4<0>, C4<0>;
v0115f2a8_0 .net/2u *"_s412", 5 0, L_028e0d48;  1 drivers
v0115e9b8_0 .net *"_s414", 0 0, L_01171c38;  1 drivers
v0115f040_0 .net *"_s418", 5 0, L_01171d98;  1 drivers
L_028e0d70 .functor BUFT 1, C4<0>, C4<0>, C4<0>, C4<0>;
v0115ef38_0 .net *"_s421", 0 0, L_028e0d70;  1 drivers
L_028e0d98 .functor BUFT 1, C4<001000>, C4<0>, C4<0>, C4<0>;
v0115edd8_0 .net/2u *"_s422", 5 0, L_028e0d98;  1 drivers
v0115f0f0_0 .net *"_s424", 0 0, L_011725d8;  1 drivers
v0115eac0_0 .net *"_s426", 5 0, L_01172580;  1 drivers
L_028e0dc0 .functor BUFT 1, C4<0>, C4<0>, C4<0>, C4<0>;
v0115f300_0 .net *"_s429", 0 0, L_028e0dc0;  1 drivers
L_028e0de8 .functor BUFT 1, C4<001010>, C4<0>, C4<0>, C4<0>;
v0115ec20_0 .net/2u *"_s430", 5 0, L_028e0de8;  1 drivers
v0115f358_0 .net *"_s432", 0 0, L_011721b8;  1 drivers
v0115f3b0_0 .net *"_s434", 0 0, L_029187e0;  1 drivers
v0115eb18_0 .net *"_s436", 5 0, L_01172688;  1 drivers
L_028e0e10 .functor BUFT 1, C4<0>, C4<0>, C4<0>, C4<0>;
v0115e908_0 .net *"_s439", 0 0, L_028e0e10;  1 drivers
L_028e0e38 .functor BUFT 1, C4<001101>, C4<0>, C4<0>, C4<0>;
v0115ee30_0 .net/2u *"_s440", 5 0, L_028e0e38;  1 drivers
v0115ea10_0 .net *"_s442", 0 0, L_01172160;  1 drivers
v0115ea68_0 .net *"_s444", 0 0, L_029184c8;  1 drivers
v0115ebc8_0 .net *"_s446", 5 0, L_01172420;  1 drivers
L_028e0e60 .functor BUFT 1, C4<0>, C4<0>, C4<0>, C4<0>;
v0115ec78_0 .net *"_s449", 0 0, L_028e0e60;  1 drivers
L_028e0e88 .functor BUFT 1, C4<001100>, C4<0>, C4<0>, C4<0>;
v0115ee88_0 .net/2u *"_s450", 5 0, L_028e0e88;  1 drivers
v0115ef90_0 .net *"_s452", 0 0, L_011729a0;  1 drivers
v01161ac8_0 .net *"_s454", 0 0, L_02918510;  1 drivers
v01161390_0 .net *"_s456", 5 0, L_011728f0;  1 drivers
L_028e0eb0 .functor BUFT 1, C4<0>, C4<0>, C4<0>, C4<0>;
v011614f0_0 .net *"_s459", 0 0, L_028e0eb0;  1 drivers
L_028e0ed8 .functor BUFT 1, C4<001110>, C4<0>, C4<0>, C4<0>;
v01161c80_0 .net/2u *"_s460", 5 0, L_028e0ed8;  1 drivers
v01161b20_0 .net *"_s462", 0 0, L_01172370;  1 drivers
v01161c28_0 .net *"_s464", 0 0, L_029181b0;  1 drivers
v011612e0_0 .net *"_s466", 5 0, L_01172790;  1 drivers
L_028e0f00 .functor BUFT 1, C4<0>, C4<0>, C4<0>, C4<0>;
v01161cd8_0 .net *"_s469", 0 0, L_028e0f00;  1 drivers
L_028e0f28 .functor BUFT 1, C4<001111>, C4<0>, C4<0>, C4<0>;
v011613e8_0 .net/2u *"_s470", 5 0, L_028e0f28;  1 drivers
v011619c0_0 .net *"_s472", 0 0, L_011722c0;  1 drivers
v01161b78_0 .net *"_s476", 5 0, L_01172840;  1 drivers
L_028e0f50 .functor BUFT 1, C4<0>, C4<0>, C4<0>, C4<0>;
v01161498_0 .net *"_s479", 0 0, L_028e0f50;  1 drivers
v01161a18_0 .net *"_s48", 5 0, L_01170060;  1 drivers
L_028e0f78 .functor BUFT 1, C4<001000>, C4<0>, C4<0>, C4<0>;
v01161968_0 .net/2u *"_s480", 5 0, L_028e0f78;  1 drivers
v01161a70_0 .net *"_s482", 0 0, L_01172210;  1 drivers
v011615f8_0 .net *"_s484", 5 0, L_01172268;  1 drivers
L_028e0fa0 .functor BUFT 1, C4<0>, C4<0>, C4<0>, C4<0>;
v01161338_0 .net *"_s487", 0 0, L_028e0fa0;  1 drivers
L_028e0fc8 .functor BUFT 1, C4<001010>, C4<0>, C4<0>, C4<0>;
v01161650_0 .net/2u *"_s488", 5 0, L_028e0fc8;  1 drivers
v01161230_0 .net *"_s490", 0 0, L_01172948;  1 drivers
v011616a8_0 .net *"_s492", 0 0, L_02918318;  1 drivers
v01161bd0_0 .net *"_s494", 5 0, L_01172528;  1 drivers
L_028e0ff0 .functor BUFT 1, C4<0>, C4<0>, C4<0>, C4<0>;
v01161440_0 .net *"_s497", 0 0, L_028e0ff0;  1 drivers
L_028e1018 .functor BUFT 1, C4<001101>, C4<0>, C4<0>, C4<0>;
v01161288_0 .net/2u *"_s498", 5 0, L_028e1018;  1 drivers
v01161548_0 .net *"_s500", 0 0, L_01172318;  1 drivers
v011615a0_0 .net *"_s502", 0 0, L_02918360;  1 drivers
v01161700_0 .net *"_s504", 5 0, L_01172630;  1 drivers
L_028e1040 .functor BUFT 1, C4<0>, C4<0>, C4<0>, C4<0>;
v01161758_0 .net *"_s507", 0 0, L_028e1040;  1 drivers
L_028e1068 .functor BUFT 1, C4<001100>, C4<0>, C4<0>, C4<0>;
v011617b0_0 .net/2u *"_s508", 5 0, L_028e1068;  1 drivers
L_028e0190 .functor BUFT 1, C4<0>, C4<0>, C4<0>, C4<0>;
v01161808_0 .net *"_s51", 0 0, L_028e0190;  1 drivers
v01161860_0 .net *"_s510", 0 0, L_01172898;  1 drivers
v011618b8_0 .net *"_s512", 0 0, L_029183a8;  1 drivers
v01161910_0 .net *"_s514", 5 0, L_011723c8;  1 drivers
L_028e1090 .functor BUFT 1, C4<0>, C4<0>, C4<0>, C4<0>;
v011623b8_0 .net *"_s517", 0 0, L_028e1090;  1 drivers
L_028e10b8 .functor BUFT 1, C4<001110>, C4<0>, C4<0>, C4<0>;
v01162728_0 .net/2u *"_s518", 5 0, L_028e10b8;  1 drivers
L_028e01b8 .functor BUFT 1, C4<001000>, C4<0>, C4<0>, C4<0>;
v011622b0_0 .net/2u *"_s52", 5 0, L_028e01b8;  1 drivers
v011620f8_0 .net *"_s520", 0 0, L_01172738;  1 drivers
v011627d8_0 .net *"_s522", 0 0, L_029185e8;  1 drivers
v011625c8_0 .net *"_s524", 5 0, L_011724d0;  1 drivers
L_028e10e0 .functor BUFT 1, C4<0>, C4<0>, C4<0>, C4<0>;
v01161e38_0 .net *"_s527", 0 0, L_028e10e0;  1 drivers
L_028e1108 .functor BUFT 1, C4<001111>, C4<0>, C4<0>, C4<0>;
v01162410_0 .net/2u *"_s528", 5 0, L_028e1108;  1 drivers
v01161e90_0 .net *"_s530", 0 0, L_01172478;  1 drivers
v01161f40_0 .net *"_s534", 5 0, L_011726e0;  1 drivers
L_028e1130 .functor BUFT 1, C4<0>, C4<0>, C4<0>, C4<0>;
v01162258_0 .net *"_s537", 0 0, L_028e1130;  1 drivers
L_028e1158 .functor BUFT 1, C4<001000>, C4<0>, C4<0>, C4<0>;
v01162468_0 .net/2u *"_s538", 5 0, L_028e1158;  1 drivers
v01162150_0 .net *"_s54", 0 0, L_01170690;  1 drivers
v01161f98_0 .net *"_s540", 0 0, L_011727e8;  1 drivers
v011621a8_0 .net *"_s542", 5 0, L_0117a910;  1 drivers
L_028e1180 .functor BUFT 1, C4<0>, C4<0>, C4<0>, C4<0>;
v01161ff0_0 .net *"_s545", 0 0, L_028e1180;  1 drivers
L_028e11a8 .functor BUFT 1, C4<001010>, C4<0>, C4<0>, C4<0>;
v011624c0_0 .net/2u *"_s546", 5 0, L_028e11a8;  1 drivers
v01162200_0 .net *"_s548", 0 0, L_0117a8b8;  1 drivers
v01161ee8_0 .net *"_s550", 0 0, L_029188b8;  1 drivers
v01162620_0 .net *"_s552", 5 0, L_0117ade0;  1 drivers
L_028e11d0 .functor BUFT 1, C4<0>, C4<0>, C4<0>, C4<0>;
v01162360_0 .net *"_s555", 0 0, L_028e11d0;  1 drivers
L_028e11f8 .functor BUFT 1, C4<001101>, C4<0>, C4<0>, C4<0>;
v01162308_0 .net/2u *"_s556", 5 0, L_028e11f8;  1 drivers
v01162518_0 .net *"_s558", 0 0, L_0117a650;  1 drivers
v01162570_0 .net *"_s56", 5 0, L_01170270;  1 drivers
v01162678_0 .net *"_s560", 0 0, L_029181f8;  1 drivers
v01162048_0 .net *"_s562", 5 0, L_0117aac8;  1 drivers
L_028e1220 .functor BUFT 1, C4<0>, C4<0>, C4<0>, C4<0>;
v011626d0_0 .net *"_s565", 0 0, L_028e1220;  1 drivers
L_028e1248 .functor BUFT 1, C4<001100>, C4<0>, C4<0>, C4<0>;
v011620a0_0 .net/2u *"_s566", 5 0, L_028e1248;  1 drivers
v01162780_0 .net *"_s568", 0 0, L_0117a968;  1 drivers
v01161d30_0 .net *"_s570", 0 0, L_02918438;  1 drivers
v01161d88_0 .net *"_s572", 5 0, L_0117aa18;  1 drivers
L_028e1270 .functor BUFT 1, C4<0>, C4<0>, C4<0>, C4<0>;
v01161de0_0 .net *"_s575", 0 0, L_028e1270;  1 drivers
L_028e1298 .functor BUFT 1, C4<001110>, C4<0>, C4<0>, C4<0>;
v01162830_0 .net/2u *"_s576", 5 0, L_028e1298;  1 drivers
v011629e8_0 .net *"_s578", 0 0, L_0117a700;  1 drivers
v011630c8_0 .net *"_s580", 0 0, L_02918870;  1 drivers
v01163070_0 .net *"_s582", 5 0, L_0117a860;  1 drivers
L_028e12c0 .functor BUFT 1, C4<0>, C4<0>, C4<0>, C4<0>;
v01163120_0 .net *"_s585", 0 0, L_028e12c0;  1 drivers
L_028e12e8 .functor BUFT 1, C4<001111>, C4<0>, C4<0>, C4<0>;
v01162db0_0 .net/2u *"_s586", 5 0, L_028e12e8;  1 drivers
v01162eb8_0 .net *"_s588", 0 0, L_0117acd8;  1 drivers
L_028e01e0 .functor BUFT 1, C4<0>, C4<0>, C4<0>, C4<0>;
v01162fc0_0 .net *"_s59", 0 0, L_028e01e0;  1 drivers
v01162bf8_0 .net *"_s592", 5 0, L_0117a7b0;  1 drivers
L_028e1310 .functor BUFT 1, C4<0>, C4<0>, C4<0>, C4<0>;
v01162ba0_0 .net *"_s595", 0 0, L_028e1310;  1 drivers
L_028e1338 .functor BUFT 1, C4<100000>, C4<0>, C4<0>, C4<0>;
v01163178_0 .net/2u *"_s596", 5 0, L_028e1338;  1 drivers
v01162990_0 .net *"_s598", 0 0, L_0117ae38;  1 drivers
L_028e0208 .functor BUFT 1, C4<001010>, C4<0>, C4<0>, C4<0>;
v01162e08_0 .net/2u *"_s60", 5 0, L_028e0208;  1 drivers
v01162c50_0 .net *"_s600", 5 0, L_0117af98;  1 drivers
L_028e1360 .functor BUFT 1, C4<0>, C4<0>, C4<0>, C4<0>;
v011631d0_0 .net *"_s603", 0 0, L_028e1360;  1 drivers
L_028e1388 .functor BUFT 1, C4<100010>, C4<0>, C4<0>, C4<0>;
v01163228_0 .net/2u *"_s604", 5 0, L_028e1388;  1 drivers
v01162e60_0 .net *"_s606", 0 0, L_0117a758;  1 drivers
v01163280_0 .net *"_s608", 0 0, L_02918900;  1 drivers
v01162a98_0 .net *"_s610", 5 0, L_0117ad88;  1 drivers
L_028e13b0 .functor BUFT 1, C4<0>, C4<0>, C4<0>, C4<0>;
v01162a40_0 .net *"_s613", 0 0, L_028e13b0;  1 drivers
L_028e13d8 .functor BUFT 1, C4<101010>, C4<0>, C4<0>, C4<0>;
v01162ca8_0 .net/2u *"_s614", 5 0, L_028e13d8;  1 drivers
v01163018_0 .net *"_s616", 0 0, L_0117ad30;  1 drivers
v01162f10_0 .net *"_s618", 0 0, L_02918090;  1 drivers
v01162d00_0 .net *"_s62", 0 0, L_01170798;  1 drivers
v011632d8_0 .net *"_s620", 5 0, L_0117aee8;  1 drivers
L_028e1400 .functor BUFT 1, C4<0>, C4<0>, C4<0>, C4<0>;
v01162d58_0 .net *"_s623", 0 0, L_028e1400;  1 drivers
L_028e1428 .functor BUFT 1, C4<100100>, C4<0>, C4<0>, C4<0>;
v01162888_0 .net/2u *"_s624", 5 0, L_028e1428;  1 drivers
v011628e0_0 .net *"_s626", 0 0, L_0117ac80;  1 drivers
v01162f68_0 .net *"_s628", 0 0, L_02918558;  1 drivers
v01162938_0 .net *"_s630", 5 0, L_0117aa70;  1 drivers
L_028e1450 .functor BUFT 1, C4<0>, C4<0>, C4<0>, C4<0>;
v01162af0_0 .net *"_s633", 0 0, L_028e1450;  1 drivers
L_028e1478 .functor BUFT 1, C4<100101>, C4<0>, C4<0>, C4<0>;
v01162b48_0 .net/2u *"_s634", 5 0, L_028e1478;  1 drivers
v01163d80_0 .net *"_s636", 0 0, L_0117a808;  1 drivers
v01163b18_0 .net *"_s638", 0 0, L_02918288;  1 drivers
v01163a10_0 .net *"_s64", 0 0, L_0110ac90;  1 drivers
v011635f0_0 .net *"_s640", 5 0, L_0117ae90;  1 drivers
L_028e14a0 .functor BUFT 1, C4<0>, C4<0>, C4<0>, C4<0>;
v01163dd8_0 .net *"_s643", 0 0, L_028e14a0;  1 drivers
L_028e14c8 .functor BUFT 1, C4<100110>, C4<0>, C4<0>, C4<0>;
v01163bc8_0 .net/2u *"_s644", 5 0, L_028e14c8;  1 drivers
v01163b70_0 .net *"_s646", 0 0, L_0117af40;  1 drivers
v01163c20_0 .net *"_s648", 0 0, L_02918708;  1 drivers
v01163330_0 .net *"_s650", 5 0, L_0117aff0;  1 drivers
L_028e14f0 .functor BUFT 1, C4<0>, C4<0>, C4<0>, C4<0>;
v01163490_0 .net *"_s653", 0 0, L_028e14f0;  1 drivers
L_028e1518 .functor BUFT 1, C4<000100>, C4<0>, C4<0>, C4<0>;
v01163ac0_0 .net/2u *"_s654", 5 0, L_028e1518;  1 drivers
v01163438_0 .net *"_s656", 0 0, L_0117a9c0;  1 drivers
v01163598_0 .net *"_s66", 5 0, L_01170320;  1 drivers
v01163c78_0 .net *"_s660", 5 0, L_0117b048;  1 drivers
L_028e1540 .functor BUFT 1, C4<0>, C4<0>, C4<0>, C4<0>;
v01163a68_0 .net *"_s663", 0 0, L_028e1540;  1 drivers
L_028e1568 .functor BUFT 1, C4<100000>, C4<0>, C4<0>, C4<0>;
v01163cd0_0 .net/2u *"_s664", 5 0, L_028e1568;  1 drivers
v01163648_0 .net *"_s666", 0 0, L_0117a5a0;  1 drivers
v011633e0_0 .net *"_s668", 5 0, L_0117a5f8;  1 drivers
L_028e1590 .functor BUFT 1, C4<0>, C4<0>, C4<0>, C4<0>;
v011636f8_0 .net *"_s671", 0 0, L_028e1590;  1 drivers
L_028e15b8 .functor BUFT 1, C4<100010>, C4<0>, C4<0>, C4<0>;
v01163388_0 .net/2u *"_s672", 5 0, L_028e15b8;  1 drivers
v011634e8_0 .net *"_s674", 0 0, L_0117a6a8;  1 drivers
v01163d28_0 .net *"_s676", 0 0, L_02918480;  1 drivers
v01163540_0 .net *"_s678", 5 0, L_0117ab20;  1 drivers
L_028e15e0 .functor BUFT 1, C4<0>, C4<0>, C4<0>, C4<0>;
v011636a0_0 .net *"_s681", 0 0, L_028e15e0;  1 drivers
L_028e1608 .functor BUFT 1, C4<101010>, C4<0>, C4<0>, C4<0>;
v01163750_0 .net/2u *"_s682", 5 0, L_028e1608;  1 drivers
v011637a8_0 .net *"_s684", 0 0, L_0117ab78;  1 drivers
v01163908_0 .net *"_s686", 0 0, L_02918630;  1 drivers
v01163800_0 .net *"_s688", 5 0, L_0117abd0;  1 drivers
L_028e0230 .functor BUFT 1, C4<0>, C4<0>, C4<0>, C4<0>;
v01163858_0 .net *"_s69", 0 0, L_028e0230;  1 drivers
L_028e1630 .functor BUFT 1, C4<0>, C4<0>, C4<0>, C4<0>;
v011638b0_0 .net *"_s691", 0 0, L_028e1630;  1 drivers
L_028e1658 .functor BUFT 1, C4<100100>, C4<0>, C4<0>, C4<0>;
v01163960_0 .net/2u *"_s692", 5 0, L_028e1658;  1 drivers
v011639b8_0 .net *"_s694", 0 0, L_0117ac28;  1 drivers
v011641a0_0 .net *"_s696", 0 0, L_029186c0;  1 drivers
v011644b8_0 .net *"_s698", 5 0, L_0117b200;  1 drivers
L_028e0258 .functor BUFT 1, C4<001101>, C4<0>, C4<0>, C4<0>;
v01164828_0 .net/2u *"_s70", 5 0, L_028e0258;  1 drivers
L_028e1680 .functor BUFT 1, C4<0>, C4<0>, C4<0>, C4<0>;
v011643b0_0 .net *"_s701", 0 0, L_028e1680;  1 drivers
L_028e16a8 .functor BUFT 1, C4<100101>, C4<0>, C4<0>, C4<0>;
v011641f8_0 .net/2u *"_s702", 5 0, L_028e16a8;  1 drivers
v01164670_0 .net *"_s704", 0 0, L_0117b0f8;  1 drivers
v011646c8_0 .net *"_s706", 0 0, L_02918168;  1 drivers
v01163f38_0 .net *"_s708", 5 0, L_0117b5c8;  1 drivers
L_028e16d0 .functor BUFT 1, C4<0>, C4<0>, C4<0>, C4<0>;
v01164510_0 .net *"_s711", 0 0, L_028e16d0;  1 drivers
L_028e16f8 .functor BUFT 1, C4<100110>, C4<0>, C4<0>, C4<0>;
v01163f90_0 .net/2u *"_s712", 5 0, L_028e16f8;  1 drivers
v011648d8_0 .net *"_s714", 0 0, L_0117b410;  1 drivers
v01164358_0 .net *"_s716", 0 0, L_02918948;  1 drivers
v01163fe8_0 .net *"_s718", 5 0, L_0117b0a0;  1 drivers
v01164880_0 .net *"_s72", 0 0, L_01170530;  1 drivers
L_028e1720 .functor BUFT 1, C4<0>, C4<0>, C4<0>, C4<0>;
v01163e30_0 .net *"_s721", 0 0, L_028e1720;  1 drivers
L_028e1748 .functor BUFT 1, C4<000100>, C4<0>, C4<0>, C4<0>;
v011642a8_0 .net/2u *"_s722", 5 0, L_028e1748;  1 drivers
v011640f0_0 .net *"_s724", 0 0, L_0117b150;  1 drivers
v01164300_0 .net *"_s728", 5 0, L_0117b258;  1 drivers
L_028e1770 .functor BUFT 1, C4<0>, C4<0>, C4<0>, C4<0>;
v01164408_0 .net *"_s731", 0 0, L_028e1770;  1 drivers
L_028e1798 .functor BUFT 1, C4<100000>, C4<0>, C4<0>, C4<0>;
v01164040_0 .net/2u *"_s732", 5 0, L_028e1798;  1 drivers
v01164720_0 .net *"_s734", 0 0, L_0117b2b0;  1 drivers
v01164460_0 .net *"_s736", 5 0, L_0117b7d8;  1 drivers
L_028e17c0 .functor BUFT 1, C4<0>, C4<0>, C4<0>, C4<0>;
v01164568_0 .net *"_s739", 0 0, L_028e17c0;  1 drivers
v011645c0_0 .net *"_s74", 0 0, L_0110adf8;  1 drivers
L_028e17e8 .functor BUFT 1, C4<100010>, C4<0>, C4<0>, C4<0>;
v01164778_0 .net/2u *"_s740", 5 0, L_028e17e8;  1 drivers
v01164618_0 .net *"_s742", 0 0, L_0117b1a8;  1 drivers
v01164148_0 .net *"_s744", 0 0, L_02918120;  1 drivers
v011647d0_0 .net *"_s746", 5 0, L_0117b678;  1 drivers
L_028e1810 .functor BUFT 1, C4<0>, C4<0>, C4<0>, C4<0>;
v01163e88_0 .net *"_s749", 0 0, L_028e1810;  1 drivers
L_028e1838 .functor BUFT 1, C4<101010>, C4<0>, C4<0>, C4<0>;
v01164098_0 .net/2u *"_s750", 5 0, L_028e1838;  1 drivers
v01163ee0_0 .net *"_s752", 0 0, L_0117b468;  1 drivers
v01164250_0 .net *"_s754", 0 0, L_0291a0a8;  1 drivers
v01164bf0_0 .net *"_s756", 5 0, L_0117b308;  1 drivers
L_028e1860 .functor BUFT 1, C4<0>, C4<0>, C4<0>, C4<0>;
v01164fb8_0 .net *"_s759", 0 0, L_028e1860;  1 drivers
v01164988_0 .net *"_s76", 5 0, L_01170588;  1 drivers
L_028e1888 .functor BUFT 1, C4<100100>, C4<0>, C4<0>, C4<0>;
v01165010_0 .net/2u *"_s760", 5 0, L_028e1888;  1 drivers
v01164e58_0 .net *"_s762", 0 0, L_0117b8e0;  1 drivers
v01164f60_0 .net *"_s764", 0 0, L_0291a018;  1 drivers
v01164ae8_0 .net *"_s766", 5 0, L_0117b360;  1 drivers
L_028e18b0 .functor BUFT 1, C4<0>, C4<0>, C4<0>, C4<0>;
v01165068_0 .net *"_s769", 0 0, L_028e18b0;  1 drivers
L_028e18d8 .functor BUFT 1, C4<100101>, C4<0>, C4<0>, C4<0>;
v01164f08_0 .net/2u *"_s770", 5 0, L_028e18d8;  1 drivers
v01164c48_0 .net *"_s772", 0 0, L_0117b3b8;  1 drivers
v01164ca0_0 .net *"_s774", 0 0, L_02919f40;  1 drivers
v01164da8_0 .net *"_s776", 5 0, L_0117b620;  1 drivers
L_028e1900 .functor BUFT 1, C4<0>, C4<0>, C4<0>, C4<0>;
v01164cf8_0 .net *"_s779", 0 0, L_028e1900;  1 drivers
L_028e1928 .functor BUFT 1, C4<100110>, C4<0>, C4<0>, C4<0>;
v011650c0_0 .net/2u *"_s780", 5 0, L_028e1928;  1 drivers
v01164930_0 .net *"_s782", 0 0, L_0117b4c0;  1 drivers
v01165118_0 .net *"_s784", 0 0, L_02919ef8;  1 drivers
v01165170_0 .net *"_s786", 5 0, L_0117b518;  1 drivers
L_028e1950 .functor BUFT 1, C4<0>, C4<0>, C4<0>, C4<0>;
v011649e0_0 .net *"_s789", 0 0, L_028e1950;  1 drivers
L_028e0280 .functor BUFT 1, C4<0>, C4<0>, C4<0>, C4<0>;
v01164eb0_0 .net *"_s79", 0 0, L_028e0280;  1 drivers
L_028e1978 .functor BUFT 1, C4<000100>, C4<0>, C4<0>, C4<0>;
v01164b98_0 .net/2u *"_s790", 5 0, L_028e1978;  1 drivers
v01164a38_0 .net *"_s792", 0 0, L_0117b830;  1 drivers
v01164d50_0 .net *"_s796", 5 0, L_0117b570;  1 drivers
L_028e19a0 .functor BUFT 1, C4<0>, C4<0>, C4<0>, C4<0>;
v01164e00_0 .net *"_s799", 0 0, L_028e19a0;  1 drivers
L_028e02a8 .functor BUFT 1, C4<001100>, C4<0>, C4<0>, C4<0>;
v01164a90_0 .net/2u *"_s80", 5 0, L_028e02a8;  1 drivers
L_028e19c8 .functor BUFT 1, C4<100000>, C4<0>, C4<0>, C4<0>;
v01164b40_0 .net/2u *"_s800", 5 0, L_028e19c8;  1 drivers
v01166c78_0 .net *"_s802", 0 0, L_0117b6d0;  1 drivers
v01166b70_0 .net *"_s804", 5 0, L_0117b728;  1 drivers
L_028e19f0 .functor BUFT 1, C4<0>, C4<0>, C4<0>, C4<0>;
v01166d80_0 .net *"_s807", 0 0, L_028e19f0;  1 drivers
L_028e1a18 .functor BUFT 1, C4<100010>, C4<0>, C4<0>, C4<0>;
v01166908_0 .net/2u *"_s808", 5 0, L_028e1a18;  1 drivers
v01166fe8_0 .net *"_s810", 0 0, L_0117b780;  1 drivers
v011666f8_0 .net *"_s812", 0 0, L_02919c28;  1 drivers
v01166540_0 .net *"_s814", 5 0, L_0117b888;  1 drivers
L_028e1a40 .functor BUFT 1, C4<0>, C4<0>, C4<0>, C4<0>;
v01166a10_0 .net *"_s817", 0 0, L_028e1a40;  1 drivers
L_028e1a68 .functor BUFT 1, C4<101010>, C4<0>, C4<0>, C4<0>;
v01166d28_0 .net/2u *"_s818", 5 0, L_028e1a68;  1 drivers
v011667a8_0 .net *"_s82", 0 0, L_01170848;  1 drivers
v01166f90_0 .net *"_s820", 0 0, L_01177bb0;  1 drivers
v01166598_0 .net *"_s822", 0 0, L_02919eb0;  1 drivers
v01166800_0 .net *"_s824", 5 0, L_01178448;  1 drivers
L_028e1a90 .functor BUFT 1, C4<0>, C4<0>, C4<0>, C4<0>;
v01166f38_0 .net *"_s827", 0 0, L_028e1a90;  1 drivers
L_028e1ab8 .functor BUFT 1, C4<100100>, C4<0>, C4<0>, C4<0>;
v01166e30_0 .net/2u *"_s828", 5 0, L_028e1ab8;  1 drivers
v011665f0_0 .net *"_s830", 0 0, L_01177b58;  1 drivers
v011666a0_0 .net *"_s832", 0 0, L_02919fd0;  1 drivers
v01166648_0 .net *"_s834", 5 0, L_01177b00;  1 drivers
L_028e1ae0 .functor BUFT 1, C4<0>, C4<0>, C4<0>, C4<0>;
v01166dd8_0 .net *"_s837", 0 0, L_028e1ae0;  1 drivers
L_028e1b08 .functor BUFT 1, C4<100101>, C4<0>, C4<0>, C4<0>;
v01166858_0 .net/2u *"_s838", 5 0, L_028e1b08;  1 drivers
v01166e88_0 .net *"_s84", 0 0, L_0110af60;  1 drivers
v01166ee0_0 .net *"_s840", 0 0, L_011783f0;  1 drivers
v01166750_0 .net *"_s842", 0 0, L_0291a258;  1 drivers
v01166cd0_0 .net *"_s844", 5 0, L_01178130;  1 drivers
L_028e1b30 .functor BUFT 1, C4<0>, C4<0>, C4<0>, C4<0>;
v011668b0_0 .net *"_s847", 0 0, L_028e1b30;  1 drivers
L_028e1b58 .functor BUFT 1, C4<100110>, C4<0>, C4<0>, C4<0>;
v01166960_0 .net/2u *"_s848", 5 0, L_028e1b58;  1 drivers
v011669b8_0 .net *"_s850", 0 0, L_011779a0;  1 drivers
v01166a68_0 .net *"_s852", 0 0, L_02919a78;  1 drivers
v01166ac0_0 .net *"_s854", 5 0, L_01178188;  1 drivers
L_028e1b80 .functor BUFT 1, C4<0>, C4<0>, C4<0>, C4<0>;
v01166b18_0 .net *"_s857", 0 0, L_028e1b80;  1 drivers
L_028e1ba8 .functor BUFT 1, C4<000100>, C4<0>, C4<0>, C4<0>;
v01166bc8_0 .net/2u *"_s858", 5 0, L_028e1ba8;  1 drivers
v01166c20_0 .net *"_s86", 5 0, L_011707f0;  1 drivers
v011675c0_0 .net *"_s860", 0 0, L_01177c60;  1 drivers
L_028e1bd0 .functor BUFT 1, C4<100000>, C4<0>, C4<0>, C4<0>;
v011678d8_0 .net/2u *"_s864", 5 0, L_028e1bd0;  1 drivers
v01167358_0 .net *"_s866", 0 0, L_01178028;  1 drivers
L_028e1bf8 .functor BUFT 1, C4<100010>, C4<0>, C4<0>, C4<0>;
v011677d0_0 .net/2u *"_s868", 5 0, L_028e1bf8;  1 drivers
v011673b0_0 .net *"_s870", 0 0, L_011779f8;  1 drivers
v01167880_0 .net *"_s872", 0 0, L_0291a0f0;  1 drivers
L_028e1c20 .functor BUFT 1, C4<101010>, C4<0>, C4<0>, C4<0>;
v011674b8_0 .net/2u *"_s874", 5 0, L_028e1c20;  1 drivers
v01167828_0 .net *"_s876", 0 0, L_01177a50;  1 drivers
v01167988_0 .net *"_s878", 0 0, L_02919ac0;  1 drivers
L_028e1c48 .functor BUFT 1, C4<100100>, C4<0>, C4<0>, C4<0>;
v01167040_0 .net/2u *"_s880", 5 0, L_028e1c48;  1 drivers
v011670f0_0 .net *"_s882", 0 0, L_01177dc0;  1 drivers
v01167930_0 .net *"_s884", 0 0, L_02919cb8;  1 drivers
L_028e1c70 .functor BUFT 1, C4<100101>, C4<0>, C4<0>, C4<0>;
v01167618_0 .net/2u *"_s886", 5 0, L_028e1c70;  1 drivers
v01167408_0 .net *"_s888", 0 0, L_01177d10;  1 drivers
L_028e02d0 .functor BUFT 1, C4<0>, C4<0>, C4<0>, C4<0>;
v01167ae8_0 .net *"_s89", 0 0, L_028e02d0;  1 drivers
v011679e0_0 .net *"_s890", 0 0, L_02919a30;  1 drivers
L_028e1c98 .functor BUFT 1, C4<100110>, C4<0>, C4<0>, C4<0>;
v01167148_0 .net/2u *"_s892", 5 0, L_028e1c98;  1 drivers
v011676c8_0 .net *"_s894", 0 0, L_01177f20;  1 drivers
v01167a38_0 .net *"_s896", 0 0, L_02919d00;  1 drivers
L_028e1cc0 .functor BUFT 1, C4<000100>, C4<0>, C4<0>, C4<0>;
v011671f8_0 .net/2u *"_s898", 5 0, L_028e1cc0;  1 drivers
L_028e02f8 .functor BUFT 1, C4<001110>, C4<0>, C4<0>, C4<0>;
v01167a90_0 .net/2u *"_s90", 5 0, L_028e02f8;  1 drivers
v01167250_0 .net *"_s900", 0 0, L_01177aa8;  1 drivers
L_028e1ce8 .functor BUFT 1, C4<100000>, C4<0>, C4<0>, C4<0>;
v01167098_0 .net/2u *"_s904", 5 0, L_028e1ce8;  1 drivers
v011671a0_0 .net *"_s906", 0 0, L_01177c08;  1 drivers
L_028e1d10 .functor BUFT 1, C4<100010>, C4<0>, C4<0>, C4<0>;
v01167460_0 .net/2u *"_s908", 5 0, L_028e1d10;  1 drivers
v01167670_0 .net *"_s910", 0 0, L_01177cb8;  1 drivers
v01167510_0 .net *"_s912", 0 0, L_0291a1c8;  1 drivers
L_028e1d38 .functor BUFT 1, C4<101010>, C4<0>, C4<0>, C4<0>;
v01167778_0 .net/2u *"_s914", 5 0, L_028e1d38;  1 drivers
v01167568_0 .net *"_s916", 0 0, L_01178340;  1 drivers
v011672a8_0 .net *"_s918", 0 0, L_02919d90;  1 drivers
v01167300_0 .net *"_s92", 0 0, L_011708a0;  1 drivers
L_028e1d60 .functor BUFT 1, C4<100100>, C4<0>, C4<0>, C4<0>;
v01167720_0 .net/2u *"_s920", 5 0, L_028e1d60;  1 drivers
v01167bf0_0 .net *"_s922", 0 0, L_01178238;  1 drivers
v01167e00_0 .net *"_s924", 0 0, L_0291a138;  1 drivers
L_028e1d88 .functor BUFT 1, C4<100101>, C4<0>, C4<0>, C4<0>;
v011680c0_0 .net/2u *"_s926", 5 0, L_028e1d88;  1 drivers
v01168328_0 .net *"_s928", 0 0, L_011781e0;  1 drivers
v01168220_0 .net *"_s930", 0 0, L_0291a060;  1 drivers
L_028e1db0 .functor BUFT 1, C4<100110>, C4<0>, C4<0>, C4<0>;
v01167e58_0 .net/2u *"_s932", 5 0, L_028e1db0;  1 drivers
v011681c8_0 .net *"_s934", 0 0, L_01178290;  1 drivers
v01168010_0 .net *"_s936", 0 0, L_02919dd8;  1 drivers
L_028e1dd8 .functor BUFT 1, C4<000100>, C4<0>, C4<0>, C4<0>;
v011683d8_0 .net/2u *"_s938", 5 0, L_028e1dd8;  1 drivers
v01168068_0 .net *"_s94", 0 0, L_0110ac48;  1 drivers
v011684e0_0 .net *"_s940", 0 0, L_01177f78;  1 drivers
L_028e1e00 .functor BUFT 1, C4<100000>, C4<0>, C4<0>, C4<0>;
v01168538_0 .net/2u *"_s944", 5 0, L_028e1e00;  1 drivers
v01168118_0 .net *"_s946", 0 0, L_01177d68;  1 drivers
L_028e1e28 .functor BUFT 1, C4<100010>, C4<0>, C4<0>, C4<0>;
v01167b40_0 .net/2u *"_s948", 5 0, L_028e1e28;  1 drivers
v01167cf8_0 .net *"_s950", 0 0, L_011782e8;  1 drivers
v01168430_0 .net *"_s952", 0 0, L_029199e8;  1 drivers
L_028e1e50 .functor BUFT 1, C4<101010>, C4<0>, C4<0>, C4<0>;
v01168380_0 .net/2u *"_s954", 5 0, L_028e1e50;  1 drivers
v01168488_0 .net *"_s956", 0 0, L_01178080;  1 drivers
v01167da8_0 .net *"_s958", 0 0, L_0291a180;  1 drivers
v01167c48_0 .net *"_s96", 5 0, L_01170950;  1 drivers
L_028e1e78 .functor BUFT 1, C4<100100>, C4<0>, C4<0>, C4<0>;
v011685e8_0 .net/2u *"_s960", 5 0, L_028e1e78;  1 drivers
v01168170_0 .net *"_s962", 0 0, L_01177fd0;  1 drivers
v01167ca0_0 .net *"_s964", 0 0, L_02919e20;  1 drivers
L_028e1ea0 .functor BUFT 1, C4<100101>, C4<0>, C4<0>, C4<0>;
v01167eb0_0 .net/2u *"_s966", 5 0, L_028e1ea0;  1 drivers
v01168590_0 .net *"_s968", 0 0, L_011780d8;  1 drivers
v01168278_0 .net *"_s970", 0 0, L_02919e68;  1 drivers
L_028e1ec8 .functor BUFT 1, C4<100110>, C4<0>, C4<0>, C4<0>;
v01167b98_0 .net/2u *"_s972", 5 0, L_028e1ec8;  1 drivers
v01167d50_0 .net *"_s974", 0 0, L_01177e18;  1 drivers
v011682d0_0 .net *"_s976", 0 0, L_0291a210;  1 drivers
L_028e1ef0 .functor BUFT 1, C4<000100>, C4<0>, C4<0>, C4<0>;
v01167f08_0 .net/2u *"_s978", 5 0, L_028e1ef0;  1 drivers
v01167f60_0 .net *"_s980", 0 0, L_01177e70;  1 drivers
L_028e1f18 .functor BUFT 1, C4<100000>, C4<0>, C4<0>, C4<0>;
v01167fb8_0 .net/2u *"_s984", 5 0, L_028e1f18;  1 drivers
v01168ed8_0 .net *"_s986", 0 0, L_01177ec8;  1 drivers
L_028e1f40 .functor BUFT 1, C4<100010>, C4<0>, C4<0>, C4<0>;
v011688a8_0 .net/2u *"_s988", 5 0, L_028e1f40;  1 drivers
L_028e0320 .functor BUFT 1, C4<0>, C4<0>, C4<0>, C4<0>;
v011687a0_0 .net *"_s99", 0 0, L_028e0320;  1 drivers
v011689b0_0 .net *"_s990", 0 0, L_01178398;  1 drivers
v01168d78_0 .net *"_s992", 0 0, L_02919f88;  1 drivers
L_028e1f68 .functor BUFT 1, C4<101010>, C4<0>, C4<0>, C4<0>;
v01168f88_0 .net/2u *"_s994", 5 0, L_028e1f68;  1 drivers
v01168ab8_0 .net *"_s996", 0 0, L_01178760;  1 drivers
v01168e80_0 .net *"_s998", 0 0, L_02919be0;  1 drivers
v01168dd0_0 .var "alu0", 0 0;
v01168e28_0 .var "alu1", 0 0;
v01168f30_0 .var "aluD0", 31 0;
v01169090_0 .var "aluD1", 31 0;
v01168900_0 .net "aluEXMEM_Data", 31 0, v01165a98_0;  alias, 1 drivers
v011687f8_0 .net "aluMEMWB_Data", 31 0, v01165bf8_0;  alias, 1 drivers
v011690e8_0 .var "calc_branch", 0 0;
v01168fe0_0 .var "exmem", 0 0;
v01168640_0 .var "exmemD", 31 0;
v01168850_0 .net "funct_EXMEM", 5 0, L_011702c8;  1 drivers
v01168958_0 .net "funct_EXMEM_is_alur", 0 0, L_02919b98;  1 drivers
v01169038_0 .net "funct_IDEX", 5 0, L_01170638;  1 drivers
v01168a08_0 .net "funct_IDEX_is_alur", 0 0, L_02919b50;  1 drivers
v01168698_0 .net "funct_IFID", 5 0, L_01170378;  1 drivers
v011686f0_0 .net "funct_IFID_is_alur", 0 0, L_02919b08;  1 drivers
v01168748_0 .net "funct_MEMWB", 5 0, L_011704d8;  1 drivers
v01168a60_0 .net "funct_MEMWB_is_alur", 0 0, L_0291a408;  1 drivers
v01168b10_0 .net "instrEXMEM", 31 0, L_0116fc98;  alias, 1 drivers
v01168b68_0 .net "instrIDEX", 31 0, L_0116ff00;  alias, 1 drivers
v01168bc0_0 .net "instrIFID", 31 0, L_0116f770;  alias, 1 drivers
v01168c18_0 .net "instrMEMWB", 31 0, L_0116f928;  alias, 1 drivers
v01168c70_0 .var "jmp0", 0 0;
v01168cc8_0 .var "jmp0D", 31 0;
v01168d20_0 .var "jmp1", 0 0;
v011692f8_0 .var "jmp1D", 31 0;
v01169350_0 .var "memMemD", 31 0;
v01169400_0 .var "mem_mem", 0 0;
v01169980_0 .net "op_EXMEM", 4 0, L_011701c0;  1 drivers
v01169140_0 .net "op_EXMEM_is_alui_rd", 0 0, L_02918dc8;  1 drivers
v01169820_0 .net "op_EXMEM_is_alui_wr", 0 0, L_02918828;  1 drivers
v011693a8_0 .net "op_EXMEM_is_alur", 0 0, L_02919d48;  1 drivers
v01169878_0 .net "op_IDEX", 4 0, L_011700b8;  1 drivers
v01169610_0 .net "op_IDEX_is_alui_rd", 0 0, L_02918d80;  1 drivers
v011695b8_0 .net "op_IDEX_is_alui_wr", 0 0, L_02918678;  1 drivers
v011698d0_0 .net "op_IDEX_is_alur", 0 0, L_029180d8;  1 drivers
v01169668_0 .net "op_IFID", 4 0, L_0116fd48;  1 drivers
v01169770_0 .net "op_IFID_is_alui_rd", 0 0, L_02918af8;  1 drivers
v01169248_0 .net "op_IFID_is_alui_wr", 0 0, L_029182d0;  1 drivers
v011692a0_0 .net "op_IFID_is_alur", 0 0, L_029185a0;  1 drivers
v01169458_0 .net "op_MEMWB", 4 0, L_011706e8;  1 drivers
v011691f0_0 .net "op_MEMWB_is_alui_rd", 0 0, L_02918ee8;  1 drivers
v011694b0_0 .net "op_MEMWB_is_alui_wr", 0 0, L_02918240;  1 drivers
v01169508_0 .net "op_MEMWB_is_alur", 0 0, L_02919c70;  1 drivers
v011696c0_0 .net "rd_EXMEM", 4 0, L_01170218;  1 drivers
v01169928_0 .net "rd_IDEX", 4 0, L_011708f8;  1 drivers
v01169718_0 .net "rd_IFID", 4 0, L_0116f5b8;  1 drivers
v01169560_0 .net "rd_MEMWB", 4 0, L_01170ab0;  1 drivers
v01169198_0 .net "rs_EXMEM", 4 0, L_01170480;  1 drivers
v011697c8_0 .net "rs_IDEX", 4 0, L_01170b08;  1 drivers
v01165af0_0 .net "rs_IFID", 4 0, L_01170008;  1 drivers
v01166280_0 .net "rs_MEMWB", 4 0, L_01170a58;  1 drivers
v01165c50_0 .net "rt_EXMEM", 4 0, L_011703d0;  1 drivers
v01165f68_0 .net "rt_IDEX", 4 0, L_01170110;  1 drivers
v01166178_0 .net "rt_IFID", 4 0, L_0116f560;  1 drivers
v01165e08_0 .net "rt_MEMWB", 4 0, L_01170740;  1 drivers
v01165e60_0 .var "stall", 0 0;
E_01123698/0 .event edge, v01169610_0, v01169820_0, v01165c50_0, v011697c8_0;
E_01123698/1 .event edge, v01169980_0, v01168958_0, v011696c0_0, v011694b0_0;
E_01123698/2 .event edge, v01169458_0, v01169560_0, v01168900_0, v01168f30_0;
E_01123698/3 .event edge, v01169090_0, v01169878_0, v01168a08_0, v01165e08_0;
E_01123698/4 .event edge, v01165f68_0, v01168a60_0, v011687f8_0, v011148d8_0;
E_01123698/5 .event edge, v01169668_0, v01168698_0, v01165af0_0, v01166178_0;
E_01123698/6 .event edge, v011695b8_0, v01169928_0;
E_01123698 .event/or E_01123698/0, E_01123698/1, E_01123698/2, E_01123698/3, E_01123698/4, E_01123698/5, E_01123698/6;
L_0116ff58 .part L_0116f770, 26, 6;
L_0116fd48 .part L_0116ff58, 0, 5;
L_01170008 .part L_0116f770, 21, 5;
L_0116f560 .part L_0116f770, 16, 5;
L_0116f5b8 .part L_0116f770, 11, 5;
L_01170378 .part L_0116f770, 0, 6;
L_011705e0 .part L_0116ff00, 26, 6;
L_011700b8 .part L_011705e0, 0, 5;
L_01170b08 .part L_0116ff00, 21, 5;
L_01170110 .part L_0116ff00, 16, 5;
L_011708f8 .part L_0116ff00, 11, 5;
L_01170638 .part L_0116ff00, 0, 6;
L_01170168 .part L_0116fc98, 26, 6;
L_011701c0 .part L_01170168, 0, 5;
L_01170480 .part L_0116fc98, 21, 5;
L_011703d0 .part L_0116fc98, 16, 5;
L_01170218 .part L_0116fc98, 11, 5;
L_011702c8 .part L_0116fc98, 0, 6;
L_01170428 .part L_0116f928, 26, 6;
L_011706e8 .part L_01170428, 0, 5;
L_01170a58 .part L_0116f928, 21, 5;
L_01170740 .part L_0116f928, 16, 5;
L_01170ab0 .part L_0116f928, 11, 5;
L_011704d8 .part L_0116f928, 0, 6;
L_01170060 .concat [ 5 1 0 0], L_0116fd48, L_028e0190;
L_01170690 .cmp/eq 6, L_01170060, L_028e01b8;
L_01170270 .concat [ 5 1 0 0], L_0116fd48, L_028e01e0;
L_01170798 .cmp/eq 6, L_01170270, L_028e0208;
L_01170320 .concat [ 5 1 0 0], L_0116fd48, L_028e0230;
L_01170530 .cmp/eq 6, L_01170320, L_028e0258;
L_01170588 .concat [ 5 1 0 0], L_0116fd48, L_028e0280;
L_01170848 .cmp/eq 6, L_01170588, L_028e02a8;
L_011707f0 .concat [ 5 1 0 0], L_0116fd48, L_028e02d0;
L_011708a0 .cmp/eq 6, L_011707f0, L_028e02f8;
L_01170950 .concat [ 5 1 0 0], L_0116fd48, L_028e0320;
L_011709a8 .cmp/eq 6, L_01170950, L_028e0348;
L_01170a00 .concat [ 5 1 0 0], L_0116fd48, L_028e0370;
L_01170e20 .cmp/eq 6, L_01170a00, L_028e0398;
L_01171030 .concat [ 5 1 0 0], L_0116fd48, L_028e03c0;
L_011710e0 .cmp/eq 6, L_01171030, L_028e03e8;
L_01170ed0 .concat [ 5 1 0 0], L_011700b8, L_028e0410;
L_01170fd8 .cmp/eq 6, L_01170ed0, L_028e0438;
L_011712f0 .concat [ 5 1 0 0], L_011700b8, L_028e0460;
L_011713a0 .cmp/eq 6, L_011712f0, L_028e0488;
L_01171608 .concat [ 5 1 0 0], L_011700b8, L_028e04b0;
L_01171348 .cmp/eq 6, L_01171608, L_028e04d8;
L_011713f8 .concat [ 5 1 0 0], L_011700b8, L_028e0500;
L_01171450 .cmp/eq 6, L_011713f8, L_028e0528;
L_01170c68 .concat [ 5 1 0 0], L_011700b8, L_028e0550;
L_01170dc8 .cmp/eq 6, L_01170c68, L_028e0578;
L_01170c10 .concat [ 5 1 0 0], L_011700b8, L_028e05a0;
L_01170b60 .cmp/eq 6, L_01170c10, L_028e05c8;
L_011714a8 .concat [ 5 1 0 0], L_011700b8, L_028e05f0;
L_01171500 .cmp/eq 6, L_011714a8, L_028e0618;
L_01171558 .concat [ 5 1 0 0], L_011700b8, L_028e0640;
L_01170e78 .cmp/eq 6, L_01171558, L_028e0668;
L_01171138 .concat [ 5 1 0 0], L_011701c0, L_028e0690;
L_011715b0 .cmp/eq 6, L_01171138, L_028e06b8;
L_01171190 .concat [ 5 1 0 0], L_011701c0, L_028e06e0;
L_01170d18 .cmp/eq 6, L_01171190, L_028e0708;
L_01170f28 .concat [ 5 1 0 0], L_011701c0, L_028e0730;
L_011711e8 .cmp/eq 6, L_01170f28, L_028e0758;
L_01170d70 .concat [ 5 1 0 0], L_011701c0, L_028e0780;
L_01170cc0 .cmp/eq 6, L_01170d70, L_028e07a8;
L_01171240 .concat [ 5 1 0 0], L_011701c0, L_028e07d0;
L_01170bb8 .cmp/eq 6, L_01171240, L_028e07f8;
L_01170f80 .concat [ 5 1 0 0], L_011701c0, L_028e0820;
L_01171088 .cmp/eq 6, L_01170f80, L_028e0848;
L_01171298 .concat [ 5 1 0 0], L_011701c0, L_028e0870;
L_011716b8 .cmp/eq 6, L_01171298, L_028e0898;
L_01171920 .concat [ 5 1 0 0], L_011701c0, L_028e08c0;
L_01172058 .cmp/eq 6, L_01171920, L_028e08e8;
L_01171f50 .concat [ 5 1 0 0], L_011706e8, L_028e0910;
L_011718c8 .cmp/eq 6, L_01171f50, L_028e0938;
L_011717c0 .concat [ 5 1 0 0], L_011706e8, L_028e0960;
L_01171fa8 .cmp/eq 6, L_011717c0, L_028e0988;
L_01171e48 .concat [ 5 1 0 0], L_011706e8, L_028e09b0;
L_01172108 .cmp/eq 6, L_01171e48, L_028e09d8;
L_01171c90 .concat [ 5 1 0 0], L_011706e8, L_028e0a00;
L_01171818 .cmp/eq 6, L_01171c90, L_028e0a28;
L_01171ef8 .concat [ 5 1 0 0], L_011706e8, L_028e0a50;
L_01171df0 .cmp/eq 6, L_01171ef8, L_028e0a78;
L_01172000 .concat [ 5 1 0 0], L_011706e8, L_028e0aa0;
L_01171ea0 .cmp/eq 6, L_01172000, L_028e0ac8;
L_011720b0 .concat [ 5 1 0 0], L_011706e8, L_028e0af0;
L_01171a28 .cmp/eq 6, L_011720b0, L_028e0b18;
L_01171870 .concat [ 5 1 0 0], L_011706e8, L_028e0b40;
L_01171710 .cmp/eq 6, L_01171870, L_028e0b68;
L_01171d40 .concat [ 5 1 0 0], L_0116fd48, L_028e0b90;
L_01171ad8 .cmp/eq 6, L_01171d40, L_028e0bb8;
L_01171978 .concat [ 5 1 0 0], L_0116fd48, L_028e0be0;
L_01171768 .cmp/eq 6, L_01171978, L_028e0c08;
L_01171660 .concat [ 5 1 0 0], L_0116fd48, L_028e0c30;
L_01171ce8 .cmp/eq 6, L_01171660, L_028e0c58;
L_011719d0 .concat [ 5 1 0 0], L_0116fd48, L_028e0c80;
L_01171a80 .cmp/eq 6, L_011719d0, L_028e0ca8;
L_01171b30 .concat [ 5 1 0 0], L_0116fd48, L_028e0cd0;
L_01171b88 .cmp/eq 6, L_01171b30, L_028e0cf8;
L_01171be0 .concat [ 5 1 0 0], L_0116fd48, L_028e0d20;
L_01171c38 .cmp/eq 6, L_01171be0, L_028e0d48;
L_01171d98 .concat [ 5 1 0 0], L_0116fd48, L_028e0d70;
L_011725d8 .cmp/eq 6, L_01171d98, L_028e0d98;
L_01172580 .concat [ 5 1 0 0], L_011700b8, L_028e0dc0;
L_011721b8 .cmp/eq 6, L_01172580, L_028e0de8;
L_01172688 .concat [ 5 1 0 0], L_011700b8, L_028e0e10;
L_01172160 .cmp/eq 6, L_01172688, L_028e0e38;
L_01172420 .concat [ 5 1 0 0], L_011700b8, L_028e0e60;
L_011729a0 .cmp/eq 6, L_01172420, L_028e0e88;
L_011728f0 .concat [ 5 1 0 0], L_011700b8, L_028e0eb0;
L_01172370 .cmp/eq 6, L_011728f0, L_028e0ed8;
L_01172790 .concat [ 5 1 0 0], L_011700b8, L_028e0f00;
L_011722c0 .cmp/eq 6, L_01172790, L_028e0f28;
L_01172840 .concat [ 5 1 0 0], L_011701c0, L_028e0f50;
L_01172210 .cmp/eq 6, L_01172840, L_028e0f78;
L_01172268 .concat [ 5 1 0 0], L_011701c0, L_028e0fa0;
L_01172948 .cmp/eq 6, L_01172268, L_028e0fc8;
L_01172528 .concat [ 5 1 0 0], L_011701c0, L_028e0ff0;
L_01172318 .cmp/eq 6, L_01172528, L_028e1018;
L_01172630 .concat [ 5 1 0 0], L_011701c0, L_028e1040;
L_01172898 .cmp/eq 6, L_01172630, L_028e1068;
L_011723c8 .concat [ 5 1 0 0], L_011701c0, L_028e1090;
L_01172738 .cmp/eq 6, L_011723c8, L_028e10b8;
L_011724d0 .concat [ 5 1 0 0], L_011701c0, L_028e10e0;
L_01172478 .cmp/eq 6, L_011724d0, L_028e1108;
L_011726e0 .concat [ 5 1 0 0], L_011701c0, L_028e1130;
L_011727e8 .cmp/eq 6, L_011726e0, L_028e1158;
L_0117a910 .concat [ 5 1 0 0], L_011706e8, L_028e1180;
L_0117a8b8 .cmp/eq 6, L_0117a910, L_028e11a8;
L_0117ade0 .concat [ 5 1 0 0], L_011706e8, L_028e11d0;
L_0117a650 .cmp/eq 6, L_0117ade0, L_028e11f8;
L_0117aac8 .concat [ 5 1 0 0], L_011706e8, L_028e1220;
L_0117a968 .cmp/eq 6, L_0117aac8, L_028e1248;
L_0117aa18 .concat [ 5 1 0 0], L_011706e8, L_028e1270;
L_0117a700 .cmp/eq 6, L_0117aa18, L_028e1298;
L_0117a860 .concat [ 5 1 0 0], L_011706e8, L_028e12c0;
L_0117acd8 .cmp/eq 6, L_0117a860, L_028e12e8;
L_0117a7b0 .concat [ 5 1 0 0], L_0116fd48, L_028e1310;
L_0117ae38 .cmp/eq 6, L_0117a7b0, L_028e1338;
L_0117af98 .concat [ 5 1 0 0], L_0116fd48, L_028e1360;
L_0117a758 .cmp/eq 6, L_0117af98, L_028e1388;
L_0117ad88 .concat [ 5 1 0 0], L_0116fd48, L_028e13b0;
L_0117ad30 .cmp/eq 6, L_0117ad88, L_028e13d8;
L_0117aee8 .concat [ 5 1 0 0], L_0116fd48, L_028e1400;
L_0117ac80 .cmp/eq 6, L_0117aee8, L_028e1428;
L_0117aa70 .concat [ 5 1 0 0], L_0116fd48, L_028e1450;
L_0117a808 .cmp/eq 6, L_0117aa70, L_028e1478;
L_0117ae90 .concat [ 5 1 0 0], L_0116fd48, L_028e14a0;
L_0117af40 .cmp/eq 6, L_0117ae90, L_028e14c8;
L_0117aff0 .concat [ 5 1 0 0], L_0116fd48, L_028e14f0;
L_0117a9c0 .cmp/eq 6, L_0117aff0, L_028e1518;
L_0117b048 .concat [ 5 1 0 0], L_011700b8, L_028e1540;
L_0117a5a0 .cmp/eq 6, L_0117b048, L_028e1568;
L_0117a5f8 .concat [ 5 1 0 0], L_011700b8, L_028e1590;
L_0117a6a8 .cmp/eq 6, L_0117a5f8, L_028e15b8;
L_0117ab20 .concat [ 5 1 0 0], L_011700b8, L_028e15e0;
L_0117ab78 .cmp/eq 6, L_0117ab20, L_028e1608;
L_0117abd0 .concat [ 5 1 0 0], L_011700b8, L_028e1630;
L_0117ac28 .cmp/eq 6, L_0117abd0, L_028e1658;
L_0117b200 .concat [ 5 1 0 0], L_011700b8, L_028e1680;
L_0117b0f8 .cmp/eq 6, L_0117b200, L_028e16a8;
L_0117b5c8 .concat [ 5 1 0 0], L_011700b8, L_028e16d0;
L_0117b410 .cmp/eq 6, L_0117b5c8, L_028e16f8;
L_0117b0a0 .concat [ 5 1 0 0], L_011700b8, L_028e1720;
L_0117b150 .cmp/eq 6, L_0117b0a0, L_028e1748;
L_0117b258 .concat [ 5 1 0 0], L_011701c0, L_028e1770;
L_0117b2b0 .cmp/eq 6, L_0117b258, L_028e1798;
L_0117b7d8 .concat [ 5 1 0 0], L_011701c0, L_028e17c0;
L_0117b1a8 .cmp/eq 6, L_0117b7d8, L_028e17e8;
L_0117b678 .concat [ 5 1 0 0], L_011701c0, L_028e1810;
L_0117b468 .cmp/eq 6, L_0117b678, L_028e1838;
L_0117b308 .concat [ 5 1 0 0], L_011701c0, L_028e1860;
L_0117b8e0 .cmp/eq 6, L_0117b308, L_028e1888;
L_0117b360 .concat [ 5 1 0 0], L_011701c0, L_028e18b0;
L_0117b3b8 .cmp/eq 6, L_0117b360, L_028e18d8;
L_0117b620 .concat [ 5 1 0 0], L_011701c0, L_028e1900;
L_0117b4c0 .cmp/eq 6, L_0117b620, L_028e1928;
L_0117b518 .concat [ 5 1 0 0], L_011701c0, L_028e1950;
L_0117b830 .cmp/eq 6, L_0117b518, L_028e1978;
L_0117b570 .concat [ 5 1 0 0], L_011706e8, L_028e19a0;
L_0117b6d0 .cmp/eq 6, L_0117b570, L_028e19c8;
L_0117b728 .concat [ 5 1 0 0], L_011706e8, L_028e19f0;
L_0117b780 .cmp/eq 6, L_0117b728, L_028e1a18;
L_0117b888 .concat [ 5 1 0 0], L_011706e8, L_028e1a40;
L_01177bb0 .cmp/eq 6, L_0117b888, L_028e1a68;
L_01178448 .concat [ 5 1 0 0], L_011706e8, L_028e1a90;
L_01177b58 .cmp/eq 6, L_01178448, L_028e1ab8;
L_01177b00 .concat [ 5 1 0 0], L_011706e8, L_028e1ae0;
L_011783f0 .cmp/eq 6, L_01177b00, L_028e1b08;
L_01178130 .concat [ 5 1 0 0], L_011706e8, L_028e1b30;
L_011779a0 .cmp/eq 6, L_01178130, L_028e1b58;
L_01178188 .concat [ 5 1 0 0], L_011706e8, L_028e1b80;
L_01177c60 .cmp/eq 6, L_01178188, L_028e1ba8;
L_01178028 .cmp/eq 6, L_01170378, L_028e1bd0;
L_011779f8 .cmp/eq 6, L_01170378, L_028e1bf8;
L_01177a50 .cmp/eq 6, L_01170378, L_028e1c20;
L_01177dc0 .cmp/eq 6, L_01170378, L_028e1c48;
L_01177d10 .cmp/eq 6, L_01170378, L_028e1c70;
L_01177f20 .cmp/eq 6, L_01170378, L_028e1c98;
L_01177aa8 .cmp/eq 6, L_01170378, L_028e1cc0;
L_01177c08 .cmp/eq 6, L_01170638, L_028e1ce8;
L_01177cb8 .cmp/eq 6, L_01170638, L_028e1d10;
L_01178340 .cmp/eq 6, L_01170638, L_028e1d38;
L_01178238 .cmp/eq 6, L_01170638, L_028e1d60;
L_011781e0 .cmp/eq 6, L_01170638, L_028e1d88;
L_01178290 .cmp/eq 6, L_01170638, L_028e1db0;
L_01177f78 .cmp/eq 6, L_01170638, L_028e1dd8;
L_01177d68 .cmp/eq 6, L_011702c8, L_028e1e00;
L_011782e8 .cmp/eq 6, L_011702c8, L_028e1e28;
L_01178080 .cmp/eq 6, L_011702c8, L_028e1e50;
L_01177fd0 .cmp/eq 6, L_011702c8, L_028e1e78;
L_011780d8 .cmp/eq 6, L_011702c8, L_028e1ea0;
L_01177e18 .cmp/eq 6, L_011702c8, L_028e1ec8;
L_01177e70 .cmp/eq 6, L_011702c8, L_028e1ef0;
L_01177ec8 .cmp/eq 6, L_011704d8, L_028e1f18;
L_01178398 .cmp/eq 6, L_011704d8, L_028e1f40;
L_01178760 .cmp/eq 6, L_011704d8, L_028e1f68;
L_01178ef0 .cmp/eq 6, L_011704d8, L_028e1f90;
L_01178f48 .cmp/eq 6, L_011704d8, L_028e1fb8;
L_01178c30 .cmp/eq 6, L_011704d8, L_028e1fe0;
L_01178d38 .cmp/eq 6, L_011704d8, L_028e2008;
S_010cf250 .scope module, "tester" "df_tester" 2 36, 2 96 0, S_01126860;
 .timescale 0 0;
    .port_info 0 /OUTPUT 32 "instrIFID"
    .port_info 1 /OUTPUT 32 "instrIDEX"
    .port_info 2 /OUTPUT 32 "instrEXMEM"
    .port_info 3 /OUTPUT 32 "instrMEMWB"
    .port_info 4 /OUTPUT 32 "aluEXMEM_Data"
    .port_info 5 /OUTPUT 32 "aluMEMWB_Data"
    .port_info 6 /OUTPUT 32 "EXMEM_Data2Mem"
    .port_info 7 /OUTPUT 32 "MEMWB_MemData"
    .port_info 8 /INPUT 32 "jmp0D"
    .port_info 9 /INPUT 32 "jmp1D"
    .port_info 10 /INPUT 32 "aluD0"
    .port_info 11 /INPUT 32 "aluD1"
    .port_info 12 /INPUT 32 "exmemD"
    .port_info 13 /INPUT 32 "memMemD"
    .port_info 14 /INPUT 1 "jmp0"
    .port_info 15 /INPUT 1 "jmp1"
    .port_info 16 /INPUT 1 "stall"
    .port_info 17 /INPUT 1 "calc_branch"
    .port_info 18 /INPUT 1 "alu0"
    .port_info 19 /INPUT 1 "alu1"
    .port_info 20 /INPUT 1 "exmem"
    .port_info 21 /INPUT 1 "mem_mem"
P_01160de8 .param/l "ADD" 0 2 190, C4<100000>;
P_01160e08 .param/l "ADDI" 0 2 177, C4<001000>;
P_01160e28 .param/l "AND" 0 2 192, C4<100100>;
P_01160e48 .param/l "ANDI" 0 2 179, C4<001100>;
P_01160e68 .param/l "BGTI" 0 2 176, C4<000111>;
P_01160e88 .param/l "JR" 0 2 189, C4<001000>;
P_01160ea8 .param/l "JUMP" 0 2 175, C4<000010>;
P_01160ec8 .param/l "LW" 0 2 183, C4<100011>;
P_01160ee8 .param/l "NOP" 0 2 187, C4<000000>;
P_01160f08 .param/l "OR" 0 2 193, C4<100101>;
P_01160f28 .param/l "ORI" 0 2 180, C4<001101>;
P_01160f48 .param/l "REG" 0 2 174, C4<000000>;
P_01160f68 .param/l "SLLI" 0 2 182, C4<001111>;
P_01160f88 .param/l "SLLV" 0 2 188, C4<000100>;
P_01160fa8 .param/l "SLT" 0 2 195, C4<101010>;
P_01160fc8 .param/l "SLTI" 0 2 178, C4<001010>;
P_01160fe8 .param/l "SUB" 0 2 191, C4<100010>;
P_01161008 .param/l "SW" 0 2 184, C4<101011>;
P_01161028 .param/l "XOR" 0 2 194, C4<100110>;
P_01161048 .param/l "XORI" 0 2 181, C4<001110>;
P_01161068 .param/l "delay" 0 2 211, +C4<00000000000000000000000000000001>;
v011662d8_0 .var "EXMEM_Data2Mem", 31 0;
v011661d0_0 .var "MEMWB_MemData", 31 0;
L_028e0050 .functor BUFT 1, C4<11111>, C4<0>, C4<0>, C4<0>;
v01165db0_0 .net/2u *"_s0", 4 0, L_028e0050;  1 drivers
v01166388_0 .net *"_s10", 30 0, L_0116f9d8;  1 drivers
L_028e00c8 .functor BUFT 1, C4<0>, C4<0>, C4<0>, C4<0>;
v01165eb8_0 .net *"_s15", 0 0, L_028e00c8;  1 drivers
L_028e00f0 .functor BUFT 1, C4<11111>, C4<0>, C4<0>, C4<0>;
v01166228_0 .net/2u *"_s16", 4 0, L_028e00f0;  1 drivers
v01166070_0 .net *"_s18", 30 0, L_0116f820;  1 drivers
v01166330_0 .net *"_s2", 30 0, L_0116fbe8;  1 drivers
L_028e0118 .functor BUFT 1, C4<0>, C4<0>, C4<0>, C4<0>;
v01165f10_0 .net *"_s23", 0 0, L_028e0118;  1 drivers
L_028e0140 .functor BUFT 1, C4<11111>, C4<0>, C4<0>, C4<0>;
v01165ba0_0 .net/2u *"_s24", 4 0, L_028e0140;  1 drivers
v011664e8_0 .net *"_s26", 30 0, L_0116f878;  1 drivers
L_028e0168 .functor BUFT 1, C4<0>, C4<0>, C4<0>, C4<0>;
v01165fc0_0 .net *"_s31", 0 0, L_028e0168;  1 drivers
L_028e0078 .functor BUFT 1, C4<0>, C4<0>, C4<0>, C4<0>;
v011663e0_0 .net *"_s7", 0 0, L_028e0078;  1 drivers
L_028e00a0 .functor BUFT 1, C4<11111>, C4<0>, C4<0>, C4<0>;
v01165ca8_0 .net/2u *"_s8", 4 0, L_028e00a0;  1 drivers
v01166438_0 .net "alu0", 0 0, v01168dd0_0;  alias, 1 drivers
v01165a40_0 .net "alu1", 0 0, v01168e28_0;  alias, 1 drivers
v01166490_0 .net "aluD0", 31 0, v01168f30_0;  alias, 1 drivers
v01165b48_0 .net "aluD1", 31 0, v01169090_0;  alias, 1 drivers
v01165a98_0 .var "aluEXMEM_Data", 31 0;
v01165bf8_0 .var "aluMEMWB_Data", 31 0;
v01165d00_0 .net "calc_branch", 0 0, v011690e8_0;  alias, 1 drivers
v01165d58_0 .net "exmem", 0 0, v01168fe0_0;  alias, 1 drivers
v01166018_0 .net "exmemD", 31 0, v01168640_0;  alias, 1 drivers
v011660c8_0 .var "funct_EXMEM", 5 0;
v01166120_0 .var "funct_IDEX", 5 0;
v0116eab8_0 .var "funct_IFID", 5 0;
v0116ed78_0 .var "funct_MEMWB", 5 0;
v0116efe0_0 .net "instrEXMEM", 31 0, L_0116fc98;  alias, 1 drivers
v0116eb10_0 .net "instrIDEX", 31 0, L_0116ff00;  alias, 1 drivers
v0116eed8_0 .net "instrIFID", 31 0, L_0116f770;  alias, 1 drivers
v0116f2f8_0 .net "instrMEMWB", 31 0, L_0116f928;  alias, 1 drivers
v0116eb68_0 .net "jmp0", 0 0, v01168c70_0;  alias, 1 drivers
v0116f3a8_0 .net "jmp0D", 31 0, v01168cc8_0;  alias, 1 drivers
v0116ebc0_0 .net "jmp1", 0 0, v01168d20_0;  alias, 1 drivers
v0116ec18_0 .net "jmp1D", 31 0, v011692f8_0;  alias, 1 drivers
v0116f038_0 .net "memMemD", 31 0, v01169350_0;  alias, 1 drivers
v0116f1f0_0 .net "mem_mem", 0 0, v01169400_0;  alias, 1 drivers
v0116ec70_0 .var "op_EXMEM", 4 0;
v0116f2a0_0 .var "op_IDEX", 4 0;
v0116f350_0 .var "op_IFID", 4 0;
v0116ecc8_0 .var "op_MEMWB", 4 0;
v0116ea60_0 .var "rd_EXMEM", 4 0;
v0116ed20_0 .var "rd_IDEX", 4 0;
v0116f0e8_0 .var "rd_IFID", 4 0;
v0116edd0_0 .var "rd_MEMWB", 4 0;
v0116f508_0 .var "rs_EXMEM", 4 0;
v0116f400_0 .var "rs_IDEX", 4 0;
v0116f090_0 .var "rs_IFID", 4 0;
v0116f140_0 .var "rs_MEMWB", 4 0;
v0116ee28_0 .var "rt_EXMEM", 4 0;
v0116f458_0 .var "rt_IDEX", 4 0;
v0116ee80_0 .var "rt_IFID", 4 0;
v0116f4b0_0 .var "rt_MEMWB", 4 0;
v0116ef30_0 .net "stall", 0 0, v01165e60_0;  alias, 1 drivers
LS_0116fbe8_0_0 .concat [ 6 5 5 5], v0116eab8_0, L_028e0050, v0116f0e8_0, v0116ee80_0;
LS_0116fbe8_0_4 .concat [ 5 5 0 0], v0116f090_0, v0116f350_0;
L_0116fbe8 .concat [ 21 10 0 0], LS_0116fbe8_0_0, LS_0116fbe8_0_4;
L_0116f770 .concat [ 31 1 0 0], L_0116fbe8, L_028e0078;
LS_0116f9d8_0_0 .concat [ 6 5 5 5], v01166120_0, L_028e00a0, v0116ed20_0, v0116f458_0;
LS_0116f9d8_0_4 .concat [ 5 5 0 0], v0116f400_0, v0116f2a0_0;
L_0116f9d8 .concat [ 21 10 0 0], LS_0116f9d8_0_0, LS_0116f9d8_0_4;
L_0116ff00 .concat [ 31 1 0 0], L_0116f9d8, L_028e00c8;
LS_0116f820_0_0 .concat [ 6 5 5 5], v011660c8_0, L_028e00f0, v0116ea60_0, v0116ee28_0;
LS_0116f820_0_4 .concat [ 5 5 0 0], v0116f508_0, v0116ec70_0;
L_0116f820 .concat [ 21 10 0 0], LS_0116f820_0_0, LS_0116f820_0_4;
L_0116fc98 .concat [ 31 1 0 0], L_0116f820, L_028e0118;
LS_0116f878_0_0 .concat [ 6 5 5 5], v0116ed78_0, L_028e0140, v0116edd0_0, v0116f4b0_0;
LS_0116f878_0_4 .concat [ 5 5 0 0], v0116f140_0, v0116ecc8_0;
L_0116f878 .concat [ 21 10 0 0], LS_0116f878_0_0, LS_0116f878_0_4;
L_0116f928 .concat [ 31 1 0 0], L_0116f878, L_028e0168;
    .scope S_010cf250;
T_0 ;
    %pushi/vec4 1, 0, 26;
    %split/vec4 6;
    %store/vec4 v0116eab8_0, 0, 6;
    %split/vec4 5;
    %store/vec4 v0116f0e8_0, 0, 5;
    %split/vec4 5;
    %store/vec4 v0116ee80_0, 0, 5;
    %split/vec4 5;
    %store/vec4 v0116f090_0, 0, 5;
    %store/vec4 v0116f350_0, 0, 5;
    %pushi/vec4 1, 0, 26;
    %split/vec4 6;
    %store/vec4 v01166120_0, 0, 6;
    %split/vec4 5;
    %store/vec4 v0116ed20_0, 0, 5;
    %split/vec4 5;
    %store/vec4 v0116f458_0, 0, 5;
    %split/vec4 5;
    %store/vec4 v0116f400_0, 0, 5;
    %store/vec4 v0116f2a0_0, 0, 5;
    %pushi/vec4 1, 0, 26;
    %split/vec4 6;
    %store/vec4 v011660c8_0, 0, 6;
    %split/vec4 5;
    %store/vec4 v0116ea60_0, 0, 5;
    %split/vec4 5;
    %store/vec4 v0116ee28_0, 0, 5;
    %split/vec4 5;
    %store/vec4 v0116f508_0, 0, 5;
    %store/vec4 v0116f350_0, 0, 5;
    %pushi/vec4 1, 0, 26;
    %split/vec4 6;
    %store/vec4 v0116ed78_0, 0, 6;
    %split/vec4 5;
    %store/vec4 v0116edd0_0, 0, 5;
    %split/vec4 5;
    %store/vec4 v0116f4b0_0, 0, 5;
    %split/vec4 5;
    %store/vec4 v0116f140_0, 0, 5;
    %store/vec4 v0116ecc8_0, 0, 5;
    %pushi/vec4 2, 0, 32;
    %store/vec4 v01165a98_0, 0, 32;
    %pushi/vec4 4, 0, 32;
    %store/vec4 v01165bf8_0, 0, 32;
    %pushi/vec4 6, 0, 32;
    %store/vec4 v011662d8_0, 0, 32;
    %pushi/vec4 8, 0, 32;
    %store/vec4 v011661d0_0, 0, 32;
    %pushi/vec4 7, 0, 5;
    %store/vec4 v0116f350_0, 0, 5;
    %pushi/vec4 8, 0, 5;
    %store/vec4 v0116ec70_0, 0, 5;
    %pushi/vec4 21, 0, 5;
    %store/vec4 v0116ee28_0, 0, 5;
    %pushi/vec4 21, 0, 5;
    %store/vec4 v0116ee80_0, 0, 5;
    %pushi/vec4 21, 0, 5;
    %store/vec4 v0116f090_0, 0, 5;
    %delay 1, 0;
    %delay 1, 0;
    %pushi/vec4 0, 0, 5;
    %store/vec4 v0116f090_0, 0, 5;
    %delay 1, 0;
    %delay 1, 0;
    %pushi/vec4 0, 0, 5;
    %store/vec4 v0116ee80_0, 0, 5;
    %delay 1, 0;
    %delay 1, 0;
    %pushi/vec4 32, 0, 6;
    %store/vec4 v011660c8_0, 0, 6;
    %delay 1, 0;
    %delay 1, 0;
    %vpi_call 2 336 "$finish" {0 0 0};
    %end;
    .thread T_0;
    .scope S_011b58b0;
T_1 ;
    %wait E_01123698;
    %load/vec4 v01169610_0;
    %flag_set/vec4 8;
    %jmp/0xz  T_1.0, 8;
    %pushi/vec4 0, 0, 1;
    %store/vec4 v01168e28_0, 0, 1;
    %load/vec4 v01169820_0;
    %flag_set/vec4 8;
    %jmp/0xz  T_1.2, 8;
    %load/vec4 v01165c50_0;
    %load/vec4 v011697c8_0;
    %cmp/e;
    %flag_get/vec4 4;
    %store/vec4 v01168dd0_0, 0, 1;
    %jmp T_1.3;
T_1.2 ;
    %load/vec4 v01169980_0;
    %pad/u 32;
    %pushi/vec4 0, 0, 32;
    %cmp/e;
    %flag_get/vec4 4;
    %load/vec4 v01168958_0;
    %and;
    %flag_set/vec4 8;
    %jmp/0xz  T_1.4, 8;
    %load/vec4 v011696c0_0;
    %load/vec4 v011697c8_0;
    %cmp/e;
    %flag_get/vec4 4;
    %store/vec4 v01168dd0_0, 0, 1;
    %jmp T_1.5;
T_1.4 ;
    %load/vec4 v011694b0_0;
    %flag_set/vec4 8;
    %load/vec4 v01169458_0;
    %pad/u 6;
    %cmpi/e 35, 0, 6;
    %flag_or 4, 8;
    %jmp/0xz  T_1.6, 4;
    %load/vec4 v01169560_0;
    %load/vec4 v011697c8_0;
    %cmp/e;
    %flag_get/vec4 4;
    %store/vec4 v01168dd0_0, 0, 1;
    %jmp T_1.7;
T_1.6 ;
    %load/vec4 v01169560_0;
    %load/vec4 v011697c8_0;
    %cmp/e;
    %flag_get/vec4 4;
    %store/vec4 v01168dd0_0, 0, 1;
T_1.7 ;
T_1.5 ;
T_1.3 ;
    %load/vec4 v01169820_0;
    %flag_set/vec4 8;
    %load/vec4 v01169980_0;
    %pad/u 32;
    %pushi/vec4 0, 0, 32;
    %cmp/e;
    %flag_get/vec4 4;
    %load/vec4 v01168958_0;
    %and;
    %flag_set/vec4 9;
    %flag_or 9, 8;
    %jmp/0xz  T_1.8, 9;
    %load/vec4 v01168900_0;
    %store/vec4 v01168f30_0, 0, 32;
    %jmp T_1.9;
T_1.8 ;
    %load/vec4 v01168f30_0;
    %store/vec4 v01168f30_0, 0, 32;
T_1.9 ;
    %load/vec4 v01169090_0;
    %store/vec4 v01169090_0, 0, 32;
    %jmp T_1.1;
T_1.0 ;
    %load/vec4 v01169878_0;
    %pad/u 32;
    %pushi/vec4 0, 0, 32;
    %cmp/e;
    %flag_get/vec4 4;
    %load/vec4 v01168a08_0;
    %and;
    %flag_set/vec4 8;
    %jmp/0xz  T_1.10, 8;
    %load/vec4 v01169820_0;
    %flag_set/vec4 8;
    %jmp/0xz  T_1.12, 8;
    %load/vec4 v011694b0_0;
    %flag_set/vec4 8;
    %load/vec4 v01169458_0;
    %pad/u 6;
    %cmpi/e 35, 0, 6;
    %flag_or 4, 8;
    %jmp/0xz  T_1.14, 4;
    %load/vec4 v01165c50_0;
    %load/vec4 v011697c8_0;
    %cmp/e;
    %flag_get/vec4 4;
    %load/vec4 v01165e08_0;
    %load/vec4 v011697c8_0;
    %cmp/e;
    %flag_get/vec4 4;
    %or;
    %store/vec4 v01168dd0_0, 0, 1;
    %load/vec4 v01165c50_0;
    %load/vec4 v01165f68_0;
    %cmp/e;
    %flag_get/vec4 4;
    %load/vec4 v01165e08_0;
    %load/vec4 v01165f68_0;
    %cmp/e;
    %flag_get/vec4 4;
    %or;
    %store/vec4 v01168e28_0, 0, 1;
    %jmp T_1.15;
T_1.14 ;
    %load/vec4 v01169458_0;
    %pad/u 32;
    %cmpi/e 0, 0, 32;
    %flag_mov 8, 4;
    %load/vec4 v01168a60_0;
    %flag_set/vec4 9;
    %flag_or 9, 8;
    %jmp/0xz  T_1.16, 9;
    %load/vec4 v01165c50_0;
    %load/vec4 v011697c8_0;
    %cmp/e;
    %flag_get/vec4 4;
    %load/vec4 v01169560_0;
    %load/vec4 v011697c8_0;
    %cmp/e;
    %flag_get/vec4 4;
    %or;
    %store/vec4 v01168dd0_0, 0, 1;
    %load/vec4 v01165c50_0;
    %load/vec4 v01165f68_0;
    %cmp/e;
    %flag_get/vec4 4;
    %load/vec4 v01169560_0;
    %load/vec4 v01165f68_0;
    %cmp/e;
    %flag_get/vec4 4;
    %or;
    %store/vec4 v01168e28_0, 0, 1;
    %jmp T_1.17;
T_1.16 ;
    %load/vec4 v01165c50_0;
    %load/vec4 v011697c8_0;
    %cmp/e;
    %flag_get/vec4 4;
    %store/vec4 v01168dd0_0, 0, 1;
    %load/vec4 v01165c50_0;
    %load/vec4 v01165f68_0;
    %cmp/e;
    %flag_get/vec4 4;
    %store/vec4 v01168e28_0, 0, 1;
T_1.17 ;
T_1.15 ;
    %load/vec4 v01165c50_0;
    %load/vec4 v011697c8_0;
    %cmp/e;
    %jmp/0xz  T_1.18, 4;
    %load/vec4 v01168900_0;
    %store/vec4 v01168f30_0, 0, 32;
    %jmp T_1.19;
T_1.18 ;
    %load/vec4 v011687f8_0;
    %store/vec4 v01168f30_0, 0, 32;
T_1.19 ;
    %load/vec4 v01165c50_0;
    %load/vec4 v01165f68_0;
    %cmp/e;
    %jmp/0xz  T_1.20, 4;
    %load/vec4 v01168900_0;
    %store/vec4 v01169090_0, 0, 32;
    %jmp T_1.21;
T_1.20 ;
    %load/vec4 v011687f8_0;
    %store/vec4 v01169090_0, 0, 32;
T_1.21 ;
    %jmp T_1.13;
T_1.12 ;
    %load/vec4 v01169980_0;
    %pad/u 32;
    %pushi/vec4 0, 0, 32;
    %cmp/e;
    %flag_get/vec4 4;
    %load/vec4 v01168958_0;
    %and;
    %flag_set/vec4 8;
    %jmp/0xz  T_1.22, 8;
    %load/vec4 v011694b0_0;
    %flag_set/vec4 8;
    %load/vec4 v01169458_0;
    %pad/u 6;
    %cmpi/e 35, 0, 6;
    %flag_or 4, 8;
    %jmp/0xz  T_1.24, 4;
    %load/vec4 v011696c0_0;
    %load/vec4 v011697c8_0;
    %cmp/e;
    %flag_get/vec4 4;
    %load/vec4 v01165e08_0;
    %load/vec4 v011697c8_0;
    %cmp/e;
    %flag_get/vec4 4;
    %or;
    %store/vec4 v01168dd0_0, 0, 1;
    %load/vec4 v011696c0_0;
    %load/vec4 v01165f68_0;
    %cmp/e;
    %flag_get/vec4 4;
    %load/vec4 v01165e08_0;
    %load/vec4 v01165f68_0;
    %cmp/e;
    %flag_get/vec4 4;
    %or;
    %store/vec4 v01168e28_0, 0, 1;
    %jmp T_1.25;
T_1.24 ;
    %load/vec4 v01169458_0;
    %pad/u 32;
    %pushi/vec4 0, 0, 32;
    %cmp/e;
    %flag_get/vec4 4;
    %load/vec4 v01168a60_0;
    %and;
    %flag_set/vec4 8;
    %jmp/0xz  T_1.26, 8;
    %load/vec4 v011696c0_0;
    %load/vec4 v011697c8_0;
    %cmp/e;
    %flag_get/vec4 4;
    %load/vec4 v01169560_0;
    %load/vec4 v011697c8_0;
    %cmp/e;
    %flag_get/vec4 4;
    %or;
    %store/vec4 v01168dd0_0, 0, 1;
    %load/vec4 v011696c0_0;
    %load/vec4 v01165f68_0;
    %cmp/e;
    %flag_get/vec4 4;
    %load/vec4 v01169560_0;
    %load/vec4 v01165f68_0;
    %cmp/e;
    %flag_get/vec4 4;
    %or;
    %store/vec4 v01168e28_0, 0, 1;
    %jmp T_1.27;
T_1.26 ;
    %load/vec4 v011696c0_0;
    %load/vec4 v011697c8_0;
    %cmp/e;
    %flag_get/vec4 4;
    %store/vec4 v01168dd0_0, 0, 1;
    %load/vec4 v011696c0_0;
    %load/vec4 v01165f68_0;
    %cmp/e;
    %flag_get/vec4 4;
    %store/vec4 v01168e28_0, 0, 1;
T_1.27 ;
T_1.25 ;
    %load/vec4 v011696c0_0;
    %load/vec4 v011697c8_0;
    %cmp/e;
    %jmp/0xz  T_1.28, 4;
    %load/vec4 v01168900_0;
    %store/vec4 v01168f30_0, 0, 32;
    %jmp T_1.29;
T_1.28 ;
    %load/vec4 v011687f8_0;
    %store/vec4 v01168f30_0, 0, 32;
T_1.29 ;
    %load/vec4 v011696c0_0;
    %load/vec4 v01165f68_0;
    %cmp/e;
    %jmp/0xz  T_1.30, 4;
    %load/vec4 v01168900_0;
    %store/vec4 v01169090_0, 0, 32;
    %jmp T_1.31;
T_1.30 ;
    %load/vec4 v011687f8_0;
    %store/vec4 v01169090_0, 0, 32;
T_1.31 ;
T_1.22 ;
T_1.13 ;
T_1.10 ;
T_1.1 ;
    %load/vec4 v01169878_0;
    %pad/u 6;
    %cmpi/e 43, 0, 6;
    %jmp/0xz  T_1.32, 4;
    %load/vec4 v01169820_0;
    %load/vec4 v01165c50_0;
    %load/vec4 v01165f68_0;
    %cmp/e;
    %flag_get/vec4 4;
    %and;
    %flag_set/vec4 8;
    %jmp/0xz  T_1.34, 8;
    %pushi/vec4 1, 0, 1;
    %store/vec4 v01168fe0_0, 0, 1;
    %jmp T_1.35;
T_1.34 ;
    %load/vec4 v01169980_0;
    %pad/u 32;
    %pushi/vec4 0, 0, 32;
    %cmp/e;
    %flag_get/vec4 4;
    %load/vec4 v01168958_0;
    %and;
    %load/vec4 v011696c0_0;
    %load/vec4 v01165f68_0;
    %cmp/e;
    %flag_get/vec4 4;
    %and;
    %flag_set/vec4 8;
    %jmp/0xz  T_1.36, 8;
    %pushi/vec4 1, 0, 1;
    %store/vec4 v01168fe0_0, 0, 1;
    %jmp T_1.37;
T_1.36 ;
    %load/vec4 v011694b0_0;
    %load/vec4 v01169458_0;
    %pad/u 6;
    %pushi/vec4 35, 0, 6;
    %cmp/e;
    %flag_get/vec4 4;
    %or;
    %load/vec4 v01165e08_0;
    %load/vec4 v01165f68_0;
    %cmp/e;
    %flag_get/vec4 4;
    %and;
    %flag_set/vec4 8;
    %jmp/0xz  T_1.38, 8;
    %pushi/vec4 1, 0, 1;
    %store/vec4 v01168fe0_0, 0, 1;
    %jmp T_1.39;
T_1.38 ;
    %load/vec4 v01169560_0;
    %load/vec4 v01165f68_0;
    %cmp/e;
    %flag_get/vec4 4;
    %store/vec4 v01168fe0_0, 0, 1;
T_1.39 ;
T_1.37 ;
T_1.35 ;
T_1.32 ;
    %load/vec4 v01169878_0;
    %pad/u 6;
    %cmpi/e 43, 0, 6;
    %jmp/0xz  T_1.40, 4;
    %load/vec4 v01169820_0;
    %load/vec4 v01165c50_0;
    %load/vec4 v01165f68_0;
    %cmp/e;
    %flag_get/vec4 4;
    %and;
    %flag_set/vec4 8;
    %jmp/0xz  T_1.42, 8;
    %load/vec4 v01168900_0;
    %store/vec4 v01168640_0, 0, 32;
    %jmp T_1.43;
T_1.42 ;
    %load/vec4 v01169980_0;
    %pad/u 32;
    %pushi/vec4 0, 0, 32;
    %cmp/e;
    %flag_get/vec4 4;
    %load/vec4 v01168958_0;
    %and;
    %load/vec4 v011696c0_0;
    %load/vec4 v01165f68_0;
    %cmp/e;
    %flag_get/vec4 4;
    %and;
    %flag_set/vec4 8;
    %jmp/0xz  T_1.44, 8;
    %load/vec4 v01168900_0;
    %store/vec4 v01168640_0, 0, 32;
    %jmp T_1.45;
T_1.44 ;
    %load/vec4 v011694b0_0;
    %load/vec4 v01165e08_0;
    %load/vec4 v01165f68_0;
    %cmp/e;
    %flag_get/vec4 4;
    %and;
    %flag_set/vec4 8;
    %jmp/0xz  T_1.46, 8;
    %load/vec4 v011687f8_0;
    %store/vec4 v01168640_0, 0, 32;
    %jmp T_1.47;
T_1.46 ;
    %load/vec4 v01169458_0;
    %pad/u 32;
    %pushi/vec4 0, 0, 32;
    %cmp/e;
    %flag_get/vec4 4;
    %load/vec4 v01168a60_0;
    %and;
    %load/vec4 v01169560_0;
    %load/vec4 v01165f68_0;
    %cmp/e;
    %flag_get/vec4 4;
    %and;
    %flag_set/vec4 8;
    %jmp/0xz  T_1.48, 8;
    %load/vec4 v011687f8_0;
    %store/vec4 v01168640_0, 0, 32;
    %jmp T_1.49;
T_1.48 ;
    %load/vec4 v011148d8_0;
    %store/vec4 v01168640_0, 0, 32;
T_1.49 ;
T_1.47 ;
T_1.45 ;
T_1.43 ;
T_1.40 ;
    %load/vec4 v01169980_0;
    %pad/u 6;
    %cmpi/e 43, 0, 6;
    %jmp/0xz  T_1.50, 4;
    %load/vec4 v011148d8_0;
    %store/vec4 v01169350_0, 0, 32;
    %load/vec4 v01169458_0;
    %pad/u 6;
    %cmpi/e 35, 0, 6;
    %jmp/0xz  T_1.52, 4;
    %load/vec4 v01165e08_0;
    %load/vec4 v01165c50_0;
    %cmp/e;
    %flag_get/vec4 4;
    %store/vec4 v01169400_0, 0, 1;
T_1.52 ;
T_1.50 ;
    %load/vec4 v01169668_0;
    %pad/u 32;
    %pushi/vec4 0, 0, 32;
    %cmp/e;
    %flag_get/vec4 4;
    %load/vec4 v01168698_0;
    %pushi/vec4 2, 0, 6;
    %cmp/e;
    %flag_get/vec4 4;
    %and;
    %flag_set/vec4 8;
    %load/vec4 v01169668_0;
    %pad/u 6;
    %cmpi/e 7, 0, 6;
    %flag_or 4, 8;
    %jmp/0xz  T_1.54, 4;
    %load/vec4 v01169820_0;
    %flag_set/vec4 8;
    %jmp/0xz  T_1.56, 8;
    %load/vec4 v01165c50_0;
    %load/vec4 v01165af0_0;
    %cmp/e;
    %flag_get/vec4 4;
    %store/vec4 v01168c70_0, 0, 1;
    %load/vec4 v01165c50_0;
    %load/vec4 v01166178_0;
    %cmp/e;
    %flag_get/vec4 4;
    %store/vec4 v01168d20_0, 0, 1;
    %jmp T_1.57;
T_1.56 ;
    %load/vec4 v01169980_0;
    %pad/u 32;
    %pushi/vec4 0, 0, 32;
    %cmp/e;
    %flag_get/vec4 4;
    %load/vec4 v01168958_0;
    %and;
    %flag_set/vec4 8;
    %jmp/0xz  T_1.58, 8;
    %load/vec4 v011696c0_0;
    %load/vec4 v01165af0_0;
    %cmp/e;
    %flag_get/vec4 4;
    %store/vec4 v01168c70_0, 0, 1;
    %load/vec4 v011696c0_0;
    %load/vec4 v01166178_0;
    %cmp/e;
    %flag_get/vec4 4;
    %store/vec4 v01168d20_0, 0, 1;
T_1.58 ;
T_1.57 ;
T_1.54 ;
    %load/vec4 v01169668_0;
    %pad/u 32;
    %pushi/vec4 0, 0, 32;
    %cmp/e;
    %flag_get/vec4 4;
    %load/vec4 v01168698_0;
    %pushi/vec4 2, 0, 6;
    %cmp/e;
    %flag_get/vec4 4;
    %and;
    %flag_set/vec4 8;
    %load/vec4 v01169668_0;
    %pad/u 6;
    %cmpi/e 7, 0, 6;
    %flag_or 4, 8;
    %jmp/0xz  T_1.60, 4;
    %load/vec4 v01169820_0;
    %flag_set/vec4 8;
    %load/vec4 v01169980_0;
    %pad/u 32;
    %pushi/vec4 0, 0, 32;
    %cmp/e;
    %flag_get/vec4 4;
    %load/vec4 v01168958_0;
    %and;
    %flag_set/vec4 9;
    %flag_or 9, 8;
    %jmp/0xz  T_1.62, 9;
    %load/vec4 v01168900_0;
    %store/vec4 v01168cc8_0, 0, 32;
    %load/vec4 v01168900_0;
    %store/vec4 v011692f8_0, 0, 32;
T_1.62 ;
T_1.60 ;
    %load/vec4 v01169980_0;
    %pad/u 6;
    %cmpi/e 35, 0, 6;
    %jmp/0xz  T_1.64, 4;
    %load/vec4 v01169610_0;
    %flag_set/vec4 8;
    %jmp/0xz  T_1.66, 8;
    %load/vec4 v01165c50_0;
    %load/vec4 v011697c8_0;
    %cmp/e;
    %flag_get/vec4 4;
    %store/vec4 v01165e60_0, 0, 1;
T_1.66 ;
    %load/vec4 v01169878_0;
    %pad/u 32;
    %pushi/vec4 0, 0, 32;
    %cmp/e;
    %flag_get/vec4 4;
    %load/vec4 v01168a08_0;
    %and;
    %flag_set/vec4 8;
    %jmp/0xz  T_1.68, 8;
    %load/vec4 v01165c50_0;
    %load/vec4 v011697c8_0;
    %cmp/e;
    %flag_get/vec4 4;
    %load/vec4 v01165c50_0;
    %load/vec4 v01165f68_0;
    %cmp/e;
    %flag_get/vec4 4;
    %or;
    %store/vec4 v01165e60_0, 0, 1;
T_1.68 ;
    %jmp T_1.65;
T_1.64 ;
    %load/vec4 v01169668_0;
    %pad/u 32;
    %pushi/vec4 0, 0, 32;
    %cmp/e;
    %flag_get/vec4 4;
    %load/vec4 v01168698_0;
    %pushi/vec4 8, 0, 6;
    %cmp/e;
    %flag_get/vec4 4;
    %and;
    %flag_set/vec4 8;
    %jmp/0xz  T_1.70, 8;
    %load/vec4 v011695b8_0;
    %flag_set/vec4 8;
    %load/vec4 v01169878_0;
    %pad/u 6;
    %cmpi/e 35, 0, 6;
    %flag_or 4, 8;
    %jmp/0xz  T_1.72, 4;
    %load/vec4 v01165f68_0;
    %load/vec4 v01165af0_0;
    %cmp/e;
    %flag_get/vec4 4;
    %store/vec4 v01165e60_0, 0, 1;
    %jmp T_1.73;
T_1.72 ;
    %load/vec4 v01169878_0;
    %pad/u 32;
    %pushi/vec4 0, 0, 32;
    %cmp/e;
    %flag_get/vec4 4;
    %load/vec4 v01168a08_0;
    %and;
    %flag_set/vec4 8;
    %jmp/0xz  T_1.74, 8;
    %load/vec4 v01169928_0;
    %load/vec4 v01165af0_0;
    %cmp/e;
    %flag_get/vec4 4;
    %store/vec4 v01165e60_0, 0, 1;
    %jmp T_1.75;
T_1.74 ;
    %load/vec4 v01169980_0;
    %pad/u 6;
    %cmpi/e 35, 0, 6;
    %jmp/0xz  T_1.76, 4;
    %load/vec4 v01165c50_0;
    %load/vec4 v01165af0_0;
    %cmp/e;
    %flag_get/vec4 4;
    %store/vec4 v01165e60_0, 0, 1;
T_1.76 ;
T_1.75 ;
T_1.73 ;
    %jmp T_1.71;
T_1.70 ;
    %load/vec4 v01169668_0;
    %pad/u 6;
    %cmpi/e 7, 0, 6;
    %jmp/0xz  T_1.78, 4;
    %load/vec4 v011695b8_0;
    %flag_set/vec4 8;
    %load/vec4 v01169878_0;
    %pad/u 6;
    %cmpi/e 35, 0, 6;
    %flag_or 4, 8;
    %jmp/0xz  T_1.80, 4;
    %load/vec4 v01165f68_0;
    %load/vec4 v01165af0_0;
    %cmp/e;
    %flag_get/vec4 4;
    %load/vec4 v01165f68_0;
    %load/vec4 v01166178_0;
    %cmp/e;
    %flag_get/vec4 4;
    %or;
    %store/vec4 v01165e60_0, 0, 1;
    %jmp T_1.81;
T_1.80 ;
    %load/vec4 v01169878_0;
    %pad/u 32;
    %pushi/vec4 0, 0, 32;
    %cmp/e;
    %flag_get/vec4 4;
    %load/vec4 v01168a08_0;
    %and;
    %flag_set/vec4 8;
    %jmp/0xz  T_1.82, 8;
    %load/vec4 v01165f68_0;
    %load/vec4 v01165f68_0;
    %load/vec4 v01165af0_0;
    %cmp/e;
    %flag_get/vec4 4;
    %load/vec4 v01165f68_0;
    %load/vec4 v01166178_0;
    %cmp/e;
    %flag_get/vec4 4;
    %or;
    %load/vec4 v011697c8_0;
    %load/vec4 v01165af0_0;
    %cmp/e;
    %flag_get/vec4 4;
    %or;
    %load/vec4 v011697c8_0;
    %load/vec4 v01166178_0;
    %cmp/e;
    %flag_get/vec4 4;
    %or;
    %pad/u 5;
    %cmp/e;
    %flag_get/vec4 4;
    %store/vec4 v01165e60_0, 0, 1;
    %jmp T_1.83;
T_1.82 ;
    %load/vec4 v01169980_0;
    %pad/u 6;
    %cmpi/e 35, 0, 6;
    %jmp/0xz  T_1.84, 4;
    %load/vec4 v01165c50_0;
    %load/vec4 v01165af0_0;
    %cmp/e;
    %flag_get/vec4 4;
    %load/vec4 v01165c50_0;
    %load/vec4 v01166178_0;
    %cmp/e;
    %flag_get/vec4 4;
    %or;
    %store/vec4 v01165e60_0, 0, 1;
T_1.84 ;
T_1.83 ;
T_1.81 ;
T_1.78 ;
T_1.71 ;
T_1.65 ;
    %jmp T_1;
    .thread T_1, $push;
    .scope S_01126860;
T_2 ;
    %vpi_call 2 84 "$dumpfile", "DFTest.vcd" {0 0 0};
    %vpi_call 2 85 "$dumpvars", 32'sb00000000000000000000000000000100, S_011b58b0 {0 0 0};
    %end;
    .thread T_2;
# The file index is used to find the file name in the following table.
:file_names 4;
    "N/A";
    "<interactive>";
    "df_tb.v";
    "./dataForwarding.v";
