#! /c/iverilog/bin/vvp
:ivl_version "0.9.7 " "(v0_9_7)";
:vpi_time_precision + 0;
:vpi_module "system";
:vpi_module "v2005_math";
:vpi_module "va_math";
S_01178DA8 .scope module, "HexEncoder_tb" "HexEncoder_tb" 2 11;
 .timescale 0 0;
v01173320_0 .net "hexOut", 6 0, v00FD28E8_0; 1 drivers
v01173378_0 .net "in", 3 0, v00FD2890_0; 1 drivers
S_01179958 .scope module, "dut" "HexEncoder" 2 16, 3 9, S_01178DA8;
 .timescale 0 0;
v00FD28E8_0 .var "hexOut", 6 0;
v00FD2940_0 .alias "in", 3 0, v01173378_0;
E_0117E170 .event edge, v00FD2890_0;
S_011799E0 .scope module, "tester" "HexEncoderTester" 2 17, 4 7, S_01178DA8;
 .timescale 0 0;
P_0117E0D4 .param/l "stimDelay" 4 12, +C4<01>;
v0117EF08_0 .alias "hexOut", 6 0, v01173320_0;
v0117EF60_0 .var/i "i", 31 0;
v00FD2890_0 .var "in", 3 0;
    .scope S_01179958;
T_0 ;
    %wait E_0117E170;
    %load/v 8, v00FD2940_0, 4;
    %cmpi/u 8, 0, 4;
    %jmp/1 T_0.0, 6;
    %cmpi/u 8, 1, 4;
    %jmp/1 T_0.1, 6;
    %cmpi/u 8, 2, 4;
    %jmp/1 T_0.2, 6;
    %cmpi/u 8, 3, 4;
    %jmp/1 T_0.3, 6;
    %cmpi/u 8, 4, 4;
    %jmp/1 T_0.4, 6;
    %cmpi/u 8, 5, 4;
    %jmp/1 T_0.5, 6;
    %cmpi/u 8, 6, 4;
    %jmp/1 T_0.6, 6;
    %cmpi/u 8, 7, 4;
    %jmp/1 T_0.7, 6;
    %cmpi/u 8, 8, 4;
    %jmp/1 T_0.8, 6;
    %cmpi/u 8, 9, 4;
    %jmp/1 T_0.9, 6;
    %cmpi/u 8, 10, 4;
    %jmp/1 T_0.10, 6;
    %cmpi/u 8, 11, 4;
    %jmp/1 T_0.11, 6;
    %cmpi/u 8, 12, 4;
    %jmp/1 T_0.12, 6;
    %cmpi/u 8, 13, 4;
    %jmp/1 T_0.13, 6;
    %cmpi/u 8, 14, 4;
    %jmp/1 T_0.14, 6;
    %cmpi/u 8, 15, 4;
    %jmp/1 T_0.15, 6;
    %set/v v00FD28E8_0, 2, 7;
    %jmp T_0.17;
T_0.0 ;
    %movi 8, 64, 7;
    %set/v v00FD28E8_0, 8, 7;
    %jmp T_0.17;
T_0.1 ;
    %movi 8, 121, 7;
    %set/v v00FD28E8_0, 8, 7;
    %jmp T_0.17;
T_0.2 ;
    %movi 8, 36, 7;
    %set/v v00FD28E8_0, 8, 7;
    %jmp T_0.17;
T_0.3 ;
    %movi 8, 48, 7;
    %set/v v00FD28E8_0, 8, 7;
    %jmp T_0.17;
T_0.4 ;
    %movi 8, 25, 7;
    %set/v v00FD28E8_0, 8, 7;
    %jmp T_0.17;
T_0.5 ;
    %movi 8, 18, 7;
    %set/v v00FD28E8_0, 8, 7;
    %jmp T_0.17;
T_0.6 ;
    %movi 8, 2, 7;
    %set/v v00FD28E8_0, 8, 7;
    %jmp T_0.17;
T_0.7 ;
    %movi 8, 120, 7;
    %set/v v00FD28E8_0, 8, 7;
    %jmp T_0.17;
T_0.8 ;
    %set/v v00FD28E8_0, 0, 7;
    %jmp T_0.17;
T_0.9 ;
    %movi 8, 16, 7;
    %set/v v00FD28E8_0, 8, 7;
    %jmp T_0.17;
T_0.10 ;
    %movi 8, 8, 7;
    %set/v v00FD28E8_0, 8, 7;
    %jmp T_0.17;
T_0.11 ;
    %movi 8, 3, 7;
    %set/v v00FD28E8_0, 8, 7;
    %jmp T_0.17;
T_0.12 ;
    %movi 8, 70, 7;
    %set/v v00FD28E8_0, 8, 7;
    %jmp T_0.17;
T_0.13 ;
    %movi 8, 33, 7;
    %set/v v00FD28E8_0, 8, 7;
    %jmp T_0.17;
T_0.14 ;
    %movi 8, 6, 7;
    %set/v v00FD28E8_0, 8, 7;
    %jmp T_0.17;
T_0.15 ;
    %movi 8, 14, 7;
    %set/v v00FD28E8_0, 8, 7;
    %jmp T_0.17;
T_0.17 ;
    %jmp T_0;
    .thread T_0, $push;
    .scope S_011799E0;
T_1 ;
    %vpi_call 4 17 "$display", "in out[6] out[5] out[4] out[3] out[2] out[1] out[0] time";
    %vpi_call 4 18 "$monitor", "%d     %b      %b      %b      %b      %b      %b      %b    %g ", v00FD2890_0, &PV<v0117EF08_0, 6, 1>, &PV<v0117EF08_0, 5, 1>, &PV<v0117EF08_0, 4, 1>, &PV<v0117EF08_0, 3, 1>, &PV<v0117EF08_0, 2, 1>, &PV<v0117EF08_0, 1, 1>, &PV<v0117EF08_0, 0, 1>, $time;
    %end;
    .thread T_1;
    .scope S_011799E0;
T_2 ;
    %delay 1, 0;
    %set/v v0117EF60_0, 0, 32;
T_2.0 ;
    %load/v 8, v0117EF60_0, 32;
   %cmpi/s 8, 32, 32;
    %jmp/0xz T_2.1, 5;
    %delay 1, 0;
    %load/v 8, v0117EF60_0, 32;
    %set/v v00FD2890_0, 8, 4;
    %ix/load 0, 1, 0;
    %load/vp0/s 8, v0117EF60_0, 32;
    %set/v v0117EF60_0, 8, 32;
    %jmp T_2.0;
T_2.1 ;
    %delay 2, 0;
    %vpi_call 4 34 "$finish";
    %end;
    .thread T_2;
    .scope S_01178DA8;
T_3 ;
    %vpi_call 2 22 "$dumpfile", "HexEncoder.vcd";
    %vpi_call 2 23 "$dumpvars", 2'sb01, S_01179958;
    %end;
    .thread T_3;
# The file index is used to find the file name in the following table.
:file_names 5;
    "N/A";
    "<interactive>";
    "HexEncoder_tb.v";
    "./HexEncoder.v";
    "./HexEncoderTester.v";
