#! c:/iverilog-x86/bin/vvp
:ivl_version "10.0 (stable)" "(v10_0)";
:ivl_delay_selection "TYPICAL";
:vpi_time_precision + 0;
:vpi_module "system";
:vpi_module "vhdl_sys";
:vpi_module "v2005_math";
:vpi_module "va_math";
S_02725050 .scope module, "DFlipFlop" "DFlipFlop" 2 1;
 .timescale 0 0;
    .port_info 0 /OUTPUT 1 "q"
    .port_info 1 /OUTPUT 1 "qBar"
    .port_info 2 /INPUT 1 "D"
    .port_info 3 /INPUT 1 "clk"
    .port_info 4 /INPUT 1 "rst"
L_0088c2d0 .functor NOT 1, v02725120_0, C4<0>, C4<0>, C4<0>;
o02734fd4 .functor BUFZ 1, C4<z>; HiZ drive
v027233b8_0 .net "D", 0 0, o02734fd4;  0 drivers
o02734fec .functor BUFZ 1, C4<z>; HiZ drive
v02722780_0 .net "clk", 0 0, o02734fec;  0 drivers
v02725120_0 .var "q", 0 0;
v0088eac0_0 .net "qBar", 0 0, L_0088c2d0;  1 drivers
o02735034 .functor BUFZ 1, C4<z>; HiZ drive
v0088eb18_0 .net "rst", 0 0, o02735034;  0 drivers
E_0088d100/0 .event negedge, v0088eb18_0;
E_0088d100/1 .event posedge, v02722780_0;
E_0088d100 .event/or E_0088d100/0, E_0088d100/1;
S_0088e9f0 .scope module, "Johnson_tb" "Johnson_tb" 3 6;
 .timescale 0 0;
v02730408_0 .net "clk", 0 0, v00885590_0;  1 drivers
v02730510_0 .net "q0", 0 0, v027306c8_0;  1 drivers
v02730148_0 .net "q1", 0 0, v02730568_0;  1 drivers
v02730460_0 .net "q2", 0 0, v027303b0_0;  1 drivers
v027305c0_0 .net "q3", 0 0, v02730300_0;  1 drivers
v02730098_0 .net "rst", 0 0, v027304b8_0;  1 drivers
S_008854c0 .scope module, "aTester" "JohnsonTester" 3 14, 4 1 0, S_0088e9f0;
 .timescale 0 0;
    .port_info 0 /OUTPUT 1 "clk"
    .port_info 1 /OUTPUT 1 "rst"
    .port_info 2 /INPUT 1 "q0"
    .port_info 3 /INPUT 1 "q1"
    .port_info 4 /INPUT 1 "q2"
    .port_info 5 /INPUT 1 "q3"
P_0088d1a0 .param/l "stimDelay" 0 4 6, +C4<00000000000000000000000000000001>;
v00885590_0 .var "clk", 0 0;
v008855e8_0 .net "count", 3 0, L_02730618;  1 drivers
v00885640_0 .var/i "i", 31 0;
v00883a08_0 .net "q0", 0 0, v027306c8_0;  alias, 1 drivers
v02730670_0 .net "q1", 0 0, v02730568_0;  alias, 1 drivers
v02730358_0 .net "q2", 0 0, v027303b0_0;  alias, 1 drivers
v0272ffe8_0 .net "q3", 0 0, v02730300_0;  alias, 1 drivers
v027304b8_0 .var "rst", 0 0;
L_02730618 .concat [ 1 1 1 1], v027306c8_0, v02730568_0, v027303b0_0, v02730300_0;
S_00883a60 .scope module, "john" "Johnson" 3 11, 5 1 0, S_0088e9f0;
 .timescale 0 0;
    .port_info 0 /OUTPUT 1 "q0"
    .port_info 1 /OUTPUT 1 "q1"
    .port_info 2 /OUTPUT 1 "q2"
    .port_info 3 /OUTPUT 1 "q3"
    .port_info 4 /INPUT 1 "clk"
    .port_info 5 /INPUT 1 "rst"
v02730250_0 .net "clk", 0 0, v00885590_0;  alias, 1 drivers
v027306c8_0 .var "q0", 0 0;
v02730568_0 .var "q1", 0 0;
v027303b0_0 .var "q2", 0 0;
v02730300_0 .var "q3", 0 0;
v02730040_0 .net "rst", 0 0, v027304b8_0;  alias, 1 drivers
E_0088d1c8/0 .event negedge, v027304b8_0;
E_0088d1c8/1 .event posedge, v00885590_0;
E_0088d1c8 .event/or E_0088d1c8/0, E_0088d1c8/1;
    .scope S_02725050;
T_0 ;
    %wait E_0088d100;
    %load/vec4 v0088eb18_0;
    %nor/r;
    %flag_set/vec4 8;
    %jmp/0xz  T_0.0, 8;
    %pushi/vec4 0, 0, 1;
    %store/vec4 v02725120_0, 0, 1;
    %jmp T_0.1;
T_0.0 ;
    %load/vec4 v027233b8_0;
    %store/vec4 v02725120_0, 0, 1;
T_0.1 ;
    %jmp T_0;
    .thread T_0;
    .scope S_00883a60;
T_1 ;
    %wait E_0088d1c8;
    %load/vec4 v02730040_0;
    %nor/r;
    %flag_set/vec4 8;
    %jmp/0xz  T_1.0, 8;
    %pushi/vec4 0, 0, 1;
    %assign/vec4 v027306c8_0, 0;
    %pushi/vec4 0, 0, 1;
    %assign/vec4 v02730568_0, 0;
    %pushi/vec4 0, 0, 1;
    %assign/vec4 v027303b0_0, 0;
    %pushi/vec4 0, 0, 1;
    %assign/vec4 v02730300_0, 0;
    %jmp T_1.1;
T_1.0 ;
    %load/vec4 v02730300_0;
    %inv;
    %assign/vec4 v027306c8_0, 0;
    %load/vec4 v027306c8_0;
    %assign/vec4 v02730568_0, 0;
    %load/vec4 v02730568_0;
    %assign/vec4 v027303b0_0, 0;
    %load/vec4 v027303b0_0;
    %assign/vec4 v02730300_0, 0;
T_1.1 ;
    %jmp T_1;
    .thread T_1;
    .scope S_008854c0;
T_2 ;
    %vpi_call 4 13 "$display", "\011\011 clk \011 rst \011 q3 \011 q2 \011 q1 \011 q0 \011 Count \011 Time " {0 0 0};
    %vpi_call 4 15 "$monitor", "\011\011 %b \011 %b \011 %b \011 %b \011 %b \011 %b \011 %d \011 %g", v00885590_0, v027304b8_0, v0272ffe8_0, v02730358_0, v02730670_0, v00883a08_0, v008855e8_0, $time {0 0 0};
    %end;
    .thread T_2;
    .scope S_008854c0;
T_3 ;
    %pushi/vec4 0, 0, 1;
    %store/vec4 v00885590_0, 0, 1;
    %pushi/vec4 1, 0, 1;
    %store/vec4 v027304b8_0, 0, 1;
    %delay 1, 0;
    %pushi/vec4 0, 0, 1;
    %store/vec4 v027304b8_0, 0, 1;
    %delay 1, 0;
    %pushi/vec4 1, 0, 1;
    %store/vec4 v027304b8_0, 0, 1;
    %delay 1, 0;
    %pushi/vec4 0, 0, 32;
    %store/vec4 v00885640_0, 0, 32;
T_3.0 ;
    %load/vec4 v00885640_0;
    %cmpi/s 32, 0, 32;
    %jmp/0xz T_3.1, 5;
    %delay 1, 0;
    %load/vec4 v00885590_0;
    %inv;
    %store/vec4 v00885590_0, 0, 1;
    %load/vec4 v00885640_0;
    %addi 1, 0, 32;
    %store/vec4 v00885640_0, 0, 32;
    %jmp T_3.0;
T_3.1 ;
    %pushi/vec4 0, 0, 1;
    %store/vec4 v027304b8_0, 0, 1;
    %delay 1, 0;
    %pushi/vec4 1, 0, 1;
    %store/vec4 v027304b8_0, 0, 1;
    %delay 1, 0;
    %pushi/vec4 0, 0, 32;
    %store/vec4 v00885640_0, 0, 32;
T_3.2 ;
    %load/vec4 v00885640_0;
    %cmpi/s 8, 0, 32;
    %jmp/0xz T_3.3, 5;
    %delay 1, 0;
    %load/vec4 v00885590_0;
    %inv;
    %store/vec4 v00885590_0, 0, 1;
    %load/vec4 v00885640_0;
    %addi 1, 0, 32;
    %store/vec4 v00885640_0, 0, 32;
    %jmp T_3.2;
T_3.3 ;
    %delay 2, 0;
    %vpi_call 4 42 "$finish" {0 0 0};
    %end;
    .thread T_3;
    .scope S_0088e9f0;
T_4 ;
    %vpi_call 3 18 "$dumpfile", "Johnson.vcd" {0 0 0};
    %vpi_call 3 19 "$dumpvars", 32'sb00000000000000000000000000000001, S_00883a60 {0 0 0};
    %end;
    .thread T_4;
# The file index is used to find the file name in the following table.
:file_names 6;
    "N/A";
    "<interactive>";
    "./DFlipFlop.v";
    "Johnson_tb.v";
    "./JohnsonTester.v";
    "./Johnson.v";
