Flow report for SupCounter
Mon Apr 04 20:24:46 2016
Quartus II 64-Bit Version 14.0.0 Build 200 06/17/2014 SJ Web Edition


---------------------
; Table of Contents ;
---------------------
  1. Legal Notice
  2. Flow Summary
  3. Flow Settings
  4. Flow Non-Default Global Settings
  5. Flow Elapsed Time
  6. Flow OS Summary
  7. Flow Log
  8. Flow Messages
  9. Flow Suppressed Messages



----------------
; Legal Notice ;
----------------
Copyright (C) 1991-2014 Altera Corporation. All rights reserved.
Your use of Altera Corporation's design tools, logic functions 
and other software and tools, and its AMPP partner logic 
functions, and any output files from any of the foregoing 
(including device programming or simulation files), and any 
associated documentation or information are expressly subject 
to the terms and conditions of the Altera Program License 
Subscription Agreement, the Altera Quartus II License Agreement,
the Altera MegaCore Function License Agreement, or other 
applicable license agreement, including, without limitation, 
that your use is for the sole purpose of programming logic 
devices manufactured by Altera and sold by Altera or its 
authorized distributors.  Please refer to the applicable 
agreement for further details.



+------------------------------------------------------------------------------+
; Flow Summary                                                                 ;
+---------------------------------+--------------------------------------------+
; Flow Status                     ; Successful - Mon Apr 04 20:24:46 2016      ;
; Quartus II 64-Bit Version       ; 14.0.0 Build 200 06/17/2014 SJ Web Edition ;
; Revision Name                   ; SupCounter                                 ;
; Top-level Entity Name           ; SupCounter_de1soc_top                      ;
; Family                          ; Cyclone V                                  ;
; Device                          ; 5CSEMA5F31C6                               ;
; Timing Models                   ; Final                                      ;
; Logic utilization (in ALMs)     ; 257 / 32,070 ( < 1 % )                     ;
; Total registers                 ; 473                                        ;
; Total pins                      ; 21 / 457 ( 5 % )                           ;
; Total virtual pins              ; 0                                          ;
; Total block memory bits         ; 768 / 4,065,280 ( < 1 % )                  ;
; Total DSP Blocks                ; 0 / 87 ( 0 % )                             ;
; Total HSSI RX PCSs              ; 0                                          ;
; Total HSSI PMA RX Deserializers ; 0                                          ;
; Total HSSI TX PCSs              ; 0                                          ;
; Total HSSI PMA TX Serializers   ; 0                                          ;
; Total PLLs                      ; 0 / 6 ( 0 % )                              ;
; Total DLLs                      ; 0 / 4 ( 0 % )                              ;
+---------------------------------+--------------------------------------------+


+-----------------------------------------+
; Flow Settings                           ;
+-------------------+---------------------+
; Option            ; Setting             ;
+-------------------+---------------------+
; Start date & time ; 04/04/2016 20:22:26 ;
; Main task         ; Compilation         ;
; Revision Name     ; SupCounter          ;
+-------------------+---------------------+


+-------------------------------------------------------------------------------------------------------------------------------------------------------------+
; Flow Non-Default Global Settings                                                                                                                            ;
+-------------------------------------+------------------------------------------------------------+---------------+-----------------------+------------------+
; Assignment Name                     ; Value                                                      ; Default Value ; Entity Name           ; Section Id       ;
+-------------------------------------+------------------------------------------------------------+---------------+-----------------------+------------------+
; COMPILER_SIGNATURE_ID               ; 264840323699604.145982654601108                            ; --            ; --                    ; --               ;
; EDA_OUTPUT_DATA_FORMAT              ; Vhdl                                                       ; --            ; --                    ; eda_simulation   ;
; EDA_SIMULATION_TOOL                 ; ModelSim-Altera (VHDL)                                     ; <None>        ; --                    ; --               ;
; ENABLE_SIGNALTAP                    ; On                                                         ; --            ; --                    ; --               ;
; MAX_CORE_JUNCTION_TEMP              ; 85                                                         ; --            ; --                    ; --               ;
; MIN_CORE_JUNCTION_TEMP              ; 0                                                          ; --            ; --                    ; --               ;
; PARTITION_COLOR                     ; 16764057                                                   ; --            ; SupCounter_de1soc_top ; Top              ;
; PARTITION_FITTER_PRESERVATION_LEVEL ; PLACEMENT_AND_ROUTING                                      ; --            ; SupCounter_de1soc_top ; Top              ;
; PARTITION_NETLIST_TYPE              ; SOURCE                                                     ; --            ; SupCounter_de1soc_top ; Top              ;
; POWER_BOARD_THERMAL_MODEL           ; None (CONSERVATIVE)                                        ; --            ; --                    ; --               ;
; POWER_PRESET_COOLING_SOLUTION       ; 23 MM HEAT SINK WITH 200 LFPM AIRFLOW                      ; --            ; --                    ; --               ;
; PROJECT_OUTPUT_DIRECTORY            ; output_files                                               ; --            ; --                    ; --               ;
; SLD_FILE                            ; db/SupCounter_auto_stripped.stp                            ; --            ; --                    ; --               ;
; SLD_NODE_CREATOR_ID                 ; 110                                                        ; --            ; --                    ; auto_signaltap_0 ;
; SLD_NODE_ENTITY_NAME                ; sld_signaltap                                              ; --            ; --                    ; auto_signaltap_0 ;
; SLD_NODE_PARAMETER_ASSIGNMENT       ; SLD_RAM_BLOCK_TYPE=AUTO                                    ; --            ; --                    ; auto_signaltap_0 ;
; SLD_NODE_PARAMETER_ASSIGNMENT       ; SLD_DATA_BITS=6                                            ; --            ; --                    ; auto_signaltap_0 ;
; SLD_NODE_PARAMETER_ASSIGNMENT       ; SLD_TRIGGER_BITS=6                                         ; --            ; --                    ; auto_signaltap_0 ;
; SLD_NODE_PARAMETER_ASSIGNMENT       ; SLD_STORAGE_QUALIFIER_BITS=6                               ; --            ; --                    ; auto_signaltap_0 ;
; SLD_NODE_PARAMETER_ASSIGNMENT       ; SLD_NODE_INFO=805334528                                    ; --            ; --                    ; auto_signaltap_0 ;
; SLD_NODE_PARAMETER_ASSIGNMENT       ; SLD_POWER_UP_TRIGGER=0                                     ; --            ; --                    ; auto_signaltap_0 ;
; SLD_NODE_PARAMETER_ASSIGNMENT       ; SLD_INVERSION_MASK=000000000000000000000000000000000000000 ; --            ; --                    ; auto_signaltap_0 ;
; SLD_NODE_PARAMETER_ASSIGNMENT       ; SLD_INVERSION_MASK_LENGTH=39                               ; --            ; --                    ; auto_signaltap_0 ;
; SLD_NODE_PARAMETER_ASSIGNMENT       ; SLD_STORAGE_QUALIFIER_INVERSION_MASK_LENGTH=0              ; --            ; --                    ; auto_signaltap_0 ;
; SLD_NODE_PARAMETER_ASSIGNMENT       ; SLD_SEGMENT_SIZE=128                                       ; --            ; --                    ; auto_signaltap_0 ;
; SLD_NODE_PARAMETER_ASSIGNMENT       ; SLD_ATTRIBUTE_MEM_MODE=OFF                                 ; --            ; --                    ; auto_signaltap_0 ;
; SLD_NODE_PARAMETER_ASSIGNMENT       ; SLD_STATE_FLOW_USE_GENERATED=0                             ; --            ; --                    ; auto_signaltap_0 ;
; SLD_NODE_PARAMETER_ASSIGNMENT       ; SLD_STATE_BITS=11                                          ; --            ; --                    ; auto_signaltap_0 ;
; SLD_NODE_PARAMETER_ASSIGNMENT       ; SLD_BUFFER_FULL_STOP=1                                     ; --            ; --                    ; auto_signaltap_0 ;
; SLD_NODE_PARAMETER_ASSIGNMENT       ; SLD_CURRENT_RESOURCE_WIDTH=1                               ; --            ; --                    ; auto_signaltap_0 ;
; SLD_NODE_PARAMETER_ASSIGNMENT       ; SLD_INCREMENTAL_ROUTING=1                                  ; --            ; --                    ; auto_signaltap_0 ;
; SLD_NODE_PARAMETER_ASSIGNMENT       ; SLD_TRIGGER_LEVEL=1                                        ; --            ; --                    ; auto_signaltap_0 ;
; SLD_NODE_PARAMETER_ASSIGNMENT       ; SLD_SAMPLE_DEPTH=128                                       ; --            ; --                    ; auto_signaltap_0 ;
; SLD_NODE_PARAMETER_ASSIGNMENT       ; SLD_TRIGGER_IN_ENABLED=0                                   ; --            ; --                    ; auto_signaltap_0 ;
; SLD_NODE_PARAMETER_ASSIGNMENT       ; SLD_ADVANCED_TRIGGER_ENTITY=basic,1,                       ; --            ; --                    ; auto_signaltap_0 ;
; SLD_NODE_PARAMETER_ASSIGNMENT       ; SLD_TRIGGER_LEVEL_PIPELINE=1                               ; --            ; --                    ; auto_signaltap_0 ;
; SLD_NODE_PARAMETER_ASSIGNMENT       ; SLD_ENABLE_ADVANCED_TRIGGER=0                              ; --            ; --                    ; auto_signaltap_0 ;
; STATE_MACHINE_PROCESSING            ; User-Encoded                                               ; Auto          ; --                    ; --               ;
; TOP_LEVEL_ENTITY                    ; SupCounter_de1soc_top                                      ; SupCounter    ; --                    ; --               ;
; USE_SIGNALTAP_FILE                  ; output_files/SupCounter.stp                                ; --            ; --                    ; --               ;
+-------------------------------------+------------------------------------------------------------+---------------+-----------------------+------------------+


+-------------------------------------------------------------------------------------------------------------------------------+
; Flow Elapsed Time                                                                                                             ;
+---------------------------+--------------+-------------------------+---------------------+------------------------------------+
; Module Name               ; Elapsed Time ; Average Processors Used ; Peak Virtual Memory ; Total CPU Time (on all processors) ;
+---------------------------+--------------+-------------------------+---------------------+------------------------------------+
; Analysis & Synthesis      ; 00:00:10     ; 1.0                     ; 660 MB              ; 00:00:11                           ;
; Fitter                    ; 00:01:12     ; 1.3                     ; 1881 MB             ; 00:01:32                           ;
; Assembler                 ; 00:00:20     ; 1.0                     ; 662 MB              ; 00:00:19                           ;
; TimeQuest Timing Analyzer ; 00:00:19     ; 1.1                     ; 967 MB              ; 00:00:20                           ;
; EDA Netlist Writer        ; 00:00:04     ; 1.0                     ; 542 MB              ; 00:00:04                           ;
; Total                     ; 00:02:05     ; --                      ; --                  ; 00:02:26                           ;
+---------------------------+--------------+-------------------------+---------------------+------------------------------------+


+----------------------------------------------------------------------------------------+
; Flow OS Summary                                                                        ;
+---------------------------+------------------+-----------+------------+----------------+
; Module Name               ; Machine Hostname ; OS Name   ; OS Version ; Processor type ;
+---------------------------+------------------+-----------+------------+----------------+
; Analysis & Synthesis      ; Cibo             ; Windows 7 ; 6.1        ; x86_64         ;
; Fitter                    ; Cibo             ; Windows 7 ; 6.1        ; x86_64         ;
; Assembler                 ; Cibo             ; Windows 7 ; 6.1        ; x86_64         ;
; TimeQuest Timing Analyzer ; Cibo             ; Windows 7 ; 6.1        ; x86_64         ;
; EDA Netlist Writer        ; Cibo             ; Windows 7 ; 6.1        ; x86_64         ;
+---------------------------+------------------+-----------+------------+----------------+


------------
; Flow Log ;
------------
quartus_map --read_settings_files=on --write_settings_files=off SupCounter -c SupCounter
quartus_fit --read_settings_files=off --write_settings_files=off SupCounter -c SupCounter
quartus_asm --read_settings_files=off --write_settings_files=off SupCounter -c SupCounter
quartus_sta SupCounter -c SupCounter
quartus_eda --read_settings_files=off --write_settings_files=off SupCounter -c SupCounter



