#! c:/iverilog-x86/bin/vvp
:ivl_version "10.0 (stable)" "(v10_0)";
:ivl_delay_selection "TYPICAL";
:vpi_time_precision + 0;
:vpi_module "system";
:vpi_module "vhdl_sys";
:vpi_module "v2005_math";
:vpi_module "va_math";
S_02404478 .scope module, "sram_tb" "sram_tb" 2 9;
 .timescale 0 0;
v02444290_0 .net "addr_bus", 31 0, L_0247e318;  1 drivers
v024442e8_0 .net "clk", 0 0, v02401788_0;  1 drivers
v02444340_0 .net "cs", 0 0, v024017e0_0;  1 drivers
RS_0241815c .resolv tri, L_024445a8, L_0247e210;
v02444398_0 .net8 "data_bus", 31 0, RS_0241815c;  2 drivers
v024443f0_0 .net "oe", 0 0, v02401998_0;  1 drivers
v02444448_0 .net "rw", 0 0, v024437e8_0;  1 drivers
S_003efc80 .scope module, "aTester" "sramTester" 2 19, 2 34 0, S_02404478;
 .timescale 0 0;
    .port_info 0 /OUTPUT 1 "clk"
    .port_info 1 /OUTPUT 1 "cs"
    .port_info 2 /OUTPUT 1 "oe"
    .port_info 3 /OUTPUT 1 "rw"
    .port_info 4 /INOUT 32 "addr_bus"
    .port_info 5 /INOUT 32 "data_bus"
P_02407328 .param/l "stimDelay" 0 2 45, +C4<00000000000000000000000000000001>;
L_0247d120 .functor AND 1, L_0247e108, v024437e8_0, C4<1>, C4<1>;
L_0247d168 .functor AND 1, L_0247d120, L_0247e160, C4<1>, C4<1>;
v02401310_0 .net *"_s1", 0 0, L_0247e108;  1 drivers
L_02445028 .functor BUFT 1, C4<0000000000000000>, C4<0>, C4<0>, C4<0>;
v024010a8_0 .net/2u *"_s10", 15 0, L_02445028;  1 drivers
v02400d90_0 .net *"_s12", 31 0, L_0247e1b8;  1 drivers
v024013c0_0 .net *"_s17", 0 0, L_0247e268;  1 drivers
L_02445050 .functor BUFT 1, C4<000000000000000000000>, C4<0>, C4<0>, C4<0>;
v02401418_0 .net/2u *"_s18", 20 0, L_02445050;  1 drivers
v02401470_0 .net *"_s2", 0 0, L_0247d120;  1 drivers
v024014c8_0 .net *"_s20", 31 0, L_0247e2c0;  1 drivers
o0241806c .functor BUFZ 32, C4<zzzzzzzzzzzzzzzzzzzzzzzzzzzzzzzz>; HiZ drive
; Elide local net with no drivers, v02401520_0 name=_s22
v02401578_0 .net *"_s5", 0 0, L_0247e160;  1 drivers
v024015d0_0 .net *"_s6", 0 0, L_0247d168;  1 drivers
o024180b4 .functor BUFZ 32, C4<zzzzzzzzzzzzzzzzzzzzzzzzzzzzzzzz>; HiZ drive
; Elide local net with no drivers, v02401628_0 name=_s8
v02401680_0 .net "addr_bus", 31 0, L_0247e318;  alias, 1 drivers
v024016d8_0 .net "addr_bus_mon", 10 0, L_0247e370;  1 drivers
v02401730_0 .var "address", 10 0;
v02401788_0 .var "clk", 0 0;
v024017e0_0 .var "cs", 0 0;
v02401838_0 .var "data", 15 0;
v02401890_0 .net8 "data_bus", 31 0, RS_0241815c;  alias, 2 drivers
v024018e8_0 .net "data_bus_mon", 15 0, L_0247e3c8;  1 drivers
v02401940_0 .var/i "i", 31 0;
v02401998_0 .var "oe", 0 0;
o024181bc .functor BUFZ 16, C4<zzzzzzzzzzzzzzzz>; HiZ drive
v024019f0_0 .net "read_out", 15 0, o024181bc;  0 drivers
v024437e8_0 .var "rw", 0 0;
L_0247e108 .reduce/nor v024017e0_0;
L_0247e160 .reduce/nor v02401998_0;
L_0247e1b8 .concat [ 16 16 0 0], v02401838_0, L_02445028;
L_0247e210 .functor MUXZ 32, L_0247e1b8, o024180b4, L_0247d168, C4<>;
L_0247e268 .reduce/nor v024017e0_0;
L_0247e2c0 .concat [ 11 21 0 0], v02401730_0, L_02445050;
L_0247e318 .functor MUXZ 32, o0241806c, L_0247e2c0, L_0247e268, C4<>;
L_0247e370 .part L_0247e318, 0, 11;
L_0247e3c8 .part RS_0241815c, 0, 16;
S_003efd50 .scope module, "ram" "sram" 2 16, 3 9 0, S_02404478;
 .timescale 0 0;
    .port_info 0 /INPUT 1 "clk"
    .port_info 1 /INPUT 1 "cs"
    .port_info 2 /INPUT 1 "oe"
    .port_info 3 /INPUT 1 "rw"
    .port_info 4 /INOUT 32 "addr_bus"
    .port_info 5 /INOUT 32 "data_bus"
L_02413ea8 .functor AND 1, L_024444a0, v024437e8_0, C4<1>, C4<1>;
L_024140a0 .functor AND 1, L_02413ea8, L_024444f8, C4<1>, C4<1>;
L_0247d000 .functor AND 1, L_02444600, v024437e8_0, C4<1>, C4<1>;
L_0247d048 .functor AND 1, L_0247d000, L_02444658, C4<1>, C4<1>;
L_0247d090 .functor AND 1, L_02444760, L_0247e000, C4<1>, C4<1>;
L_0247d0d8 .functor AND 1, L_0247d090, v02401998_0, C4<1>, C4<1>;
v02443840_0 .net *"_s1", 0 0, L_024444a0;  1 drivers
v02443898_0 .net *"_s10", 31 0, L_02444550;  1 drivers
o024182ac .functor BUFZ 32, C4<zzzzzzzzzzzzzzzzzzzzzzzzzzzzzzzz>; HiZ drive
; Elide local net with no drivers, v024438f0_0 name=_s12
v02443948_0 .net *"_s17", 0 0, L_02444600;  1 drivers
v024439a0_0 .net *"_s18", 0 0, L_0247d000;  1 drivers
v024439f8_0 .net *"_s2", 0 0, L_02413ea8;  1 drivers
v02443a50_0 .net *"_s21", 0 0, L_02444658;  1 drivers
v02443aa8_0 .net *"_s22", 0 0, L_0247d048;  1 drivers
v02443b00_0 .net *"_s24", 15 0, L_024446b0;  1 drivers
v02443b58_0 .net *"_s26", 12 0, L_02444708;  1 drivers
L_02445000 .functor BUFT 1, C4<00>, C4<0>, C4<0>, C4<0>;
v02443bb0_0 .net *"_s29", 1 0, L_02445000;  1 drivers
v02443c08_0 .net *"_s31", 0 0, L_02444760;  1 drivers
v02443c60_0 .net *"_s33", 0 0, L_0247e000;  1 drivers
v02443cb8_0 .net *"_s34", 0 0, L_0247d090;  1 drivers
v02443d10_0 .net *"_s36", 0 0, L_0247d0d8;  1 drivers
o024183e4 .functor BUFZ 16, C4<zzzzzzzzzzzzzzzz>; HiZ drive
; Elide local net with no drivers, v02443d68_0 name=_s38
v02443dc0_0 .net *"_s40", 15 0, L_0247e058;  1 drivers
v02443e18_0 .net *"_s5", 0 0, L_024444f8;  1 drivers
v02443e70_0 .net *"_s6", 0 0, L_024140a0;  1 drivers
L_02444fd8 .functor BUFT 1, C4<0000000000000000>, C4<0>, C4<0>, C4<0>;
v02443ec8_0 .net/2u *"_s8", 15 0, L_02444fd8;  1 drivers
v02443f20_0 .net "addr_bus", 31 0, L_0247e318;  alias, 1 drivers
v02443f78_0 .net "clk", 0 0, v02401788_0;  alias, 1 drivers
v02443fd0_0 .net "cs", 0 0, v024017e0_0;  alias, 1 drivers
v02444028_0 .net8 "data_bus", 31 0, RS_0241815c;  alias, 2 drivers
v02444080_0 .var "mar", 10 0;
v024440d8_0 .var "mdr", 15 0;
v02444130 .array "memory", 2047 0, 15 0;
v02444188_0 .net "oe", 0 0, v02401998_0;  alias, 1 drivers
v024441e0_0 .net "rw", 0 0, v024437e8_0;  alias, 1 drivers
v02444238_0 .net "sram_data_bus", 15 0, L_0247e0b0;  1 drivers
E_02407378 .event posedge, v02401788_0;
E_024073a0 .event negedge, v02401788_0;
L_024444a0 .reduce/nor v024017e0_0;
L_024444f8 .reduce/nor v02401998_0;
L_02444550 .concat [ 16 16 0 0], v024440d8_0, L_02444fd8;
L_024445a8 .functor MUXZ 32, o024182ac, L_02444550, L_024140a0, C4<>;
L_02444600 .reduce/nor v024017e0_0;
L_02444658 .reduce/nor v02401998_0;
L_024446b0 .array/port v02444130, L_02444708;
L_02444708 .concat [ 11 2 0 0], v02444080_0, L_02445000;
L_02444760 .reduce/nor v024017e0_0;
L_0247e000 .reduce/nor v024437e8_0;
L_0247e058 .functor MUXZ 16, o024183e4, v024440d8_0, L_0247d0d8, C4<>;
L_0247e0b0 .functor MUXZ 16, L_0247e058, L_024446b0, L_0247d048, C4<>;
    .scope S_003efd50;
T_0 ;
    %wait E_024073a0;
    %load/vec4 v02443fd0_0;
    %nor/r;
    %flag_set/vec4 8;
    %jmp/0xz  T_0.0, 8;
    %load/vec4 v024441e0_0;
    %load/vec4 v02444188_0;
    %nor/r;
    %and;
    %flag_set/vec4 8;
    %load/vec4 v024441e0_0;
    %nor/r;
    %load/vec4 v02444188_0;
    %and;
    %flag_set/vec4 9;
    %flag_or 9, 8;
    %jmp/0xz  T_0.2, 9;
    %load/vec4 v02443f20_0;
    %parti/s 11, 0, 2;
    %store/vec4 v02444080_0, 0, 11;
T_0.2 ;
T_0.0 ;
    %jmp T_0;
    .thread T_0;
    .scope S_003efd50;
T_1 ;
    %wait E_02407378;
    %load/vec4 v02443fd0_0;
    %nor/r;
    %flag_set/vec4 8;
    %jmp/0xz  T_1.0, 8;
    %load/vec4 v024441e0_0;
    %load/vec4 v02444188_0;
    %nor/r;
    %and;
    %flag_set/vec4 8;
    %jmp/0xz  T_1.2, 8;
    %load/vec4 v02444080_0;
    %pad/u 13;
    %ix/vec4 4;
    %load/vec4a v02444130, 4;
    %store/vec4 v024440d8_0, 0, 16;
    %jmp T_1.3;
T_1.2 ;
    %load/vec4 v024441e0_0;
    %nor/r;
    %load/vec4 v02444188_0;
    %and;
    %flag_set/vec4 8;
    %jmp/0xz  T_1.4, 8;
    %load/vec4 v02444028_0;
    %parti/s 16, 0, 2;
    %store/vec4 v024440d8_0, 0, 16;
T_1.4 ;
T_1.3 ;
    %load/vec4 v024441e0_0;
    %nor/r;
    %load/vec4 v02444188_0;
    %and;
    %flag_set/vec4 8;
    %jmp/0xz  T_1.6, 8;
    %load/vec4 v02444238_0;
    %load/vec4 v02444080_0;
    %pad/u 13;
    %ix/vec4 4;
    %store/vec4a v02444130, 4, 0;
T_1.6 ;
T_1.0 ;
    %jmp T_1;
    .thread T_1;
    .scope S_003efc80;
T_2 ;
    %vpi_call 2 57 "$display", "\011\011 cs rw oe   ad_b da_b  clk  Time" {0 0 0};
    %vpi_call 2 58 "$monitor", "\011\011 %b  %b  %b    %h  %h  %b    %g", v024017e0_0, v024437e8_0, v02401998_0, v024016d8_0, v024018e8_0, v02401788_0, $time {0 0 0};
    %end;
    .thread T_2;
    .scope S_003efc80;
T_3 ;
    %pushi/vec4 1, 0, 1;
    %store/vec4 v02401788_0, 0, 1;
    %pushi/vec4 1, 0, 1;
    %store/vec4 v024017e0_0, 0, 1;
    %pushi/vec4 0, 0, 1;
    %store/vec4 v024437e8_0, 0, 1;
    %pushi/vec4 0, 0, 1;
    %store/vec4 v02401998_0, 0, 1;
    %pushi/vec4 0, 0, 16;
    %store/vec4 v02401838_0, 0, 16;
    %pushi/vec4 0, 0, 11;
    %store/vec4 v02401730_0, 0, 11;
    %load/vec4 v02401788_0;
    %inv;
    %store/vec4 v02401788_0, 0, 1;
    %delay 1, 0;
    %pushi/vec4 0, 0, 1;
    %store/vec4 v024017e0_0, 0, 1;
    %load/vec4 v02401788_0;
    %inv;
    %store/vec4 v02401788_0, 0, 1;
    %delay 1, 0;
    %pushi/vec4 1, 0, 1;
    %store/vec4 v02401998_0, 0, 1;
    %pushi/vec4 0, 0, 32;
    %store/vec4 v02401940_0, 0, 32;
T_3.0 ;
    %load/vec4 v02401940_0;
    %cmpi/s 32, 0, 32;
    %jmp/0xz T_3.1, 5;
    %load/vec4 v02401788_0;
    %flag_set/vec4 8;
    %jmp/0xz  T_3.2, 8;
    %load/vec4 v02401838_0;
    %addi 1, 0, 16;
    %store/vec4 v02401838_0, 0, 16;
    %jmp T_3.3;
T_3.2 ;
    %load/vec4 v02401730_0;
    %addi 1, 0, 11;
    %store/vec4 v02401730_0, 0, 11;
T_3.3 ;
    %load/vec4 v02401788_0;
    %inv;
    %store/vec4 v02401788_0, 0, 1;
    %delay 1, 0;
    %load/vec4 v02401940_0;
    %addi 1, 0, 32;
    %store/vec4 v02401940_0, 0, 32;
    %jmp T_3.0;
T_3.1 ;
    %pushi/vec4 0, 0, 32;
    %store/vec4 v02401940_0, 0, 32;
T_3.4 ;
    %load/vec4 v02401940_0;
    %cmpi/s 2, 0, 32;
    %jmp/0xz T_3.5, 5;
    %load/vec4 v02401788_0;
    %inv;
    %store/vec4 v02401788_0, 0, 1;
    %delay 1, 0;
    %load/vec4 v02401940_0;
    %addi 1, 0, 32;
    %store/vec4 v02401940_0, 0, 32;
    %jmp T_3.4;
T_3.5 ;
    %pushi/vec4 5, 0, 11;
    %store/vec4 v02401730_0, 0, 11;
    %pushi/vec4 1, 0, 1;
    %store/vec4 v024437e8_0, 0, 1;
    %pushi/vec4 0, 0, 1;
    %store/vec4 v02401998_0, 0, 1;
    %pushi/vec4 0, 0, 32;
    %store/vec4 v02401940_0, 0, 32;
T_3.6 ;
    %load/vec4 v02401940_0;
    %cmpi/s 2, 0, 32;
    %jmp/0xz T_3.7, 5;
    %load/vec4 v02401788_0;
    %inv;
    %store/vec4 v02401788_0, 0, 1;
    %delay 1, 0;
    %load/vec4 v02401940_0;
    %addi 1, 0, 32;
    %store/vec4 v02401940_0, 0, 32;
    %jmp T_3.6;
T_3.7 ;
    %pushi/vec4 10, 0, 11;
    %store/vec4 v02401730_0, 0, 11;
    %pushi/vec4 0, 0, 32;
    %store/vec4 v02401940_0, 0, 32;
T_3.8 ;
    %load/vec4 v02401940_0;
    %cmpi/s 2, 0, 32;
    %jmp/0xz T_3.9, 5;
    %load/vec4 v02401788_0;
    %inv;
    %store/vec4 v02401788_0, 0, 1;
    %delay 1, 0;
    %load/vec4 v02401940_0;
    %addi 1, 0, 32;
    %store/vec4 v02401940_0, 0, 32;
    %jmp T_3.8;
T_3.9 ;
    %pushi/vec4 43690, 0, 16;
    %store/vec4 v02401838_0, 0, 16;
    %pushi/vec4 512, 0, 11;
    %store/vec4 v02401730_0, 0, 11;
    %pushi/vec4 0, 0, 1;
    %store/vec4 v024437e8_0, 0, 1;
    %pushi/vec4 1, 0, 1;
    %store/vec4 v02401998_0, 0, 1;
    %pushi/vec4 0, 0, 32;
    %store/vec4 v02401940_0, 0, 32;
T_3.10 ;
    %load/vec4 v02401940_0;
    %cmpi/s 2, 0, 32;
    %jmp/0xz T_3.11, 5;
    %load/vec4 v02401788_0;
    %inv;
    %store/vec4 v02401788_0, 0, 1;
    %delay 1, 0;
    %load/vec4 v02401940_0;
    %addi 1, 0, 32;
    %store/vec4 v02401940_0, 0, 32;
    %jmp T_3.10;
T_3.11 ;
    %pushi/vec4 1, 0, 1;
    %store/vec4 v024437e8_0, 0, 1;
    %pushi/vec4 0, 0, 1;
    %store/vec4 v02401998_0, 0, 1;
    %pushi/vec4 0, 0, 32;
    %store/vec4 v02401940_0, 0, 32;
T_3.12 ;
    %load/vec4 v02401940_0;
    %cmpi/s 4, 0, 32;
    %jmp/0xz T_3.13, 5;
    %load/vec4 v02401788_0;
    %inv;
    %store/vec4 v02401788_0, 0, 1;
    %delay 1, 0;
    %load/vec4 v02401940_0;
    %addi 1, 0, 32;
    %store/vec4 v02401940_0, 0, 32;
    %jmp T_3.12;
T_3.13 ;
    %vpi_call 2 119 "$finish" {0 0 0};
    %end;
    .thread T_3;
    .scope S_02404478;
T_4 ;
    %vpi_call 2 23 "$dumpfile", "sram.vcd" {0 0 0};
    %vpi_call 2 24 "$dumpvars", 32'sb00000000000000000000000000000001, S_003efd50 {0 0 0};
    %end;
    .thread T_4;
# The file index is used to find the file name in the following table.
:file_names 4;
    "N/A";
    "<interactive>";
    "sram_tb.v";
    "./sram.v";
