Analysis & Synthesis report for sram_demo
Mon Apr 18 14:59:48 2016
Quartus Prime Version 15.1.1 Build 189 12/02/2015 SJ Standard Edition


---------------------
; Table of Contents ;
---------------------
  1. Legal Notice
  2. Analysis & Synthesis Summary
  3. Analysis & Synthesis Settings
  4. Parallel Compilation
  5. Analysis & Synthesis Source Files Read
  6. Analysis & Synthesis Resource Usage Summary
  7. Analysis & Synthesis Resource Utilization by Entity
  8. Registers Removed During Synthesis
  9. Removed Registers Triggering Further Register Optimizations
 10. General Register Statistics
 11. Port Connectivity Checks: "sram:memory"
 12. Port Connectivity Checks: "div_clock:clock_divider"
 13. Post-Synthesis Netlist Statistics for Top Partition
 14. Elapsed Time Per Partition
 15. Analysis & Synthesis Messages
 16. Analysis & Synthesis Suppressed Messages



----------------
; Legal Notice ;
----------------
Copyright (C) 1991-2015 Altera Corporation. All rights reserved.
Your use of Altera Corporation's design tools, logic functions 
and other software and tools, and its AMPP partner logic 
functions, and any output files from any of the foregoing 
(including device programming or simulation files), and any 
associated documentation or information are expressly subject 
to the terms and conditions of the Altera Program License 
Subscription Agreement, the Altera Quartus Prime License Agreement,
the Altera MegaCore Function License Agreement, or other 
applicable license agreement, including, without limitation, 
that your use is for the sole purpose of programming logic 
devices manufactured by Altera and sold by Altera or its 
authorized distributors.  Please refer to the applicable 
agreement for further details.



+-----------------------------------------------------------------------------------+
; Analysis & Synthesis Summary                                                      ;
+---------------------------------+-------------------------------------------------+
; Analysis & Synthesis Status     ; Successful - Mon Apr 18 14:59:48 2016           ;
; Quartus Prime Version           ; 15.1.1 Build 189 12/02/2015 SJ Standard Edition ;
; Revision Name                   ; sram_demo                                       ;
; Top-level Entity Name           ; sram_test_127_bit                               ;
; Family                          ; Cyclone V                                       ;
; Logic utilization (in ALMs)     ; N/A                                             ;
; Total registers                 ; 0                                               ;
; Total pins                      ; 23                                              ;
; Total virtual pins              ; 0                                               ;
; Total block memory bits         ; 0                                               ;
; Total DSP Blocks                ; 0                                               ;
; Total HSSI RX PCSs              ; 0                                               ;
; Total HSSI PMA RX Deserializers ; 0                                               ;
; Total HSSI TX PCSs              ; 0                                               ;
; Total HSSI PMA TX Serializers   ; 0                                               ;
; Total PLLs                      ; 0                                               ;
; Total DLLs                      ; 0                                               ;
+---------------------------------+-------------------------------------------------+


+---------------------------------------------------------------------------------------------------------------------------+
; Analysis & Synthesis Settings                                                                                             ;
+---------------------------------------------------------------------------------+--------------------+--------------------+
; Option                                                                          ; Setting            ; Default Value      ;
+---------------------------------------------------------------------------------+--------------------+--------------------+
; Device                                                                          ; 5CSEMA5F31C6       ;                    ;
; Top-level entity name                                                           ; sram_test_127_bit  ; sram_demo          ;
; Family name                                                                     ; Cyclone V          ; Cyclone V          ;
; State Machine Processing                                                        ; User-Encoded       ; Auto               ;
; Use smart compilation                                                           ; Off                ; Off                ;
; Enable parallel Assembler and TimeQuest Timing Analyzer during compilation      ; On                 ; On                 ;
; Enable compact report table                                                     ; Off                ; Off                ;
; Restructure Multiplexers                                                        ; Auto               ; Auto               ;
; MLAB Add Timing Constraints For Mixed-Port Feed-Through Mode Setting Don't Care ; Off                ; Off                ;
; Create Debugging Nodes for IP Cores                                             ; Off                ; Off                ;
; Preserve fewer node names                                                       ; On                 ; On                 ;
; Disable OpenCore Plus hardware evaluation                                       ; Off                ; Off                ;
; Verilog Version                                                                 ; Verilog_2001       ; Verilog_2001       ;
; VHDL Version                                                                    ; VHDL_1993          ; VHDL_1993          ;
; Safe State Machine                                                              ; Off                ; Off                ;
; Extract Verilog State Machines                                                  ; On                 ; On                 ;
; Extract VHDL State Machines                                                     ; On                 ; On                 ;
; Ignore Verilog initial constructs                                               ; Off                ; Off                ;
; Iteration limit for constant Verilog loops                                      ; 5000               ; 5000               ;
; Iteration limit for non-constant Verilog loops                                  ; 250                ; 250                ;
; Add Pass-Through Logic to Inferred RAMs                                         ; On                 ; On                 ;
; Infer RAMs from Raw Logic                                                       ; On                 ; On                 ;
; Parallel Synthesis                                                              ; On                 ; On                 ;
; DSP Block Balancing                                                             ; Auto               ; Auto               ;
; NOT Gate Push-Back                                                              ; On                 ; On                 ;
; Power-Up Don't Care                                                             ; On                 ; On                 ;
; Remove Redundant Logic Cells                                                    ; Off                ; Off                ;
; Remove Duplicate Registers                                                      ; On                 ; On                 ;
; Ignore CARRY Buffers                                                            ; Off                ; Off                ;
; Ignore CASCADE Buffers                                                          ; Off                ; Off                ;
; Ignore GLOBAL Buffers                                                           ; Off                ; Off                ;
; Ignore ROW GLOBAL Buffers                                                       ; Off                ; Off                ;
; Ignore LCELL Buffers                                                            ; Off                ; Off                ;
; Ignore SOFT Buffers                                                             ; On                 ; On                 ;
; Limit AHDL Integers to 32 Bits                                                  ; Off                ; Off                ;
; Optimization Technique                                                          ; Balanced           ; Balanced           ;
; Carry Chain Length                                                              ; 70                 ; 70                 ;
; Auto Carry Chains                                                               ; On                 ; On                 ;
; Auto Open-Drain Pins                                                            ; On                 ; On                 ;
; Perform WYSIWYG Primitive Resynthesis                                           ; Off                ; Off                ;
; Auto ROM Replacement                                                            ; On                 ; On                 ;
; Auto RAM Replacement                                                            ; On                 ; On                 ;
; Auto DSP Block Replacement                                                      ; On                 ; On                 ;
; Auto Shift Register Replacement                                                 ; Auto               ; Auto               ;
; Allow Shift Register Merging across Hierarchies                                 ; Auto               ; Auto               ;
; Auto Clock Enable Replacement                                                   ; On                 ; On                 ;
; Strict RAM Replacement                                                          ; Off                ; Off                ;
; Allow Synchronous Control Signals                                               ; On                 ; On                 ;
; Force Use of Synchronous Clear Signals                                          ; Off                ; Off                ;
; Auto Resource Sharing                                                           ; Off                ; Off                ;
; Allow Any RAM Size For Recognition                                              ; Off                ; Off                ;
; Allow Any ROM Size For Recognition                                              ; Off                ; Off                ;
; Allow Any Shift Register Size For Recognition                                   ; Off                ; Off                ;
; Use LogicLock Constraints during Resource Balancing                             ; On                 ; On                 ;
; Ignore translate_off and synthesis_off directives                               ; Off                ; Off                ;
; Timing-Driven Synthesis                                                         ; On                 ; On                 ;
; Report Parameter Settings                                                       ; On                 ; On                 ;
; Report Source Assignments                                                       ; On                 ; On                 ;
; Report Connectivity Checks                                                      ; On                 ; On                 ;
; Ignore Maximum Fan-Out Assignments                                              ; Off                ; Off                ;
; Synchronization Register Chain Length                                           ; 3                  ; 3                  ;
; PowerPlay Power Optimization During Synthesis                                   ; Normal compilation ; Normal compilation ;
; HDL message level                                                               ; Level2             ; Level2             ;
; Suppress Register Optimization Related Messages                                 ; Off                ; Off                ;
; Number of Removed Registers Reported in Synthesis Report                        ; 5000               ; 5000               ;
; Number of Swept Nodes Reported in Synthesis Report                              ; 5000               ; 5000               ;
; Number of Inverted Registers Reported in Synthesis Report                       ; 100                ; 100                ;
; Clock MUX Protection                                                            ; On                 ; On                 ;
; Auto Gated Clock Conversion                                                     ; Off                ; Off                ;
; Block Design Naming                                                             ; Auto               ; Auto               ;
; SDC constraint protection                                                       ; Off                ; Off                ;
; Synthesis Effort                                                                ; Auto               ; Auto               ;
; Shift Register Replacement - Allow Asynchronous Clear Signal                    ; On                 ; On                 ;
; Pre-Mapping Resynthesis Optimization                                            ; Off                ; Off                ;
; Analysis & Synthesis Message Level                                              ; Medium             ; Medium             ;
; Disable Register Merging Across Hierarchies                                     ; Auto               ; Auto               ;
; Resource Aware Inference For Block RAM                                          ; On                 ; On                 ;
; Synthesis Seed                                                                  ; 1                  ; 1                  ;
; Automatic Parallel Synthesis                                                    ; On                 ; On                 ;
; Partial Reconfiguration Bitstream ID                                            ; Off                ; Off                ;
+---------------------------------------------------------------------------------+--------------------+--------------------+


+------------------------------------------+
; Parallel Compilation                     ;
+----------------------------+-------------+
; Processors                 ; Number      ;
+----------------------------+-------------+
; Number detected on machine ; 8           ;
; Maximum allowed            ; 4           ;
;                            ;             ;
; Average used               ; 1.00        ;
; Maximum used               ; 1           ;
;                            ;             ;
; Usage by Processor         ; % Time Used ;
;     Processor 1            ; 100.0%      ;
+----------------------------+-------------+


+-------------------------------------------------------------------------------------------------------------------------------------------------------------------+
; Analysis & Synthesis Source Files Read                                                                                                                            ;
+----------------------------------+-----------------+------------------------+---------------------------------------------------------------------------+---------+
; File Name with User-Entered Path ; Used in Netlist ; File Type              ; File Name with Absolute Path                                              ; Library ;
+----------------------------------+-----------------+------------------------+---------------------------------------------------------------------------+---------+
; sram_test_127_bit.v              ; yes             ; User Verilog HDL File  ; C:/Users/adolfp/OneDrive/EE469/Lab2/Verilog/sram_demo/sram_test_127_bit.v ;         ;
; ../sram/sram.v                   ; yes             ; User Verilog HDL File  ; C:/Users/adolfp/OneDrive/EE469/Lab2/Verilog/sram/sram.v                   ;         ;
+----------------------------------+-----------------+------------------------+---------------------------------------------------------------------------+---------+


+--------------------------------------------------------+
; Analysis & Synthesis Resource Usage Summary            ;
+---------------------------------------------+----------+
; Resource                                    ; Usage    ;
+---------------------------------------------+----------+
; Estimate of Logic utilization (ALMs needed) ; 0        ;
;                                             ;          ;
; Combinational ALUT usage for logic          ; 0        ;
;     -- 7 input functions                    ; 0        ;
;     -- 6 input functions                    ; 0        ;
;     -- 5 input functions                    ; 0        ;
;     -- 4 input functions                    ; 0        ;
;     -- <=3 input functions                  ; 0        ;
;                                             ;          ;
; Dedicated logic registers                   ; 0        ;
;                                             ;          ;
; I/O pins                                    ; 23       ;
;                                             ;          ;
; Total DSP Blocks                            ; 0        ;
;                                             ;          ;
; Maximum fan-out node                        ; CLOCK_50 ;
; Maximum fan-out                             ; 1        ;
; Total fan-out                               ; 23       ;
; Average fan-out                             ; 0.50     ;
+---------------------------------------------+----------+


+-----------------------------------------------------------------------------------------------------------------------------------------------------------+
; Analysis & Synthesis Resource Utilization by Entity                                                                                                       ;
+----------------------------+-------------------+--------------+-------------------+------------+------+--------------+---------------------+--------------+
; Compilation Hierarchy Node ; LC Combinationals ; LC Registers ; Block Memory Bits ; DSP Blocks ; Pins ; Virtual Pins ; Full Hierarchy Name ; Library Name ;
+----------------------------+-------------------+--------------+-------------------+------------+------+--------------+---------------------+--------------+
; |sram_test_127_bit         ; 0 (0)             ; 0 (0)        ; 0                 ; 0          ; 23   ; 0            ; |sram_test_127_bit  ; work         ;
+----------------------------+-------------------+--------------+-------------------+------------+------+--------------+---------------------+--------------+
Note: For table entries with two numbers listed, the numbers in parentheses indicate the number of resources of the given type used by the specific entity alone. The numbers listed outside of parentheses indicate the total resources of the given type used by the specific entity and all of its sub-entities in the hierarchy.


+--------------------------------------------------------------+
; Registers Removed During Synthesis                           ;
+-----------------------------------------+--------------------+
; Register name                           ; Reason for Removal ;
+-----------------------------------------+--------------------+
; sram:memory|mar[0..10]                  ; Lost fanout        ;
; div_clock:clock_divider|div_clks[0..31] ; Lost fanout        ;
; Total Number of Removed Registers = 43  ;                    ;
+-----------------------------------------+--------------------+


+----------------------------------------------------------------------------------+
; Removed Registers Triggering Further Register Optimizations                      ;
+--------------------+--------------------+----------------------------------------+
; Register name      ; Reason for Removal ; Registers Removed due to This Register ;
+--------------------+--------------------+----------------------------------------+
; sram:memory|mar[0] ; Lost Fanouts       ; div_clock:clock_divider|div_clks[0]    ;
+--------------------+--------------------+----------------------------------------+


+------------------------------------------------------+
; General Register Statistics                          ;
+----------------------------------------------+-------+
; Statistic                                    ; Value ;
+----------------------------------------------+-------+
; Total registers                              ; 0     ;
; Number of registers using Synchronous Clear  ; 0     ;
; Number of registers using Synchronous Load   ; 0     ;
; Number of registers using Asynchronous Clear ; 0     ;
; Number of registers using Asynchronous Load  ; 0     ;
; Number of registers using Clock Enable       ; 0     ;
; Number of registers using Preset             ; 0     ;
+----------------------------------------------+-------+


+--------------------------------------------------------------------------------------------------------------------------+
; Port Connectivity Checks: "sram:memory"                                                                                  ;
+-----------------+-------+----------+-------------------------------------------------------------------------------------+
; Port            ; Type  ; Severity ; Details                                                                             ;
+-----------------+-------+----------+-------------------------------------------------------------------------------------+
; cs              ; Input ; Info     ; Stuck at GND                                                                        ;
; oe              ; Input ; Info     ; Stuck at GND                                                                        ;
; rw              ; Input ; Info     ; Stuck at VCC                                                                        ;
; addr_bus        ; Bidir ; Warning  ; Connected to dangling logic. Logic that only feeds a dangling port will be removed. ;
; addr_bus[31..7] ; Bidir ; Warning  ; Stuck at GND                                                                        ;
; data_bus[31..7] ; Bidir ; Warning  ; Stuck at GND                                                                        ;
; data_bus[31..7] ; Bidir ; Warning  ; Connected to dangling logic. Logic that only feeds a dangling port will be removed. ;
+-----------------+-------+----------+-------------------------------------------------------------------------------------+


+---------------------------------------------------------------------------------------------------------------------------+
; Port Connectivity Checks: "div_clock:clock_divider"                                                                       ;
+-----------------+--------+----------+-------------------------------------------------------------------------------------+
; Port            ; Type   ; Severity ; Details                                                                             ;
+-----------------+--------+----------+-------------------------------------------------------------------------------------+
; div_clks[31..1] ; Output ; Info     ; Connected to dangling logic. Logic that only feeds a dangling port will be removed. ;
+-----------------+--------+----------+-------------------------------------------------------------------------------------+


+-----------------------------------------------------+
; Post-Synthesis Netlist Statistics for Top Partition ;
+-----------------------+-----------------------------+
; Type                  ; Count                       ;
+-----------------------+-----------------------------+
; arriav_lcell_comb     ; 1                           ;
;     normal            ; 1                           ;
;         0 data inputs ; 1                           ;
; boundary_port         ; 23                          ;
;                       ;                             ;
; Max LUT depth         ; 0.00                        ;
; Average LUT depth     ; 0.00                        ;
+-----------------------+-----------------------------+


+-------------------------------+
; Elapsed Time Per Partition    ;
+----------------+--------------+
; Partition Name ; Elapsed Time ;
+----------------+--------------+
; Top            ; 00:00:00     ;
+----------------+--------------+


+-------------------------------+
; Analysis & Synthesis Messages ;
+-------------------------------+
Info: *******************************************************************
Info: Running Quartus Prime Analysis & Synthesis
    Info: Version 15.1.1 Build 189 12/02/2015 SJ Standard Edition
    Info: Processing started: Mon Apr 18 14:59:39 2016
Info: Command: quartus_map --read_settings_files=on --write_settings_files=off sram_demo -c sram_demo
Info (20030): Parallel compilation is enabled and will use 4 of the 4 processors detected
Info (12021): Found 2 design units, including 2 entities, in source file sram_test_127_bit.v
    Info (12023): Found entity 1: sram_test_127_bit File: C:/Users/adolfp/OneDrive/EE469/Lab2/Verilog/sram_demo/sram_test_127_bit.v Line: 10
    Info (12023): Found entity 2: div_clock File: C:/Users/adolfp/OneDrive/EE469/Lab2/Verilog/sram_demo/sram_test_127_bit.v Line: 136
Info (12021): Found 1 design units, including 1 entities, in source file /users/adolfp/onedrive/ee469/lab2/verilog/sram/sram.v
    Info (12023): Found entity 1: sram File: C:/Users/adolfp/OneDrive/EE469/Lab2/Verilog/sram/sram.v Line: 9
Info (12127): Elaborating entity "sram_test_127_bit" for the top level hierarchy
Warning (10230): Verilog HDL assignment warning at sram_test_127_bit.v(112): truncated value with size 32 to match size of target (7) File: C:/Users/adolfp/OneDrive/EE469/Lab2/Verilog/sram_demo/sram_test_127_bit.v Line: 112
Warning (10240): Verilog HDL Always Construct warning at sram_test_127_bit.v(71): inferring latch(es) for variable "led_data", which holds its previous value in one or more paths through the always construct File: C:/Users/adolfp/OneDrive/EE469/Lab2/Verilog/sram_demo/sram_test_127_bit.v Line: 71
Warning (10240): Verilog HDL Always Construct warning at sram_test_127_bit.v(71): inferring latch(es) for variable "address", which holds its previous value in one or more paths through the always construct File: C:/Users/adolfp/OneDrive/EE469/Lab2/Verilog/sram_demo/sram_test_127_bit.v Line: 71
Warning (10240): Verilog HDL Always Construct warning at sram_test_127_bit.v(71): inferring latch(es) for variable "cs", which holds its previous value in one or more paths through the always construct File: C:/Users/adolfp/OneDrive/EE469/Lab2/Verilog/sram_demo/sram_test_127_bit.v Line: 71
Warning (10240): Verilog HDL Always Construct warning at sram_test_127_bit.v(71): inferring latch(es) for variable "rw", which holds its previous value in one or more paths through the always construct File: C:/Users/adolfp/OneDrive/EE469/Lab2/Verilog/sram_demo/sram_test_127_bit.v Line: 71
Warning (10240): Verilog HDL Always Construct warning at sram_test_127_bit.v(71): inferring latch(es) for variable "oe", which holds its previous value in one or more paths through the always construct File: C:/Users/adolfp/OneDrive/EE469/Lab2/Verilog/sram_demo/sram_test_127_bit.v Line: 71
Warning (10240): Verilog HDL Always Construct warning at sram_test_127_bit.v(71): inferring latch(es) for variable "value", which holds its previous value in one or more paths through the always construct File: C:/Users/adolfp/OneDrive/EE469/Lab2/Verilog/sram_demo/sram_test_127_bit.v Line: 71
Warning (10240): Verilog HDL Always Construct warning at sram_test_127_bit.v(71): inferring latch(es) for variable "state", which holds its previous value in one or more paths through the always construct File: C:/Users/adolfp/OneDrive/EE469/Lab2/Verilog/sram_demo/sram_test_127_bit.v Line: 71
Warning (10240): Verilog HDL Always Construct warning at sram_test_127_bit.v(71): inferring latch(es) for variable "biggerState", which holds its previous value in one or more paths through the always construct File: C:/Users/adolfp/OneDrive/EE469/Lab2/Verilog/sram_demo/sram_test_127_bit.v Line: 71
Info (10041): Inferred latch for "biggerState" at sram_test_127_bit.v(71) File: C:/Users/adolfp/OneDrive/EE469/Lab2/Verilog/sram_demo/sram_test_127_bit.v Line: 71
Info (10041): Inferred latch for "state.10" at sram_test_127_bit.v(71) File: C:/Users/adolfp/OneDrive/EE469/Lab2/Verilog/sram_demo/sram_test_127_bit.v Line: 71
Info (10041): Inferred latch for "state.01" at sram_test_127_bit.v(71) File: C:/Users/adolfp/OneDrive/EE469/Lab2/Verilog/sram_demo/sram_test_127_bit.v Line: 71
Info (10041): Inferred latch for "state.00" at sram_test_127_bit.v(71) File: C:/Users/adolfp/OneDrive/EE469/Lab2/Verilog/sram_demo/sram_test_127_bit.v Line: 71
Info (10041): Inferred latch for "value[0]" at sram_test_127_bit.v(71) File: C:/Users/adolfp/OneDrive/EE469/Lab2/Verilog/sram_demo/sram_test_127_bit.v Line: 71
Info (10041): Inferred latch for "value[1]" at sram_test_127_bit.v(71) File: C:/Users/adolfp/OneDrive/EE469/Lab2/Verilog/sram_demo/sram_test_127_bit.v Line: 71
Info (10041): Inferred latch for "value[2]" at sram_test_127_bit.v(71) File: C:/Users/adolfp/OneDrive/EE469/Lab2/Verilog/sram_demo/sram_test_127_bit.v Line: 71
Info (10041): Inferred latch for "value[3]" at sram_test_127_bit.v(71) File: C:/Users/adolfp/OneDrive/EE469/Lab2/Verilog/sram_demo/sram_test_127_bit.v Line: 71
Info (10041): Inferred latch for "value[4]" at sram_test_127_bit.v(71) File: C:/Users/adolfp/OneDrive/EE469/Lab2/Verilog/sram_demo/sram_test_127_bit.v Line: 71
Info (10041): Inferred latch for "value[5]" at sram_test_127_bit.v(71) File: C:/Users/adolfp/OneDrive/EE469/Lab2/Verilog/sram_demo/sram_test_127_bit.v Line: 71
Info (10041): Inferred latch for "value[6]" at sram_test_127_bit.v(71) File: C:/Users/adolfp/OneDrive/EE469/Lab2/Verilog/sram_demo/sram_test_127_bit.v Line: 71
Info (10041): Inferred latch for "oe" at sram_test_127_bit.v(71) File: C:/Users/adolfp/OneDrive/EE469/Lab2/Verilog/sram_demo/sram_test_127_bit.v Line: 71
Info (10041): Inferred latch for "rw" at sram_test_127_bit.v(71) File: C:/Users/adolfp/OneDrive/EE469/Lab2/Verilog/sram_demo/sram_test_127_bit.v Line: 71
Info (10041): Inferred latch for "cs" at sram_test_127_bit.v(71) File: C:/Users/adolfp/OneDrive/EE469/Lab2/Verilog/sram_demo/sram_test_127_bit.v Line: 71
Info (10041): Inferred latch for "address[0]" at sram_test_127_bit.v(71) File: C:/Users/adolfp/OneDrive/EE469/Lab2/Verilog/sram_demo/sram_test_127_bit.v Line: 71
Info (10041): Inferred latch for "address[1]" at sram_test_127_bit.v(71) File: C:/Users/adolfp/OneDrive/EE469/Lab2/Verilog/sram_demo/sram_test_127_bit.v Line: 71
Info (10041): Inferred latch for "address[2]" at sram_test_127_bit.v(71) File: C:/Users/adolfp/OneDrive/EE469/Lab2/Verilog/sram_demo/sram_test_127_bit.v Line: 71
Info (10041): Inferred latch for "address[3]" at sram_test_127_bit.v(71) File: C:/Users/adolfp/OneDrive/EE469/Lab2/Verilog/sram_demo/sram_test_127_bit.v Line: 71
Info (10041): Inferred latch for "address[4]" at sram_test_127_bit.v(71) File: C:/Users/adolfp/OneDrive/EE469/Lab2/Verilog/sram_demo/sram_test_127_bit.v Line: 71
Info (10041): Inferred latch for "address[5]" at sram_test_127_bit.v(71) File: C:/Users/adolfp/OneDrive/EE469/Lab2/Verilog/sram_demo/sram_test_127_bit.v Line: 71
Info (10041): Inferred latch for "address[6]" at sram_test_127_bit.v(71) File: C:/Users/adolfp/OneDrive/EE469/Lab2/Verilog/sram_demo/sram_test_127_bit.v Line: 71
Info (10041): Inferred latch for "led_data[0]" at sram_test_127_bit.v(71) File: C:/Users/adolfp/OneDrive/EE469/Lab2/Verilog/sram_demo/sram_test_127_bit.v Line: 71
Info (10041): Inferred latch for "led_data[1]" at sram_test_127_bit.v(71) File: C:/Users/adolfp/OneDrive/EE469/Lab2/Verilog/sram_demo/sram_test_127_bit.v Line: 71
Info (10041): Inferred latch for "led_data[2]" at sram_test_127_bit.v(71) File: C:/Users/adolfp/OneDrive/EE469/Lab2/Verilog/sram_demo/sram_test_127_bit.v Line: 71
Info (10041): Inferred latch for "led_data[3]" at sram_test_127_bit.v(71) File: C:/Users/adolfp/OneDrive/EE469/Lab2/Verilog/sram_demo/sram_test_127_bit.v Line: 71
Info (10041): Inferred latch for "led_data[4]" at sram_test_127_bit.v(71) File: C:/Users/adolfp/OneDrive/EE469/Lab2/Verilog/sram_demo/sram_test_127_bit.v Line: 71
Info (10041): Inferred latch for "led_data[5]" at sram_test_127_bit.v(71) File: C:/Users/adolfp/OneDrive/EE469/Lab2/Verilog/sram_demo/sram_test_127_bit.v Line: 71
Info (10041): Inferred latch for "led_data[6]" at sram_test_127_bit.v(71) File: C:/Users/adolfp/OneDrive/EE469/Lab2/Verilog/sram_demo/sram_test_127_bit.v Line: 71
Info (12128): Elaborating entity "div_clock" for hierarchy "div_clock:clock_divider" File: C:/Users/adolfp/OneDrive/EE469/Lab2/Verilog/sram_demo/sram_test_127_bit.v Line: 35
Info (12128): Elaborating entity "sram" for hierarchy "sram:memory" File: C:/Users/adolfp/OneDrive/EE469/Lab2/Verilog/sram_demo/sram_test_127_bit.v Line: 56
Warning (10235): Verilog HDL Always Construct warning at sram.v(42): variable "cs" is read inside the Always Construct but isn't in the Always Construct's Event Control File: C:/Users/adolfp/OneDrive/EE469/Lab2/Verilog/sram/sram.v Line: 42
Warning (10235): Verilog HDL Always Construct warning at sram.v(43): variable "rw" is read inside the Always Construct but isn't in the Always Construct's Event Control File: C:/Users/adolfp/OneDrive/EE469/Lab2/Verilog/sram/sram.v Line: 43
Warning (10235): Verilog HDL Always Construct warning at sram.v(43): variable "oe" is read inside the Always Construct but isn't in the Always Construct's Event Control File: C:/Users/adolfp/OneDrive/EE469/Lab2/Verilog/sram/sram.v Line: 43
Warning (10235): Verilog HDL Always Construct warning at sram.v(44): variable "data_bus" is read inside the Always Construct but isn't in the Always Construct's Event Control File: C:/Users/adolfp/OneDrive/EE469/Lab2/Verilog/sram/sram.v Line: 44
Warning (10235): Verilog HDL Always Construct warning at sram.v(45): variable "rw" is read inside the Always Construct but isn't in the Always Construct's Event Control File: C:/Users/adolfp/OneDrive/EE469/Lab2/Verilog/sram/sram.v Line: 45
Warning (10235): Verilog HDL Always Construct warning at sram.v(45): variable "oe" is read inside the Always Construct but isn't in the Always Construct's Event Control File: C:/Users/adolfp/OneDrive/EE469/Lab2/Verilog/sram/sram.v Line: 45
Warning (10235): Verilog HDL Always Construct warning at sram.v(46): variable "sram_data_bus" is read inside the Always Construct but isn't in the Always Construct's Event Control File: C:/Users/adolfp/OneDrive/EE469/Lab2/Verilog/sram/sram.v Line: 46
Warning (10240): Verilog HDL Always Construct warning at sram.v(41): inferring latch(es) for variable "mdr", which holds its previous value in one or more paths through the always construct File: C:/Users/adolfp/OneDrive/EE469/Lab2/Verilog/sram/sram.v Line: 41
Info (10041): Inferred latch for "mdr[0]" at sram.v(42) File: C:/Users/adolfp/OneDrive/EE469/Lab2/Verilog/sram/sram.v Line: 42
Info (10041): Inferred latch for "mdr[1]" at sram.v(42) File: C:/Users/adolfp/OneDrive/EE469/Lab2/Verilog/sram/sram.v Line: 42
Info (10041): Inferred latch for "mdr[2]" at sram.v(42) File: C:/Users/adolfp/OneDrive/EE469/Lab2/Verilog/sram/sram.v Line: 42
Info (10041): Inferred latch for "mdr[3]" at sram.v(42) File: C:/Users/adolfp/OneDrive/EE469/Lab2/Verilog/sram/sram.v Line: 42
Info (10041): Inferred latch for "mdr[4]" at sram.v(42) File: C:/Users/adolfp/OneDrive/EE469/Lab2/Verilog/sram/sram.v Line: 42
Info (10041): Inferred latch for "mdr[5]" at sram.v(42) File: C:/Users/adolfp/OneDrive/EE469/Lab2/Verilog/sram/sram.v Line: 42
Info (10041): Inferred latch for "mdr[6]" at sram.v(42) File: C:/Users/adolfp/OneDrive/EE469/Lab2/Verilog/sram/sram.v Line: 42
Info (10041): Inferred latch for "mdr[7]" at sram.v(42) File: C:/Users/adolfp/OneDrive/EE469/Lab2/Verilog/sram/sram.v Line: 42
Info (10041): Inferred latch for "mdr[8]" at sram.v(42) File: C:/Users/adolfp/OneDrive/EE469/Lab2/Verilog/sram/sram.v Line: 42
Info (10041): Inferred latch for "mdr[9]" at sram.v(42) File: C:/Users/adolfp/OneDrive/EE469/Lab2/Verilog/sram/sram.v Line: 42
Info (10041): Inferred latch for "mdr[10]" at sram.v(42) File: C:/Users/adolfp/OneDrive/EE469/Lab2/Verilog/sram/sram.v Line: 42
Info (10041): Inferred latch for "mdr[11]" at sram.v(42) File: C:/Users/adolfp/OneDrive/EE469/Lab2/Verilog/sram/sram.v Line: 42
Info (10041): Inferred latch for "mdr[12]" at sram.v(42) File: C:/Users/adolfp/OneDrive/EE469/Lab2/Verilog/sram/sram.v Line: 42
Info (10041): Inferred latch for "mdr[13]" at sram.v(42) File: C:/Users/adolfp/OneDrive/EE469/Lab2/Verilog/sram/sram.v Line: 42
Info (10041): Inferred latch for "mdr[14]" at sram.v(42) File: C:/Users/adolfp/OneDrive/EE469/Lab2/Verilog/sram/sram.v Line: 42
Info (10041): Inferred latch for "mdr[15]" at sram.v(42) File: C:/Users/adolfp/OneDrive/EE469/Lab2/Verilog/sram/sram.v Line: 42
Warning (13046): Tri-state node(s) do not directly drive top-level pin(s)
    Warning (13049): Converted tri-state buffer "sram:memory|sram_data_bus[0]" feeding internal logic into a wire File: C:/Users/adolfp/OneDrive/EE469/Lab2/Verilog/sram/sram.v Line: 17
    Warning (13049): Converted tri-state buffer "sram:memory|sram_data_bus[1]" feeding internal logic into a wire File: C:/Users/adolfp/OneDrive/EE469/Lab2/Verilog/sram/sram.v Line: 17
    Warning (13049): Converted tri-state buffer "sram:memory|sram_data_bus[2]" feeding internal logic into a wire File: C:/Users/adolfp/OneDrive/EE469/Lab2/Verilog/sram/sram.v Line: 17
    Warning (13049): Converted tri-state buffer "sram:memory|sram_data_bus[3]" feeding internal logic into a wire File: C:/Users/adolfp/OneDrive/EE469/Lab2/Verilog/sram/sram.v Line: 17
    Warning (13049): Converted tri-state buffer "sram:memory|sram_data_bus[4]" feeding internal logic into a wire File: C:/Users/adolfp/OneDrive/EE469/Lab2/Verilog/sram/sram.v Line: 17
    Warning (13049): Converted tri-state buffer "sram:memory|sram_data_bus[5]" feeding internal logic into a wire File: C:/Users/adolfp/OneDrive/EE469/Lab2/Verilog/sram/sram.v Line: 17
    Warning (13049): Converted tri-state buffer "sram:memory|sram_data_bus[6]" feeding internal logic into a wire File: C:/Users/adolfp/OneDrive/EE469/Lab2/Verilog/sram/sram.v Line: 17
Warning (12241): 1 hierarchies have connectivity warnings - see the Connectivity Checks report folder
Warning (13027): Removed fan-outs from the following always-disabled I/O buffers
    Warning (13028): Removed fan-out from the always-disabled I/O buffer "data_bus[0]" to the node "LEDR[0]" File: C:/Users/adolfp/OneDrive/EE469/Lab2/Verilog/sram_demo/sram_test_127_bit.v Line: 23
    Warning (13028): Removed fan-out from the always-disabled I/O buffer "data_bus[1]" to the node "LEDR[1]" File: C:/Users/adolfp/OneDrive/EE469/Lab2/Verilog/sram_demo/sram_test_127_bit.v Line: 23
    Warning (13028): Removed fan-out from the always-disabled I/O buffer "data_bus[2]" to the node "LEDR[2]" File: C:/Users/adolfp/OneDrive/EE469/Lab2/Verilog/sram_demo/sram_test_127_bit.v Line: 23
    Warning (13028): Removed fan-out from the always-disabled I/O buffer "data_bus[3]" to the node "LEDR[3]" File: C:/Users/adolfp/OneDrive/EE469/Lab2/Verilog/sram_demo/sram_test_127_bit.v Line: 23
    Warning (13028): Removed fan-out from the always-disabled I/O buffer "data_bus[4]" to the node "LEDR[4]" File: C:/Users/adolfp/OneDrive/EE469/Lab2/Verilog/sram_demo/sram_test_127_bit.v Line: 23
    Warning (13028): Removed fan-out from the always-disabled I/O buffer "data_bus[5]" to the node "LEDR[5]" File: C:/Users/adolfp/OneDrive/EE469/Lab2/Verilog/sram_demo/sram_test_127_bit.v Line: 23
    Warning (13028): Removed fan-out from the always-disabled I/O buffer "data_bus[6]" to the node "LEDR[6]" File: C:/Users/adolfp/OneDrive/EE469/Lab2/Verilog/sram_demo/sram_test_127_bit.v Line: 23
Warning (13044): Always-enabled tri-state buffer(s) removed
    Warning (13045): Converted the fanout from the always-enabled tri-state buffer "read_data[0]" to the node "LEDR[0]" into a wire File: C:/Users/adolfp/OneDrive/EE469/Lab2/Verilog/sram_demo/sram_test_127_bit.v Line: 18
    Warning (13045): Converted the fanout from the always-enabled tri-state buffer "read_data[1]" to the node "LEDR[1]" into a wire File: C:/Users/adolfp/OneDrive/EE469/Lab2/Verilog/sram_demo/sram_test_127_bit.v Line: 18
    Warning (13045): Converted the fanout from the always-enabled tri-state buffer "read_data[2]" to the node "LEDR[2]" into a wire File: C:/Users/adolfp/OneDrive/EE469/Lab2/Verilog/sram_demo/sram_test_127_bit.v Line: 18
    Warning (13045): Converted the fanout from the always-enabled tri-state buffer "read_data[3]" to the node "LEDR[3]" into a wire File: C:/Users/adolfp/OneDrive/EE469/Lab2/Verilog/sram_demo/sram_test_127_bit.v Line: 18
    Warning (13045): Converted the fanout from the always-enabled tri-state buffer "read_data[4]" to the node "LEDR[4]" into a wire File: C:/Users/adolfp/OneDrive/EE469/Lab2/Verilog/sram_demo/sram_test_127_bit.v Line: 18
    Warning (13045): Converted the fanout from the always-enabled tri-state buffer "read_data[5]" to the node "LEDR[5]" into a wire File: C:/Users/adolfp/OneDrive/EE469/Lab2/Verilog/sram_demo/sram_test_127_bit.v Line: 18
    Warning (13045): Converted the fanout from the always-enabled tri-state buffer "read_data[6]" to the node "LEDR[6]" into a wire File: C:/Users/adolfp/OneDrive/EE469/Lab2/Verilog/sram_demo/sram_test_127_bit.v Line: 18
Warning (13030): Reduced the following open-drain buffers that are fed by GND
    Warning (13031): Reduced fanout from the always-enabled open-drain buffer "sram:memory|data_bus[0]" to the output pin "LEDR[0]" to GND File: C:/Users/adolfp/OneDrive/EE469/Lab2/Verilog/sram/sram.v Line: 12
    Warning (13031): Reduced fanout from the always-enabled open-drain buffer "sram:memory|data_bus[1]" to the output pin "LEDR[1]" to GND File: C:/Users/adolfp/OneDrive/EE469/Lab2/Verilog/sram/sram.v Line: 12
    Warning (13031): Reduced fanout from the always-enabled open-drain buffer "sram:memory|data_bus[2]" to the output pin "LEDR[2]" to GND File: C:/Users/adolfp/OneDrive/EE469/Lab2/Verilog/sram/sram.v Line: 12
    Warning (13031): Reduced fanout from the always-enabled open-drain buffer "sram:memory|data_bus[3]" to the output pin "LEDR[3]" to GND File: C:/Users/adolfp/OneDrive/EE469/Lab2/Verilog/sram/sram.v Line: 12
    Warning (13031): Reduced fanout from the always-enabled open-drain buffer "sram:memory|data_bus[4]" to the output pin "LEDR[4]" to GND File: C:/Users/adolfp/OneDrive/EE469/Lab2/Verilog/sram/sram.v Line: 12
    Warning (13031): Reduced fanout from the always-enabled open-drain buffer "sram:memory|data_bus[5]" to the output pin "LEDR[5]" to GND File: C:/Users/adolfp/OneDrive/EE469/Lab2/Verilog/sram/sram.v Line: 12
    Warning (13031): Reduced fanout from the always-enabled open-drain buffer "sram:memory|data_bus[6]" to the output pin "LEDR[6]" to GND File: C:/Users/adolfp/OneDrive/EE469/Lab2/Verilog/sram/sram.v Line: 12
Warning (13024): Output pins are stuck at VCC or GND
    Warning (13410): Pin "LEDR[0]" is stuck at GND File: C:/Users/adolfp/OneDrive/EE469/Lab2/Verilog/sram_demo/sram_test_127_bit.v Line: 15
    Warning (13410): Pin "LEDR[1]" is stuck at GND File: C:/Users/adolfp/OneDrive/EE469/Lab2/Verilog/sram_demo/sram_test_127_bit.v Line: 15
    Warning (13410): Pin "LEDR[2]" is stuck at GND File: C:/Users/adolfp/OneDrive/EE469/Lab2/Verilog/sram_demo/sram_test_127_bit.v Line: 15
    Warning (13410): Pin "LEDR[3]" is stuck at GND File: C:/Users/adolfp/OneDrive/EE469/Lab2/Verilog/sram_demo/sram_test_127_bit.v Line: 15
    Warning (13410): Pin "LEDR[4]" is stuck at GND File: C:/Users/adolfp/OneDrive/EE469/Lab2/Verilog/sram_demo/sram_test_127_bit.v Line: 15
    Warning (13410): Pin "LEDR[5]" is stuck at GND File: C:/Users/adolfp/OneDrive/EE469/Lab2/Verilog/sram_demo/sram_test_127_bit.v Line: 15
    Warning (13410): Pin "LEDR[6]" is stuck at GND File: C:/Users/adolfp/OneDrive/EE469/Lab2/Verilog/sram_demo/sram_test_127_bit.v Line: 15
    Warning (13410): Pin "LEDR[7]" is stuck at GND File: C:/Users/adolfp/OneDrive/EE469/Lab2/Verilog/sram_demo/sram_test_127_bit.v Line: 15
    Warning (13410): Pin "LEDR[8]" is stuck at GND File: C:/Users/adolfp/OneDrive/EE469/Lab2/Verilog/sram_demo/sram_test_127_bit.v Line: 15
    Warning (13410): Pin "LEDR[9]" is stuck at GND File: C:/Users/adolfp/OneDrive/EE469/Lab2/Verilog/sram_demo/sram_test_127_bit.v Line: 15
Info (17049): 43 registers lost all their fanouts during netlist optimizations.
Info (144001): Generated suppressed messages file C:/Users/adolfp/OneDrive/EE469/Lab2/Verilog/sram_demo/output_files/sram_demo.map.smsg
Info (16010): Generating hard_block partition "hard_block:auto_generated_inst"
    Info (16011): Adding 0 node(s), including 0 DDIO, 0 PLL, 0 transceiver and 0 LCELL
Warning (21074): Design contains 13 input pin(s) that do not drive logic
    Warning (15610): No output dependent on input pin "CLOCK_50" File: C:/Users/adolfp/OneDrive/EE469/Lab2/Verilog/sram_demo/sram_test_127_bit.v Line: 12
    Warning (15610): No output dependent on input pin "SW[0]" File: C:/Users/adolfp/OneDrive/EE469/Lab2/Verilog/sram_demo/sram_test_127_bit.v Line: 14
    Warning (15610): No output dependent on input pin "SW[1]" File: C:/Users/adolfp/OneDrive/EE469/Lab2/Verilog/sram_demo/sram_test_127_bit.v Line: 14
    Warning (15610): No output dependent on input pin "SW[2]" File: C:/Users/adolfp/OneDrive/EE469/Lab2/Verilog/sram_demo/sram_test_127_bit.v Line: 14
    Warning (15610): No output dependent on input pin "SW[3]" File: C:/Users/adolfp/OneDrive/EE469/Lab2/Verilog/sram_demo/sram_test_127_bit.v Line: 14
    Warning (15610): No output dependent on input pin "SW[4]" File: C:/Users/adolfp/OneDrive/EE469/Lab2/Verilog/sram_demo/sram_test_127_bit.v Line: 14
    Warning (15610): No output dependent on input pin "SW[5]" File: C:/Users/adolfp/OneDrive/EE469/Lab2/Verilog/sram_demo/sram_test_127_bit.v Line: 14
    Warning (15610): No output dependent on input pin "SW[6]" File: C:/Users/adolfp/OneDrive/EE469/Lab2/Verilog/sram_demo/sram_test_127_bit.v Line: 14
    Warning (15610): No output dependent on input pin "SW[7]" File: C:/Users/adolfp/OneDrive/EE469/Lab2/Verilog/sram_demo/sram_test_127_bit.v Line: 14
    Warning (15610): No output dependent on input pin "SW[8]" File: C:/Users/adolfp/OneDrive/EE469/Lab2/Verilog/sram_demo/sram_test_127_bit.v Line: 14
    Warning (15610): No output dependent on input pin "SW[9]" File: C:/Users/adolfp/OneDrive/EE469/Lab2/Verilog/sram_demo/sram_test_127_bit.v Line: 14
    Warning (15610): No output dependent on input pin "KEY[0]" File: C:/Users/adolfp/OneDrive/EE469/Lab2/Verilog/sram_demo/sram_test_127_bit.v Line: 13
    Warning (15610): No output dependent on input pin "KEY[1]" File: C:/Users/adolfp/OneDrive/EE469/Lab2/Verilog/sram_demo/sram_test_127_bit.v Line: 13
Info (21057): Implemented 23 device resources after synthesis - the final resource count might be different
    Info (21058): Implemented 13 input pins
    Info (21059): Implemented 10 output pins
Info: Quartus Prime Analysis & Synthesis was successful. 0 errors, 75 warnings
    Info: Peak virtual memory: 867 megabytes
    Info: Processing ended: Mon Apr 18 14:59:48 2016
    Info: Elapsed time: 00:00:09
    Info: Total CPU time (on all processors): 00:00:20


+------------------------------------------+
; Analysis & Synthesis Suppressed Messages ;
+------------------------------------------+
The suppressed messages can be found in C:/Users/adolfp/OneDrive/EE469/Lab2/Verilog/sram_demo/output_files/sram_demo.map.smsg.


