#! /c/iverilog/bin/vvp
:ivl_version "0.9.7 " "(v0_9_7)";
:vpi_time_precision + 0;
:vpi_module "system";
:vpi_module "v2005_math";
:vpi_module "va_math";
S_00619E98 .scope module, "SupCounter_tb" "SupCounter_tb" 2 6;
 .timescale 0 0;
v0079ACA8_0 .net "clk", 0 0, v0061B8D0_0; 1 drivers
v0079AD00_0 .net "q0", 0 0, v0079A728_0; 1 drivers
v0079AD58_0 .net "q1", 0 0, v0079A570_0; 1 drivers
v0079ADB0_0 .net "q2", 0 0, v0079A3B8_0; 1 drivers
v0079AE08_0 .net "q3", 0 0, v0079A200_0; 1 drivers
v0079AE60_0 .net "rst", 0 0, v0079A0F8_0; 1 drivers
S_00619E10 .scope module, "sup" "SupCounter" 2 12, 3 1, S_00619E98;
 .timescale 0 0;
L_00772598 .functor NOT 1, v0079A728_0, C4<0>, C4<0>, C4<0>;
L_007724B8 .functor XOR 1, v0079A728_0, v0079A570_0, C4<0>, C4<0>;
L_00772480 .functor AND 1, v0079A728_0, v0079A570_0, C4<1>, C4<1>;
L_00772640 .functor XOR 1, L_00772480, v0079A3B8_0, C4<0>, C4<0>;
L_00772560 .functor AND 1, v0079A3B8_0, v0079A570_0, C4<1>, C4<1>;
L_007726E8 .functor AND 1, L_00772560, v0079A728_0, C4<1>, C4<1>;
L_00772758 .functor XOR 1, L_007726E8, v0079A200_0, C4<0>, C4<0>;
v0079A830_0 .net "D0", 0 0, L_00772598; 1 drivers
v0079A888_0 .net "D1", 0 0, L_007724B8; 1 drivers
v0079A8E0_0 .net "D2", 0 0, L_00772640; 1 drivers
v0079A938_0 .net "D3", 0 0, L_00772758; 1 drivers
v0079A990_0 .net *"_s10", 0 0, L_007726E8; 1 drivers
v0079A9E8_0 .net *"_s4", 0 0, L_00772480; 1 drivers
v0079AA40_0 .net *"_s8", 0 0, L_00772560; 1 drivers
v0079AA98_0 .alias "clk", 0 0, v0079ACA8_0;
v0079AAF0_0 .alias "q0", 0 0, v0079AD00_0;
v0079AB48_0 .alias "q1", 0 0, v0079AD58_0;
v0079ABA0_0 .alias "q2", 0 0, v0079ADB0_0;
v0079ABF8_0 .alias "q3", 0 0, v0079AE08_0;
v0079AC50_0 .alias "rst", 0 0, v0079AE60_0;
S_0061A690 .scope module, "d1" "DFlipFlop" 3 10, 4 1, S_00619E10;
 .timescale 0 0;
L_007724F0 .functor NOT 1, v0079A728_0, C4<0>, C4<0>, C4<0>;
v0079A678_0 .alias "D", 0 0, v0079A830_0;
v0079A6D0_0 .alias "clk", 0 0, v0079ACA8_0;
v0079A728_0 .var "q", 0 0;
v0079A780_0 .net "qBar", 0 0, L_007724F0; 1 drivers
v0079A7D8_0 .alias "rst", 0 0, v0079AE60_0;
S_0061A608 .scope module, "d2" "DFlipFlop" 3 11, 4 1, S_00619E10;
 .timescale 0 0;
L_00772800 .functor NOT 1, v0079A570_0, C4<0>, C4<0>, C4<0>;
v0079A4C0_0 .alias "D", 0 0, v0079A888_0;
v0079A518_0 .alias "clk", 0 0, v0079ACA8_0;
v0079A570_0 .var "q", 0 0;
v0079A5C8_0 .net "qBar", 0 0, L_00772800; 1 drivers
v0079A620_0 .alias "rst", 0 0, v0079AE60_0;
S_0061A250 .scope module, "d3" "DFlipFlop" 3 12, 4 1, S_00619E10;
 .timescale 0 0;
L_00772838 .functor NOT 1, v0079A3B8_0, C4<0>, C4<0>, C4<0>;
v0079A308_0 .alias "D", 0 0, v0079A8E0_0;
v0079A360_0 .alias "clk", 0 0, v0079ACA8_0;
v0079A3B8_0 .var "q", 0 0;
v0079A410_0 .net "qBar", 0 0, L_00772838; 1 drivers
v0079A468_0 .alias "rst", 0 0, v0079AE60_0;
S_0061A1C8 .scope module, "d4" "DFlipFlop" 3 13, 4 1, S_00619E10;
 .timescale 0 0;
L_00772870 .functor NOT 1, v0079A200_0, C4<0>, C4<0>, C4<0>;
v0079A150_0 .alias "D", 0 0, v0079A938_0;
v0079A1A8_0 .alias "clk", 0 0, v0079ACA8_0;
v0079A200_0 .var "q", 0 0;
v0079A258_0 .net "qBar", 0 0, L_00772870; 1 drivers
v0079A2B0_0 .alias "rst", 0 0, v0079AE60_0;
E_0061BAF0/0 .event negedge, v0079A0F8_0;
E_0061BAF0/1 .event posedge, v0061B8D0_0;
E_0061BAF0 .event/or E_0061BAF0/0, E_0061BAF0/1;
S_0061A140 .scope module, "aTester" "supTester" 2 15, 5 1, S_00619E98;
 .timescale 0 0;
P_0061BA34 .param/l "stimDelay" 5 6, +C4<01>;
v0061B8D0_0 .var "clk", 0 0;
v0061B758_0 .net "count", 3 0, L_0079AEB8; 1 drivers
v0061B7B0_0 .var/i "i", 31 0;
v0061C1F8_0 .alias "q0", 0 0, v0079AD00_0;
v00799FF0_0 .alias "q1", 0 0, v0079AD58_0;
v0079A048_0 .alias "q2", 0 0, v0079ADB0_0;
v0079A0A0_0 .alias "q3", 0 0, v0079AE08_0;
v0079A0F8_0 .var "rst", 0 0;
L_0079AEB8 .concat [ 1 1 1 1], v0079A728_0, v0079A570_0, v0079A3B8_0, v0079A200_0;
    .scope S_0061A690;
T_0 ;
    %wait E_0061BAF0;
    %load/v 8, v0079A7D8_0, 1;
    %inv 8, 1;
    %jmp/0xz  T_0.0, 8;
    %set/v v0079A728_0, 0, 1;
    %jmp T_0.1;
T_0.0 ;
    %load/v 8, v0079A678_0, 1;
    %set/v v0079A728_0, 8, 1;
T_0.1 ;
    %jmp T_0;
    .thread T_0;
    .scope S_0061A608;
T_1 ;
    %wait E_0061BAF0;
    %load/v 8, v0079A620_0, 1;
    %inv 8, 1;
    %jmp/0xz  T_1.0, 8;
    %set/v v0079A570_0, 0, 1;
    %jmp T_1.1;
T_1.0 ;
    %load/v 8, v0079A4C0_0, 1;
    %set/v v0079A570_0, 8, 1;
T_1.1 ;
    %jmp T_1;
    .thread T_1;
    .scope S_0061A250;
T_2 ;
    %wait E_0061BAF0;
    %load/v 8, v0079A468_0, 1;
    %inv 8, 1;
    %jmp/0xz  T_2.0, 8;
    %set/v v0079A3B8_0, 0, 1;
    %jmp T_2.1;
T_2.0 ;
    %load/v 8, v0079A308_0, 1;
    %set/v v0079A3B8_0, 8, 1;
T_2.1 ;
    %jmp T_2;
    .thread T_2;
    .scope S_0061A1C8;
T_3 ;
    %wait E_0061BAF0;
    %load/v 8, v0079A2B0_0, 1;
    %inv 8, 1;
    %jmp/0xz  T_3.0, 8;
    %set/v v0079A200_0, 0, 1;
    %jmp T_3.1;
T_3.0 ;
    %load/v 8, v0079A150_0, 1;
    %set/v v0079A200_0, 8, 1;
T_3.1 ;
    %jmp T_3;
    .thread T_3;
    .scope S_0061A140;
T_4 ;
    %vpi_call 5 13 "$display", "\011\011 clk \011 rst \011 q0 \011 q1 \011 q2 \011 q3 \011 Count \011 Time ";
    %vpi_call 5 15 "$monitor", "\011\011 %b \011 %b \011 %b \011 %b \011 %b \011 %b \011 %d \011 %g", v0061B8D0_0, v0079A0F8_0, v0079A0A0_0, v0079A048_0, v00799FF0_0, v0061C1F8_0, v0061B758_0, $time;
    %end;
    .thread T_4;
    .scope S_0061A140;
T_5 ;
    %set/v v0061B8D0_0, 0, 1;
    %set/v v0079A0F8_0, 1, 1;
    %delay 1, 0;
    %set/v v0079A0F8_0, 0, 1;
    %delay 1, 0;
    %set/v v0079A0F8_0, 1, 1;
    %delay 1, 0;
    %set/v v0061B7B0_0, 0, 32;
T_5.0 ;
    %load/v 8, v0061B7B0_0, 32;
   %cmpi/s 8, 32, 32;
    %jmp/0xz T_5.1, 5;
    %delay 1, 0;
    %load/v 8, v0061B8D0_0, 1;
    %inv 8, 1;
    %set/v v0061B8D0_0, 8, 1;
    %ix/load 0, 1, 0;
    %load/vp0/s 8, v0061B7B0_0, 32;
    %set/v v0061B7B0_0, 8, 32;
    %jmp T_5.0;
T_5.1 ;
    %set/v v0079A0F8_0, 0, 1;
    %delay 1, 0;
    %set/v v0079A0F8_0, 1, 1;
    %delay 1, 0;
    %set/v v0061B7B0_0, 0, 32;
T_5.2 ;
    %load/v 8, v0061B7B0_0, 32;
   %cmpi/s 8, 8, 32;
    %jmp/0xz T_5.3, 5;
    %delay 1, 0;
    %load/v 8, v0061B8D0_0, 1;
    %inv 8, 1;
    %set/v v0061B8D0_0, 8, 1;
    %ix/load 0, 1, 0;
    %load/vp0/s 8, v0061B7B0_0, 32;
    %set/v v0061B7B0_0, 8, 32;
    %jmp T_5.2;
T_5.3 ;
    %delay 2, 0;
    %vpi_call 5 42 "$finish";
    %end;
    .thread T_5;
    .scope S_00619E98;
T_6 ;
    %vpi_call 2 19 "$dumpfile", "SupCounter.vcd";
    %vpi_call 2 20 "$dumpvars", 2'sb01, S_00619E10;
    %end;
    .thread T_6;
# The file index is used to find the file name in the following table.
:file_names 6;
    "N/A";
    "<interactive>";
    "SupCounter_tb.v";
    "./SupCounter.v";
    "./DFlipFlop.v";
    "./SupTester.v";
